2021-06-07 15:15:17,412 INFO     test_ai_mod.carbon_controllers.crawls -- Logging crawl output to /Users/bot/test_ai/apps/b7133b3d-58f2-41fd-b1bf-448787c91ef3/builds/e72f62a0-6852-48f2-88d9-841f60f42715/logs/crawl-20210607191517.log
2021-06-07 15:15:17,412 INFO     test_ai_mod.carbon_tasks.crawl_build_task -- crawling build, app_id: b7133b3d-58f2-41fd-b1bf-448787c91ef3, build_id: e72f62a0-6852-48f2-88d9-841f60f42715
2021-06-07 15:15:17,413 INFO     test_ai_mod.carbon_tasks.crawl_build_task -- num_steps (when no test): 25
2021-06-07 15:15:17,413 INFO     test_ai_mod.carbon_tasks.crawl_build_task -- max_steps: 150
2021-06-07 15:15:17,413 INFO     test_ai_mod.carbon_tasks.crawl_build_task -- max_iterations: 1
2021-06-07 15:15:17,413 INFO     test_ai_mod.carbon_tasks.crawl_build_task -- rand_seed: 1623093257
2021-06-07 15:15:17,414 INFO     test_ai_mod.carbon_tasks.crawl_build_task -- test_wildcard: *
2021-06-07 15:15:17,414 INFO     test_ai_mod.carbon_tasks.crawl_build_task -- package: None
2021-06-07 15:15:17,414 INFO     test_ai_mod.carbon_tasks.crawl_build_task -- eyes_api_key: None
2021-06-07 15:15:17,414 INFO     test_ai_mod.carbon_tasks.crawl_build_task -- is_noop: False
2021-06-07 15:15:17,415 INFO     test_ai_mod.carbon_tasks.crawl_build_task -- created crawl, id: 20210607151517
2021-06-07 15:15:17,416 INFO     test_ai_mod.carbon_dao.local_carbon_dao -- Getting build info: APP_ID: b7133b3d-58f2-41fd-b1bf-448787c91ef3, BUILD_ID: e72f62a0-6852-48f2-88d9-841f60f42715
2021-06-07 15:15:17,416 INFO     test_ai_mod.carbon_dao.local_carbon_dao -- Getting build info: APP_ID: b7133b3d-58f2-41fd-b1bf-448787c91ef3, BUILD_ID: e72f62a0-6852-48f2-88d9-841f60f42715
2021-06-07 15:15:17,523 INFO     werkzeug -- 127.0.0.1 - - [07/Jun/2021 15:15:17] "[37mGET /favicon.ico HTTP/1.1[0m" 200 -
2021-06-07 15:15:17,642 INFO     test_ai_mod.carbon_explore.explore -- using default extra walk count: 0
2021-06-07 15:15:17,651 INFO     test_ai_mod.carbon_tasks.crawl_build_task -- initiating walk [1/1]
2021-06-07 15:15:17,651 INFO     test_ai_mod.carbon_test_case.carbon_tests -- initial number of steps for walk: 25
2021-06-07 15:15:17,651 INFO     test_ai_mod.carbon_tasks.crawl_build_task -- effective_max_steps this walk: 26
2021-06-07 15:15:17,652 INFO     test_ai_mod.carbon_explore.explore -- **************************************************
2021-06-07 15:15:17,652 INFO     test_ai_mod.carbon_explore.explore -- **************************************************
2021-06-07 15:15:17,653 INFO     test_ai_mod.carbon_explore.explore -- *                                                *
2021-06-07 15:15:17,653 INFO     test_ai_mod.carbon_explore.explore -- *                   BRAIN                    *
2021-06-07 15:15:17,653 INFO     test_ai_mod.carbon_explore.explore -- *                                                *
2021-06-07 15:15:17,653 INFO     test_ai_mod.carbon_explore.explore -- **************************************************
2021-06-07 15:15:17,653 INFO     test_ai_mod.carbon_explore.explore -- **************************************************
2021-06-07 15:15:17,654 INFO     test_ai_mod.carbon_initialization.initialization -- Random seed: 1623093257
2021-06-07 15:15:17,656 INFO     test_ai_mod.carbon_initialization.initialization -- ````````````````````````````````````````````````````````````````````````````````
2021-06-07 15:15:17,656 INFO     test_ai_mod.carbon_initialization.initialization --                   PACKAGE: b7133b3d-58f2-41fd-b1bf-448787c91ef3
2021-06-07 15:15:17,656 INFO     test_ai_mod.carbon_initialization.initialization -- ````````````````````````````````````````````````````````````````````````````````
2021-06-07 15:15:17,656 INFO     test_ai_mod.carbon_initialization.initialization -- platform: DESKTOP_CHROME
2021-06-07 15:15:17,657 INFO     test_ai_mod.carbon_initialization.initialization -- using crawl_directory: /Users/bot/test_ai/apps/b7133b3d-58f2-41fd-b1bf-448787c91ef3/builds/e72f62a0-6852-48f2-88d9-841f60f42715/crawls/20210607151517
2021-06-07 15:15:17,657 INFO     test_ai_mod.carbon_botio.bot_io -- retrieving bot IO for app: b7133b3d-58f2-41fd-b1bf-448787c91ef3
2021-06-07 15:15:17,657 INFO     test_ai_mod.carbon_botio.bot_io -- ^^^^^^^^^^^^^^^^^^^^^^^^^^^^^^^^^^^^^^^^^^^^^^^^^^^^^^^^^^^^^^^^^^^^^^^^^^^^^^^^
2021-06-07 15:15:17,657 INFO     test_ai_mod.carbon_botio.bot_io -- botio_filepath: /Users/bot/test_ai/apps/b7133b3d-58f2-41fd-b1bf-448787c91ef3/lkg/botio.json
2021-06-07 15:15:17,657 INFO     test_ai_mod.carbon_botio.bot_io -- use_snapshot: False
2021-06-07 15:15:17,658 INFO     test_ai_mod.carbon_botio.bot_io -- no botIO found for app: b7133b3d-58f2-41fd-b1bf-448787c91ef3
2021-06-07 15:15:17,659 INFO     test_ai_mod.carbon_dao.carbon_data -- loading models from LKG dir
2021-06-07 15:15:17,659 INFO     test_ai_mod.carbon_dao.carbon_data -- loading models from LKG dir
2021-06-07 15:15:17,661 INFO     test_ai_mod.carbon_explore.test_hooks -- Test case is None, no need for on_setup.
2021-06-07 15:15:17,662 INFO     test_ai_mod.carbon_utils.simulator_tools -- preparing clean iteration state...
2021-06-07 15:15:17,663 INFO     test_ai_mod.carbon_utils.simulator_tools -- starting appium, platform: DESKTOP_CHROME
2021-06-07 15:15:17,663 INFO     test_ai_mod.carbon_utils.simulator_tools -- starting appium/webdriver for desktop chrome
2021-06-07 15:15:17,664 INFO     test_ai_mod.carbon_automation.automator -- Creating Automator Singleton
2021-06-07 15:15:17,665 INFO     test_ai_mod.carbon_automation.automator -- Using automator over http as execution platform
2021-06-07 15:15:17,797 INFO     werkzeug -- 127.0.0.1 - - [07/Jun/2021 15:15:17] "[37mGET /api/v2/status HTTP/1.1[0m" 200 -
2021-06-07 15:15:17,843 INFO     test_ai_mod.carbon_dao.local_carbon_dao -- Getting build info: APP_ID: b7133b3d-58f2-41fd-b1bf-448787c91ef3, BUILD_ID: e72f62a0-6852-48f2-88d9-841f60f42715
2021-06-07 15:15:17,844 INFO     werkzeug -- 127.0.0.1 - - [07/Jun/2021 15:15:17] "[37mGET /api/v1/c/testai/apps/web/b7133b3d-58f2-41fd-b1bf-448787c91ef3/tests HTTP/1.1[0m" 200 -
2021-06-07 15:15:17,896 INFO     werkzeug -- 127.0.0.1 - - [07/Jun/2021 15:15:17] "[37mGET /api/v1/config/widgets HTTP/1.1[0m" 200 -
2021-06-07 15:15:19,214 INFO     werkzeug -- 127.0.0.1 - - [07/Jun/2021 15:15:19] "[37mGET /api/v2/status HTTP/1.1[0m" 200 -
2021-06-07 15:15:19,394 INFO     werkzeug -- 127.0.0.1 - - [07/Jun/2021 15:15:19] "[37mGET /api/v2/status HTTP/1.1[0m" 200 -
2021-06-07 15:15:21,681 INFO     test_ai_mod.carbon_automation.driver -- Screen density: 1.0
2021-06-07 15:15:22,035 INFO     test_ai_mod.carbon_utils.simulator_tools -- going to https://www.equinox.com/
2021-06-07 15:15:23,798 INFO     werkzeug -- 127.0.0.1 - - [07/Jun/2021 15:15:23] "[37mGET /api/v2/status HTTP/1.1[0m" 200 -
2021-06-07 15:15:24,396 INFO     werkzeug -- 127.0.0.1 - - [07/Jun/2021 15:15:24] "[37mGET /api/v2/status HTTP/1.1[0m" 200 -
2021-06-07 15:15:25,334 INFO     test_ai_mod.carbon_utils.simulator_tools -- completed setting url, additional time: 3.281598
2021-06-07 15:15:27,496 INFO     test_ai_mod.carbon_initialization.initialization -- starting dom stability
2021-06-07 15:15:27,540 INFO     test_ai_mod.carbon_actions.carbon_actions -- Got new page source
2021-06-07 15:15:27,682 INFO     test_ai_mod.carbon_actions.carbon_actions -- Got new page source
2021-06-07 15:15:27,821 INFO     test_ai_mod.carbon_actions.carbon_actions -- Got new page source
2021-06-07 15:15:27,964 INFO     test_ai_mod.carbon_actions.carbon_actions -- Got new page source
2021-06-07 15:15:28,103 INFO     test_ai_mod.carbon_actions.carbon_actions -- Got new page source
2021-06-07 15:15:28,241 INFO     test_ai_mod.carbon_actions.carbon_actions -- Got new page source
2021-06-07 15:15:28,383 INFO     test_ai_mod.carbon_actions.carbon_actions -- Got new page source
2021-06-07 15:15:28,522 INFO     test_ai_mod.carbon_actions.carbon_actions -- Got new page source
2021-06-07 15:15:28,522 INFO     test_ai_mod.carbon_actions.carbon_actions -- Seen the same screen the max amount (5)
2021-06-07 15:15:28,522 INFO     test_ai_mod.carbon_actions.carbon_actions -- sources aren't equal, clearing
2021-06-07 15:15:28,523 INFO     test_ai_mod.carbon_explore.explore_utils -- saving screenshot
2021-06-07 15:15:29,441 INFO     test_ai_mod.carbon_explore.explore_utils -- scn_shot_file_path: /Users/bot/test_ai/apps/b7133b3d-58f2-41fd-b1bf-448787c91ef3/builds/e72f62a0-6852-48f2-88d9-841f60f42715/crawls/20210607151517/tmp/runtime_labeling_screen.png
2021-06-07 15:15:29,444 INFO     werkzeug -- 127.0.0.1 - - [07/Jun/2021 15:15:29] "[37mGET /api/v2/status HTTP/1.1[0m" 200 -
2021-06-07 15:15:29,491 INFO     test_ai_mod.carbon_initialization.initialization -- current package sent in as: b7133b3d-58f2-41fd-b1bf-448787c91ef3
2021-06-07 15:15:29,491 INFO     test_ai_mod.carbon_initialization.initialization -- ended dom stability
2021-06-07 15:15:29,495 INFO     test_ai_mod.carbon_explore.explore -- package is set to: b7133b3d-58f2-41fd-b1bf-448787c91ef3
2021-06-07 15:15:29,496 INFO     test_ai_mod.carbon_explore.explore -- ********************************************************************************
2021-06-07 15:15:29,496 INFO     test_ai_mod.carbon_explore.explore -- * TIMEOUT: None
2021-06-07 15:15:29,497 INFO     test_ai_mod.carbon_explore.explore -- * disable_bounceback: False
2021-06-07 15:15:29,497 INFO     test_ai_mod.carbon_explore.explore -- ********************************************************************************
2021-06-07 15:15:29,497 INFO     test_ai_mod.carbon_explore.explore -- getting walk queue
2021-06-07 15:15:29,497 INFO     test_ai_mod.carbon_explore.explore_utils -- getting screen_elems
2021-06-07 15:15:30,031 INFO     test_ai_mod.carbon_utils.scrape_utils -- Successfully collected web scrape.
2021-06-07 15:15:30,034 INFO     test_ai_mod.carbon_explore.explore_utils -- filtering elems - 58
2021-06-07 15:15:30,044 INFO     werkzeug -- 127.0.0.1 - - [07/Jun/2021 15:15:30] "[37mGET /api/v2/status HTTP/1.1[0m" 200 -
2021-06-07 15:15:30,067 INFO     test_ai_mod.carbon_explore.explore_utils -- saving info - 54
2021-06-07 15:15:30,068 INFO     test_ai_mod.carbon_explore.explore_utils -- saving core elems iter: 0, step 0, save_dir: /Users/bot/test_ai/apps/b7133b3d-58f2-41fd-b1bf-448787c91ef3/builds/e72f62a0-6852-48f2-88d9-841f60f42715/crawls/20210607151517
2021-06-07 15:15:30,088 INFO     test_ai_mod.carbon_explore.explore -- got all screen info saved
2021-06-07 15:15:30,090 INFO     test_ai_mod.carbon_explore.explore_utils -- saving core elems iter: 0, step 0, save_dir: /Users/bot/test_ai/apps/b7133b3d-58f2-41fd-b1bf-448787c91ef3/builds/e72f62a0-6852-48f2-88d9-841f60f42715/crawls/20210607151517
2021-06-07 15:15:30,126 INFO     test_ai_mod.carbon_explore.result_storage -- LOG FILE PATH: /Users/bot/test_ai/apps/b7133b3d-58f2-41fd-b1bf-448787c91ef3/builds/e72f62a0-6852-48f2-88d9-841f60f42715/crawls/20210607151517/iter_00000_step_00000_logs.txt
2021-06-07 15:15:30,127 INFO     test_ai_mod.carbon_explore.result_storage -- ALL LOGS FILE PATH: /Users/bot/test_ai/apps/b7133b3d-58f2-41fd-b1bf-448787c91ef3/builds/e72f62a0-6852-48f2-88d9-841f60f42715/crawls/20210607151517/iter_00000_step_-0001_logs.txt
2021-06-07 15:15:30,143 INFO     test_ai_mod.carbon_explore.interactive -- Interactive explore -- start_interactive_loop starting.
2021-06-07 15:15:30,154 INFO     test_ai_mod.carbon_explore.interactive -- Interactive explore -- running initial auto label
2021-06-07 15:15:30,181 INFO     test_ai_mod.carbon_tasks.process_crawl_task -- processing crawl: 20210607151517 (app: b7133b3d-58f2-41fd-b1bf-448787c91ef3, build: e72f62a0-6852-48f2-88d9-841f60f42715)
2021-06-07 15:15:30,181 INFO     test_ai_mod.carbon_tasks.process_crawl_task -- processing screens for crawl
2021-06-07 15:15:30,279 INFO     test_ai_mod.carbon_tasks.process_crawl_task -- writing unique screens file
2021-06-07 15:15:30,279 INFO     test_ai_mod.carbon_tasks.process_crawl_task -- writing screen hash map
2021-06-07 15:15:30,282 INFO     test_ai_mod.carbon_tasks.process_crawl_task -- writing screen similarity file
2021-06-07 15:15:30,283 INFO     test_ai_mod.carbon_tasks.process_crawl_task -- processing elements for crawl
2021-06-07 15:15:30,309 INFO     test_ai_mod.carbon_tasks.process_crawl_task -- processing: iter_00000_step_00000_info.json
2021-06-07 15:15:30,638 INFO     test_ai_mod.carbon_tasks.process_crawl_task -- Writing unique tags file.
2021-06-07 15:15:30,639 INFO     test_ai_mod.carbon_tasks.process_crawl_task -- writing unique elems file
2021-06-07 15:15:30,640 INFO     test_ai_mod.carbon_tasks.process_crawl_task -- writing elem hash map
2021-06-07 15:15:30,648 INFO     test_ai_mod.carbon_tasks.process_crawl_task -- writing elem similarity file
2021-06-07 15:15:30,650 INFO     test_ai_mod.carbon_tasks.process_crawl_task -- generating labeler objects file for crawl (v0)
2021-06-07 15:15:30,661 INFO     test_ai_mod.carbon_tasks.process_crawl_task -- reconciling screens labeled at runtime
2021-06-07 15:15:30,661 INFO     test_ai_mod.carbon_tasks.process_crawl_task -- reconciling elements labeled at runtime
2021-06-07 15:15:30,669 INFO     test_ai_mod.carbon_tasks.generate_auto_labels_task -- generating auto labels for crawl: 20210607151517, app_id: b7133b3d-58f2-41fd-b1bf-448787c91ef3, build_id: e72f62a0-6852-48f2-88d9-841f60f42715
2021-06-07 15:15:30,670 INFO     test_ai_mod.carbon_dao.local_carbon_dao -- Getting build info: APP_ID: b7133b3d-58f2-41fd-b1bf-448787c91ef3, BUILD_ID: e72f62a0-6852-48f2-88d9-841f60f42715
2021-06-07 15:15:30,672 INFO     test_ai_mod.carbon_dao.local_carbon_dao -- Getting build info: APP_ID: b7133b3d-58f2-41fd-b1bf-448787c91ef3, BUILD_ID: e72f62a0-6852-48f2-88d9-841f60f42715
2021-06-07 15:15:30,673 INFO     test_ai_mod.carbon_dao.local_carbon_dao -- Getting build info: APP_ID: b7133b3d-58f2-41fd-b1bf-448787c91ef3, BUILD_ID: e72f62a0-6852-48f2-88d9-841f60f42715
2021-06-07 15:15:30,674 INFO     test_ai_mod.carbon_dao.local_carbon_dao -- Getting build info: APP_ID: b7133b3d-58f2-41fd-b1bf-448787c91ef3, BUILD_ID: e72f62a0-6852-48f2-88d9-841f60f42715
2021-06-07 15:15:30,675 INFO     test_ai_mod.carbon_tasks.generate_auto_labels_task -- getting data for crawl: 20210607145944
2021-06-07 15:15:30,678 INFO     test_ai_mod.carbon_tasks.generate_auto_labels_task -- getting data for crawl: 20210607150653
2021-06-07 15:15:30,679 INFO     test_ai_mod.carbon_tasks.generate_auto_labels_task -- getting data for crawl: 20210607151517
2021-06-07 15:15:30,681 INFO     test_ai_mod.carbon_tasks.generate_auto_labels_task -- processing crawl: 20210607145944
2021-06-07 15:15:30,682 INFO     test_ai_mod.carbon_tasks.generate_auto_labels_task -- processing crawl: 20210607150653
2021-06-07 15:15:30,683 INFO     test_ai_mod.carbon_tasks.generate_auto_labels_task -- processing crawl: 20210607151517
2021-06-07 15:15:30,692 INFO     test_ai_mod.carbon_tasks.generate_auto_labels_task -- writing merged, suggested labels for crawl: 20210607151517
2021-06-07 15:15:30,692 INFO     test_ai_mod.carbon_tasks.generate_auto_labels_task -- writing merged, suggested labels for crawl: 20210607145944
2021-06-07 15:15:30,692 INFO     test_ai_mod.carbon_tasks.generate_auto_labels_task -- writing merged, suggested labels for crawl: 20210607150653
2021-06-07 15:15:30,695 INFO     test_ai_mod.carbon_tasks.generate_auto_labels_task -- writing applied hashes to labels to file: /Users/bot/test_ai/apps/b7133b3d-58f2-41fd-b1bf-448787c91ef3/lkg/hashes_to_labels.json
2021-06-07 15:15:30,696 INFO     test_ai_mod.carbon_tasks.generate_auto_labels_task -- writing applied human readable to labels to file: /Users/bot/test_ai/apps/b7133b3d-58f2-41fd-b1bf-448787c91ef3/lkg/human_readable_to_labels.json
2021-06-07 15:15:30,697 INFO     test_ai_mod.carbon_tasks.generate_auto_labels_task -- writing label to hash dicts to file: /Users/bot/test_ai/apps/b7133b3d-58f2-41fd-b1bf-448787c91ef3/lkg/label_to_hash_dicts.json
2021-06-07 15:15:30,698 INFO     test_ai_mod.carbon_tasks.generate_auto_labels_task -- writing human readable to paths to file: /Users/bot/test_ai/apps/b7133b3d-58f2-41fd-b1bf-448787c91ef3/lkg/human_readable_to_paths.json
2021-06-07 15:15:30,699 INFO     test_ai_mod.carbon_classifiers.label_classifier_pipe -- Begin loading configured modules
2021-06-07 15:15:30,700 INFO     test_ai_mod.carbon_classifiers.carbon_classifier_v1.screen_classifier -- Loading ScreenClassifier
2021-06-07 15:15:30,700 INFO     test_ai_mod.carbon_classifiers.template_matching.app_specific_template_matcher -- Loading AppSpecificTemplateMatcher
2021-06-07 15:15:30,700 INFO     test_ai_mod.carbon_classifiers.perceptual.nn_classifier -- Loading NNClassifier
2021-06-07 15:15:30,700 INFO     test_ai_mod.carbon_classifiers.template_matching.template_matching_classifier -- Loading TemplateMatchingClassifier
2021-06-07 15:15:30,701 WARNING  test_ai_mod.carbon_classifiers.template_matching.template_matching_classifier -- No template director exists at /Users/bot/test_ai/templates
2021-06-07 15:15:30,701 INFO     test_ai_mod.carbon_classifiers.general_classifier_v1.general_classifier -- Initializing general classifiers
2021-06-07 15:15:30,702 INFO     test_ai_mod.carbon_classifiers.general_classifier_v1.general_classifier -- loading classifier data: ELEM_IMAGES, from path: /Applications/Test.ai.app/Contents/MacOS/ELEM_IMAGES.unenc
2021-06-07 15:15:30,935 INFO     test_ai_mod.carbon_classifiers.general_classifier_v1.general_classifier -- Loaded ELEM_IMAGES classifiers, 0.233986139297
2021-06-07 15:15:30,936 INFO     test_ai_mod.carbon_classifiers.general_classifier_v1.general_classifier -- loading classifier data: IMAGENET, from path: /Applications/Test.ai.app/Contents/MacOS/IMAGENET.unenc
2021-06-07 15:15:31,520 INFO     test_ai_mod.carbon_classifiers.general_classifier_v1.general_classifier -- Loaded IMAGENET classifiers, 0.584706068039
2021-06-07 15:15:32,620 INFO     test_ai_mod.carbon_classifiers.general_classifier_v1.general_classifier -- Finished general classification load attempt: 0.584706068039
2021-06-07 15:15:32,656 INFO     test_ai_mod.carbon_classifiers.http_classifier.http_classifier -- Loaded Http Classifier for ""
2021-06-07 15:15:32,664 INFO     test_ai_mod.carbon_tasks.generate_auto_labels_task -- classifying 1 unique screens
2021-06-07 15:15:32,664 INFO     test_ai_mod.carbon_dao.carbon_data -- loading models from LKG dir
2021-06-07 15:15:32,664 INFO     test_ai_mod.carbon_dao.carbon_data -- loading models from LKG dir
2021-06-07 15:15:32,671 INFO     test_ai_mod.carbon_classifiers.label_classifier_pipe -- Begin labeling elements
2021-06-07 15:15:32,684 INFO     test_ai_mod.carbon_classifiers.template_matching.app_specific_template_matcher -- Classifying screen with AppSpecificTemplateMatcher
2021-06-07 15:15:32,685 INFO     test_ai_mod.carbon_classifiers.perceptual.nn_classifier -- Classifying screen with NNClassifier
2021-06-07 15:15:32,726 INFO     test_ai_mod.carbon_classifiers.label_classifier_pipe -- End labeling elements: Time taken 0.055144071579 seconds
2021-06-07 15:15:32,728 INFO     test_ai_mod.carbon_tasks.generate_auto_labels_task -- classifying 54 unique elems
2021-06-07 15:15:32,734 INFO     test_ai_mod.carbon_dao.carbon_data -- loading models from LKG dir
2021-06-07 15:15:32,734 INFO     test_ai_mod.carbon_dao.carbon_data -- loading models from LKG dir
2021-06-07 15:15:32,734 INFO     test_ai_mod.carbon_classifiers.label_classifier_pipe -- Begin labeling elements
2021-06-07 15:15:32,746 INFO     test_ai_mod.carbon_classifiers.template_matching.app_specific_template_matcher -- Classifying screen with AppSpecificTemplateMatcher
2021-06-07 15:15:32,746 INFO     test_ai_mod.carbon_classifiers.perceptual.nn_classifier -- Classifying screen with NNClassifier
2021-06-07 15:15:33,088 INFO     test_ai_mod.carbon_classifiers.label_classifier_pipe -- End labeling elements: Time taken 0.354290962219 seconds
2021-06-07 15:15:33,090 INFO     test_ai_mod.carbon_tasks.generate_auto_labels_task -- writing merged, suggested labels for crawl: 20210607151517
2021-06-07 15:15:33,092 INFO     test_ai_mod.carbon_explore.interactive -- 


[32;1mCarbon Interactive Crawling Session Starting...
Please make sure you are running the test.ai GUI (./test.ai -d).
Once the GUI is running, please visit [34mhttp://localhost:5000[32;1m.
To access the interactive session, select the correct app, and click on "Live Labeling".

[0m
2021-06-07 15:15:33,720 INFO     test_ai_mod.carbon_explore.interactive -- Interactive explore -- status -- start
2021-06-07 15:15:33,720 INFO     test_ai_mod.carbon_explore.interactive -- Interactive explore -- status -- end
2021-06-07 15:15:34,402 INFO     test_ai_mod.carbon_explore.interactive -- Interactive explore -- status -- start
2021-06-07 15:15:34,402 INFO     test_ai_mod.carbon_explore.interactive -- Interactive explore -- status -- end
2021-06-07 15:15:34,412 INFO     test_ai_mod.carbon_explore.interactive -- Interactive explore -- get_crawls(web, b7133b3d-58f2-41fd-b1bf-448787c91ef3) -- start
2021-06-07 15:15:34,413 INFO     test_ai_mod.carbon_explore.interactive -- Interactive explore -- get_crawls(web, b7133b3d-58f2-41fd-b1bf-448787c91ef3) -- end
2021-06-07 15:15:34,740 INFO     test_ai_mod.carbon_dao.local_carbon_dao -- Getting build info: APP_ID: b7133b3d-58f2-41fd-b1bf-448787c91ef3, BUILD_ID: e72f62a0-6852-48f2-88d9-841f60f42715
2021-06-07 15:15:34,778 INFO     test_ai_mod.carbon_dao.local_carbon_dao -- Getting build info: APP_ID: b7133b3d-58f2-41fd-b1bf-448787c91ef3, BUILD_ID: e72f62a0-6852-48f2-88d9-841f60f42715
2021-06-07 15:15:34,818 INFO     test_ai_mod.carbon_explore.interactive -- Interactive explore -- get_labeler_objects -- start
2021-06-07 15:15:34,818 INFO     test_ai_mod.carbon_explore.interactive -- Interactive explore -- Processing crawl interactively 20210607151517
2021-06-07 15:15:34,818 INFO     test_ai_mod.carbon_tasks.process_crawl_task -- processing crawl: 20210607151517 (app: b7133b3d-58f2-41fd-b1bf-448787c91ef3, build: e72f62a0-6852-48f2-88d9-841f60f42715)
2021-06-07 15:15:34,818 INFO     test_ai_mod.carbon_tasks.process_crawl_task -- processing screens for crawl
2021-06-07 15:15:34,909 INFO     test_ai_mod.carbon_tasks.process_crawl_task -- writing unique screens file
2021-06-07 15:15:34,910 INFO     test_ai_mod.carbon_tasks.process_crawl_task -- writing screen hash map
2021-06-07 15:15:34,912 INFO     test_ai_mod.carbon_tasks.process_crawl_task -- writing screen similarity file
2021-06-07 15:15:34,913 INFO     test_ai_mod.carbon_tasks.process_crawl_task -- processing elements for crawl
2021-06-07 15:15:34,916 INFO     test_ai_mod.carbon_tasks.process_crawl_task -- skipping already processed: iter_00000_step_00000_info.json
2021-06-07 15:15:34,988 INFO     test_ai_mod.carbon_tasks.process_crawl_task -- Writing unique tags file.
2021-06-07 15:15:34,989 INFO     test_ai_mod.carbon_tasks.process_crawl_task -- writing unique elems file
2021-06-07 15:15:34,991 INFO     test_ai_mod.carbon_tasks.process_crawl_task -- writing elem hash map
2021-06-07 15:15:34,999 INFO     test_ai_mod.carbon_tasks.process_crawl_task -- writing elem similarity file
2021-06-07 15:15:35,001 INFO     test_ai_mod.carbon_tasks.process_crawl_task -- generating labeler objects file for crawl (v0)
2021-06-07 15:15:35,011 INFO     test_ai_mod.carbon_tasks.process_crawl_task -- reconciling screens labeled at runtime
2021-06-07 15:15:35,011 INFO     test_ai_mod.carbon_tasks.process_crawl_task -- reconciling elements labeled at runtime
2021-06-07 15:15:35,017 INFO     test_ai_mod.carbon_explore.interactive -- Interactive explore -- Generating labels using hash information 20210607151517
2021-06-07 15:15:35,020 INFO     test_ai_mod.carbon_explore.interactive -- Interactive explore -- get_labeler_objects -- end
2021-06-07 15:15:35,346 INFO     test_ai_mod.carbon_dao.local_carbon_dao -- Getting build info: APP_ID: b7133b3d-58f2-41fd-b1bf-448787c91ef3, BUILD_ID: e72f62a0-6852-48f2-88d9-841f60f42715
2021-06-07 15:15:35,445 INFO     test_ai_mod.labeler.v1.crawls -- elem image requested, crawl: 20210607151517, filename: iter_00000_step_00000_30_div.png
2021-06-07 15:15:35,446 INFO     test_ai_mod.labeler.v1.crawls -- elem image requested, crawl: 20210607151517, filename: iter_00000_step_00000_21_span.png
2021-06-07 15:15:35,447 INFO     test_ai_mod.carbon_dao.local_carbon_dao -- Getting build info: APP_ID: b7133b3d-58f2-41fd-b1bf-448787c91ef3, BUILD_ID: e72f62a0-6852-48f2-88d9-841f60f42715
2021-06-07 15:15:35,447 INFO     test_ai_mod.carbon_dao.local_carbon_dao -- Getting build info: APP_ID: b7133b3d-58f2-41fd-b1bf-448787c91ef3, BUILD_ID: e72f62a0-6852-48f2-88d9-841f60f42715
2021-06-07 15:15:35,448 INFO     test_ai_mod.labeler.v1.crawls -- resolved to: /Users/bot/test_ai/apps/b7133b3d-58f2-41fd-b1bf-448787c91ef3/builds/e72f62a0-6852-48f2-88d9-841f60f42715/crawls/20210607151517/elems/iter_00000_step_00000_30_div.png
2021-06-07 15:15:35,448 INFO     test_ai_mod.labeler.v1.crawls -- resolved to: /Users/bot/test_ai/apps/b7133b3d-58f2-41fd-b1bf-448787c91ef3/builds/e72f62a0-6852-48f2-88d9-841f60f42715/crawls/20210607151517/elems/iter_00000_step_00000_21_span.png
2021-06-07 15:15:35,472 INFO     test_ai_mod.labeler.v1.crawls -- elem image requested, crawl: 20210607151517, filename: iter_00000_step_00000_15_span.png
2021-06-07 15:15:35,473 INFO     test_ai_mod.carbon_dao.local_carbon_dao -- Getting build info: APP_ID: b7133b3d-58f2-41fd-b1bf-448787c91ef3, BUILD_ID: e72f62a0-6852-48f2-88d9-841f60f42715
2021-06-07 15:15:35,473 INFO     test_ai_mod.labeler.v1.crawls -- resolved to: /Users/bot/test_ai/apps/b7133b3d-58f2-41fd-b1bf-448787c91ef3/builds/e72f62a0-6852-48f2-88d9-841f60f42715/crawls/20210607151517/elems/iter_00000_step_00000_15_span.png
2021-06-07 15:15:35,546 INFO     test_ai_mod.labeler.v1.crawls -- elem image requested, crawl: 20210607151517, filename: iter_00000_step_00000_42_span.png
2021-06-07 15:15:35,546 INFO     test_ai_mod.carbon_dao.local_carbon_dao -- Getting build info: APP_ID: b7133b3d-58f2-41fd-b1bf-448787c91ef3, BUILD_ID: e72f62a0-6852-48f2-88d9-841f60f42715
2021-06-07 15:15:35,547 INFO     test_ai_mod.labeler.v1.crawls -- resolved to: /Users/bot/test_ai/apps/b7133b3d-58f2-41fd-b1bf-448787c91ef3/builds/e72f62a0-6852-48f2-88d9-841f60f42715/crawls/20210607151517/elems/iter_00000_step_00000_42_span.png
2021-06-07 15:15:35,553 INFO     test_ai_mod.labeler.v1.crawls -- elem image requested, crawl: 20210607151517, filename: iter_00000_step_00000_23_div.png
2021-06-07 15:15:35,553 INFO     test_ai_mod.carbon_dao.local_carbon_dao -- Getting build info: APP_ID: b7133b3d-58f2-41fd-b1bf-448787c91ef3, BUILD_ID: e72f62a0-6852-48f2-88d9-841f60f42715
2021-06-07 15:15:35,554 INFO     test_ai_mod.labeler.v1.crawls -- resolved to: /Users/bot/test_ai/apps/b7133b3d-58f2-41fd-b1bf-448787c91ef3/builds/e72f62a0-6852-48f2-88d9-841f60f42715/crawls/20210607151517/elems/iter_00000_step_00000_23_div.png
2021-06-07 15:15:35,648 INFO     test_ai_mod.labeler.v1.crawls -- elem image requested, crawl: 20210607151517, filename: iter_00000_step_00000_26_span.png
2021-06-07 15:15:35,648 INFO     test_ai_mod.carbon_dao.local_carbon_dao -- Getting build info: APP_ID: b7133b3d-58f2-41fd-b1bf-448787c91ef3, BUILD_ID: e72f62a0-6852-48f2-88d9-841f60f42715
2021-06-07 15:15:35,649 INFO     test_ai_mod.labeler.v1.crawls -- resolved to: /Users/bot/test_ai/apps/b7133b3d-58f2-41fd-b1bf-448787c91ef3/builds/e72f62a0-6852-48f2-88d9-841f60f42715/crawls/20210607151517/elems/iter_00000_step_00000_26_span.png
2021-06-07 15:15:35,946 INFO     test_ai_mod.labeler.v1.crawls -- elem image requested, crawl: 20210607151517, filename: iter_00000_step_00000_28_span.png
2021-06-07 15:15:35,946 INFO     test_ai_mod.labeler.v1.crawls -- elem image requested, crawl: 20210607151517, filename: iter_00000_step_00000_27_img.png
2021-06-07 15:15:35,947 INFO     test_ai_mod.carbon_dao.local_carbon_dao -- Getting build info: APP_ID: b7133b3d-58f2-41fd-b1bf-448787c91ef3, BUILD_ID: e72f62a0-6852-48f2-88d9-841f60f42715
2021-06-07 15:15:35,948 INFO     test_ai_mod.labeler.v1.crawls -- resolved to: /Users/bot/test_ai/apps/b7133b3d-58f2-41fd-b1bf-448787c91ef3/builds/e72f62a0-6852-48f2-88d9-841f60f42715/crawls/20210607151517/elems/iter_00000_step_00000_28_span.png
2021-06-07 15:15:35,948 INFO     test_ai_mod.carbon_dao.local_carbon_dao -- Getting build info: APP_ID: b7133b3d-58f2-41fd-b1bf-448787c91ef3, BUILD_ID: e72f62a0-6852-48f2-88d9-841f60f42715
2021-06-07 15:15:35,949 INFO     test_ai_mod.labeler.v1.crawls -- resolved to: /Users/bot/test_ai/apps/b7133b3d-58f2-41fd-b1bf-448787c91ef3/builds/e72f62a0-6852-48f2-88d9-841f60f42715/crawls/20210607151517/elems/iter_00000_step_00000_27_img.png
2021-06-07 15:15:35,977 INFO     test_ai_mod.labeler.v1.crawls -- elem image requested, crawl: 20210607151517, filename: iter_00000_step_00000_2_span.png
2021-06-07 15:15:35,977 INFO     test_ai_mod.carbon_dao.local_carbon_dao -- Getting build info: APP_ID: b7133b3d-58f2-41fd-b1bf-448787c91ef3, BUILD_ID: e72f62a0-6852-48f2-88d9-841f60f42715
2021-06-07 15:15:35,978 INFO     test_ai_mod.labeler.v1.crawls -- resolved to: /Users/bot/test_ai/apps/b7133b3d-58f2-41fd-b1bf-448787c91ef3/builds/e72f62a0-6852-48f2-88d9-841f60f42715/crawls/20210607151517/elems/iter_00000_step_00000_2_span.png
2021-06-07 15:15:36,021 INFO     test_ai_mod.labeler.v1.crawls -- elem image requested, crawl: 20210607151517, filename: iter_00000_step_00000_39_a.png
2021-06-07 15:15:36,022 INFO     test_ai_mod.carbon_dao.local_carbon_dao -- Getting build info: APP_ID: b7133b3d-58f2-41fd-b1bf-448787c91ef3, BUILD_ID: e72f62a0-6852-48f2-88d9-841f60f42715
2021-06-07 15:15:36,023 INFO     test_ai_mod.labeler.v1.crawls -- resolved to: /Users/bot/test_ai/apps/b7133b3d-58f2-41fd-b1bf-448787c91ef3/builds/e72f62a0-6852-48f2-88d9-841f60f42715/crawls/20210607151517/elems/iter_00000_step_00000_39_a.png
2021-06-07 15:15:36,066 INFO     test_ai_mod.labeler.v1.crawls -- elem image requested, crawl: 20210607151517, filename: iter_00000_step_00000_13_div.png
2021-06-07 15:15:36,066 INFO     test_ai_mod.carbon_dao.local_carbon_dao -- Getting build info: APP_ID: b7133b3d-58f2-41fd-b1bf-448787c91ef3, BUILD_ID: e72f62a0-6852-48f2-88d9-841f60f42715
2021-06-07 15:15:36,067 INFO     test_ai_mod.labeler.v1.crawls -- resolved to: /Users/bot/test_ai/apps/b7133b3d-58f2-41fd-b1bf-448787c91ef3/builds/e72f62a0-6852-48f2-88d9-841f60f42715/crawls/20210607151517/elems/iter_00000_step_00000_13_div.png
2021-06-07 15:15:36,142 INFO     test_ai_mod.labeler.v1.crawls -- elem image requested, crawl: 20210607151517, filename: iter_00000_step_00000_8_div.png
2021-06-07 15:15:36,142 INFO     test_ai_mod.carbon_dao.local_carbon_dao -- Getting build info: APP_ID: b7133b3d-58f2-41fd-b1bf-448787c91ef3, BUILD_ID: e72f62a0-6852-48f2-88d9-841f60f42715
2021-06-07 15:15:36,143 INFO     test_ai_mod.labeler.v1.crawls -- resolved to: /Users/bot/test_ai/apps/b7133b3d-58f2-41fd-b1bf-448787c91ef3/builds/e72f62a0-6852-48f2-88d9-841f60f42715/crawls/20210607151517/elems/iter_00000_step_00000_8_div.png
2021-06-07 15:15:36,250 INFO     test_ai_mod.labeler.v1.crawls -- elem image requested, crawl: 20210607151517, filename: iter_00000_step_00000_35_span.png
2021-06-07 15:15:36,250 INFO     test_ai_mod.carbon_dao.local_carbon_dao -- Getting build info: APP_ID: b7133b3d-58f2-41fd-b1bf-448787c91ef3, BUILD_ID: e72f62a0-6852-48f2-88d9-841f60f42715
2021-06-07 15:15:36,251 INFO     test_ai_mod.labeler.v1.crawls -- resolved to: /Users/bot/test_ai/apps/b7133b3d-58f2-41fd-b1bf-448787c91ef3/builds/e72f62a0-6852-48f2-88d9-841f60f42715/crawls/20210607151517/elems/iter_00000_step_00000_35_span.png
2021-06-07 15:15:36,358 INFO     test_ai_mod.labeler.v1.crawls -- elem image requested, crawl: 20210607151517, filename: iter_00000_step_00000_34_a.png
2021-06-07 15:15:36,358 INFO     test_ai_mod.carbon_dao.local_carbon_dao -- Getting build info: APP_ID: b7133b3d-58f2-41fd-b1bf-448787c91ef3, BUILD_ID: e72f62a0-6852-48f2-88d9-841f60f42715
2021-06-07 15:15:36,359 INFO     test_ai_mod.labeler.v1.crawls -- resolved to: /Users/bot/test_ai/apps/b7133b3d-58f2-41fd-b1bf-448787c91ef3/builds/e72f62a0-6852-48f2-88d9-841f60f42715/crawls/20210607151517/elems/iter_00000_step_00000_34_a.png
2021-06-07 15:15:36,443 INFO     test_ai_mod.labeler.v1.crawls -- elem image requested, crawl: 20210607151517, filename: iter_00000_step_00000_50_a.png
2021-06-07 15:15:36,445 INFO     test_ai_mod.labeler.v1.crawls -- elem image requested, crawl: 20210607151517, filename: iter_00000_step_00000_38_span.png
2021-06-07 15:15:36,445 INFO     test_ai_mod.carbon_dao.local_carbon_dao -- Getting build info: APP_ID: b7133b3d-58f2-41fd-b1bf-448787c91ef3, BUILD_ID: e72f62a0-6852-48f2-88d9-841f60f42715
2021-06-07 15:15:36,445 INFO     test_ai_mod.carbon_dao.local_carbon_dao -- Getting build info: APP_ID: b7133b3d-58f2-41fd-b1bf-448787c91ef3, BUILD_ID: e72f62a0-6852-48f2-88d9-841f60f42715
2021-06-07 15:15:36,446 INFO     test_ai_mod.labeler.v1.crawls -- resolved to: /Users/bot/test_ai/apps/b7133b3d-58f2-41fd-b1bf-448787c91ef3/builds/e72f62a0-6852-48f2-88d9-841f60f42715/crawls/20210607151517/elems/iter_00000_step_00000_50_a.png
2021-06-07 15:15:36,447 INFO     test_ai_mod.labeler.v1.crawls -- resolved to: /Users/bot/test_ai/apps/b7133b3d-58f2-41fd-b1bf-448787c91ef3/builds/e72f62a0-6852-48f2-88d9-841f60f42715/crawls/20210607151517/elems/iter_00000_step_00000_38_span.png
2021-06-07 15:15:36,549 INFO     test_ai_mod.labeler.v1.crawls -- elem image requested, crawl: 20210607151517, filename: iter_00000_step_00000_11_a.png
2021-06-07 15:15:36,550 INFO     test_ai_mod.carbon_dao.local_carbon_dao -- Getting build info: APP_ID: b7133b3d-58f2-41fd-b1bf-448787c91ef3, BUILD_ID: e72f62a0-6852-48f2-88d9-841f60f42715
2021-06-07 15:15:36,550 INFO     test_ai_mod.labeler.v1.crawls -- resolved to: /Users/bot/test_ai/apps/b7133b3d-58f2-41fd-b1bf-448787c91ef3/builds/e72f62a0-6852-48f2-88d9-841f60f42715/crawls/20210607151517/elems/iter_00000_step_00000_11_a.png
2021-06-07 15:15:36,748 INFO     test_ai_mod.labeler.v1.crawls -- elem image requested, crawl: 20210607151517, filename: iter_00000_step_00000_45_span.png
2021-06-07 15:15:36,749 INFO     test_ai_mod.labeler.v1.crawls -- elem image requested, crawl: 20210607151517, filename: iter_00000_step_00000_47_div.png
2021-06-07 15:15:36,750 INFO     test_ai_mod.carbon_dao.local_carbon_dao -- Getting build info: APP_ID: b7133b3d-58f2-41fd-b1bf-448787c91ef3, BUILD_ID: e72f62a0-6852-48f2-88d9-841f60f42715
2021-06-07 15:15:36,750 INFO     test_ai_mod.carbon_dao.local_carbon_dao -- Getting build info: APP_ID: b7133b3d-58f2-41fd-b1bf-448787c91ef3, BUILD_ID: e72f62a0-6852-48f2-88d9-841f60f42715
2021-06-07 15:15:36,751 INFO     test_ai_mod.labeler.v1.crawls -- resolved to: /Users/bot/test_ai/apps/b7133b3d-58f2-41fd-b1bf-448787c91ef3/builds/e72f62a0-6852-48f2-88d9-841f60f42715/crawls/20210607151517/elems/iter_00000_step_00000_45_span.png
2021-06-07 15:15:36,751 INFO     test_ai_mod.labeler.v1.crawls -- resolved to: /Users/bot/test_ai/apps/b7133b3d-58f2-41fd-b1bf-448787c91ef3/builds/e72f62a0-6852-48f2-88d9-841f60f42715/crawls/20210607151517/elems/iter_00000_step_00000_47_div.png
2021-06-07 15:15:36,792 INFO     test_ai_mod.labeler.v1.crawls -- elem image requested, crawl: 20210607151517, filename: iter_00000_step_00000_51_span.png
2021-06-07 15:15:36,793 INFO     test_ai_mod.carbon_dao.local_carbon_dao -- Getting build info: APP_ID: b7133b3d-58f2-41fd-b1bf-448787c91ef3, BUILD_ID: e72f62a0-6852-48f2-88d9-841f60f42715
2021-06-07 15:15:36,793 INFO     test_ai_mod.labeler.v1.crawls -- resolved to: /Users/bot/test_ai/apps/b7133b3d-58f2-41fd-b1bf-448787c91ef3/builds/e72f62a0-6852-48f2-88d9-841f60f42715/crawls/20210607151517/elems/iter_00000_step_00000_51_span.png
2021-06-07 15:15:36,853 INFO     test_ai_mod.labeler.v1.crawls -- elem image requested, crawl: 20210607151517, filename: iter_00000_step_00000_46_div.png
2021-06-07 15:15:36,854 INFO     test_ai_mod.carbon_dao.local_carbon_dao -- Getting build info: APP_ID: b7133b3d-58f2-41fd-b1bf-448787c91ef3, BUILD_ID: e72f62a0-6852-48f2-88d9-841f60f42715
2021-06-07 15:15:36,854 INFO     test_ai_mod.labeler.v1.crawls -- resolved to: /Users/bot/test_ai/apps/b7133b3d-58f2-41fd-b1bf-448787c91ef3/builds/e72f62a0-6852-48f2-88d9-841f60f42715/crawls/20210607151517/elems/iter_00000_step_00000_46_div.png
2021-06-07 15:15:36,949 INFO     test_ai_mod.labeler.v1.crawls -- elem image requested, crawl: 20210607151517, filename: iter_00000_step_00000_14_a.png
2021-06-07 15:15:36,949 INFO     test_ai_mod.carbon_dao.local_carbon_dao -- Getting build info: APP_ID: b7133b3d-58f2-41fd-b1bf-448787c91ef3, BUILD_ID: e72f62a0-6852-48f2-88d9-841f60f42715
2021-06-07 15:15:36,950 INFO     test_ai_mod.labeler.v1.crawls -- resolved to: /Users/bot/test_ai/apps/b7133b3d-58f2-41fd-b1bf-448787c91ef3/builds/e72f62a0-6852-48f2-88d9-841f60f42715/crawls/20210607151517/elems/iter_00000_step_00000_14_a.png
2021-06-07 15:15:37,033 INFO     test_ai_mod.labeler.v1.crawls -- elem image requested, crawl: 20210607151517, filename: iter_00000_step_00000_10_a.png
2021-06-07 15:15:37,034 INFO     test_ai_mod.carbon_dao.local_carbon_dao -- Getting build info: APP_ID: b7133b3d-58f2-41fd-b1bf-448787c91ef3, BUILD_ID: e72f62a0-6852-48f2-88d9-841f60f42715
2021-06-07 15:15:37,034 INFO     test_ai_mod.labeler.v1.crawls -- resolved to: /Users/bot/test_ai/apps/b7133b3d-58f2-41fd-b1bf-448787c91ef3/builds/e72f62a0-6852-48f2-88d9-841f60f42715/crawls/20210607151517/elems/iter_00000_step_00000_10_a.png
2021-06-07 15:15:37,048 INFO     test_ai_mod.labeler.v1.crawls -- elem image requested, crawl: 20210607151517, filename: iter_00000_step_00000_1_button.png
2021-06-07 15:15:37,048 INFO     test_ai_mod.carbon_dao.local_carbon_dao -- Getting build info: APP_ID: b7133b3d-58f2-41fd-b1bf-448787c91ef3, BUILD_ID: e72f62a0-6852-48f2-88d9-841f60f42715
2021-06-07 15:15:37,049 INFO     test_ai_mod.labeler.v1.crawls -- resolved to: /Users/bot/test_ai/apps/b7133b3d-58f2-41fd-b1bf-448787c91ef3/builds/e72f62a0-6852-48f2-88d9-841f60f42715/crawls/20210607151517/elems/iter_00000_step_00000_1_button.png
2021-06-07 15:15:37,152 INFO     test_ai_mod.labeler.v1.crawls -- elem image requested, crawl: 20210607151517, filename: iter_00000_step_00000_9_div.png
2021-06-07 15:15:37,152 INFO     test_ai_mod.carbon_dao.local_carbon_dao -- Getting build info: APP_ID: b7133b3d-58f2-41fd-b1bf-448787c91ef3, BUILD_ID: e72f62a0-6852-48f2-88d9-841f60f42715
2021-06-07 15:15:37,153 INFO     test_ai_mod.labeler.v1.crawls -- resolved to: /Users/bot/test_ai/apps/b7133b3d-58f2-41fd-b1bf-448787c91ef3/builds/e72f62a0-6852-48f2-88d9-841f60f42715/crawls/20210607151517/elems/iter_00000_step_00000_9_div.png
2021-06-07 15:15:37,244 INFO     test_ai_mod.labeler.v1.crawls -- elem image requested, crawl: 20210607151517, filename: iter_00000_step_00000_4_h1.png
2021-06-07 15:15:37,245 INFO     test_ai_mod.carbon_dao.local_carbon_dao -- Getting build info: APP_ID: b7133b3d-58f2-41fd-b1bf-448787c91ef3, BUILD_ID: e72f62a0-6852-48f2-88d9-841f60f42715
2021-06-07 15:15:37,245 INFO     test_ai_mod.labeler.v1.crawls -- resolved to: /Users/bot/test_ai/apps/b7133b3d-58f2-41fd-b1bf-448787c91ef3/builds/e72f62a0-6852-48f2-88d9-841f60f42715/crawls/20210607151517/elems/iter_00000_step_00000_4_h1.png
2021-06-07 15:15:37,335 INFO     test_ai_mod.labeler.v1.crawls -- elem image requested, crawl: 20210607151517, filename: iter_00000_step_00000_37_span.png
2021-06-07 15:15:37,336 INFO     test_ai_mod.carbon_dao.local_carbon_dao -- Getting build info: APP_ID: b7133b3d-58f2-41fd-b1bf-448787c91ef3, BUILD_ID: e72f62a0-6852-48f2-88d9-841f60f42715
2021-06-07 15:15:37,337 INFO     test_ai_mod.labeler.v1.crawls -- resolved to: /Users/bot/test_ai/apps/b7133b3d-58f2-41fd-b1bf-448787c91ef3/builds/e72f62a0-6852-48f2-88d9-841f60f42715/crawls/20210607151517/elems/iter_00000_step_00000_37_span.png
2021-06-07 15:15:37,354 INFO     test_ai_mod.labeler.v1.crawls -- elem image requested, crawl: 20210607151517, filename: iter_00000_step_00000_19_div.png
2021-06-07 15:15:37,355 INFO     test_ai_mod.carbon_dao.local_carbon_dao -- Getting build info: APP_ID: b7133b3d-58f2-41fd-b1bf-448787c91ef3, BUILD_ID: e72f62a0-6852-48f2-88d9-841f60f42715
2021-06-07 15:15:37,355 INFO     test_ai_mod.labeler.v1.crawls -- resolved to: /Users/bot/test_ai/apps/b7133b3d-58f2-41fd-b1bf-448787c91ef3/builds/e72f62a0-6852-48f2-88d9-841f60f42715/crawls/20210607151517/elems/iter_00000_step_00000_19_div.png
2021-06-07 15:15:37,444 INFO     test_ai_mod.labeler.v1.crawls -- elem image requested, crawl: 20210607151517, filename: iter_00000_step_00000_43_span.png
2021-06-07 15:15:37,444 INFO     test_ai_mod.carbon_dao.local_carbon_dao -- Getting build info: APP_ID: b7133b3d-58f2-41fd-b1bf-448787c91ef3, BUILD_ID: e72f62a0-6852-48f2-88d9-841f60f42715
2021-06-07 15:15:37,445 INFO     test_ai_mod.labeler.v1.crawls -- resolved to: /Users/bot/test_ai/apps/b7133b3d-58f2-41fd-b1bf-448787c91ef3/builds/e72f62a0-6852-48f2-88d9-841f60f42715/crawls/20210607151517/elems/iter_00000_step_00000_43_span.png
2021-06-07 15:15:37,449 INFO     test_ai_mod.labeler.v1.crawls -- elem image requested, crawl: 20210607151517, filename: iter_00000_step_00000_16_div.png
2021-06-07 15:15:37,452 INFO     test_ai_mod.carbon_dao.local_carbon_dao -- Getting build info: APP_ID: b7133b3d-58f2-41fd-b1bf-448787c91ef3, BUILD_ID: e72f62a0-6852-48f2-88d9-841f60f42715
2021-06-07 15:15:37,452 INFO     test_ai_mod.labeler.v1.crawls -- resolved to: /Users/bot/test_ai/apps/b7133b3d-58f2-41fd-b1bf-448787c91ef3/builds/e72f62a0-6852-48f2-88d9-841f60f42715/crawls/20210607151517/elems/iter_00000_step_00000_16_div.png
2021-06-07 15:15:37,536 INFO     test_ai_mod.labeler.v1.crawls -- elem image requested, crawl: 20210607151517, filename: iter_00000_step_00000_48_a.png
2021-06-07 15:15:37,537 INFO     test_ai_mod.carbon_dao.local_carbon_dao -- Getting build info: APP_ID: b7133b3d-58f2-41fd-b1bf-448787c91ef3, BUILD_ID: e72f62a0-6852-48f2-88d9-841f60f42715
2021-06-07 15:15:37,537 INFO     test_ai_mod.labeler.v1.crawls -- resolved to: /Users/bot/test_ai/apps/b7133b3d-58f2-41fd-b1bf-448787c91ef3/builds/e72f62a0-6852-48f2-88d9-841f60f42715/crawls/20210607151517/elems/iter_00000_step_00000_48_a.png
2021-06-07 15:15:37,557 INFO     test_ai_mod.labeler.v1.crawls -- elem image requested, crawl: 20210607151517, filename: iter_00000_step_00000_5_span.png
2021-06-07 15:15:37,558 INFO     test_ai_mod.carbon_dao.local_carbon_dao -- Getting build info: APP_ID: b7133b3d-58f2-41fd-b1bf-448787c91ef3, BUILD_ID: e72f62a0-6852-48f2-88d9-841f60f42715
2021-06-07 15:15:37,559 INFO     test_ai_mod.labeler.v1.crawls -- resolved to: /Users/bot/test_ai/apps/b7133b3d-58f2-41fd-b1bf-448787c91ef3/builds/e72f62a0-6852-48f2-88d9-841f60f42715/crawls/20210607151517/elems/iter_00000_step_00000_5_span.png
2021-06-07 15:15:37,649 INFO     test_ai_mod.labeler.v1.crawls -- elem image requested, crawl: 20210607151517, filename: iter_00000_step_00000_52_div.png
2021-06-07 15:15:37,650 INFO     test_ai_mod.carbon_dao.local_carbon_dao -- Getting build info: APP_ID: b7133b3d-58f2-41fd-b1bf-448787c91ef3, BUILD_ID: e72f62a0-6852-48f2-88d9-841f60f42715
2021-06-07 15:15:37,650 INFO     test_ai_mod.labeler.v1.crawls -- resolved to: /Users/bot/test_ai/apps/b7133b3d-58f2-41fd-b1bf-448787c91ef3/builds/e72f62a0-6852-48f2-88d9-841f60f42715/crawls/20210607151517/elems/iter_00000_step_00000_52_div.png
2021-06-07 15:15:37,679 INFO     test_ai_mod.labeler.v1.crawls -- elem image requested, crawl: 20210607151517, filename: iter_00000_step_00000_32_a.png
2021-06-07 15:15:37,680 INFO     test_ai_mod.carbon_dao.local_carbon_dao -- Getting build info: APP_ID: b7133b3d-58f2-41fd-b1bf-448787c91ef3, BUILD_ID: e72f62a0-6852-48f2-88d9-841f60f42715
2021-06-07 15:15:37,680 INFO     test_ai_mod.labeler.v1.crawls -- resolved to: /Users/bot/test_ai/apps/b7133b3d-58f2-41fd-b1bf-448787c91ef3/builds/e72f62a0-6852-48f2-88d9-841f60f42715/crawls/20210607151517/elems/iter_00000_step_00000_32_a.png
2021-06-07 15:15:37,764 INFO     test_ai_mod.labeler.v1.crawls -- elem image requested, crawl: 20210607151517, filename: iter_00000_step_00000_53_a.png
2021-06-07 15:15:37,765 INFO     test_ai_mod.carbon_dao.local_carbon_dao -- Getting build info: APP_ID: b7133b3d-58f2-41fd-b1bf-448787c91ef3, BUILD_ID: e72f62a0-6852-48f2-88d9-841f60f42715
2021-06-07 15:15:37,765 INFO     test_ai_mod.labeler.v1.crawls -- resolved to: /Users/bot/test_ai/apps/b7133b3d-58f2-41fd-b1bf-448787c91ef3/builds/e72f62a0-6852-48f2-88d9-841f60f42715/crawls/20210607151517/elems/iter_00000_step_00000_53_a.png
2021-06-07 15:15:37,841 INFO     test_ai_mod.labeler.v1.crawls -- elem image requested, crawl: 20210607151517, filename: iter_00000_step_00000_7_a.png
2021-06-07 15:15:37,841 INFO     test_ai_mod.carbon_dao.local_carbon_dao -- Getting build info: APP_ID: b7133b3d-58f2-41fd-b1bf-448787c91ef3, BUILD_ID: e72f62a0-6852-48f2-88d9-841f60f42715
2021-06-07 15:15:37,841 INFO     test_ai_mod.labeler.v1.crawls -- resolved to: /Users/bot/test_ai/apps/b7133b3d-58f2-41fd-b1bf-448787c91ef3/builds/e72f62a0-6852-48f2-88d9-841f60f42715/crawls/20210607151517/elems/iter_00000_step_00000_7_a.png
2021-06-07 15:15:37,907 INFO     test_ai_mod.labeler.v1.crawls -- elem image requested, crawl: 20210607151517, filename: iter_00000_step_00000_25_span.png
2021-06-07 15:15:37,907 INFO     test_ai_mod.carbon_dao.local_carbon_dao -- Getting build info: APP_ID: b7133b3d-58f2-41fd-b1bf-448787c91ef3, BUILD_ID: e72f62a0-6852-48f2-88d9-841f60f42715
2021-06-07 15:15:37,908 INFO     test_ai_mod.labeler.v1.crawls -- resolved to: /Users/bot/test_ai/apps/b7133b3d-58f2-41fd-b1bf-448787c91ef3/builds/e72f62a0-6852-48f2-88d9-841f60f42715/crawls/20210607151517/elems/iter_00000_step_00000_25_span.png
2021-06-07 15:15:37,956 INFO     test_ai_mod.labeler.v1.crawls -- elem image requested, crawl: 20210607151517, filename: iter_00000_step_00000_22_a.png
2021-06-07 15:15:37,965 INFO     test_ai_mod.carbon_dao.local_carbon_dao -- Getting build info: APP_ID: b7133b3d-58f2-41fd-b1bf-448787c91ef3, BUILD_ID: e72f62a0-6852-48f2-88d9-841f60f42715
2021-06-07 15:15:37,966 INFO     test_ai_mod.labeler.v1.crawls -- resolved to: /Users/bot/test_ai/apps/b7133b3d-58f2-41fd-b1bf-448787c91ef3/builds/e72f62a0-6852-48f2-88d9-841f60f42715/crawls/20210607151517/elems/iter_00000_step_00000_22_a.png
2021-06-07 15:15:38,032 INFO     test_ai_mod.labeler.v1.crawls -- elem image requested, crawl: 20210607151517, filename: iter_00000_step_00000_29_div.png
2021-06-07 15:15:38,032 INFO     test_ai_mod.carbon_dao.local_carbon_dao -- Getting build info: APP_ID: b7133b3d-58f2-41fd-b1bf-448787c91ef3, BUILD_ID: e72f62a0-6852-48f2-88d9-841f60f42715
2021-06-07 15:15:38,033 INFO     test_ai_mod.labeler.v1.crawls -- resolved to: /Users/bot/test_ai/apps/b7133b3d-58f2-41fd-b1bf-448787c91ef3/builds/e72f62a0-6852-48f2-88d9-841f60f42715/crawls/20210607151517/elems/iter_00000_step_00000_29_div.png
2021-06-07 15:15:39,474 INFO     test_ai_mod.carbon_explore.interactive -- Interactive explore -- status -- start
2021-06-07 15:15:39,474 INFO     test_ai_mod.carbon_explore.interactive -- Interactive explore -- status -- end
2021-06-07 15:15:39,966 INFO     test_ai_mod.carbon_explore.interactive -- Interactive explore -- status -- start
2021-06-07 15:15:39,966 INFO     test_ai_mod.carbon_explore.interactive -- Interactive explore -- status -- end
2021-06-07 15:15:43,710 INFO     test_ai_mod.carbon_explore.interactive -- Interactive explore -- status -- start
2021-06-07 15:15:43,710 INFO     test_ai_mod.carbon_explore.interactive -- Interactive explore -- status -- end
2021-06-07 15:15:44,442 INFO     test_ai_mod.carbon_explore.interactive -- Interactive explore -- status -- start
2021-06-07 15:15:44,442 INFO     test_ai_mod.carbon_explore.interactive -- Interactive explore -- status -- end
2021-06-07 15:15:49,665 INFO     test_ai_mod.carbon_explore.interactive -- Interactive explore -- status -- start
2021-06-07 15:15:49,665 INFO     test_ai_mod.carbon_explore.interactive -- Interactive explore -- status -- end
2021-06-07 15:15:49,978 INFO     test_ai_mod.carbon_explore.interactive -- Interactive explore -- status -- start
2021-06-07 15:15:49,978 INFO     test_ai_mod.carbon_explore.interactive -- Interactive explore -- status -- end
2021-06-07 15:15:54,330 INFO     test_ai_mod.carbon_explore.interactive -- Interactive explore -- status -- start
2021-06-07 15:15:54,331 INFO     test_ai_mod.carbon_explore.interactive -- Interactive explore -- status -- end
2021-06-07 15:15:54,588 INFO     test_ai_mod.carbon_explore.interactive -- Interactive explore -- status -- start
2021-06-07 15:15:54,588 INFO     test_ai_mod.carbon_explore.interactive -- Interactive explore -- status -- end
2021-06-07 15:15:59,356 INFO     test_ai_mod.carbon_explore.interactive -- Interactive explore -- status -- start
2021-06-07 15:15:59,356 INFO     test_ai_mod.carbon_explore.interactive -- Interactive explore -- status -- end
2021-06-07 15:15:59,574 INFO     test_ai_mod.carbon_explore.interactive -- Interactive explore -- status -- start
2021-06-07 15:15:59,574 INFO     test_ai_mod.carbon_explore.interactive -- Interactive explore -- status -- end
2021-06-07 15:16:04,422 INFO     test_ai_mod.carbon_explore.interactive -- Interactive explore -- status -- start
2021-06-07 15:16:04,423 INFO     test_ai_mod.carbon_explore.interactive -- Interactive explore -- status -- end
2021-06-07 15:16:04,599 INFO     test_ai_mod.carbon_explore.interactive -- Interactive explore -- status -- start
2021-06-07 15:16:04,599 INFO     test_ai_mod.carbon_explore.interactive -- Interactive explore -- status -- end
2021-06-07 15:16:09,375 INFO     test_ai_mod.carbon_explore.interactive -- Interactive explore -- status -- start
2021-06-07 15:16:09,375 INFO     test_ai_mod.carbon_explore.interactive -- Interactive explore -- status -- end
2021-06-07 15:16:09,573 INFO     test_ai_mod.carbon_explore.interactive -- Interactive explore -- status -- start
2021-06-07 15:16:09,573 INFO     test_ai_mod.carbon_explore.interactive -- Interactive explore -- status -- end
2021-06-07 15:16:13,742 INFO     test_ai_mod.carbon_explore.interactive -- Interactive explore -- status -- start
2021-06-07 15:16:13,743 INFO     test_ai_mod.carbon_explore.interactive -- Interactive explore -- status -- end
2021-06-07 15:16:14,396 INFO     test_ai_mod.carbon_explore.interactive -- Interactive explore -- status -- start
2021-06-07 15:16:14,397 INFO     test_ai_mod.carbon_explore.interactive -- Interactive explore -- status -- end
2021-06-07 15:16:19,382 INFO     test_ai_mod.carbon_explore.interactive -- Interactive explore -- status -- start
2021-06-07 15:16:19,382 INFO     test_ai_mod.carbon_explore.interactive -- Interactive explore -- status -- end
2021-06-07 15:16:19,946 INFO     test_ai_mod.carbon_explore.interactive -- Interactive explore -- status -- start
2021-06-07 15:16:19,947 INFO     test_ai_mod.carbon_explore.interactive -- Interactive explore -- status -- end
2021-06-07 15:16:23,690 INFO     test_ai_mod.carbon_explore.interactive -- Interactive explore -- status -- start
2021-06-07 15:16:23,690 INFO     test_ai_mod.carbon_explore.interactive -- Interactive explore -- status -- end
2021-06-07 15:16:24,360 INFO     test_ai_mod.carbon_explore.interactive -- Interactive explore -- status -- start
2021-06-07 15:16:24,360 INFO     test_ai_mod.carbon_explore.interactive -- Interactive explore -- status -- end
2021-06-07 15:16:29,422 INFO     test_ai_mod.carbon_explore.interactive -- Interactive explore -- status -- start
2021-06-07 15:16:29,423 INFO     test_ai_mod.carbon_explore.interactive -- Interactive explore -- status -- end
2021-06-07 15:16:29,972 INFO     test_ai_mod.carbon_explore.interactive -- Interactive explore -- status -- start
2021-06-07 15:16:29,972 INFO     test_ai_mod.carbon_explore.interactive -- Interactive explore -- status -- end
2021-06-07 15:16:34,406 INFO     test_ai_mod.carbon_explore.interactive -- Interactive explore -- status -- start
2021-06-07 15:16:34,406 INFO     test_ai_mod.carbon_explore.interactive -- Interactive explore -- status -- end
2021-06-07 15:16:34,590 INFO     test_ai_mod.carbon_explore.interactive -- Interactive explore -- status -- start
2021-06-07 15:16:34,590 INFO     test_ai_mod.carbon_explore.interactive -- Interactive explore -- status -- end
2021-06-07 15:16:39,413 INFO     test_ai_mod.carbon_explore.interactive -- Interactive explore -- status -- start
2021-06-07 15:16:39,414 INFO     test_ai_mod.carbon_explore.interactive -- Interactive explore -- status -- end
2021-06-07 15:16:39,592 INFO     test_ai_mod.carbon_explore.interactive -- Interactive explore -- status -- start
2021-06-07 15:16:39,593 INFO     test_ai_mod.carbon_explore.interactive -- Interactive explore -- status -- end
2021-06-07 15:16:43,704 INFO     test_ai_mod.carbon_explore.interactive -- Interactive explore -- status -- start
2021-06-07 15:16:43,704 INFO     test_ai_mod.carbon_explore.interactive -- Interactive explore -- status -- end
2021-06-07 15:16:44,422 INFO     test_ai_mod.carbon_explore.interactive -- Interactive explore -- status -- start
2021-06-07 15:16:44,422 INFO     test_ai_mod.carbon_explore.interactive -- Interactive explore -- status -- end
2021-06-07 15:16:49,361 INFO     test_ai_mod.carbon_explore.interactive -- Interactive explore -- status -- start
2021-06-07 15:16:49,362 INFO     test_ai_mod.carbon_explore.interactive -- Interactive explore -- status -- end
2021-06-07 15:16:49,998 INFO     test_ai_mod.carbon_explore.interactive -- Interactive explore -- status -- start
2021-06-07 15:16:49,998 INFO     test_ai_mod.carbon_explore.interactive -- Interactive explore -- status -- end
2021-06-07 15:16:54,301 INFO     test_ai_mod.carbon_explore.interactive -- Interactive explore -- status -- start
2021-06-07 15:16:54,301 INFO     test_ai_mod.carbon_explore.interactive -- Interactive explore -- status -- end
2021-06-07 15:16:54,483 INFO     test_ai_mod.carbon_explore.interactive -- Interactive explore -- status -- start
2021-06-07 15:16:54,483 INFO     test_ai_mod.carbon_explore.interactive -- Interactive explore -- status -- end
2021-06-07 15:16:59,378 INFO     test_ai_mod.carbon_explore.interactive -- Interactive explore -- status -- start
2021-06-07 15:16:59,378 INFO     test_ai_mod.carbon_explore.interactive -- Interactive explore -- status -- end
2021-06-07 15:16:59,700 INFO     test_ai_mod.carbon_explore.interactive -- Interactive explore -- status -- start
2021-06-07 15:16:59,700 INFO     test_ai_mod.carbon_explore.interactive -- Interactive explore -- status -- end
2021-06-07 15:17:04,401 INFO     test_ai_mod.carbon_explore.interactive -- Interactive explore -- status -- start
2021-06-07 15:17:04,402 INFO     test_ai_mod.carbon_explore.interactive -- Interactive explore -- status -- end
2021-06-07 15:17:04,576 INFO     test_ai_mod.carbon_explore.interactive -- Interactive explore -- status -- start
2021-06-07 15:17:04,576 INFO     test_ai_mod.carbon_explore.interactive -- Interactive explore -- status -- end
2021-06-07 15:17:09,358 INFO     test_ai_mod.carbon_explore.interactive -- Interactive explore -- status -- start
2021-06-07 15:17:09,358 INFO     test_ai_mod.carbon_explore.interactive -- Interactive explore -- status -- end
2021-06-07 15:17:09,528 INFO     test_ai_mod.carbon_explore.interactive -- Interactive explore -- status -- start
2021-06-07 15:17:09,528 INFO     test_ai_mod.carbon_explore.interactive -- Interactive explore -- status -- end
2021-06-07 15:17:13,829 INFO     test_ai_mod.carbon_explore.interactive -- Interactive explore -- status -- start
2021-06-07 15:17:13,829 INFO     test_ai_mod.carbon_explore.interactive -- Interactive explore -- status -- end
2021-06-07 15:17:14,400 INFO     test_ai_mod.carbon_explore.interactive -- Interactive explore -- status -- start
2021-06-07 15:17:14,400 INFO     test_ai_mod.carbon_explore.interactive -- Interactive explore -- status -- end
2021-06-07 15:17:18,723 INFO     test_ai_mod.carbon_explore.interactive -- Interactive explore -- status -- start
2021-06-07 15:17:18,723 INFO     test_ai_mod.carbon_explore.interactive -- Interactive explore -- status -- end
2021-06-07 15:17:19,383 INFO     test_ai_mod.carbon_explore.interactive -- Interactive explore -- status -- start
2021-06-07 15:17:19,383 INFO     test_ai_mod.carbon_explore.interactive -- Interactive explore -- status -- end
2021-06-07 15:17:24,365 INFO     test_ai_mod.carbon_explore.interactive -- Interactive explore -- status -- start
2021-06-07 15:17:24,365 INFO     test_ai_mod.carbon_explore.interactive -- Interactive explore -- status -- end
2021-06-07 15:17:24,982 INFO     test_ai_mod.carbon_explore.interactive -- Interactive explore -- status -- start
2021-06-07 15:17:24,982 INFO     test_ai_mod.carbon_explore.interactive -- Interactive explore -- status -- end
2021-06-07 15:17:29,546 INFO     test_ai_mod.carbon_explore.interactive -- Interactive explore -- status -- start
2021-06-07 15:17:29,546 INFO     test_ai_mod.carbon_explore.interactive -- Interactive explore -- status -- end
2021-06-07 15:17:29,769 INFO     test_ai_mod.carbon_explore.interactive -- Interactive explore -- status -- start
2021-06-07 15:17:29,769 INFO     test_ai_mod.carbon_explore.interactive -- Interactive explore -- status -- end
2021-06-07 15:17:34,365 INFO     test_ai_mod.carbon_explore.interactive -- Interactive explore -- status -- start
2021-06-07 15:17:34,366 INFO     test_ai_mod.carbon_explore.interactive -- Interactive explore -- status -- end
2021-06-07 15:17:34,543 INFO     test_ai_mod.carbon_explore.interactive -- Interactive explore -- status -- start
2021-06-07 15:17:34,543 INFO     test_ai_mod.carbon_explore.interactive -- Interactive explore -- status -- end
2021-06-07 15:17:38,699 INFO     test_ai_mod.carbon_explore.interactive -- Interactive explore -- status -- start
2021-06-07 15:17:38,699 INFO     test_ai_mod.carbon_explore.interactive -- Interactive explore -- status -- end
2021-06-07 15:17:38,870 INFO     test_ai_mod.labeler.v1.crawls -- elem image requested, crawl: 20210607151517, filename: iter_00000_step_00000_screenshot.png
2021-06-07 15:17:38,871 INFO     test_ai_mod.carbon_dao.local_carbon_dao -- Getting build info: APP_ID: b7133b3d-58f2-41fd-b1bf-448787c91ef3, BUILD_ID: e72f62a0-6852-48f2-88d9-841f60f42715
2021-06-07 15:17:38,872 INFO     test_ai_mod.labeler.v1.crawls -- resolved to: /Users/bot/test_ai/apps/b7133b3d-58f2-41fd-b1bf-448787c91ef3/builds/e72f62a0-6852-48f2-88d9-841f60f42715/crawls/20210607151517/screens/iter_00000_step_00000_screenshot.png
2021-06-07 15:17:39,411 INFO     test_ai_mod.carbon_explore.interactive -- Interactive explore -- status -- start
2021-06-07 15:17:39,412 INFO     test_ai_mod.carbon_explore.interactive -- Interactive explore -- status -- end
2021-06-07 15:17:43,831 INFO     test_ai_mod.carbon_explore.interactive -- Interactive explore -- status -- start
2021-06-07 15:17:43,831 INFO     test_ai_mod.carbon_explore.interactive -- Interactive explore -- status -- end
2021-06-07 15:17:44,439 INFO     test_ai_mod.carbon_explore.interactive -- Interactive explore -- status -- start
2021-06-07 15:17:44,439 INFO     test_ai_mod.carbon_explore.interactive -- Interactive explore -- status -- end
2021-06-07 15:17:46,804 INFO     test_ai_mod.carbon_explore.interactive -- Interactive explore -- status -- start
2021-06-07 15:17:46,804 INFO     test_ai_mod.carbon_explore.interactive -- Interactive explore -- status -- end
2021-06-07 15:17:46,808 INFO     test_ai_mod.carbon_explore.interactive -- Interactive explore -- status -- start
2021-06-07 15:17:46,809 INFO     test_ai_mod.carbon_explore.interactive -- Interactive explore -- status -- end
2021-06-07 15:17:46,810 INFO     root -- Stopping interactive crawl.
2021-06-07 15:17:46,814 INFO     test_ai_mod.carbon_explore.interactive -- Interactive explore -- stop -- start
2021-06-07 15:17:46,814 INFO     test_ai_mod.carbon_explore.interactive -- Interactive explore -- stop -- stop
2021-06-07 15:17:47,465 INFO     test_ai_mod.carbon_explore.explore_hook -- Explore hook -- apply_deferred_runtime_labels starting.
2021-06-07 15:17:47,466 INFO     test_ai_mod.carbon_explore.explore_hook -- Explore hook -- apply_deferred_runtime_labels completed.
2021-06-07 15:17:47,466 INFO     test_ai_mod.carbon_explore.interactive -- Interactive explore -- start_interactive_loop completed.
2021-06-07 15:17:47,466 INFO     test_ai_mod.carbon_explore.explore -- performing post-walk cleanup
2021-06-07 15:17:47,467 INFO     test_ai_mod.carbon_utils.simulator_tools -- performing post-test cleanup
2021-06-07 15:17:47,467 INFO     test_ai_mod.carbon_utils.simulator_tools -- calling driver.quit
2021-06-07 15:17:47,666 INFO     test_ai_mod.carbon_explore.explore -- iteration completed: 0
2021-06-07 15:17:47,666 INFO     test_ai_mod.carbon_tasks.crawl_build_task -- walk: 1 - succeeded
2021-06-07 15:17:47,666 INFO     test_ai_mod.carbon_tasks.crawl_build_task -- Handling crawl stop request.
2021-06-07 15:17:47,668 INFO     test_ai_mod.carbon_dao.local_carbon_dao -- Getting build info: APP_ID: b7133b3d-58f2-41fd-b1bf-448787c91ef3, BUILD_ID: e72f62a0-6852-48f2-88d9-841f60f42715
2021-06-07 15:17:47,668 INFO     test_ai_mod.carbon_dao.local_carbon_dao -- Getting build info: APP_ID: b7133b3d-58f2-41fd-b1bf-448787c91ef3, BUILD_ID: e72f62a0-6852-48f2-88d9-841f60f42715
2021-06-07 15:17:47,669 INFO     test_ai_mod.carbon_dao.local_carbon_dao -- Getting build info: APP_ID: b7133b3d-58f2-41fd-b1bf-448787c91ef3, BUILD_ID: e72f62a0-6852-48f2-88d9-841f60f42715
2021-06-07 15:17:47,670 INFO     test_ai_mod.carbon_dao.local_carbon_dao -- Getting build info: APP_ID: b7133b3d-58f2-41fd-b1bf-448787c91ef3, BUILD_ID: e72f62a0-6852-48f2-88d9-841f60f42715
2021-06-07 15:17:47,671 INFO     test_ai_mod.carbon_tasks.process_crawl_task -- processing crawl: 20210607151517 (app: b7133b3d-58f2-41fd-b1bf-448787c91ef3, build: e72f62a0-6852-48f2-88d9-841f60f42715)
2021-06-07 15:17:47,671 INFO     test_ai_mod.carbon_tasks.process_crawl_task -- processing screens for crawl
2021-06-07 15:17:47,772 INFO     test_ai_mod.carbon_tasks.process_crawl_task -- writing unique screens file
2021-06-07 15:17:47,773 INFO     test_ai_mod.carbon_tasks.process_crawl_task -- writing screen hash map
2021-06-07 15:17:47,778 INFO     test_ai_mod.carbon_tasks.process_crawl_task -- writing screen similarity file
2021-06-07 15:17:47,779 INFO     test_ai_mod.carbon_tasks.process_crawl_task -- processing elements for crawl
2021-06-07 15:17:47,781 INFO     test_ai_mod.carbon_tasks.process_crawl_task -- skipping already processed: iter_00000_step_00000_info.json
2021-06-07 15:17:47,867 INFO     test_ai_mod.carbon_tasks.process_crawl_task -- Writing unique tags file.
2021-06-07 15:17:47,868 INFO     test_ai_mod.carbon_tasks.process_crawl_task -- writing unique elems file
2021-06-07 15:17:47,869 INFO     test_ai_mod.carbon_tasks.process_crawl_task -- writing elem hash map
2021-06-07 15:17:47,877 INFO     test_ai_mod.carbon_tasks.process_crawl_task -- writing elem similarity file
2021-06-07 15:17:47,879 INFO     test_ai_mod.carbon_tasks.process_crawl_task -- generating and saving feature data for crawl
2021-06-07 15:17:47,879 INFO     test_ai_mod.carbon_tasks.generate_feature_data_task -- generating feature data for crawl: 20210607151517, app_id: b7133b3d-58f2-41fd-b1bf-448787c91ef3, build_id: e72f62a0-6852-48f2-88d9-841f60f42715
2021-06-07 15:17:47,883 INFO     test_ai_mod.carbon_tasks.generate_feature_data_task -- generating screen feature data
2021-06-07 15:17:48,388 INFO     test_ai_mod.carbon_tasks.generate_feature_data_task -- saving screen feature data
2021-06-07 15:17:48,390 INFO     test_ai_mod.carbon_tasks.process_crawl_task -- generating labeler objects file for crawl (v0)
2021-06-07 15:17:48,401 INFO     test_ai_mod.carbon_tasks.process_crawl_task -- reconciling screens labeled at runtime
2021-06-07 15:17:48,402 INFO     test_ai_mod.carbon_tasks.process_crawl_task -- reconciling elements labeled at runtime
2021-06-07 15:17:48,409 INFO     test_ai_mod.carbon_tasks.generate_auto_labels_task -- generating auto labels for crawl: 20210607151517, app_id: b7133b3d-58f2-41fd-b1bf-448787c91ef3, build_id: e72f62a0-6852-48f2-88d9-841f60f42715
2021-06-07 15:17:48,410 INFO     test_ai_mod.carbon_dao.local_carbon_dao -- Getting build info: APP_ID: b7133b3d-58f2-41fd-b1bf-448787c91ef3, BUILD_ID: e72f62a0-6852-48f2-88d9-841f60f42715
2021-06-07 15:17:48,411 INFO     test_ai_mod.carbon_dao.local_carbon_dao -- Getting build info: APP_ID: b7133b3d-58f2-41fd-b1bf-448787c91ef3, BUILD_ID: e72f62a0-6852-48f2-88d9-841f60f42715
2021-06-07 15:17:48,412 INFO     test_ai_mod.carbon_dao.local_carbon_dao -- Getting build info: APP_ID: b7133b3d-58f2-41fd-b1bf-448787c91ef3, BUILD_ID: e72f62a0-6852-48f2-88d9-841f60f42715
2021-06-07 15:17:48,412 INFO     test_ai_mod.carbon_dao.local_carbon_dao -- Getting build info: APP_ID: b7133b3d-58f2-41fd-b1bf-448787c91ef3, BUILD_ID: e72f62a0-6852-48f2-88d9-841f60f42715
2021-06-07 15:17:48,413 INFO     test_ai_mod.carbon_tasks.generate_auto_labels_task -- getting data for crawl: 20210607145944
2021-06-07 15:17:48,415 INFO     test_ai_mod.carbon_tasks.generate_auto_labels_task -- getting data for crawl: 20210607150653
2021-06-07 15:17:48,417 INFO     test_ai_mod.carbon_tasks.generate_auto_labels_task -- getting data for crawl: 20210607151517
2021-06-07 15:17:48,418 INFO     test_ai_mod.carbon_tasks.generate_auto_labels_task -- processing crawl: 20210607145944
2021-06-07 15:17:48,420 INFO     test_ai_mod.carbon_tasks.generate_auto_labels_task -- processing crawl: 20210607150653
2021-06-07 15:17:48,421 INFO     test_ai_mod.carbon_tasks.generate_auto_labels_task -- processing crawl: 20210607151517
2021-06-07 15:17:48,430 INFO     test_ai_mod.carbon_tasks.generate_auto_labels_task -- writing merged, suggested labels for crawl: 20210607145944
2021-06-07 15:17:48,430 INFO     test_ai_mod.carbon_tasks.generate_auto_labels_task -- writing merged, suggested labels for crawl: 20210607151517
2021-06-07 15:17:48,430 INFO     test_ai_mod.carbon_tasks.generate_auto_labels_task -- writing merged, suggested labels for crawl: 20210607150653
2021-06-07 15:17:48,434 INFO     test_ai_mod.carbon_tasks.generate_auto_labels_task -- writing applied hashes to labels to file: /Users/bot/test_ai/apps/b7133b3d-58f2-41fd-b1bf-448787c91ef3/lkg/hashes_to_labels.json
2021-06-07 15:17:48,435 INFO     test_ai_mod.carbon_tasks.generate_auto_labels_task -- writing applied human readable to labels to file: /Users/bot/test_ai/apps/b7133b3d-58f2-41fd-b1bf-448787c91ef3/lkg/human_readable_to_labels.json
2021-06-07 15:17:48,435 INFO     test_ai_mod.carbon_tasks.generate_auto_labels_task -- writing label to hash dicts to file: /Users/bot/test_ai/apps/b7133b3d-58f2-41fd-b1bf-448787c91ef3/lkg/label_to_hash_dicts.json
2021-06-07 15:17:48,436 INFO     test_ai_mod.carbon_tasks.generate_auto_labels_task -- writing human readable to paths to file: /Users/bot/test_ai/apps/b7133b3d-58f2-41fd-b1bf-448787c91ef3/lkg/human_readable_to_paths.json
2021-06-07 15:17:48,437 INFO     test_ai_mod.carbon_classifiers.label_classifier_pipe -- Begin loading configured modules
2021-06-07 15:17:48,437 INFO     test_ai_mod.carbon_classifiers.carbon_classifier_v1.screen_classifier -- Loading ScreenClassifier
2021-06-07 15:17:48,437 INFO     test_ai_mod.carbon_classifiers.template_matching.app_specific_template_matcher -- Loading AppSpecificTemplateMatcher
2021-06-07 15:17:48,437 INFO     test_ai_mod.carbon_classifiers.perceptual.nn_classifier -- Loading NNClassifier
2021-06-07 15:17:48,437 INFO     test_ai_mod.carbon_classifiers.template_matching.template_matching_classifier -- Loading TemplateMatchingClassifier
2021-06-07 15:17:48,437 WARNING  test_ai_mod.carbon_classifiers.template_matching.template_matching_classifier -- No template director exists at /Users/bot/test_ai/templates
2021-06-07 15:17:48,438 INFO     test_ai_mod.carbon_classifiers.http_classifier.http_classifier -- Loaded Http Classifier for ""
2021-06-07 15:17:48,438 INFO     test_ai_mod.carbon_tasks.generate_auto_labels_task -- classifying 1 unique screens
2021-06-07 15:17:48,438 INFO     test_ai_mod.carbon_dao.carbon_data -- loading models from LKG dir
2021-06-07 15:17:48,438 INFO     test_ai_mod.carbon_dao.carbon_data -- loading models from LKG dir
2021-06-07 15:17:48,446 INFO     test_ai_mod.carbon_classifiers.label_classifier_pipe -- Begin labeling elements
2021-06-07 15:17:48,462 INFO     test_ai_mod.carbon_classifiers.template_matching.app_specific_template_matcher -- Classifying screen with AppSpecificTemplateMatcher
2021-06-07 15:17:48,462 INFO     test_ai_mod.carbon_classifiers.perceptual.nn_classifier -- Classifying screen with NNClassifier
2021-06-07 15:17:48,507 INFO     test_ai_mod.carbon_classifiers.label_classifier_pipe -- End labeling elements: Time taken 0.060674905777 seconds
2021-06-07 15:17:48,509 INFO     test_ai_mod.carbon_tasks.generate_auto_labels_task -- classifying 54 unique elems
2021-06-07 15:17:48,515 INFO     test_ai_mod.carbon_dao.carbon_data -- loading models from LKG dir
2021-06-07 15:17:48,515 INFO     test_ai_mod.carbon_dao.carbon_data -- loading models from LKG dir
2021-06-07 15:17:48,515 INFO     test_ai_mod.carbon_classifiers.label_classifier_pipe -- Begin labeling elements
2021-06-07 15:17:48,532 INFO     test_ai_mod.carbon_classifiers.template_matching.app_specific_template_matcher -- Classifying screen with AppSpecificTemplateMatcher
2021-06-07 15:17:48,533 INFO     test_ai_mod.carbon_classifiers.perceptual.nn_classifier -- Classifying screen with NNClassifier
2021-06-07 15:17:48,616 INFO     test_ai_mod.carbon_classifiers.label_classifier_pipe -- End labeling elements: Time taken 0.101135969162 seconds
2021-06-07 15:17:48,618 INFO     test_ai_mod.carbon_tasks.generate_auto_labels_task -- writing merged, suggested labels for crawl: 20210607151517
2021-06-07 15:17:48,619 INFO     test_ai_mod.carbon_controllers.crawls -- Removing threaded log file handler for crawl.
