2021-06-14 20:25:49,596 INFO     test_ai_mod.carbon_controllers.crawls -- Logging crawl output to /Users/bot/test_ai/apps/b7133b3d-58f2-41fd-b1bf-448787c91ef3/builds/e72f62a0-6852-48f2-88d9-841f60f42715/logs/crawl-20210615002549.log
2021-06-14 20:25:49,597 INFO     test_ai_mod.carbon_tasks.crawl_build_task -- crawling build, app_id: b7133b3d-58f2-41fd-b1bf-448787c91ef3, build_id: e72f62a0-6852-48f2-88d9-841f60f42715
2021-06-14 20:25:49,597 INFO     test_ai_mod.carbon_tasks.crawl_build_task -- num_steps (when no test): 25
2021-06-14 20:25:49,598 INFO     test_ai_mod.carbon_tasks.crawl_build_task -- max_steps: 150
2021-06-14 20:25:49,598 INFO     test_ai_mod.carbon_tasks.crawl_build_task -- max_iterations: 1
2021-06-14 20:25:49,598 INFO     test_ai_mod.carbon_tasks.crawl_build_task -- rand_seed: 1623441716
2021-06-14 20:25:49,598 INFO     test_ai_mod.carbon_tasks.crawl_build_task -- test_wildcard: *
2021-06-14 20:25:49,598 INFO     test_ai_mod.carbon_tasks.crawl_build_task -- package: None
2021-06-14 20:25:49,598 INFO     test_ai_mod.carbon_tasks.crawl_build_task -- eyes_api_key: None
2021-06-14 20:25:49,598 INFO     test_ai_mod.carbon_tasks.crawl_build_task -- is_noop: False
2021-06-14 20:25:49,600 INFO     test_ai_mod.carbon_tasks.crawl_build_task -- created crawl, id: 20210614202549
2021-06-14 20:25:49,600 INFO     test_ai_mod.carbon_dao.local_carbon_dao -- Getting build info: APP_ID: b7133b3d-58f2-41fd-b1bf-448787c91ef3, BUILD_ID: e72f62a0-6852-48f2-88d9-841f60f42715
2021-06-14 20:25:49,601 INFO     test_ai_mod.carbon_dao.local_carbon_dao -- Getting build info: APP_ID: b7133b3d-58f2-41fd-b1bf-448787c91ef3, BUILD_ID: e72f62a0-6852-48f2-88d9-841f60f42715
2021-06-14 20:25:49,769 INFO     test_ai_mod.carbon_explore.explore -- using default extra walk count: 0
2021-06-14 20:25:49,779 INFO     test_ai_mod.carbon_tasks.crawl_build_task -- initiating walk [1/1]
2021-06-14 20:25:49,779 INFO     test_ai_mod.carbon_test_case.carbon_tests -- initial number of steps for walk: 25
2021-06-14 20:25:49,779 INFO     test_ai_mod.carbon_tasks.crawl_build_task -- effective_max_steps this walk: 26
2021-06-14 20:25:49,779 INFO     test_ai_mod.carbon_explore.explore -- **************************************************
2021-06-14 20:25:49,779 INFO     test_ai_mod.carbon_explore.explore -- **************************************************
2021-06-14 20:25:49,779 INFO     test_ai_mod.carbon_explore.explore -- *                                                *
2021-06-14 20:25:49,780 INFO     test_ai_mod.carbon_explore.explore -- *                   BRAIN                    *
2021-06-14 20:25:49,780 INFO     test_ai_mod.carbon_explore.explore -- *                                                *
2021-06-14 20:25:49,780 INFO     test_ai_mod.carbon_explore.explore -- **************************************************
2021-06-14 20:25:49,780 INFO     test_ai_mod.carbon_explore.explore -- **************************************************
2021-06-14 20:25:49,780 INFO     test_ai_mod.carbon_initialization.initialization -- Random seed: 1623441716
2021-06-14 20:25:49,782 INFO     test_ai_mod.carbon_initialization.initialization -- ````````````````````````````````````````````````````````````````````````````````
2021-06-14 20:25:49,782 INFO     test_ai_mod.carbon_initialization.initialization --                   PACKAGE: b7133b3d-58f2-41fd-b1bf-448787c91ef3
2021-06-14 20:25:49,782 INFO     test_ai_mod.carbon_initialization.initialization -- ````````````````````````````````````````````````````````````````````````````````
2021-06-14 20:25:49,782 INFO     test_ai_mod.carbon_initialization.initialization -- platform: DESKTOP_CHROME
2021-06-14 20:25:49,782 INFO     test_ai_mod.carbon_initialization.initialization -- using crawl_directory: /Users/bot/test_ai/apps/b7133b3d-58f2-41fd-b1bf-448787c91ef3/builds/e72f62a0-6852-48f2-88d9-841f60f42715/crawls/20210614202549
2021-06-14 20:25:49,782 INFO     test_ai_mod.carbon_botio.bot_io -- retrieving bot IO for app: b7133b3d-58f2-41fd-b1bf-448787c91ef3
2021-06-14 20:25:49,782 INFO     test_ai_mod.carbon_botio.bot_io -- ^^^^^^^^^^^^^^^^^^^^^^^^^^^^^^^^^^^^^^^^^^^^^^^^^^^^^^^^^^^^^^^^^^^^^^^^^^^^^^^^
2021-06-14 20:25:49,782 INFO     test_ai_mod.carbon_botio.bot_io -- botio_filepath: /Users/bot/test_ai/apps/b7133b3d-58f2-41fd-b1bf-448787c91ef3/lkg/botio.json
2021-06-14 20:25:49,782 INFO     test_ai_mod.carbon_botio.bot_io -- use_snapshot: False
2021-06-14 20:25:49,782 INFO     test_ai_mod.carbon_botio.bot_io -- no botIO found for app: b7133b3d-58f2-41fd-b1bf-448787c91ef3
2021-06-14 20:25:49,784 INFO     test_ai_mod.carbon_dao.carbon_data -- loading models from LKG dir
2021-06-14 20:25:49,784 INFO     test_ai_mod.carbon_dao.carbon_data -- loading models from LKG dir
2021-06-14 20:25:49,784 INFO     test_ai_mod.carbon_explore.test_hooks -- Test case is None, no need for on_setup.
2021-06-14 20:25:49,785 INFO     test_ai_mod.carbon_utils.simulator_tools -- preparing clean iteration state...
2021-06-14 20:25:49,785 INFO     test_ai_mod.carbon_utils.simulator_tools -- starting appium, platform: DESKTOP_CHROME
2021-06-14 20:25:49,785 INFO     test_ai_mod.carbon_utils.simulator_tools -- starting appium/webdriver for desktop chrome
2021-06-14 20:25:49,840 INFO     test_ai_mod.carbon_dao.local_carbon_dao -- Getting build info: APP_ID: b7133b3d-58f2-41fd-b1bf-448787c91ef3, BUILD_ID: e72f62a0-6852-48f2-88d9-841f60f42715
2021-06-14 20:25:51,091 INFO     test_ai_mod.carbon_automation.driver -- Screen density: 1.0
2021-06-14 20:25:51,237 INFO     test_ai_mod.carbon_utils.simulator_tools -- going to https://www.equinox.com/
2021-06-14 20:25:53,288 INFO     test_ai_mod.carbon_utils.simulator_tools -- completed setting url, additional time: 2.042490
2021-06-14 20:25:54,750 INFO     test_ai_mod.carbon_initialization.initialization -- starting dom stability
2021-06-14 20:25:54,783 INFO     test_ai_mod.carbon_actions.carbon_actions -- Got new page source
2021-06-14 20:25:54,923 INFO     test_ai_mod.carbon_actions.carbon_actions -- Got new page source
2021-06-14 20:25:55,072 INFO     test_ai_mod.carbon_actions.carbon_actions -- Got new page source
2021-06-14 20:25:55,222 INFO     test_ai_mod.carbon_actions.carbon_actions -- Got new page source
2021-06-14 20:25:55,362 INFO     test_ai_mod.carbon_actions.carbon_actions -- Got new page source
2021-06-14 20:25:55,363 INFO     test_ai_mod.carbon_actions.carbon_actions -- Seen the same screen the max amount (5)
2021-06-14 20:25:55,363 INFO     test_ai_mod.carbon_actions.carbon_actions -- incrementing source count to: 1
2021-06-14 20:25:55,363 INFO     test_ai_mod.carbon_explore.explore_utils -- saving screenshot
2021-06-14 20:25:56,234 INFO     test_ai_mod.carbon_explore.explore_utils -- scn_shot_file_path: /Users/bot/test_ai/apps/b7133b3d-58f2-41fd-b1bf-448787c91ef3/builds/e72f62a0-6852-48f2-88d9-841f60f42715/crawls/20210614202549/tmp/runtime_labeling_screen.png
2021-06-14 20:25:56,270 INFO     test_ai_mod.carbon_initialization.initialization -- current package sent in as: b7133b3d-58f2-41fd-b1bf-448787c91ef3
2021-06-14 20:25:56,270 INFO     test_ai_mod.carbon_initialization.initialization -- ended dom stability
2021-06-14 20:25:56,273 INFO     test_ai_mod.carbon_explore.explore -- package is set to: b7133b3d-58f2-41fd-b1bf-448787c91ef3
2021-06-14 20:25:56,273 INFO     test_ai_mod.carbon_explore.explore -- ********************************************************************************
2021-06-14 20:25:56,274 INFO     test_ai_mod.carbon_explore.explore -- * TIMEOUT: None
2021-06-14 20:25:56,274 INFO     test_ai_mod.carbon_explore.explore -- * disable_bounceback: False
2021-06-14 20:25:56,274 INFO     test_ai_mod.carbon_explore.explore -- ********************************************************************************
2021-06-14 20:25:56,274 INFO     test_ai_mod.carbon_explore.explore -- getting walk queue
2021-06-14 20:25:56,274 INFO     test_ai_mod.carbon_explore.explore_utils -- getting screen_elems
2021-06-14 20:25:56,647 INFO     test_ai_mod.carbon_utils.scrape_utils -- Successfully collected web scrape.
2021-06-14 20:25:56,649 INFO     test_ai_mod.carbon_explore.explore_utils -- filtering elems - 58
2021-06-14 20:25:56,680 INFO     test_ai_mod.carbon_explore.explore_utils -- saving info - 54
2021-06-14 20:25:56,680 INFO     test_ai_mod.carbon_explore.explore_utils -- saving core elems iter: 0, step 0, save_dir: /Users/bot/test_ai/apps/b7133b3d-58f2-41fd-b1bf-448787c91ef3/builds/e72f62a0-6852-48f2-88d9-841f60f42715/crawls/20210614202549
2021-06-14 20:25:56,700 INFO     test_ai_mod.carbon_explore.explore -- got all screen info saved
2021-06-14 20:25:56,700 INFO     test_ai_mod.carbon_explore.explore_utils -- saving core elems iter: 0, step 0, save_dir: /Users/bot/test_ai/apps/b7133b3d-58f2-41fd-b1bf-448787c91ef3/builds/e72f62a0-6852-48f2-88d9-841f60f42715/crawls/20210614202549
2021-06-14 20:25:56,736 INFO     test_ai_mod.carbon_explore.result_storage -- LOG FILE PATH: /Users/bot/test_ai/apps/b7133b3d-58f2-41fd-b1bf-448787c91ef3/builds/e72f62a0-6852-48f2-88d9-841f60f42715/crawls/20210614202549/iter_00000_step_00000_logs.txt
2021-06-14 20:25:56,736 INFO     test_ai_mod.carbon_explore.result_storage -- ALL LOGS FILE PATH: /Users/bot/test_ai/apps/b7133b3d-58f2-41fd-b1bf-448787c91ef3/builds/e72f62a0-6852-48f2-88d9-841f60f42715/crawls/20210614202549/iter_00000_step_-0001_logs.txt
2021-06-14 20:25:56,744 INFO     test_ai_mod.carbon_explore.interactive -- Interactive explore -- start_interactive_loop starting.
2021-06-14 20:25:56,751 INFO     test_ai_mod.carbon_explore.interactive -- Interactive explore -- running initial auto label
2021-06-14 20:25:56,751 INFO     test_ai_mod.carbon_tasks.process_crawl_task -- processing crawl: 20210614202549 (app: b7133b3d-58f2-41fd-b1bf-448787c91ef3, build: e72f62a0-6852-48f2-88d9-841f60f42715)
2021-06-14 20:25:56,751 INFO     test_ai_mod.carbon_tasks.process_crawl_task -- processing screens for crawl
2021-06-14 20:25:56,842 INFO     test_ai_mod.carbon_tasks.process_crawl_task -- writing unique screens file
2021-06-14 20:25:56,842 INFO     test_ai_mod.carbon_tasks.process_crawl_task -- writing screen hash map
2021-06-14 20:25:56,845 INFO     test_ai_mod.carbon_tasks.process_crawl_task -- writing screen similarity file
2021-06-14 20:25:56,846 INFO     test_ai_mod.carbon_tasks.process_crawl_task -- processing elements for crawl
2021-06-14 20:25:56,848 INFO     test_ai_mod.carbon_tasks.process_crawl_task -- processing: iter_00000_step_00000_info.json
2021-06-14 20:25:57,116 INFO     test_ai_mod.carbon_tasks.process_crawl_task -- Writing unique tags file.
2021-06-14 20:25:57,117 INFO     test_ai_mod.carbon_tasks.process_crawl_task -- writing unique elems file
2021-06-14 20:25:57,118 INFO     test_ai_mod.carbon_tasks.process_crawl_task -- writing elem hash map
2021-06-14 20:25:57,126 INFO     test_ai_mod.carbon_tasks.process_crawl_task -- writing elem similarity file
2021-06-14 20:25:57,128 INFO     test_ai_mod.carbon_tasks.process_crawl_task -- generating labeler objects file for crawl (v0)
2021-06-14 20:25:57,139 INFO     test_ai_mod.carbon_tasks.process_crawl_task -- reconciling screens labeled at runtime
2021-06-14 20:25:57,139 INFO     test_ai_mod.carbon_tasks.process_crawl_task -- reconciling elements labeled at runtime
2021-06-14 20:25:57,145 INFO     test_ai_mod.carbon_tasks.generate_auto_labels_task -- generating auto labels for crawl: 20210614202549, app_id: b7133b3d-58f2-41fd-b1bf-448787c91ef3, build_id: e72f62a0-6852-48f2-88d9-841f60f42715
2021-06-14 20:25:57,145 INFO     test_ai_mod.carbon_dao.local_carbon_dao -- Getting build info: APP_ID: b7133b3d-58f2-41fd-b1bf-448787c91ef3, BUILD_ID: e72f62a0-6852-48f2-88d9-841f60f42715
2021-06-14 20:25:57,147 INFO     test_ai_mod.carbon_dao.local_carbon_dao -- Getting build info: APP_ID: b7133b3d-58f2-41fd-b1bf-448787c91ef3, BUILD_ID: e72f62a0-6852-48f2-88d9-841f60f42715
2021-06-14 20:25:57,148 INFO     test_ai_mod.carbon_dao.local_carbon_dao -- Getting build info: APP_ID: b7133b3d-58f2-41fd-b1bf-448787c91ef3, BUILD_ID: e72f62a0-6852-48f2-88d9-841f60f42715
2021-06-14 20:25:57,148 INFO     test_ai_mod.carbon_dao.local_carbon_dao -- Getting build info: APP_ID: b7133b3d-58f2-41fd-b1bf-448787c91ef3, BUILD_ID: e72f62a0-6852-48f2-88d9-841f60f42715
2021-06-14 20:25:57,149 INFO     test_ai_mod.carbon_dao.local_carbon_dao -- Getting build info: APP_ID: b7133b3d-58f2-41fd-b1bf-448787c91ef3, BUILD_ID: e72f62a0-6852-48f2-88d9-841f60f42715
2021-06-14 20:25:57,149 INFO     test_ai_mod.carbon_dao.local_carbon_dao -- Getting build info: APP_ID: b7133b3d-58f2-41fd-b1bf-448787c91ef3, BUILD_ID: e72f62a0-6852-48f2-88d9-841f60f42715
2021-06-14 20:25:57,150 INFO     test_ai_mod.carbon_dao.local_carbon_dao -- Getting build info: APP_ID: b7133b3d-58f2-41fd-b1bf-448787c91ef3, BUILD_ID: e72f62a0-6852-48f2-88d9-841f60f42715
2021-06-14 20:25:57,150 INFO     test_ai_mod.carbon_dao.local_carbon_dao -- Getting build info: APP_ID: b7133b3d-58f2-41fd-b1bf-448787c91ef3, BUILD_ID: e72f62a0-6852-48f2-88d9-841f60f42715
2021-06-14 20:25:57,151 INFO     test_ai_mod.carbon_dao.local_carbon_dao -- Getting build info: APP_ID: b7133b3d-58f2-41fd-b1bf-448787c91ef3, BUILD_ID: e72f62a0-6852-48f2-88d9-841f60f42715
2021-06-14 20:25:57,152 INFO     test_ai_mod.carbon_dao.local_carbon_dao -- Getting build info: APP_ID: b7133b3d-58f2-41fd-b1bf-448787c91ef3, BUILD_ID: e72f62a0-6852-48f2-88d9-841f60f42715
2021-06-14 20:25:57,152 INFO     test_ai_mod.carbon_dao.local_carbon_dao -- Getting build info: APP_ID: b7133b3d-58f2-41fd-b1bf-448787c91ef3, BUILD_ID: e72f62a0-6852-48f2-88d9-841f60f42715
2021-06-14 20:25:57,153 INFO     test_ai_mod.carbon_tasks.generate_auto_labels_task -- getting data for crawl: 20210607151517
2021-06-14 20:25:57,154 INFO     test_ai_mod.carbon_tasks.generate_auto_labels_task -- getting data for crawl: 20210607155217
2021-06-14 20:25:57,155 INFO     test_ai_mod.carbon_tasks.generate_auto_labels_task -- getting data for crawl: 20210607145944
2021-06-14 20:25:57,157 INFO     test_ai_mod.carbon_tasks.generate_auto_labels_task -- getting data for crawl: 20210607150653
2021-06-14 20:25:57,158 INFO     test_ai_mod.carbon_tasks.generate_auto_labels_task -- getting data for crawl: 20210607153116
2021-06-14 20:25:57,158 INFO     test_ai_mod.carbon_tasks.generate_auto_labels_task -- getting data for crawl: 20210607160847
2021-06-14 20:25:57,159 INFO     test_ai_mod.carbon_tasks.generate_auto_labels_task -- getting data for crawl: 20210614200939
2021-06-14 20:25:57,160 INFO     test_ai_mod.carbon_tasks.generate_auto_labels_task -- getting data for crawl: 20210614201730
2021-06-14 20:25:57,161 INFO     test_ai_mod.carbon_tasks.generate_auto_labels_task -- getting data for crawl: 20210614202056
2021-06-14 20:25:57,162 INFO     test_ai_mod.carbon_tasks.generate_auto_labels_task -- getting data for crawl: 20210614202549
2021-06-14 20:25:57,163 INFO     test_ai_mod.carbon_tasks.generate_auto_labels_task -- processing crawl: 20210607151517
2021-06-14 20:25:57,163 INFO     test_ai_mod.carbon_tasks.generate_auto_labels_task -- processing crawl: 20210607155217
2021-06-14 20:25:57,163 INFO     test_ai_mod.carbon_tasks.generate_auto_labels_task -- processing crawl: 20210607145944
2021-06-14 20:25:57,164 INFO     test_ai_mod.carbon_tasks.generate_auto_labels_task -- processing crawl: 20210607150653
2021-06-14 20:25:57,164 INFO     test_ai_mod.carbon_tasks.generate_auto_labels_task -- processing crawl: 20210607153116
2021-06-14 20:25:57,165 INFO     test_ai_mod.carbon_tasks.generate_auto_labels_task -- processing crawl: 20210607160847
2021-06-14 20:25:57,165 INFO     test_ai_mod.carbon_tasks.generate_auto_labels_task -- processing crawl: 20210614200939
2021-06-14 20:25:57,165 INFO     test_ai_mod.carbon_tasks.generate_auto_labels_task -- processing crawl: 20210614201730
2021-06-14 20:25:57,165 INFO     test_ai_mod.carbon_tasks.generate_auto_labels_task -- processing crawl: 20210614202056
2021-06-14 20:25:57,165 INFO     test_ai_mod.carbon_tasks.generate_auto_labels_task -- processing crawl: 20210614202549
2021-06-14 20:25:57,171 INFO     test_ai_mod.carbon_tasks.generate_auto_labels_task -- writing merged, suggested labels for crawl: 20210607155217
2021-06-14 20:25:57,171 INFO     test_ai_mod.carbon_tasks.generate_auto_labels_task -- writing merged, suggested labels for crawl: 20210607151517
2021-06-14 20:25:57,172 INFO     test_ai_mod.carbon_tasks.generate_auto_labels_task -- writing merged, suggested labels for crawl: 20210607150653
2021-06-14 20:25:57,174 INFO     test_ai_mod.carbon_tasks.generate_auto_labels_task -- writing merged, suggested labels for crawl: 20210607160847
2021-06-14 20:25:57,174 INFO     test_ai_mod.carbon_tasks.generate_auto_labels_task -- writing merged, suggested labels for crawl: 20210607153116
2021-06-14 20:25:57,175 INFO     test_ai_mod.carbon_tasks.generate_auto_labels_task -- writing merged, suggested labels for crawl: 20210607145944
2021-06-14 20:25:57,175 INFO     test_ai_mod.carbon_tasks.generate_auto_labels_task -- writing merged, suggested labels for crawl: 20210614200939
2021-06-14 20:25:57,175 INFO     test_ai_mod.carbon_tasks.generate_auto_labels_task -- writing merged, suggested labels for crawl: 20210614201730
2021-06-14 20:25:57,176 INFO     test_ai_mod.carbon_tasks.generate_auto_labels_task -- writing merged, suggested labels for crawl: 20210614202056
2021-06-14 20:25:57,180 INFO     test_ai_mod.carbon_tasks.generate_auto_labels_task -- writing merged, suggested labels for crawl: 20210614202549
2021-06-14 20:25:57,182 INFO     test_ai_mod.carbon_tasks.generate_auto_labels_task -- writing applied hashes to labels to file: /Users/bot/test_ai/apps/b7133b3d-58f2-41fd-b1bf-448787c91ef3/lkg/hashes_to_labels.json
2021-06-14 20:25:57,183 INFO     test_ai_mod.carbon_tasks.generate_auto_labels_task -- writing applied human readable to labels to file: /Users/bot/test_ai/apps/b7133b3d-58f2-41fd-b1bf-448787c91ef3/lkg/human_readable_to_labels.json
2021-06-14 20:25:57,183 INFO     test_ai_mod.carbon_tasks.generate_auto_labels_task -- writing label to hash dicts to file: /Users/bot/test_ai/apps/b7133b3d-58f2-41fd-b1bf-448787c91ef3/lkg/label_to_hash_dicts.json
2021-06-14 20:25:57,184 INFO     test_ai_mod.carbon_tasks.generate_auto_labels_task -- writing human readable to paths to file: /Users/bot/test_ai/apps/b7133b3d-58f2-41fd-b1bf-448787c91ef3/lkg/human_readable_to_paths.json
2021-06-14 20:25:57,184 INFO     test_ai_mod.carbon_classifiers.label_classifier_pipe -- Begin loading configured modules
2021-06-14 20:25:57,184 INFO     test_ai_mod.carbon_classifiers.carbon_classifier_v1.screen_classifier -- Loading ScreenClassifier
2021-06-14 20:25:57,185 INFO     test_ai_mod.carbon_classifiers.template_matching.app_specific_template_matcher -- Loading AppSpecificTemplateMatcher
2021-06-14 20:25:57,185 INFO     test_ai_mod.carbon_classifiers.perceptual.nn_classifier -- Loading NNClassifier
2021-06-14 20:25:57,185 INFO     test_ai_mod.carbon_classifiers.template_matching.template_matching_classifier -- Loading TemplateMatchingClassifier
2021-06-14 20:25:57,185 WARNING  test_ai_mod.carbon_classifiers.template_matching.template_matching_classifier -- No template director exists at /Users/bot/test_ai/templates
2021-06-14 20:25:57,185 INFO     test_ai_mod.carbon_classifiers.http_classifier.http_classifier -- Loaded Http Classifier for ""
2021-06-14 20:25:57,185 INFO     test_ai_mod.carbon_tasks.generate_auto_labels_task -- classifying 1 unique screens
2021-06-14 20:25:57,185 INFO     test_ai_mod.carbon_dao.carbon_data -- loading models from LKG dir
2021-06-14 20:25:57,185 INFO     test_ai_mod.carbon_dao.carbon_data -- loading models from LKG dir
2021-06-14 20:25:57,191 INFO     test_ai_mod.carbon_classifiers.label_classifier_pipe -- Begin labeling elements
2021-06-14 20:25:57,201 INFO     test_ai_mod.carbon_classifiers.template_matching.app_specific_template_matcher -- Classifying screen with AppSpecificTemplateMatcher
2021-06-14 20:25:57,202 INFO     test_ai_mod.carbon_classifiers.perceptual.nn_classifier -- Classifying screen with NNClassifier
2021-06-14 20:25:57,239 INFO     test_ai_mod.carbon_classifiers.label_classifier_pipe -- End labeling elements: Time taken 0.048063993454 seconds
2021-06-14 20:25:57,241 INFO     test_ai_mod.carbon_tasks.generate_auto_labels_task -- classifying 54 unique elems
2021-06-14 20:25:57,246 INFO     test_ai_mod.carbon_dao.carbon_data -- loading models from LKG dir
2021-06-14 20:25:57,246 INFO     test_ai_mod.carbon_dao.carbon_data -- loading models from LKG dir
2021-06-14 20:25:57,246 INFO     test_ai_mod.carbon_classifiers.label_classifier_pipe -- Begin labeling elements
2021-06-14 20:25:57,257 INFO     test_ai_mod.carbon_classifiers.template_matching.app_specific_template_matcher -- Classifying screen with AppSpecificTemplateMatcher
2021-06-14 20:25:57,257 INFO     test_ai_mod.carbon_classifiers.perceptual.nn_classifier -- Classifying screen with NNClassifier
2021-06-14 20:25:57,333 INFO     test_ai_mod.carbon_classifiers.label_classifier_pipe -- End labeling elements: Time taken 0.0872340202332 seconds
2021-06-14 20:25:57,335 INFO     test_ai_mod.carbon_tasks.generate_auto_labels_task -- writing merged, suggested labels for crawl: 20210614202549
2021-06-14 20:25:57,336 INFO     test_ai_mod.carbon_explore.interactive -- 


[32;1mCarbon Interactive Crawling Session Starting...
Please make sure you are running the test.ai GUI (./test.ai -d).
Once the GUI is running, please visit [34mhttp://localhost:5000[32;1m.
To access the interactive session, select the correct app, and click on "Live Labeling".

[0m
2021-06-14 20:26:01,138 INFO     test_ai_mod.carbon_explore.interactive -- Interactive explore -- status -- start
2021-06-14 20:26:01,138 INFO     test_ai_mod.carbon_explore.interactive -- Interactive explore -- status -- end
2021-06-14 20:26:01,146 INFO     test_ai_mod.carbon_explore.interactive -- Interactive explore -- get_crawls(web, b7133b3d-58f2-41fd-b1bf-448787c91ef3) -- start
2021-06-14 20:26:01,146 INFO     test_ai_mod.carbon_explore.interactive -- Interactive explore -- get_crawls(web, b7133b3d-58f2-41fd-b1bf-448787c91ef3) -- end
2021-06-14 20:26:01,453 INFO     test_ai_mod.carbon_dao.local_carbon_dao -- Getting build info: APP_ID: b7133b3d-58f2-41fd-b1bf-448787c91ef3, BUILD_ID: e72f62a0-6852-48f2-88d9-841f60f42715
2021-06-14 20:26:01,560 INFO     test_ai_mod.carbon_dao.local_carbon_dao -- Getting build info: APP_ID: b7133b3d-58f2-41fd-b1bf-448787c91ef3, BUILD_ID: e72f62a0-6852-48f2-88d9-841f60f42715
2021-06-14 20:26:01,586 INFO     test_ai_mod.carbon_explore.interactive -- Interactive explore -- get_labeler_objects -- start
2021-06-14 20:26:01,586 INFO     test_ai_mod.carbon_explore.interactive -- Interactive explore -- Processing crawl interactively 20210614202549
2021-06-14 20:26:01,586 INFO     test_ai_mod.carbon_tasks.process_crawl_task -- processing crawl: 20210614202549 (app: b7133b3d-58f2-41fd-b1bf-448787c91ef3, build: e72f62a0-6852-48f2-88d9-841f60f42715)
2021-06-14 20:26:01,587 INFO     test_ai_mod.carbon_tasks.process_crawl_task -- processing screens for crawl
2021-06-14 20:26:01,677 INFO     test_ai_mod.carbon_tasks.process_crawl_task -- writing unique screens file
2021-06-14 20:26:01,677 INFO     test_ai_mod.carbon_tasks.process_crawl_task -- writing screen hash map
2021-06-14 20:26:01,681 INFO     test_ai_mod.carbon_tasks.process_crawl_task -- writing screen similarity file
2021-06-14 20:26:01,682 INFO     test_ai_mod.carbon_tasks.process_crawl_task -- processing elements for crawl
2021-06-14 20:26:01,684 INFO     test_ai_mod.carbon_tasks.process_crawl_task -- skipping already processed: iter_00000_step_00000_info.json
2021-06-14 20:26:01,759 INFO     test_ai_mod.carbon_tasks.process_crawl_task -- Writing unique tags file.
2021-06-14 20:26:01,759 INFO     test_ai_mod.carbon_tasks.process_crawl_task -- writing unique elems file
2021-06-14 20:26:01,760 INFO     test_ai_mod.carbon_tasks.process_crawl_task -- writing elem hash map
2021-06-14 20:26:01,768 INFO     test_ai_mod.carbon_tasks.process_crawl_task -- writing elem similarity file
2021-06-14 20:26:01,770 INFO     test_ai_mod.carbon_tasks.process_crawl_task -- generating labeler objects file for crawl (v0)
2021-06-14 20:26:01,781 INFO     test_ai_mod.carbon_tasks.process_crawl_task -- reconciling screens labeled at runtime
2021-06-14 20:26:01,781 INFO     test_ai_mod.carbon_tasks.process_crawl_task -- reconciling elements labeled at runtime
2021-06-14 20:26:01,787 INFO     test_ai_mod.carbon_explore.interactive -- Interactive explore -- Generating labels using hash information 20210614202549
2021-06-14 20:26:01,791 INFO     test_ai_mod.carbon_explore.interactive -- Interactive explore -- get_labeler_objects -- end
2021-06-14 20:26:02,116 INFO     test_ai_mod.labeler.v1.crawls -- elem image requested, crawl: 20210614202549, filename: iter_00000_step_00000_15_span.png
2021-06-14 20:26:02,117 INFO     test_ai_mod.carbon_dao.local_carbon_dao -- Getting build info: APP_ID: b7133b3d-58f2-41fd-b1bf-448787c91ef3, BUILD_ID: e72f62a0-6852-48f2-88d9-841f60f42715
2021-06-14 20:26:02,118 INFO     test_ai_mod.labeler.v1.crawls -- resolved to: /Users/bot/test_ai/apps/b7133b3d-58f2-41fd-b1bf-448787c91ef3/builds/e72f62a0-6852-48f2-88d9-841f60f42715/crawls/20210614202549/elems/iter_00000_step_00000_15_span.png
2021-06-14 20:26:02,223 INFO     test_ai_mod.carbon_dao.local_carbon_dao -- Getting build info: APP_ID: b7133b3d-58f2-41fd-b1bf-448787c91ef3, BUILD_ID: e72f62a0-6852-48f2-88d9-841f60f42715
2021-06-14 20:26:02,239 INFO     test_ai_mod.labeler.v1.crawls -- elem image requested, crawl: 20210614202549, filename: iter_00000_step_00000_42_span.png
2021-06-14 20:26:02,240 INFO     test_ai_mod.carbon_dao.local_carbon_dao -- Getting build info: APP_ID: b7133b3d-58f2-41fd-b1bf-448787c91ef3, BUILD_ID: e72f62a0-6852-48f2-88d9-841f60f42715
2021-06-14 20:26:02,240 INFO     test_ai_mod.labeler.v1.crawls -- resolved to: /Users/bot/test_ai/apps/b7133b3d-58f2-41fd-b1bf-448787c91ef3/builds/e72f62a0-6852-48f2-88d9-841f60f42715/crawls/20210614202549/elems/iter_00000_step_00000_42_span.png
2021-06-14 20:26:02,312 INFO     test_ai_mod.labeler.v1.crawls -- elem image requested, crawl: 20210614202549, filename: iter_00000_step_00000_30_div.png
2021-06-14 20:26:02,312 INFO     test_ai_mod.carbon_dao.local_carbon_dao -- Getting build info: APP_ID: b7133b3d-58f2-41fd-b1bf-448787c91ef3, BUILD_ID: e72f62a0-6852-48f2-88d9-841f60f42715
2021-06-14 20:26:02,313 INFO     test_ai_mod.labeler.v1.crawls -- resolved to: /Users/bot/test_ai/apps/b7133b3d-58f2-41fd-b1bf-448787c91ef3/builds/e72f62a0-6852-48f2-88d9-841f60f42715/crawls/20210614202549/elems/iter_00000_step_00000_30_div.png
2021-06-14 20:26:02,332 INFO     test_ai_mod.labeler.v1.crawls -- elem image requested, crawl: 20210614202549, filename: iter_00000_step_00000_21_span.png
2021-06-14 20:26:02,333 INFO     test_ai_mod.carbon_dao.local_carbon_dao -- Getting build info: APP_ID: b7133b3d-58f2-41fd-b1bf-448787c91ef3, BUILD_ID: e72f62a0-6852-48f2-88d9-841f60f42715
2021-06-14 20:26:02,334 INFO     test_ai_mod.labeler.v1.crawls -- resolved to: /Users/bot/test_ai/apps/b7133b3d-58f2-41fd-b1bf-448787c91ef3/builds/e72f62a0-6852-48f2-88d9-841f60f42715/crawls/20210614202549/elems/iter_00000_step_00000_21_span.png
2021-06-14 20:26:02,439 INFO     test_ai_mod.labeler.v1.crawls -- elem image requested, crawl: 20210614202549, filename: iter_00000_step_00000_26_span.png
2021-06-14 20:26:02,439 INFO     test_ai_mod.carbon_dao.local_carbon_dao -- Getting build info: APP_ID: b7133b3d-58f2-41fd-b1bf-448787c91ef3, BUILD_ID: e72f62a0-6852-48f2-88d9-841f60f42715
2021-06-14 20:26:02,440 INFO     test_ai_mod.labeler.v1.crawls -- resolved to: /Users/bot/test_ai/apps/b7133b3d-58f2-41fd-b1bf-448787c91ef3/builds/e72f62a0-6852-48f2-88d9-841f60f42715/crawls/20210614202549/elems/iter_00000_step_00000_26_span.png
2021-06-14 20:26:02,525 INFO     test_ai_mod.labeler.v1.crawls -- elem image requested, crawl: 20210614202549, filename: iter_00000_step_00000_23_div.png
2021-06-14 20:26:02,525 INFO     test_ai_mod.carbon_dao.local_carbon_dao -- Getting build info: APP_ID: b7133b3d-58f2-41fd-b1bf-448787c91ef3, BUILD_ID: e72f62a0-6852-48f2-88d9-841f60f42715
2021-06-14 20:26:02,526 INFO     test_ai_mod.labeler.v1.crawls -- resolved to: /Users/bot/test_ai/apps/b7133b3d-58f2-41fd-b1bf-448787c91ef3/builds/e72f62a0-6852-48f2-88d9-841f60f42715/crawls/20210614202549/elems/iter_00000_step_00000_23_div.png
2021-06-14 20:26:02,636 INFO     test_ai_mod.labeler.v1.crawls -- elem image requested, crawl: 20210614202549, filename: iter_00000_step_00000_screenshot.png
2021-06-14 20:26:02,637 INFO     test_ai_mod.carbon_dao.local_carbon_dao -- Getting build info: APP_ID: b7133b3d-58f2-41fd-b1bf-448787c91ef3, BUILD_ID: e72f62a0-6852-48f2-88d9-841f60f42715
2021-06-14 20:26:02,638 INFO     test_ai_mod.labeler.v1.crawls -- resolved to: /Users/bot/test_ai/apps/b7133b3d-58f2-41fd-b1bf-448787c91ef3/builds/e72f62a0-6852-48f2-88d9-841f60f42715/crawls/20210614202549/screens/iter_00000_step_00000_screenshot.png
2021-06-14 20:26:02,920 INFO     test_ai_mod.labeler.v1.crawls -- elem image requested, crawl: 20210614202549, filename: iter_00000_step_00000_27_img.png
2021-06-14 20:26:02,921 INFO     test_ai_mod.carbon_dao.local_carbon_dao -- Getting build info: APP_ID: b7133b3d-58f2-41fd-b1bf-448787c91ef3, BUILD_ID: e72f62a0-6852-48f2-88d9-841f60f42715
2021-06-14 20:26:02,922 INFO     test_ai_mod.labeler.v1.crawls -- resolved to: /Users/bot/test_ai/apps/b7133b3d-58f2-41fd-b1bf-448787c91ef3/builds/e72f62a0-6852-48f2-88d9-841f60f42715/crawls/20210614202549/elems/iter_00000_step_00000_27_img.png
2021-06-14 20:26:03,022 INFO     test_ai_mod.labeler.v1.crawls -- elem image requested, crawl: 20210614202549, filename: iter_00000_step_00000_8_div.png
2021-06-14 20:26:03,023 INFO     test_ai_mod.carbon_dao.local_carbon_dao -- Getting build info: APP_ID: b7133b3d-58f2-41fd-b1bf-448787c91ef3, BUILD_ID: e72f62a0-6852-48f2-88d9-841f60f42715
2021-06-14 20:26:03,024 INFO     test_ai_mod.labeler.v1.crawls -- resolved to: /Users/bot/test_ai/apps/b7133b3d-58f2-41fd-b1bf-448787c91ef3/builds/e72f62a0-6852-48f2-88d9-841f60f42715/crawls/20210614202549/elems/iter_00000_step_00000_8_div.png
2021-06-14 20:26:03,025 INFO     test_ai_mod.labeler.v1.crawls -- elem image requested, crawl: 20210614202549, filename: iter_00000_step_00000_13_div.png
2021-06-14 20:26:03,026 INFO     test_ai_mod.carbon_dao.local_carbon_dao -- Getting build info: APP_ID: b7133b3d-58f2-41fd-b1bf-448787c91ef3, BUILD_ID: e72f62a0-6852-48f2-88d9-841f60f42715
2021-06-14 20:26:03,027 INFO     test_ai_mod.labeler.v1.crawls -- resolved to: /Users/bot/test_ai/apps/b7133b3d-58f2-41fd-b1bf-448787c91ef3/builds/e72f62a0-6852-48f2-88d9-841f60f42715/crawls/20210614202549/elems/iter_00000_step_00000_13_div.png
2021-06-14 20:26:03,082 INFO     test_ai_mod.labeler.v1.crawls -- elem image requested, crawl: 20210614202549, filename: iter_00000_step_00000_2_span.png
2021-06-14 20:26:03,083 INFO     test_ai_mod.carbon_dao.local_carbon_dao -- Getting build info: APP_ID: b7133b3d-58f2-41fd-b1bf-448787c91ef3, BUILD_ID: e72f62a0-6852-48f2-88d9-841f60f42715
2021-06-14 20:26:03,083 INFO     test_ai_mod.labeler.v1.crawls -- resolved to: /Users/bot/test_ai/apps/b7133b3d-58f2-41fd-b1bf-448787c91ef3/builds/e72f62a0-6852-48f2-88d9-841f60f42715/crawls/20210614202549/elems/iter_00000_step_00000_2_span.png
2021-06-14 20:26:04,275 INFO     test_ai_mod.labeler.v1.crawls -- elem image requested, crawl: 20210614202549, filename: iter_00000_step_00000_38_span.png
2021-06-14 20:26:04,276 INFO     test_ai_mod.labeler.v1.crawls -- elem image requested, crawl: 20210614202549, filename: iter_00000_step_00000_39_a.png
2021-06-14 20:26:04,277 INFO     test_ai_mod.carbon_dao.local_carbon_dao -- Getting build info: APP_ID: b7133b3d-58f2-41fd-b1bf-448787c91ef3, BUILD_ID: e72f62a0-6852-48f2-88d9-841f60f42715
2021-06-14 20:26:04,277 INFO     test_ai_mod.carbon_dao.local_carbon_dao -- Getting build info: APP_ID: b7133b3d-58f2-41fd-b1bf-448787c91ef3, BUILD_ID: e72f62a0-6852-48f2-88d9-841f60f42715
2021-06-14 20:26:04,277 INFO     test_ai_mod.labeler.v1.crawls -- resolved to: /Users/bot/test_ai/apps/b7133b3d-58f2-41fd-b1bf-448787c91ef3/builds/e72f62a0-6852-48f2-88d9-841f60f42715/crawls/20210614202549/elems/iter_00000_step_00000_38_span.png
2021-06-14 20:26:04,279 INFO     test_ai_mod.labeler.v1.crawls -- resolved to: /Users/bot/test_ai/apps/b7133b3d-58f2-41fd-b1bf-448787c91ef3/builds/e72f62a0-6852-48f2-88d9-841f60f42715/crawls/20210614202549/elems/iter_00000_step_00000_39_a.png
2021-06-14 20:26:05,298 INFO     test_ai_mod.labeler.v1.crawls -- elem image requested, crawl: 20210614202549, filename: iter_00000_step_00000_34_a.png
2021-06-14 20:26:05,299 INFO     test_ai_mod.carbon_dao.local_carbon_dao -- Getting build info: APP_ID: b7133b3d-58f2-41fd-b1bf-448787c91ef3, BUILD_ID: e72f62a0-6852-48f2-88d9-841f60f42715
2021-06-14 20:26:05,299 INFO     test_ai_mod.labeler.v1.crawls -- resolved to: /Users/bot/test_ai/apps/b7133b3d-58f2-41fd-b1bf-448787c91ef3/builds/e72f62a0-6852-48f2-88d9-841f60f42715/crawls/20210614202549/elems/iter_00000_step_00000_34_a.png
2021-06-14 20:26:05,369 INFO     test_ai_mod.labeler.v1.crawls -- elem image requested, crawl: 20210614202549, filename: iter_00000_step_00000_50_a.png
2021-06-14 20:26:05,369 INFO     test_ai_mod.carbon_dao.local_carbon_dao -- Getting build info: APP_ID: b7133b3d-58f2-41fd-b1bf-448787c91ef3, BUILD_ID: e72f62a0-6852-48f2-88d9-841f60f42715
2021-06-14 20:26:05,370 INFO     test_ai_mod.labeler.v1.crawls -- resolved to: /Users/bot/test_ai/apps/b7133b3d-58f2-41fd-b1bf-448787c91ef3/builds/e72f62a0-6852-48f2-88d9-841f60f42715/crawls/20210614202549/elems/iter_00000_step_00000_50_a.png
2021-06-14 20:26:05,444 INFO     test_ai_mod.labeler.v1.crawls -- elem image requested, crawl: 20210614202549, filename: iter_00000_step_00000_45_span.png
2021-06-14 20:26:05,445 INFO     test_ai_mod.carbon_dao.local_carbon_dao -- Getting build info: APP_ID: b7133b3d-58f2-41fd-b1bf-448787c91ef3, BUILD_ID: e72f62a0-6852-48f2-88d9-841f60f42715
2021-06-14 20:26:05,446 INFO     test_ai_mod.labeler.v1.crawls -- resolved to: /Users/bot/test_ai/apps/b7133b3d-58f2-41fd-b1bf-448787c91ef3/builds/e72f62a0-6852-48f2-88d9-841f60f42715/crawls/20210614202549/elems/iter_00000_step_00000_45_span.png
2021-06-14 20:26:06,526 INFO     test_ai_mod.labeler.v1.crawls -- elem image requested, crawl: 20210614202549, filename: iter_00000_step_00000_28_span.png
2021-06-14 20:26:06,527 INFO     test_ai_mod.carbon_dao.local_carbon_dao -- Getting build info: APP_ID: b7133b3d-58f2-41fd-b1bf-448787c91ef3, BUILD_ID: e72f62a0-6852-48f2-88d9-841f60f42715
2021-06-14 20:26:06,528 INFO     test_ai_mod.labeler.v1.crawls -- resolved to: /Users/bot/test_ai/apps/b7133b3d-58f2-41fd-b1bf-448787c91ef3/builds/e72f62a0-6852-48f2-88d9-841f60f42715/crawls/20210614202549/elems/iter_00000_step_00000_28_span.png
2021-06-14 20:26:07,624 INFO     test_ai_mod.labeler.v1.crawls -- elem image requested, crawl: 20210614202549, filename: iter_00000_step_00000_47_div.png
2021-06-14 20:26:07,625 INFO     test_ai_mod.carbon_dao.local_carbon_dao -- Getting build info: APP_ID: b7133b3d-58f2-41fd-b1bf-448787c91ef3, BUILD_ID: e72f62a0-6852-48f2-88d9-841f60f42715
2021-06-14 20:26:07,626 INFO     test_ai_mod.labeler.v1.crawls -- resolved to: /Users/bot/test_ai/apps/b7133b3d-58f2-41fd-b1bf-448787c91ef3/builds/e72f62a0-6852-48f2-88d9-841f60f42715/crawls/20210614202549/elems/iter_00000_step_00000_47_div.png
2021-06-14 20:26:07,684 INFO     test_ai_mod.carbon_explore.interactive -- Interactive explore -- status -- start
2021-06-14 20:26:07,684 INFO     test_ai_mod.carbon_explore.interactive -- Interactive explore -- status -- end
2021-06-14 20:26:08,748 INFO     test_ai_mod.labeler.v1.crawls -- elem image requested, crawl: 20210614202549, filename: iter_00000_step_00000_46_div.png
2021-06-14 20:26:08,748 INFO     test_ai_mod.carbon_dao.local_carbon_dao -- Getting build info: APP_ID: b7133b3d-58f2-41fd-b1bf-448787c91ef3, BUILD_ID: e72f62a0-6852-48f2-88d9-841f60f42715
2021-06-14 20:26:08,749 INFO     test_ai_mod.labeler.v1.crawls -- resolved to: /Users/bot/test_ai/apps/b7133b3d-58f2-41fd-b1bf-448787c91ef3/builds/e72f62a0-6852-48f2-88d9-841f60f42715/crawls/20210614202549/elems/iter_00000_step_00000_46_div.png
2021-06-14 20:26:08,806 INFO     test_ai_mod.labeler.v1.crawls -- elem image requested, crawl: 20210614202549, filename: iter_00000_step_00000_51_span.png
2021-06-14 20:26:08,807 INFO     test_ai_mod.carbon_dao.local_carbon_dao -- Getting build info: APP_ID: b7133b3d-58f2-41fd-b1bf-448787c91ef3, BUILD_ID: e72f62a0-6852-48f2-88d9-841f60f42715
2021-06-14 20:26:08,808 INFO     test_ai_mod.labeler.v1.crawls -- resolved to: /Users/bot/test_ai/apps/b7133b3d-58f2-41fd-b1bf-448787c91ef3/builds/e72f62a0-6852-48f2-88d9-841f60f42715/crawls/20210614202549/elems/iter_00000_step_00000_51_span.png
2021-06-14 20:26:08,876 INFO     test_ai_mod.labeler.v1.crawls -- elem image requested, crawl: 20210614202549, filename: iter_00000_step_00000_1_button.png
2021-06-14 20:26:08,876 INFO     test_ai_mod.carbon_dao.local_carbon_dao -- Getting build info: APP_ID: b7133b3d-58f2-41fd-b1bf-448787c91ef3, BUILD_ID: e72f62a0-6852-48f2-88d9-841f60f42715
2021-06-14 20:26:08,877 INFO     test_ai_mod.labeler.v1.crawls -- resolved to: /Users/bot/test_ai/apps/b7133b3d-58f2-41fd-b1bf-448787c91ef3/builds/e72f62a0-6852-48f2-88d9-841f60f42715/crawls/20210614202549/elems/iter_00000_step_00000_1_button.png
2021-06-14 20:26:08,953 INFO     test_ai_mod.labeler.v1.crawls -- elem image requested, crawl: 20210614202549, filename: iter_00000_step_00000_14_a.png
2021-06-14 20:26:08,954 INFO     test_ai_mod.carbon_dao.local_carbon_dao -- Getting build info: APP_ID: b7133b3d-58f2-41fd-b1bf-448787c91ef3, BUILD_ID: e72f62a0-6852-48f2-88d9-841f60f42715
2021-06-14 20:26:08,955 INFO     test_ai_mod.labeler.v1.crawls -- resolved to: /Users/bot/test_ai/apps/b7133b3d-58f2-41fd-b1bf-448787c91ef3/builds/e72f62a0-6852-48f2-88d9-841f60f42715/crawls/20210614202549/elems/iter_00000_step_00000_14_a.png
2021-06-14 20:26:09,022 INFO     test_ai_mod.labeler.v1.crawls -- elem image requested, crawl: 20210614202549, filename: iter_00000_step_00000_35_span.png
2021-06-14 20:26:09,023 INFO     test_ai_mod.carbon_dao.local_carbon_dao -- Getting build info: APP_ID: b7133b3d-58f2-41fd-b1bf-448787c91ef3, BUILD_ID: e72f62a0-6852-48f2-88d9-841f60f42715
2021-06-14 20:26:09,023 INFO     test_ai_mod.labeler.v1.crawls -- resolved to: /Users/bot/test_ai/apps/b7133b3d-58f2-41fd-b1bf-448787c91ef3/builds/e72f62a0-6852-48f2-88d9-841f60f42715/crawls/20210614202549/elems/iter_00000_step_00000_35_span.png
2021-06-14 20:26:10,078 INFO     test_ai_mod.labeler.v1.crawls -- elem image requested, crawl: 20210614202549, filename: iter_00000_step_00000_4_h1.png
2021-06-14 20:26:10,079 INFO     test_ai_mod.carbon_dao.local_carbon_dao -- Getting build info: APP_ID: b7133b3d-58f2-41fd-b1bf-448787c91ef3, BUILD_ID: e72f62a0-6852-48f2-88d9-841f60f42715
2021-06-14 20:26:10,079 INFO     test_ai_mod.labeler.v1.crawls -- resolved to: /Users/bot/test_ai/apps/b7133b3d-58f2-41fd-b1bf-448787c91ef3/builds/e72f62a0-6852-48f2-88d9-841f60f42715/crawls/20210614202549/elems/iter_00000_step_00000_4_h1.png
2021-06-14 20:26:11,146 INFO     test_ai_mod.labeler.v1.crawls -- elem image requested, crawl: 20210614202549, filename: iter_00000_step_00000_10_a.png
2021-06-14 20:26:11,147 INFO     test_ai_mod.carbon_dao.local_carbon_dao -- Getting build info: APP_ID: b7133b3d-58f2-41fd-b1bf-448787c91ef3, BUILD_ID: e72f62a0-6852-48f2-88d9-841f60f42715
2021-06-14 20:26:11,147 INFO     test_ai_mod.labeler.v1.crawls -- resolved to: /Users/bot/test_ai/apps/b7133b3d-58f2-41fd-b1bf-448787c91ef3/builds/e72f62a0-6852-48f2-88d9-841f60f42715/crawls/20210614202549/elems/iter_00000_step_00000_10_a.png
2021-06-14 20:26:11,215 INFO     test_ai_mod.labeler.v1.crawls -- elem image requested, crawl: 20210614202549, filename: iter_00000_step_00000_37_span.png
2021-06-14 20:26:11,216 INFO     test_ai_mod.carbon_dao.local_carbon_dao -- Getting build info: APP_ID: b7133b3d-58f2-41fd-b1bf-448787c91ef3, BUILD_ID: e72f62a0-6852-48f2-88d9-841f60f42715
2021-06-14 20:26:11,216 INFO     test_ai_mod.labeler.v1.crawls -- resolved to: /Users/bot/test_ai/apps/b7133b3d-58f2-41fd-b1bf-448787c91ef3/builds/e72f62a0-6852-48f2-88d9-841f60f42715/crawls/20210614202549/elems/iter_00000_step_00000_37_span.png
2021-06-14 20:26:11,280 INFO     test_ai_mod.labeler.v1.crawls -- elem image requested, crawl: 20210614202549, filename: iter_00000_step_00000_9_div.png
2021-06-14 20:26:11,280 INFO     test_ai_mod.carbon_dao.local_carbon_dao -- Getting build info: APP_ID: b7133b3d-58f2-41fd-b1bf-448787c91ef3, BUILD_ID: e72f62a0-6852-48f2-88d9-841f60f42715
2021-06-14 20:26:11,281 INFO     test_ai_mod.labeler.v1.crawls -- resolved to: /Users/bot/test_ai/apps/b7133b3d-58f2-41fd-b1bf-448787c91ef3/builds/e72f62a0-6852-48f2-88d9-841f60f42715/crawls/20210614202549/elems/iter_00000_step_00000_9_div.png
2021-06-14 20:26:11,347 INFO     test_ai_mod.labeler.v1.crawls -- elem image requested, crawl: 20210614202549, filename: iter_00000_step_00000_48_a.png
2021-06-14 20:26:11,348 INFO     test_ai_mod.carbon_dao.local_carbon_dao -- Getting build info: APP_ID: b7133b3d-58f2-41fd-b1bf-448787c91ef3, BUILD_ID: e72f62a0-6852-48f2-88d9-841f60f42715
2021-06-14 20:26:11,348 INFO     test_ai_mod.labeler.v1.crawls -- resolved to: /Users/bot/test_ai/apps/b7133b3d-58f2-41fd-b1bf-448787c91ef3/builds/e72f62a0-6852-48f2-88d9-841f60f42715/crawls/20210614202549/elems/iter_00000_step_00000_48_a.png
2021-06-14 20:26:11,420 INFO     test_ai_mod.carbon_explore.interactive -- Interactive explore -- status -- start
2021-06-14 20:26:11,420 INFO     test_ai_mod.carbon_explore.interactive -- Interactive explore -- status -- end
2021-06-14 20:26:12,483 INFO     test_ai_mod.labeler.v1.crawls -- elem image requested, crawl: 20210614202549, filename: iter_00000_step_00000_16_div.png
2021-06-14 20:26:12,484 INFO     test_ai_mod.carbon_dao.local_carbon_dao -- Getting build info: APP_ID: b7133b3d-58f2-41fd-b1bf-448787c91ef3, BUILD_ID: e72f62a0-6852-48f2-88d9-841f60f42715
2021-06-14 20:26:12,484 INFO     test_ai_mod.labeler.v1.crawls -- resolved to: /Users/bot/test_ai/apps/b7133b3d-58f2-41fd-b1bf-448787c91ef3/builds/e72f62a0-6852-48f2-88d9-841f60f42715/crawls/20210614202549/elems/iter_00000_step_00000_16_div.png
2021-06-14 20:26:12,550 INFO     test_ai_mod.labeler.v1.crawls -- elem image requested, crawl: 20210614202549, filename: iter_00000_step_00000_53_a.png
2021-06-14 20:26:12,551 INFO     test_ai_mod.carbon_dao.local_carbon_dao -- Getting build info: APP_ID: b7133b3d-58f2-41fd-b1bf-448787c91ef3, BUILD_ID: e72f62a0-6852-48f2-88d9-841f60f42715
2021-06-14 20:26:12,552 INFO     test_ai_mod.labeler.v1.crawls -- resolved to: /Users/bot/test_ai/apps/b7133b3d-58f2-41fd-b1bf-448787c91ef3/builds/e72f62a0-6852-48f2-88d9-841f60f42715/crawls/20210614202549/elems/iter_00000_step_00000_53_a.png
2021-06-14 20:26:12,625 INFO     test_ai_mod.labeler.v1.crawls -- elem image requested, crawl: 20210614202549, filename: iter_00000_step_00000_43_span.png
2021-06-14 20:26:12,625 INFO     test_ai_mod.carbon_dao.local_carbon_dao -- Getting build info: APP_ID: b7133b3d-58f2-41fd-b1bf-448787c91ef3, BUILD_ID: e72f62a0-6852-48f2-88d9-841f60f42715
2021-06-14 20:26:12,626 INFO     test_ai_mod.labeler.v1.crawls -- resolved to: /Users/bot/test_ai/apps/b7133b3d-58f2-41fd-b1bf-448787c91ef3/builds/e72f62a0-6852-48f2-88d9-841f60f42715/crawls/20210614202549/elems/iter_00000_step_00000_43_span.png
2021-06-14 20:26:13,687 INFO     test_ai_mod.labeler.v1.crawls -- elem image requested, crawl: 20210614202549, filename: iter_00000_step_00000_52_div.png
2021-06-14 20:26:13,688 INFO     test_ai_mod.carbon_dao.local_carbon_dao -- Getting build info: APP_ID: b7133b3d-58f2-41fd-b1bf-448787c91ef3, BUILD_ID: e72f62a0-6852-48f2-88d9-841f60f42715
2021-06-14 20:26:13,688 INFO     test_ai_mod.labeler.v1.crawls -- resolved to: /Users/bot/test_ai/apps/b7133b3d-58f2-41fd-b1bf-448787c91ef3/builds/e72f62a0-6852-48f2-88d9-841f60f42715/crawls/20210614202549/elems/iter_00000_step_00000_52_div.png
2021-06-14 20:26:13,750 INFO     test_ai_mod.labeler.v1.crawls -- elem image requested, crawl: 20210614202549, filename: iter_00000_step_00000_7_a.png
2021-06-14 20:26:13,751 INFO     test_ai_mod.carbon_dao.local_carbon_dao -- Getting build info: APP_ID: b7133b3d-58f2-41fd-b1bf-448787c91ef3, BUILD_ID: e72f62a0-6852-48f2-88d9-841f60f42715
2021-06-14 20:26:13,751 INFO     test_ai_mod.labeler.v1.crawls -- resolved to: /Users/bot/test_ai/apps/b7133b3d-58f2-41fd-b1bf-448787c91ef3/builds/e72f62a0-6852-48f2-88d9-841f60f42715/crawls/20210614202549/elems/iter_00000_step_00000_7_a.png
2021-06-14 20:26:13,819 INFO     test_ai_mod.labeler.v1.crawls -- elem image requested, crawl: 20210614202549, filename: iter_00000_step_00000_5_span.png
2021-06-14 20:26:13,820 INFO     test_ai_mod.carbon_dao.local_carbon_dao -- Getting build info: APP_ID: b7133b3d-58f2-41fd-b1bf-448787c91ef3, BUILD_ID: e72f62a0-6852-48f2-88d9-841f60f42715
2021-06-14 20:26:13,821 INFO     test_ai_mod.labeler.v1.crawls -- resolved to: /Users/bot/test_ai/apps/b7133b3d-58f2-41fd-b1bf-448787c91ef3/builds/e72f62a0-6852-48f2-88d9-841f60f42715/crawls/20210614202549/elems/iter_00000_step_00000_5_span.png
2021-06-14 20:26:14,876 INFO     test_ai_mod.carbon_dao.local_carbon_dao -- Getting build info: APP_ID: b7133b3d-58f2-41fd-b1bf-448787c91ef3, BUILD_ID: e72f62a0-6852-48f2-88d9-841f60f42715
2021-06-14 20:26:14,878 INFO     test_ai_mod.labeler.v1.crawls -- labels_info:{u'screens': {}, u'elems': {u'iter_00000_step_00000_2_span.png': [u'span_join_online']}}
2021-06-14 20:26:14,879 INFO     test_ai_mod.carbon_dao.local_carbon_dao -- Getting build info: APP_ID: b7133b3d-58f2-41fd-b1bf-448787c91ef3, BUILD_ID: e72f62a0-6852-48f2-88d9-841f60f42715
2021-06-14 20:26:15,938 INFO     test_ai_mod.labeler.v1.crawls -- elem image requested, crawl: 20210614202549, filename: iter_00000_step_00000_11_a.png
2021-06-14 20:26:15,938 INFO     test_ai_mod.carbon_dao.local_carbon_dao -- Getting build info: APP_ID: b7133b3d-58f2-41fd-b1bf-448787c91ef3, BUILD_ID: e72f62a0-6852-48f2-88d9-841f60f42715
2021-06-14 20:26:15,939 INFO     test_ai_mod.labeler.v1.crawls -- resolved to: /Users/bot/test_ai/apps/b7133b3d-58f2-41fd-b1bf-448787c91ef3/builds/e72f62a0-6852-48f2-88d9-841f60f42715/crawls/20210614202549/elems/iter_00000_step_00000_11_a.png
2021-06-14 20:26:16,002 INFO     test_ai_mod.labeler.v1.crawls -- elem image requested, crawl: 20210614202549, filename: iter_00000_step_00000_29_div.png
2021-06-14 20:26:16,038 INFO     test_ai_mod.carbon_dao.local_carbon_dao -- Getting build info: APP_ID: b7133b3d-58f2-41fd-b1bf-448787c91ef3, BUILD_ID: e72f62a0-6852-48f2-88d9-841f60f42715
2021-06-14 20:26:16,039 INFO     test_ai_mod.labeler.v1.crawls -- resolved to: /Users/bot/test_ai/apps/b7133b3d-58f2-41fd-b1bf-448787c91ef3/builds/e72f62a0-6852-48f2-88d9-841f60f42715/crawls/20210614202549/elems/iter_00000_step_00000_29_div.png
2021-06-14 20:26:16,067 INFO     test_ai_mod.labeler.v1.crawls -- elem image requested, crawl: 20210614202549, filename: iter_00000_step_00000_25_span.png
2021-06-14 20:26:16,067 INFO     test_ai_mod.carbon_dao.local_carbon_dao -- Getting build info: APP_ID: b7133b3d-58f2-41fd-b1bf-448787c91ef3, BUILD_ID: e72f62a0-6852-48f2-88d9-841f60f42715
2021-06-14 20:26:16,068 INFO     test_ai_mod.labeler.v1.crawls -- resolved to: /Users/bot/test_ai/apps/b7133b3d-58f2-41fd-b1bf-448787c91ef3/builds/e72f62a0-6852-48f2-88d9-841f60f42715/crawls/20210614202549/elems/iter_00000_step_00000_25_span.png
2021-06-14 20:26:16,130 INFO     test_ai_mod.labeler.v1.crawls -- elem image requested, crawl: 20210614202549, filename: iter_00000_step_00000_22_a.png
2021-06-14 20:26:16,130 INFO     test_ai_mod.carbon_dao.local_carbon_dao -- Getting build info: APP_ID: b7133b3d-58f2-41fd-b1bf-448787c91ef3, BUILD_ID: e72f62a0-6852-48f2-88d9-841f60f42715
2021-06-14 20:26:16,131 INFO     test_ai_mod.labeler.v1.crawls -- resolved to: /Users/bot/test_ai/apps/b7133b3d-58f2-41fd-b1bf-448787c91ef3/builds/e72f62a0-6852-48f2-88d9-841f60f42715/crawls/20210614202549/elems/iter_00000_step_00000_22_a.png
2021-06-14 20:26:16,213 INFO     test_ai_mod.labeler.v1.crawls -- elem image requested, crawl: 20210614202549, filename: iter_00000_step_00000_32_a.png
2021-06-14 20:26:16,213 INFO     test_ai_mod.carbon_dao.local_carbon_dao -- Getting build info: APP_ID: b7133b3d-58f2-41fd-b1bf-448787c91ef3, BUILD_ID: e72f62a0-6852-48f2-88d9-841f60f42715
2021-06-14 20:26:16,214 INFO     test_ai_mod.labeler.v1.crawls -- resolved to: /Users/bot/test_ai/apps/b7133b3d-58f2-41fd-b1bf-448787c91ef3/builds/e72f62a0-6852-48f2-88d9-841f60f42715/crawls/20210614202549/elems/iter_00000_step_00000_32_a.png
2021-06-14 20:26:16,324 INFO     test_ai_mod.labeler.v1.crawls -- elem image requested, crawl: 20210614202549, filename: iter_00000_step_00000_19_div.png
2021-06-14 20:26:16,324 INFO     test_ai_mod.carbon_dao.local_carbon_dao -- Getting build info: APP_ID: b7133b3d-58f2-41fd-b1bf-448787c91ef3, BUILD_ID: e72f62a0-6852-48f2-88d9-841f60f42715
2021-06-14 20:26:16,324 INFO     test_ai_mod.labeler.v1.crawls -- resolved to: /Users/bot/test_ai/apps/b7133b3d-58f2-41fd-b1bf-448787c91ef3/builds/e72f62a0-6852-48f2-88d9-841f60f42715/crawls/20210614202549/elems/iter_00000_step_00000_19_div.png
2021-06-14 20:26:16,433 INFO     test_ai_mod.carbon_dao.local_carbon_dao -- Getting build info: APP_ID: b7133b3d-58f2-41fd-b1bf-448787c91ef3, BUILD_ID: e72f62a0-6852-48f2-88d9-841f60f42715
2021-06-14 20:26:16,522 INFO     test_ai_mod.carbon_explore.interactive -- Interactive explore -- status -- start
2021-06-14 20:26:16,522 INFO     test_ai_mod.carbon_explore.interactive -- Interactive explore -- status -- end
2021-06-14 20:26:16,561 INFO     test_ai_mod.labeler.v1.crawls -- elem image requested, crawl: 20210614202549, filename: iter_00000_step_00000_3_a.png
2021-06-14 20:26:16,561 INFO     test_ai_mod.carbon_dao.local_carbon_dao -- Getting build info: APP_ID: b7133b3d-58f2-41fd-b1bf-448787c91ef3, BUILD_ID: e72f62a0-6852-48f2-88d9-841f60f42715
2021-06-14 20:26:16,562 INFO     test_ai_mod.labeler.v1.crawls -- resolved to: /Users/bot/test_ai/apps/b7133b3d-58f2-41fd-b1bf-448787c91ef3/builds/e72f62a0-6852-48f2-88d9-841f60f42715/crawls/20210614202549/elems/iter_00000_step_00000_3_a.png
2021-06-14 20:26:16,622 INFO     test_ai_mod.labeler.v1.crawls -- elem image requested, crawl: 20210614202549, filename: iter_00000_step_00000_6_span.png
2021-06-14 20:26:16,623 INFO     test_ai_mod.carbon_dao.local_carbon_dao -- Getting build info: APP_ID: b7133b3d-58f2-41fd-b1bf-448787c91ef3, BUILD_ID: e72f62a0-6852-48f2-88d9-841f60f42715
2021-06-14 20:26:16,624 INFO     test_ai_mod.labeler.v1.crawls -- resolved to: /Users/bot/test_ai/apps/b7133b3d-58f2-41fd-b1bf-448787c91ef3/builds/e72f62a0-6852-48f2-88d9-841f60f42715/crawls/20210614202549/elems/iter_00000_step_00000_6_span.png
2021-06-14 20:26:16,644 INFO     test_ai_mod.labeler.v1.crawls -- elem image requested, crawl: 20210614202549, filename: iter_00000_step_00000_12_div.png
2021-06-14 20:26:16,644 INFO     test_ai_mod.carbon_dao.local_carbon_dao -- Getting build info: APP_ID: b7133b3d-58f2-41fd-b1bf-448787c91ef3, BUILD_ID: e72f62a0-6852-48f2-88d9-841f60f42715
2021-06-14 20:26:16,645 INFO     test_ai_mod.labeler.v1.crawls -- resolved to: /Users/bot/test_ai/apps/b7133b3d-58f2-41fd-b1bf-448787c91ef3/builds/e72f62a0-6852-48f2-88d9-841f60f42715/crawls/20210614202549/elems/iter_00000_step_00000_12_div.png
2021-06-14 20:26:16,715 INFO     test_ai_mod.labeler.v1.crawls -- elem image requested, crawl: 20210614202549, filename: iter_00000_step_00000_0_span.png
2021-06-14 20:26:16,715 INFO     test_ai_mod.carbon_dao.local_carbon_dao -- Getting build info: APP_ID: b7133b3d-58f2-41fd-b1bf-448787c91ef3, BUILD_ID: e72f62a0-6852-48f2-88d9-841f60f42715
2021-06-14 20:26:16,716 INFO     test_ai_mod.labeler.v1.crawls -- resolved to: /Users/bot/test_ai/apps/b7133b3d-58f2-41fd-b1bf-448787c91ef3/builds/e72f62a0-6852-48f2-88d9-841f60f42715/crawls/20210614202549/elems/iter_00000_step_00000_0_span.png
2021-06-14 20:26:16,724 INFO     test_ai_mod.labeler.v1.crawls -- elem image requested, crawl: 20210614202549, filename: iter_00000_step_00000_33_a.png
2021-06-14 20:26:16,725 INFO     test_ai_mod.carbon_dao.local_carbon_dao -- Getting build info: APP_ID: b7133b3d-58f2-41fd-b1bf-448787c91ef3, BUILD_ID: e72f62a0-6852-48f2-88d9-841f60f42715
2021-06-14 20:26:16,725 INFO     test_ai_mod.labeler.v1.crawls -- resolved to: /Users/bot/test_ai/apps/b7133b3d-58f2-41fd-b1bf-448787c91ef3/builds/e72f62a0-6852-48f2-88d9-841f60f42715/crawls/20210614202549/elems/iter_00000_step_00000_33_a.png
2021-06-14 20:26:17,015 INFO     test_ai_mod.labeler.v1.crawls -- elem image requested, crawl: 20210614202549, filename: iter_00000_step_00000_44_span.png
2021-06-14 20:26:17,015 INFO     test_ai_mod.carbon_dao.local_carbon_dao -- Getting build info: APP_ID: b7133b3d-58f2-41fd-b1bf-448787c91ef3, BUILD_ID: e72f62a0-6852-48f2-88d9-841f60f42715
2021-06-14 20:26:17,016 INFO     test_ai_mod.labeler.v1.crawls -- resolved to: /Users/bot/test_ai/apps/b7133b3d-58f2-41fd-b1bf-448787c91ef3/builds/e72f62a0-6852-48f2-88d9-841f60f42715/crawls/20210614202549/elems/iter_00000_step_00000_44_span.png
2021-06-14 20:26:17,022 INFO     test_ai_mod.labeler.v1.crawls -- elem image requested, crawl: 20210614202549, filename: iter_00000_step_00000_36_button.png
2021-06-14 20:26:17,023 INFO     test_ai_mod.carbon_dao.local_carbon_dao -- Getting build info: APP_ID: b7133b3d-58f2-41fd-b1bf-448787c91ef3, BUILD_ID: e72f62a0-6852-48f2-88d9-841f60f42715
2021-06-14 20:26:17,023 INFO     test_ai_mod.labeler.v1.crawls -- resolved to: /Users/bot/test_ai/apps/b7133b3d-58f2-41fd-b1bf-448787c91ef3/builds/e72f62a0-6852-48f2-88d9-841f60f42715/crawls/20210614202549/elems/iter_00000_step_00000_36_button.png
2021-06-14 20:26:17,057 INFO     test_ai_mod.labeler.v1.crawls -- elem image requested, crawl: 20210614202549, filename: iter_00000_step_00000_49_a.png
2021-06-14 20:26:17,057 INFO     test_ai_mod.carbon_dao.local_carbon_dao -- Getting build info: APP_ID: b7133b3d-58f2-41fd-b1bf-448787c91ef3, BUILD_ID: e72f62a0-6852-48f2-88d9-841f60f42715
2021-06-14 20:26:17,057 INFO     test_ai_mod.labeler.v1.crawls -- resolved to: /Users/bot/test_ai/apps/b7133b3d-58f2-41fd-b1bf-448787c91ef3/builds/e72f62a0-6852-48f2-88d9-841f60f42715/crawls/20210614202549/elems/iter_00000_step_00000_49_a.png
2021-06-14 20:26:17,092 INFO     test_ai_mod.labeler.v1.crawls -- elem image requested, crawl: 20210614202549, filename: iter_00000_step_00000_20_img.png
2021-06-14 20:26:17,093 INFO     test_ai_mod.carbon_dao.local_carbon_dao -- Getting build info: APP_ID: b7133b3d-58f2-41fd-b1bf-448787c91ef3, BUILD_ID: e72f62a0-6852-48f2-88d9-841f60f42715
2021-06-14 20:26:17,094 INFO     test_ai_mod.labeler.v1.crawls -- resolved to: /Users/bot/test_ai/apps/b7133b3d-58f2-41fd-b1bf-448787c91ef3/builds/e72f62a0-6852-48f2-88d9-841f60f42715/crawls/20210614202549/elems/iter_00000_step_00000_20_img.png
2021-06-14 20:26:17,131 INFO     test_ai_mod.labeler.v1.crawls -- elem image requested, crawl: 20210614202549, filename: iter_00000_step_00000_24_span.png
2021-06-14 20:26:17,132 INFO     test_ai_mod.carbon_dao.local_carbon_dao -- Getting build info: APP_ID: b7133b3d-58f2-41fd-b1bf-448787c91ef3, BUILD_ID: e72f62a0-6852-48f2-88d9-841f60f42715
2021-06-14 20:26:17,133 INFO     test_ai_mod.labeler.v1.crawls -- resolved to: /Users/bot/test_ai/apps/b7133b3d-58f2-41fd-b1bf-448787c91ef3/builds/e72f62a0-6852-48f2-88d9-841f60f42715/crawls/20210614202549/elems/iter_00000_step_00000_24_span.png
2021-06-14 20:26:17,220 INFO     test_ai_mod.labeler.v1.crawls -- elem image requested, crawl: 20210614202549, filename: iter_00000_step_00000_41_a.png
2021-06-14 20:26:17,221 INFO     test_ai_mod.carbon_dao.local_carbon_dao -- Getting build info: APP_ID: b7133b3d-58f2-41fd-b1bf-448787c91ef3, BUILD_ID: e72f62a0-6852-48f2-88d9-841f60f42715
2021-06-14 20:26:17,221 INFO     test_ai_mod.labeler.v1.crawls -- resolved to: /Users/bot/test_ai/apps/b7133b3d-58f2-41fd-b1bf-448787c91ef3/builds/e72f62a0-6852-48f2-88d9-841f60f42715/crawls/20210614202549/elems/iter_00000_step_00000_41_a.png
2021-06-14 20:26:17,314 INFO     test_ai_mod.labeler.v1.crawls -- elem image requested, crawl: 20210614202549, filename: iter_00000_step_00000_31_div.png
2021-06-14 20:26:17,315 INFO     test_ai_mod.carbon_dao.local_carbon_dao -- Getting build info: APP_ID: b7133b3d-58f2-41fd-b1bf-448787c91ef3, BUILD_ID: e72f62a0-6852-48f2-88d9-841f60f42715
2021-06-14 20:26:17,315 INFO     test_ai_mod.labeler.v1.crawls -- resolved to: /Users/bot/test_ai/apps/b7133b3d-58f2-41fd-b1bf-448787c91ef3/builds/e72f62a0-6852-48f2-88d9-841f60f42715/crawls/20210614202549/elems/iter_00000_step_00000_31_div.png
2021-06-14 20:26:17,323 INFO     test_ai_mod.labeler.v1.crawls -- elem image requested, crawl: 20210614202549, filename: iter_00000_step_00000_40_div.png
2021-06-14 20:26:17,324 INFO     test_ai_mod.carbon_dao.local_carbon_dao -- Getting build info: APP_ID: b7133b3d-58f2-41fd-b1bf-448787c91ef3, BUILD_ID: e72f62a0-6852-48f2-88d9-841f60f42715
2021-06-14 20:26:17,324 INFO     test_ai_mod.labeler.v1.crawls -- resolved to: /Users/bot/test_ai/apps/b7133b3d-58f2-41fd-b1bf-448787c91ef3/builds/e72f62a0-6852-48f2-88d9-841f60f42715/crawls/20210614202549/elems/iter_00000_step_00000_40_div.png
2021-06-14 20:26:17,410 INFO     test_ai_mod.labeler.v1.crawls -- elem image requested, crawl: 20210614202549, filename: iter_00000_step_00000_18_div.png
2021-06-14 20:26:17,411 INFO     test_ai_mod.labeler.v1.crawls -- elem image requested, crawl: 20210614202549, filename: iter_00000_step_00000_17_span.png
2021-06-14 20:26:17,412 INFO     test_ai_mod.carbon_dao.local_carbon_dao -- Getting build info: APP_ID: b7133b3d-58f2-41fd-b1bf-448787c91ef3, BUILD_ID: e72f62a0-6852-48f2-88d9-841f60f42715
2021-06-14 20:26:17,412 INFO     test_ai_mod.carbon_dao.local_carbon_dao -- Getting build info: APP_ID: b7133b3d-58f2-41fd-b1bf-448787c91ef3, BUILD_ID: e72f62a0-6852-48f2-88d9-841f60f42715
2021-06-14 20:26:17,413 INFO     test_ai_mod.labeler.v1.crawls -- resolved to: /Users/bot/test_ai/apps/b7133b3d-58f2-41fd-b1bf-448787c91ef3/builds/e72f62a0-6852-48f2-88d9-841f60f42715/crawls/20210614202549/elems/iter_00000_step_00000_17_span.png
2021-06-14 20:26:17,413 INFO     test_ai_mod.labeler.v1.crawls -- resolved to: /Users/bot/test_ai/apps/b7133b3d-58f2-41fd-b1bf-448787c91ef3/builds/e72f62a0-6852-48f2-88d9-841f60f42715/crawls/20210614202549/elems/iter_00000_step_00000_18_div.png
2021-06-14 20:26:20,254 INFO     test_ai_mod.carbon_dao.local_carbon_dao -- Getting build info: APP_ID: b7133b3d-58f2-41fd-b1bf-448787c91ef3, BUILD_ID: e72f62a0-6852-48f2-88d9-841f60f42715
2021-06-14 20:26:20,255 INFO     test_ai_mod.labeler.v1.crawls -- labels_info:{u'screens': {}, u'elems': {u'iter_00000_step_00000_2_span.png': [u'span_join_online'], u'iter_00000_step_00000_26_span.png': [u'btn_clubs']}}
2021-06-14 20:26:20,256 INFO     test_ai_mod.carbon_dao.local_carbon_dao -- Getting build info: APP_ID: b7133b3d-58f2-41fd-b1bf-448787c91ef3, BUILD_ID: e72f62a0-6852-48f2-88d9-841f60f42715
2021-06-14 20:26:20,454 INFO     test_ai_mod.carbon_dao.local_carbon_dao -- Getting build info: APP_ID: b7133b3d-58f2-41fd-b1bf-448787c91ef3, BUILD_ID: e72f62a0-6852-48f2-88d9-841f60f42715
2021-06-14 20:26:21,115 INFO     test_ai_mod.carbon_explore.interactive -- Interactive explore -- status -- start
2021-06-14 20:26:21,115 INFO     test_ai_mod.carbon_explore.interactive -- Interactive explore -- status -- end
2021-06-14 20:26:26,047 INFO     test_ai_mod.carbon_explore.interactive -- Interactive explore -- status -- start
2021-06-14 20:26:26,048 INFO     test_ai_mod.carbon_explore.interactive -- Interactive explore -- status -- end
2021-06-14 20:26:26,052 INFO     test_ai_mod.carbon_explore.interactive -- Interactive explore -- status -- start
2021-06-14 20:26:26,052 INFO     test_ai_mod.carbon_explore.interactive -- Interactive explore -- status -- end
2021-06-14 20:26:26,053 INFO     root -- Stopping interactive crawl.
2021-06-14 20:26:26,056 INFO     test_ai_mod.carbon_explore.interactive -- Interactive explore -- stop -- start
2021-06-14 20:26:26,056 INFO     test_ai_mod.carbon_explore.interactive -- Interactive explore -- stop -- stop
2021-06-14 20:26:26,320 INFO     test_ai_mod.carbon_explore.explore_hook -- Explore hook -- apply_deferred_runtime_labels starting.
2021-06-14 20:26:26,321 INFO     test_ai_mod.carbon_explore.explore_hook -- Explore hook -- apply_deferred_runtime_labels completed.
2021-06-14 20:26:26,321 INFO     test_ai_mod.carbon_explore.interactive -- Interactive explore -- start_interactive_loop completed.
2021-06-14 20:26:26,322 INFO     test_ai_mod.carbon_explore.explore -- performing post-walk cleanup
2021-06-14 20:26:26,322 INFO     test_ai_mod.carbon_utils.simulator_tools -- performing post-test cleanup
2021-06-14 20:26:26,322 INFO     test_ai_mod.carbon_utils.simulator_tools -- calling driver.quit
2021-06-14 20:26:26,429 INFO     test_ai_mod.carbon_explore.explore -- iteration completed: 0
2021-06-14 20:26:26,429 INFO     test_ai_mod.carbon_tasks.crawl_build_task -- walk: 1 - succeeded
2021-06-14 20:26:26,429 INFO     test_ai_mod.carbon_tasks.crawl_build_task -- Handling crawl stop request.
2021-06-14 20:26:26,430 INFO     test_ai_mod.carbon_dao.local_carbon_dao -- Getting build info: APP_ID: b7133b3d-58f2-41fd-b1bf-448787c91ef3, BUILD_ID: e72f62a0-6852-48f2-88d9-841f60f42715
2021-06-14 20:26:26,433 INFO     test_ai_mod.carbon_dao.local_carbon_dao -- Getting build info: APP_ID: b7133b3d-58f2-41fd-b1bf-448787c91ef3, BUILD_ID: e72f62a0-6852-48f2-88d9-841f60f42715
2021-06-14 20:26:26,435 INFO     test_ai_mod.carbon_dao.local_carbon_dao -- Getting build info: APP_ID: b7133b3d-58f2-41fd-b1bf-448787c91ef3, BUILD_ID: e72f62a0-6852-48f2-88d9-841f60f42715
2021-06-14 20:26:26,436 INFO     test_ai_mod.carbon_dao.local_carbon_dao -- Getting build info: APP_ID: b7133b3d-58f2-41fd-b1bf-448787c91ef3, BUILD_ID: e72f62a0-6852-48f2-88d9-841f60f42715
2021-06-14 20:26:26,436 INFO     test_ai_mod.carbon_dao.local_carbon_dao -- Getting build info: APP_ID: b7133b3d-58f2-41fd-b1bf-448787c91ef3, BUILD_ID: e72f62a0-6852-48f2-88d9-841f60f42715
2021-06-14 20:26:26,437 INFO     test_ai_mod.carbon_dao.local_carbon_dao -- Getting build info: APP_ID: b7133b3d-58f2-41fd-b1bf-448787c91ef3, BUILD_ID: e72f62a0-6852-48f2-88d9-841f60f42715
2021-06-14 20:26:26,437 INFO     test_ai_mod.carbon_dao.local_carbon_dao -- Getting build info: APP_ID: b7133b3d-58f2-41fd-b1bf-448787c91ef3, BUILD_ID: e72f62a0-6852-48f2-88d9-841f60f42715
2021-06-14 20:26:26,438 INFO     test_ai_mod.carbon_dao.local_carbon_dao -- Getting build info: APP_ID: b7133b3d-58f2-41fd-b1bf-448787c91ef3, BUILD_ID: e72f62a0-6852-48f2-88d9-841f60f42715
2021-06-14 20:26:26,439 INFO     test_ai_mod.carbon_dao.local_carbon_dao -- Getting build info: APP_ID: b7133b3d-58f2-41fd-b1bf-448787c91ef3, BUILD_ID: e72f62a0-6852-48f2-88d9-841f60f42715
2021-06-14 20:26:26,439 INFO     test_ai_mod.carbon_dao.local_carbon_dao -- Getting build info: APP_ID: b7133b3d-58f2-41fd-b1bf-448787c91ef3, BUILD_ID: e72f62a0-6852-48f2-88d9-841f60f42715
2021-06-14 20:26:26,440 INFO     test_ai_mod.carbon_tasks.version_control_tasks -- processing screens and elements (crawl: 20210607151517)
2021-06-14 20:26:26,440 INFO     test_ai_mod.carbon_tasks.process_crawl_task -- processing crawl: 20210607151517 (app: b7133b3d-58f2-41fd-b1bf-448787c91ef3, build: e72f62a0-6852-48f2-88d9-841f60f42715)
2021-06-14 20:26:26,440 INFO     test_ai_mod.carbon_tasks.process_crawl_task -- processing screens for crawl
2021-06-14 20:26:26,446 INFO     test_ai_mod.carbon_tasks.process_crawl_task -- writing unique screens file
2021-06-14 20:26:26,447 INFO     test_ai_mod.carbon_tasks.process_crawl_task -- writing screen hash map
2021-06-14 20:26:26,447 INFO     test_ai_mod.carbon_tasks.process_crawl_task -- writing screen similarity file
2021-06-14 20:26:26,448 INFO     test_ai_mod.carbon_tasks.process_crawl_task -- processing elements for crawl
2021-06-14 20:26:26,454 INFO     test_ai_mod.carbon_tasks.process_crawl_task -- Writing unique tags file.
2021-06-14 20:26:26,455 INFO     test_ai_mod.carbon_tasks.process_crawl_task -- writing unique elems file
2021-06-14 20:26:26,456 INFO     test_ai_mod.carbon_tasks.process_crawl_task -- writing elem hash map
2021-06-14 20:26:26,456 INFO     test_ai_mod.carbon_tasks.process_crawl_task -- writing elem similarity file
2021-06-14 20:26:26,457 INFO     test_ai_mod.carbon_tasks.process_crawl_task -- generating and saving feature data for crawl
2021-06-14 20:26:26,457 INFO     test_ai_mod.carbon_tasks.generate_feature_data_task -- generating feature data for crawl: 20210607151517, app_id: b7133b3d-58f2-41fd-b1bf-448787c91ef3, build_id: e72f62a0-6852-48f2-88d9-841f60f42715
2021-06-14 20:26:26,457 INFO     test_ai_mod.carbon_tasks.generate_feature_data_task -- generating screen feature data
2021-06-14 20:26:26,462 INFO     test_ai_mod.carbon_tasks.generate_feature_data_task -- saving screen feature data
2021-06-14 20:26:26,463 INFO     test_ai_mod.carbon_tasks.process_crawl_task -- generating labeler objects file for crawl (v0)
2021-06-14 20:26:26,463 ERROR    test_ai_mod.carbon_tasks.labeler_objects_task -- no screen uniques data found
2021-06-14 20:26:26,463 ERROR    test_ai_mod.carbon_tasks.labeler_objects_task -- no elem uniques data found
2021-06-14 20:26:26,463 INFO     test_ai_mod.carbon_tasks.process_crawl_task -- reconciling screens labeled at runtime
2021-06-14 20:26:26,463 INFO     test_ai_mod.carbon_tasks.process_crawl_task -- reconciling elements labeled at runtime
2021-06-14 20:26:26,464 INFO     test_ai_mod.carbon_tasks.version_control_tasks -- processing screens and elements (crawl: 20210607155217)
2021-06-14 20:26:26,464 INFO     test_ai_mod.carbon_tasks.process_crawl_task -- processing crawl: 20210607155217 (app: b7133b3d-58f2-41fd-b1bf-448787c91ef3, build: e72f62a0-6852-48f2-88d9-841f60f42715)
2021-06-14 20:26:26,464 INFO     test_ai_mod.carbon_tasks.process_crawl_task -- processing screens for crawl
2021-06-14 20:26:26,469 INFO     test_ai_mod.carbon_tasks.process_crawl_task -- writing unique screens file
2021-06-14 20:26:26,470 INFO     test_ai_mod.carbon_tasks.process_crawl_task -- writing screen hash map
2021-06-14 20:26:26,470 INFO     test_ai_mod.carbon_tasks.process_crawl_task -- writing screen similarity file
2021-06-14 20:26:26,470 INFO     test_ai_mod.carbon_tasks.process_crawl_task -- processing elements for crawl
2021-06-14 20:26:26,479 INFO     test_ai_mod.carbon_tasks.process_crawl_task -- Writing unique tags file.
2021-06-14 20:26:26,480 INFO     test_ai_mod.carbon_tasks.process_crawl_task -- writing unique elems file
2021-06-14 20:26:26,480 INFO     test_ai_mod.carbon_tasks.process_crawl_task -- writing elem hash map
2021-06-14 20:26:26,481 INFO     test_ai_mod.carbon_tasks.process_crawl_task -- writing elem similarity file
2021-06-14 20:26:26,482 INFO     test_ai_mod.carbon_tasks.process_crawl_task -- generating and saving feature data for crawl
2021-06-14 20:26:26,482 INFO     test_ai_mod.carbon_tasks.generate_feature_data_task -- generating feature data for crawl: 20210607155217, app_id: b7133b3d-58f2-41fd-b1bf-448787c91ef3, build_id: e72f62a0-6852-48f2-88d9-841f60f42715
2021-06-14 20:26:26,482 INFO     test_ai_mod.carbon_tasks.generate_feature_data_task -- generating screen feature data
2021-06-14 20:26:26,486 INFO     test_ai_mod.carbon_tasks.generate_feature_data_task -- saving screen feature data
2021-06-14 20:26:26,487 INFO     test_ai_mod.carbon_tasks.process_crawl_task -- generating labeler objects file for crawl (v0)
2021-06-14 20:26:26,487 ERROR    test_ai_mod.carbon_tasks.labeler_objects_task -- no screen uniques data found
2021-06-14 20:26:26,487 ERROR    test_ai_mod.carbon_tasks.labeler_objects_task -- no elem uniques data found
2021-06-14 20:26:26,488 INFO     test_ai_mod.carbon_tasks.process_crawl_task -- reconciling screens labeled at runtime
2021-06-14 20:26:26,488 INFO     test_ai_mod.carbon_tasks.process_crawl_task -- reconciling elements labeled at runtime
2021-06-14 20:26:26,488 INFO     test_ai_mod.carbon_tasks.version_control_tasks -- processing screens and elements (crawl: 20210607150653)
2021-06-14 20:26:26,489 INFO     test_ai_mod.carbon_tasks.process_crawl_task -- processing crawl: 20210607150653 (app: b7133b3d-58f2-41fd-b1bf-448787c91ef3, build: e72f62a0-6852-48f2-88d9-841f60f42715)
2021-06-14 20:26:26,489 INFO     test_ai_mod.carbon_tasks.process_crawl_task -- processing screens for crawl
2021-06-14 20:26:26,495 INFO     test_ai_mod.carbon_tasks.process_crawl_task -- writing unique screens file
2021-06-14 20:26:26,496 INFO     test_ai_mod.carbon_tasks.process_crawl_task -- writing screen hash map
2021-06-14 20:26:26,496 INFO     test_ai_mod.carbon_tasks.process_crawl_task -- writing screen similarity file
2021-06-14 20:26:26,497 INFO     test_ai_mod.carbon_tasks.process_crawl_task -- processing elements for crawl
2021-06-14 20:26:26,504 INFO     test_ai_mod.carbon_tasks.process_crawl_task -- Writing unique tags file.
2021-06-14 20:26:26,505 INFO     test_ai_mod.carbon_tasks.process_crawl_task -- writing unique elems file
2021-06-14 20:26:26,505 INFO     test_ai_mod.carbon_tasks.process_crawl_task -- writing elem hash map
2021-06-14 20:26:26,506 INFO     test_ai_mod.carbon_tasks.process_crawl_task -- writing elem similarity file
2021-06-14 20:26:26,507 INFO     test_ai_mod.carbon_tasks.process_crawl_task -- generating and saving feature data for crawl
2021-06-14 20:26:26,507 INFO     test_ai_mod.carbon_tasks.generate_feature_data_task -- generating feature data for crawl: 20210607150653, app_id: b7133b3d-58f2-41fd-b1bf-448787c91ef3, build_id: e72f62a0-6852-48f2-88d9-841f60f42715
2021-06-14 20:26:26,507 INFO     test_ai_mod.carbon_tasks.generate_feature_data_task -- generating screen feature data
2021-06-14 20:26:26,512 INFO     test_ai_mod.carbon_tasks.generate_feature_data_task -- saving screen feature data
2021-06-14 20:26:26,513 INFO     test_ai_mod.carbon_tasks.process_crawl_task -- generating labeler objects file for crawl (v0)
2021-06-14 20:26:26,514 ERROR    test_ai_mod.carbon_tasks.labeler_objects_task -- no screen uniques data found
2021-06-14 20:26:26,514 ERROR    test_ai_mod.carbon_tasks.labeler_objects_task -- no elem uniques data found
2021-06-14 20:26:26,514 INFO     test_ai_mod.carbon_tasks.process_crawl_task -- reconciling screens labeled at runtime
2021-06-14 20:26:26,514 INFO     test_ai_mod.carbon_tasks.process_crawl_task -- reconciling elements labeled at runtime
2021-06-14 20:26:26,515 INFO     test_ai_mod.carbon_tasks.version_control_tasks -- processing screens and elements (crawl: 20210607153116)
2021-06-14 20:26:26,515 INFO     test_ai_mod.carbon_tasks.process_crawl_task -- processing crawl: 20210607153116 (app: b7133b3d-58f2-41fd-b1bf-448787c91ef3, build: e72f62a0-6852-48f2-88d9-841f60f42715)
2021-06-14 20:26:26,515 INFO     test_ai_mod.carbon_tasks.process_crawl_task -- processing screens for crawl
2021-06-14 20:26:26,520 INFO     test_ai_mod.carbon_tasks.process_crawl_task -- writing unique screens file
2021-06-14 20:26:26,521 INFO     test_ai_mod.carbon_tasks.process_crawl_task -- writing screen hash map
2021-06-14 20:26:26,522 INFO     test_ai_mod.carbon_tasks.process_crawl_task -- writing screen similarity file
2021-06-14 20:26:26,522 INFO     test_ai_mod.carbon_tasks.process_crawl_task -- processing elements for crawl
2021-06-14 20:26:26,529 INFO     test_ai_mod.carbon_tasks.process_crawl_task -- Writing unique tags file.
2021-06-14 20:26:26,530 INFO     test_ai_mod.carbon_tasks.process_crawl_task -- writing unique elems file
2021-06-14 20:26:26,531 INFO     test_ai_mod.carbon_tasks.process_crawl_task -- writing elem hash map
2021-06-14 20:26:26,532 INFO     test_ai_mod.carbon_tasks.process_crawl_task -- writing elem similarity file
2021-06-14 20:26:26,532 INFO     test_ai_mod.carbon_tasks.process_crawl_task -- generating and saving feature data for crawl
2021-06-14 20:26:26,532 INFO     test_ai_mod.carbon_tasks.generate_feature_data_task -- generating feature data for crawl: 20210607153116, app_id: b7133b3d-58f2-41fd-b1bf-448787c91ef3, build_id: e72f62a0-6852-48f2-88d9-841f60f42715
2021-06-14 20:26:26,533 INFO     test_ai_mod.carbon_tasks.generate_feature_data_task -- generating screen feature data
2021-06-14 20:26:26,536 INFO     test_ai_mod.carbon_tasks.generate_feature_data_task -- saving screen feature data
2021-06-14 20:26:26,537 INFO     test_ai_mod.carbon_tasks.process_crawl_task -- generating labeler objects file for crawl (v0)
2021-06-14 20:26:26,537 ERROR    test_ai_mod.carbon_tasks.labeler_objects_task -- no screen uniques data found
2021-06-14 20:26:26,537 ERROR    test_ai_mod.carbon_tasks.labeler_objects_task -- no elem uniques data found
2021-06-14 20:26:26,537 INFO     test_ai_mod.carbon_tasks.process_crawl_task -- reconciling screens labeled at runtime
2021-06-14 20:26:26,537 INFO     test_ai_mod.carbon_tasks.process_crawl_task -- reconciling elements labeled at runtime
2021-06-14 20:26:26,538 INFO     test_ai_mod.carbon_tasks.version_control_tasks -- processing screens and elements (crawl: 20210607160847)
2021-06-14 20:26:26,538 INFO     test_ai_mod.carbon_tasks.process_crawl_task -- processing crawl: 20210607160847 (app: b7133b3d-58f2-41fd-b1bf-448787c91ef3, build: e72f62a0-6852-48f2-88d9-841f60f42715)
2021-06-14 20:26:26,538 INFO     test_ai_mod.carbon_tasks.process_crawl_task -- processing screens for crawl
2021-06-14 20:26:26,544 INFO     test_ai_mod.carbon_tasks.process_crawl_task -- writing unique screens file
2021-06-14 20:26:26,545 INFO     test_ai_mod.carbon_tasks.process_crawl_task -- writing screen hash map
2021-06-14 20:26:26,546 INFO     test_ai_mod.carbon_tasks.process_crawl_task -- writing screen similarity file
2021-06-14 20:26:26,546 INFO     test_ai_mod.carbon_tasks.process_crawl_task -- processing elements for crawl
2021-06-14 20:26:26,553 INFO     test_ai_mod.carbon_tasks.process_crawl_task -- Writing unique tags file.
2021-06-14 20:26:26,554 INFO     test_ai_mod.carbon_tasks.process_crawl_task -- writing unique elems file
2021-06-14 20:26:26,555 INFO     test_ai_mod.carbon_tasks.process_crawl_task -- writing elem hash map
2021-06-14 20:26:26,555 INFO     test_ai_mod.carbon_tasks.process_crawl_task -- writing elem similarity file
2021-06-14 20:26:26,556 INFO     test_ai_mod.carbon_tasks.process_crawl_task -- generating and saving feature data for crawl
2021-06-14 20:26:26,556 INFO     test_ai_mod.carbon_tasks.generate_feature_data_task -- generating feature data for crawl: 20210607160847, app_id: b7133b3d-58f2-41fd-b1bf-448787c91ef3, build_id: e72f62a0-6852-48f2-88d9-841f60f42715
2021-06-14 20:26:26,556 INFO     test_ai_mod.carbon_tasks.generate_feature_data_task -- generating screen feature data
2021-06-14 20:26:26,562 INFO     test_ai_mod.carbon_tasks.generate_feature_data_task -- saving screen feature data
2021-06-14 20:26:26,563 INFO     test_ai_mod.carbon_tasks.process_crawl_task -- generating labeler objects file for crawl (v0)
2021-06-14 20:26:26,564 ERROR    test_ai_mod.carbon_tasks.labeler_objects_task -- no screen uniques data found
2021-06-14 20:26:26,564 ERROR    test_ai_mod.carbon_tasks.labeler_objects_task -- no elem uniques data found
2021-06-14 20:26:26,564 INFO     test_ai_mod.carbon_tasks.process_crawl_task -- reconciling screens labeled at runtime
2021-06-14 20:26:26,564 INFO     test_ai_mod.carbon_tasks.process_crawl_task -- reconciling elements labeled at runtime
2021-06-14 20:26:26,565 INFO     test_ai_mod.carbon_tasks.version_control_tasks -- processing screens and elements (crawl: 20210614200939)
2021-06-14 20:26:26,565 INFO     test_ai_mod.carbon_tasks.process_crawl_task -- processing crawl: 20210614200939 (app: b7133b3d-58f2-41fd-b1bf-448787c91ef3, build: e72f62a0-6852-48f2-88d9-841f60f42715)
2021-06-14 20:26:26,565 INFO     test_ai_mod.carbon_tasks.process_crawl_task -- processing screens for crawl
2021-06-14 20:26:26,570 INFO     test_ai_mod.carbon_tasks.process_crawl_task -- writing unique screens file
2021-06-14 20:26:26,571 INFO     test_ai_mod.carbon_tasks.process_crawl_task -- writing screen hash map
2021-06-14 20:26:26,572 INFO     test_ai_mod.carbon_tasks.process_crawl_task -- writing screen similarity file
2021-06-14 20:26:26,572 INFO     test_ai_mod.carbon_tasks.process_crawl_task -- processing elements for crawl
2021-06-14 20:26:26,580 INFO     test_ai_mod.carbon_tasks.process_crawl_task -- Writing unique tags file.
2021-06-14 20:26:26,581 INFO     test_ai_mod.carbon_tasks.process_crawl_task -- writing unique elems file
2021-06-14 20:26:26,581 INFO     test_ai_mod.carbon_tasks.process_crawl_task -- writing elem hash map
2021-06-14 20:26:26,582 INFO     test_ai_mod.carbon_tasks.process_crawl_task -- writing elem similarity file
2021-06-14 20:26:26,583 INFO     test_ai_mod.carbon_tasks.process_crawl_task -- generating and saving feature data for crawl
2021-06-14 20:26:26,583 INFO     test_ai_mod.carbon_tasks.generate_feature_data_task -- generating feature data for crawl: 20210614200939, app_id: b7133b3d-58f2-41fd-b1bf-448787c91ef3, build_id: e72f62a0-6852-48f2-88d9-841f60f42715
2021-06-14 20:26:26,583 INFO     test_ai_mod.carbon_tasks.generate_feature_data_task -- generating screen feature data
2021-06-14 20:26:26,587 INFO     test_ai_mod.carbon_tasks.generate_feature_data_task -- saving screen feature data
2021-06-14 20:26:26,587 INFO     test_ai_mod.carbon_tasks.process_crawl_task -- generating labeler objects file for crawl (v0)
2021-06-14 20:26:26,588 ERROR    test_ai_mod.carbon_tasks.labeler_objects_task -- no screen uniques data found
2021-06-14 20:26:26,588 ERROR    test_ai_mod.carbon_tasks.labeler_objects_task -- no elem uniques data found
2021-06-14 20:26:26,588 INFO     test_ai_mod.carbon_tasks.process_crawl_task -- reconciling screens labeled at runtime
2021-06-14 20:26:26,588 INFO     test_ai_mod.carbon_tasks.process_crawl_task -- reconciling elements labeled at runtime
2021-06-14 20:26:26,589 INFO     test_ai_mod.carbon_tasks.version_control_tasks -- processing screens and elements (crawl: 20210614201730)
2021-06-14 20:26:26,589 INFO     test_ai_mod.carbon_tasks.process_crawl_task -- processing crawl: 20210614201730 (app: b7133b3d-58f2-41fd-b1bf-448787c91ef3, build: e72f62a0-6852-48f2-88d9-841f60f42715)
2021-06-14 20:26:26,589 INFO     test_ai_mod.carbon_tasks.process_crawl_task -- processing screens for crawl
2021-06-14 20:26:26,595 INFO     test_ai_mod.carbon_tasks.process_crawl_task -- writing unique screens file
2021-06-14 20:26:26,595 INFO     test_ai_mod.carbon_tasks.process_crawl_task -- writing screen hash map
2021-06-14 20:26:26,596 INFO     test_ai_mod.carbon_tasks.process_crawl_task -- writing screen similarity file
2021-06-14 20:26:26,597 INFO     test_ai_mod.carbon_tasks.process_crawl_task -- processing elements for crawl
2021-06-14 20:26:26,605 INFO     test_ai_mod.carbon_tasks.process_crawl_task -- Writing unique tags file.
2021-06-14 20:26:26,605 INFO     test_ai_mod.carbon_tasks.process_crawl_task -- writing unique elems file
2021-06-14 20:26:26,606 INFO     test_ai_mod.carbon_tasks.process_crawl_task -- writing elem hash map
2021-06-14 20:26:26,607 INFO     test_ai_mod.carbon_tasks.process_crawl_task -- writing elem similarity file
2021-06-14 20:26:26,610 INFO     test_ai_mod.carbon_tasks.process_crawl_task -- generating and saving feature data for crawl
2021-06-14 20:26:26,610 INFO     test_ai_mod.carbon_tasks.generate_feature_data_task -- generating feature data for crawl: 20210614201730, app_id: b7133b3d-58f2-41fd-b1bf-448787c91ef3, build_id: e72f62a0-6852-48f2-88d9-841f60f42715
2021-06-14 20:26:26,610 INFO     test_ai_mod.carbon_tasks.generate_feature_data_task -- generating screen feature data
2021-06-14 20:26:26,613 INFO     test_ai_mod.carbon_tasks.generate_feature_data_task -- saving screen feature data
2021-06-14 20:26:26,614 INFO     test_ai_mod.carbon_tasks.process_crawl_task -- generating labeler objects file for crawl (v0)
2021-06-14 20:26:26,614 ERROR    test_ai_mod.carbon_tasks.labeler_objects_task -- no screen uniques data found
2021-06-14 20:26:26,615 ERROR    test_ai_mod.carbon_tasks.labeler_objects_task -- no elem uniques data found
2021-06-14 20:26:26,615 INFO     test_ai_mod.carbon_tasks.process_crawl_task -- reconciling screens labeled at runtime
2021-06-14 20:26:26,615 INFO     test_ai_mod.carbon_tasks.process_crawl_task -- reconciling elements labeled at runtime
2021-06-14 20:26:26,615 INFO     test_ai_mod.carbon_tasks.version_control_tasks -- processing screens and elements (crawl: 20210614202056)
2021-06-14 20:26:26,615 INFO     test_ai_mod.carbon_tasks.process_crawl_task -- processing crawl: 20210614202056 (app: b7133b3d-58f2-41fd-b1bf-448787c91ef3, build: e72f62a0-6852-48f2-88d9-841f60f42715)
2021-06-14 20:26:26,615 INFO     test_ai_mod.carbon_tasks.process_crawl_task -- processing screens for crawl
2021-06-14 20:26:26,621 INFO     test_ai_mod.carbon_tasks.process_crawl_task -- writing unique screens file
2021-06-14 20:26:26,621 INFO     test_ai_mod.carbon_tasks.process_crawl_task -- writing screen hash map
2021-06-14 20:26:26,622 INFO     test_ai_mod.carbon_tasks.process_crawl_task -- writing screen similarity file
2021-06-14 20:26:26,623 INFO     test_ai_mod.carbon_tasks.process_crawl_task -- processing elements for crawl
2021-06-14 20:26:26,630 INFO     test_ai_mod.carbon_tasks.process_crawl_task -- Writing unique tags file.
2021-06-14 20:26:26,631 INFO     test_ai_mod.carbon_tasks.process_crawl_task -- writing unique elems file
2021-06-14 20:26:26,631 INFO     test_ai_mod.carbon_tasks.process_crawl_task -- writing elem hash map
2021-06-14 20:26:26,632 INFO     test_ai_mod.carbon_tasks.process_crawl_task -- writing elem similarity file
2021-06-14 20:26:26,633 INFO     test_ai_mod.carbon_tasks.process_crawl_task -- generating and saving feature data for crawl
2021-06-14 20:26:26,633 INFO     test_ai_mod.carbon_tasks.generate_feature_data_task -- generating feature data for crawl: 20210614202056, app_id: b7133b3d-58f2-41fd-b1bf-448787c91ef3, build_id: e72f62a0-6852-48f2-88d9-841f60f42715
2021-06-14 20:26:26,633 INFO     test_ai_mod.carbon_tasks.generate_feature_data_task -- generating screen feature data
2021-06-14 20:26:26,637 INFO     test_ai_mod.carbon_tasks.generate_feature_data_task -- saving screen feature data
2021-06-14 20:26:26,638 INFO     test_ai_mod.carbon_tasks.process_crawl_task -- generating labeler objects file for crawl (v0)
2021-06-14 20:26:26,638 ERROR    test_ai_mod.carbon_tasks.labeler_objects_task -- no screen uniques data found
2021-06-14 20:26:26,638 ERROR    test_ai_mod.carbon_tasks.labeler_objects_task -- no elem uniques data found
2021-06-14 20:26:26,638 INFO     test_ai_mod.carbon_tasks.process_crawl_task -- reconciling screens labeled at runtime
2021-06-14 20:26:26,638 INFO     test_ai_mod.carbon_tasks.process_crawl_task -- reconciling elements labeled at runtime
2021-06-14 20:26:26,639 INFO     test_ai_mod.carbon_dao.local_carbon_dao -- Getting build info: APP_ID: b7133b3d-58f2-41fd-b1bf-448787c91ef3, BUILD_ID: e72f62a0-6852-48f2-88d9-841f60f42715
2021-06-14 20:26:26,640 INFO     test_ai_mod.carbon_tasks.process_crawl_task -- processing crawl: 20210614202549 (app: b7133b3d-58f2-41fd-b1bf-448787c91ef3, build: e72f62a0-6852-48f2-88d9-841f60f42715)
2021-06-14 20:26:26,640 INFO     test_ai_mod.carbon_tasks.process_crawl_task -- processing screens for crawl
2021-06-14 20:26:26,732 INFO     test_ai_mod.carbon_tasks.process_crawl_task -- writing unique screens file
2021-06-14 20:26:26,733 INFO     test_ai_mod.carbon_tasks.process_crawl_task -- writing screen hash map
2021-06-14 20:26:26,736 INFO     test_ai_mod.carbon_tasks.process_crawl_task -- writing screen similarity file
2021-06-14 20:26:26,737 INFO     test_ai_mod.carbon_tasks.process_crawl_task -- processing elements for crawl
2021-06-14 20:26:26,739 INFO     test_ai_mod.carbon_tasks.process_crawl_task -- skipping already processed: iter_00000_step_00000_info.json
2021-06-14 20:26:26,813 INFO     test_ai_mod.carbon_tasks.process_crawl_task -- Writing unique tags file.
2021-06-14 20:26:26,814 INFO     test_ai_mod.carbon_tasks.process_crawl_task -- writing unique elems file
2021-06-14 20:26:26,815 INFO     test_ai_mod.carbon_tasks.process_crawl_task -- writing elem hash map
2021-06-14 20:26:26,823 INFO     test_ai_mod.carbon_tasks.process_crawl_task -- writing elem similarity file
2021-06-14 20:26:26,825 INFO     test_ai_mod.carbon_tasks.process_crawl_task -- generating and saving feature data for crawl
2021-06-14 20:26:26,825 INFO     test_ai_mod.carbon_tasks.generate_feature_data_task -- generating feature data for crawl: 20210614202549, app_id: b7133b3d-58f2-41fd-b1bf-448787c91ef3, build_id: e72f62a0-6852-48f2-88d9-841f60f42715
2021-06-14 20:26:26,825 INFO     test_ai_mod.carbon_tasks.generate_feature_data_task -- generating screen feature data
2021-06-14 20:26:27,297 INFO     test_ai_mod.carbon_tasks.generate_feature_data_task -- saving screen feature data
2021-06-14 20:26:27,299 INFO     test_ai_mod.carbon_tasks.process_crawl_task -- generating labeler objects file for crawl (v0)
2021-06-14 20:26:27,309 INFO     test_ai_mod.carbon_tasks.process_crawl_task -- reconciling screens labeled at runtime
2021-06-14 20:26:27,310 INFO     test_ai_mod.carbon_tasks.process_crawl_task -- reconciling elements labeled at runtime
2021-06-14 20:26:27,316 INFO     test_ai_mod.carbon_tasks.generate_auto_labels_task -- generating auto labels for crawl: 20210614202549, app_id: b7133b3d-58f2-41fd-b1bf-448787c91ef3, build_id: e72f62a0-6852-48f2-88d9-841f60f42715
2021-06-14 20:26:27,316 INFO     test_ai_mod.carbon_dao.local_carbon_dao -- Getting build info: APP_ID: b7133b3d-58f2-41fd-b1bf-448787c91ef3, BUILD_ID: e72f62a0-6852-48f2-88d9-841f60f42715
2021-06-14 20:26:27,318 INFO     test_ai_mod.carbon_dao.local_carbon_dao -- Getting build info: APP_ID: b7133b3d-58f2-41fd-b1bf-448787c91ef3, BUILD_ID: e72f62a0-6852-48f2-88d9-841f60f42715
2021-06-14 20:26:27,318 INFO     test_ai_mod.carbon_dao.local_carbon_dao -- Getting build info: APP_ID: b7133b3d-58f2-41fd-b1bf-448787c91ef3, BUILD_ID: e72f62a0-6852-48f2-88d9-841f60f42715
2021-06-14 20:26:27,319 INFO     test_ai_mod.carbon_dao.local_carbon_dao -- Getting build info: APP_ID: b7133b3d-58f2-41fd-b1bf-448787c91ef3, BUILD_ID: e72f62a0-6852-48f2-88d9-841f60f42715
2021-06-14 20:26:27,319 INFO     test_ai_mod.carbon_dao.local_carbon_dao -- Getting build info: APP_ID: b7133b3d-58f2-41fd-b1bf-448787c91ef3, BUILD_ID: e72f62a0-6852-48f2-88d9-841f60f42715
2021-06-14 20:26:27,320 INFO     test_ai_mod.carbon_dao.local_carbon_dao -- Getting build info: APP_ID: b7133b3d-58f2-41fd-b1bf-448787c91ef3, BUILD_ID: e72f62a0-6852-48f2-88d9-841f60f42715
2021-06-14 20:26:27,321 INFO     test_ai_mod.carbon_dao.local_carbon_dao -- Getting build info: APP_ID: b7133b3d-58f2-41fd-b1bf-448787c91ef3, BUILD_ID: e72f62a0-6852-48f2-88d9-841f60f42715
2021-06-14 20:26:27,321 INFO     test_ai_mod.carbon_dao.local_carbon_dao -- Getting build info: APP_ID: b7133b3d-58f2-41fd-b1bf-448787c91ef3, BUILD_ID: e72f62a0-6852-48f2-88d9-841f60f42715
2021-06-14 20:26:27,322 INFO     test_ai_mod.carbon_dao.local_carbon_dao -- Getting build info: APP_ID: b7133b3d-58f2-41fd-b1bf-448787c91ef3, BUILD_ID: e72f62a0-6852-48f2-88d9-841f60f42715
2021-06-14 20:26:27,322 INFO     test_ai_mod.carbon_dao.local_carbon_dao -- Getting build info: APP_ID: b7133b3d-58f2-41fd-b1bf-448787c91ef3, BUILD_ID: e72f62a0-6852-48f2-88d9-841f60f42715
2021-06-14 20:26:27,323 INFO     test_ai_mod.carbon_dao.local_carbon_dao -- Getting build info: APP_ID: b7133b3d-58f2-41fd-b1bf-448787c91ef3, BUILD_ID: e72f62a0-6852-48f2-88d9-841f60f42715
2021-06-14 20:26:27,323 INFO     test_ai_mod.carbon_tasks.generate_auto_labels_task -- getting data for crawl: 20210607151517
2021-06-14 20:26:27,324 INFO     test_ai_mod.carbon_tasks.generate_auto_labels_task -- getting data for crawl: 20210607155217
2021-06-14 20:26:27,326 INFO     test_ai_mod.carbon_tasks.generate_auto_labels_task -- getting data for crawl: 20210607145944
2021-06-14 20:26:27,327 INFO     test_ai_mod.carbon_tasks.generate_auto_labels_task -- getting data for crawl: 20210607150653
2021-06-14 20:26:27,328 INFO     test_ai_mod.carbon_tasks.generate_auto_labels_task -- getting data for crawl: 20210607153116
2021-06-14 20:26:27,328 INFO     test_ai_mod.carbon_tasks.generate_auto_labels_task -- getting data for crawl: 20210607160847
2021-06-14 20:26:27,329 INFO     test_ai_mod.carbon_tasks.generate_auto_labels_task -- getting data for crawl: 20210614200939
2021-06-14 20:26:27,330 INFO     test_ai_mod.carbon_tasks.generate_auto_labels_task -- getting data for crawl: 20210614201730
2021-06-14 20:26:27,331 INFO     test_ai_mod.carbon_tasks.generate_auto_labels_task -- getting data for crawl: 20210614202056
2021-06-14 20:26:27,332 INFO     test_ai_mod.carbon_tasks.generate_auto_labels_task -- getting data for crawl: 20210614202549
2021-06-14 20:26:27,333 INFO     test_ai_mod.carbon_tasks.generate_auto_labels_task -- processing crawl: 20210607151517
2021-06-14 20:26:27,334 INFO     test_ai_mod.carbon_tasks.generate_auto_labels_task -- processing crawl: 20210607155217
2021-06-14 20:26:27,334 INFO     test_ai_mod.carbon_tasks.generate_auto_labels_task -- processing crawl: 20210607145944
2021-06-14 20:26:27,334 INFO     test_ai_mod.carbon_tasks.generate_auto_labels_task -- processing crawl: 20210607150653
2021-06-14 20:26:27,335 INFO     test_ai_mod.carbon_tasks.generate_auto_labels_task -- processing crawl: 20210607153116
2021-06-14 20:26:27,335 INFO     test_ai_mod.carbon_tasks.generate_auto_labels_task -- processing crawl: 20210607160847
2021-06-14 20:26:27,336 INFO     test_ai_mod.carbon_tasks.generate_auto_labels_task -- processing crawl: 20210614200939
2021-06-14 20:26:27,336 INFO     test_ai_mod.carbon_tasks.generate_auto_labels_task -- processing crawl: 20210614201730
2021-06-14 20:26:27,337 INFO     test_ai_mod.carbon_tasks.generate_auto_labels_task -- processing crawl: 20210614202056
2021-06-14 20:26:27,337 INFO     test_ai_mod.carbon_tasks.generate_auto_labels_task -- processing crawl: 20210614202549
2021-06-14 20:26:27,344 INFO     test_ai_mod.carbon_tasks.generate_auto_labels_task -- writing merged, suggested labels for crawl: 20210607145944
2021-06-14 20:26:27,346 INFO     test_ai_mod.carbon_tasks.generate_auto_labels_task -- writing merged, suggested labels for crawl: 20210607151517
2021-06-14 20:26:27,346 INFO     test_ai_mod.carbon_tasks.generate_auto_labels_task -- writing merged, suggested labels for crawl: 20210607150653
2021-06-14 20:26:27,346 INFO     test_ai_mod.carbon_tasks.generate_auto_labels_task -- writing merged, suggested labels for crawl: 20210607155217
2021-06-14 20:26:27,347 INFO     test_ai_mod.carbon_tasks.generate_auto_labels_task -- writing merged, suggested labels for crawl: 20210607160847
2021-06-14 20:26:27,347 INFO     test_ai_mod.carbon_tasks.generate_auto_labels_task -- writing merged, suggested labels for crawl: 20210607153116
2021-06-14 20:26:27,347 INFO     test_ai_mod.carbon_tasks.generate_auto_labels_task -- writing merged, suggested labels for crawl: 20210614200939
2021-06-14 20:26:27,347 INFO     test_ai_mod.carbon_tasks.generate_auto_labels_task -- writing merged, suggested labels for crawl: 20210614201730
2021-06-14 20:26:27,349 INFO     test_ai_mod.carbon_tasks.generate_auto_labels_task -- writing merged, suggested labels for crawl: 20210614202549
2021-06-14 20:26:27,349 INFO     test_ai_mod.carbon_tasks.generate_auto_labels_task -- writing merged, suggested labels for crawl: 20210614202056
2021-06-14 20:26:27,354 INFO     test_ai_mod.carbon_tasks.generate_auto_labels_task -- writing applied hashes to labels to file: /Users/bot/test_ai/apps/b7133b3d-58f2-41fd-b1bf-448787c91ef3/lkg/hashes_to_labels.json
2021-06-14 20:26:27,355 INFO     test_ai_mod.carbon_tasks.generate_auto_labels_task -- writing applied human readable to labels to file: /Users/bot/test_ai/apps/b7133b3d-58f2-41fd-b1bf-448787c91ef3/lkg/human_readable_to_labels.json
2021-06-14 20:26:27,355 INFO     test_ai_mod.carbon_tasks.generate_auto_labels_task -- writing label to hash dicts to file: /Users/bot/test_ai/apps/b7133b3d-58f2-41fd-b1bf-448787c91ef3/lkg/label_to_hash_dicts.json
2021-06-14 20:26:27,356 INFO     test_ai_mod.carbon_tasks.generate_auto_labels_task -- writing human readable to paths to file: /Users/bot/test_ai/apps/b7133b3d-58f2-41fd-b1bf-448787c91ef3/lkg/human_readable_to_paths.json
2021-06-14 20:26:27,357 INFO     test_ai_mod.carbon_classifiers.label_classifier_pipe -- Begin loading configured modules
2021-06-14 20:26:27,357 INFO     test_ai_mod.carbon_classifiers.carbon_classifier_v1.screen_classifier -- Loading ScreenClassifier
2021-06-14 20:26:27,357 INFO     test_ai_mod.carbon_classifiers.template_matching.app_specific_template_matcher -- Loading AppSpecificTemplateMatcher
2021-06-14 20:26:27,357 INFO     test_ai_mod.carbon_classifiers.perceptual.nn_classifier -- Loading NNClassifier
2021-06-14 20:26:27,357 INFO     test_ai_mod.carbon_classifiers.template_matching.template_matching_classifier -- Loading TemplateMatchingClassifier
2021-06-14 20:26:27,357 WARNING  test_ai_mod.carbon_classifiers.template_matching.template_matching_classifier -- No template director exists at /Users/bot/test_ai/templates
2021-06-14 20:26:27,357 INFO     test_ai_mod.carbon_classifiers.http_classifier.http_classifier -- Loaded Http Classifier for ""
2021-06-14 20:26:27,358 INFO     test_ai_mod.carbon_tasks.generate_auto_labels_task -- classifying 1 unique screens
2021-06-14 20:26:27,358 INFO     test_ai_mod.carbon_dao.carbon_data -- loading models from LKG dir
2021-06-14 20:26:27,358 INFO     test_ai_mod.carbon_dao.carbon_data -- loading models from LKG dir
2021-06-14 20:26:27,364 INFO     test_ai_mod.carbon_classifiers.label_classifier_pipe -- Begin labeling elements
2021-06-14 20:26:27,375 INFO     test_ai_mod.carbon_classifiers.template_matching.app_specific_template_matcher -- Classifying screen with AppSpecificTemplateMatcher
2021-06-14 20:26:27,376 INFO     test_ai_mod.carbon_classifiers.perceptual.nn_classifier -- Classifying screen with NNClassifier
2021-06-14 20:26:27,414 INFO     test_ai_mod.carbon_classifiers.label_classifier_pipe -- End labeling elements: Time taken 0.0496668815613 seconds
2021-06-14 20:26:27,416 INFO     test_ai_mod.carbon_tasks.generate_auto_labels_task -- classifying 54 unique elems
2021-06-14 20:26:27,421 INFO     test_ai_mod.carbon_dao.carbon_data -- loading models from LKG dir
2021-06-14 20:26:27,421 INFO     test_ai_mod.carbon_dao.carbon_data -- loading models from LKG dir
2021-06-14 20:26:27,421 INFO     test_ai_mod.carbon_classifiers.label_classifier_pipe -- Begin labeling elements
2021-06-14 20:26:27,432 INFO     test_ai_mod.carbon_classifiers.template_matching.app_specific_template_matcher -- Classifying screen with AppSpecificTemplateMatcher
2021-06-14 20:26:27,432 INFO     test_ai_mod.carbon_classifiers.perceptual.nn_classifier -- Classifying screen with NNClassifier
2021-06-14 20:26:27,500 INFO     test_ai_mod.carbon_classifiers.perceptual.nn_classifier -- elem classified: span_join_online, score: 1.0
2021-06-14 20:26:27,500 INFO     test_ai_mod.carbon_classifiers.perceptual.nn_classifier -- elem classified: btn_clubs, score: 1.0
2021-06-14 20:26:27,510 INFO     test_ai_mod.carbon_classifiers.label_classifier_pipe -- End labeling elements: Time taken 0.0892748832703 seconds
2021-06-14 20:26:27,512 INFO     test_ai_mod.carbon_tasks.generate_auto_labels_task -- writing merged, suggested labels for crawl: 20210614202549
2021-06-14 20:26:27,514 INFO     test_ai_mod.carbon_controllers.crawls -- Removing threaded log file handler for crawl.
