2021-06-14 20:09:39,325 INFO     test_ai_mod.carbon_controllers.crawls -- Logging crawl output to /Users/bot/test_ai/apps/b7133b3d-58f2-41fd-b1bf-448787c91ef3/builds/e72f62a0-6852-48f2-88d9-841f60f42715/logs/crawl-20210615000939.log
2021-06-14 20:09:39,326 INFO     test_ai_mod.carbon_tasks.crawl_build_task -- crawling build, app_id: b7133b3d-58f2-41fd-b1bf-448787c91ef3, build_id: e72f62a0-6852-48f2-88d9-841f60f42715
2021-06-14 20:09:39,326 INFO     test_ai_mod.carbon_tasks.crawl_build_task -- num_steps (when no test): 25
2021-06-14 20:09:39,326 INFO     test_ai_mod.carbon_tasks.crawl_build_task -- max_steps: 150
2021-06-14 20:09:39,326 INFO     test_ai_mod.carbon_tasks.crawl_build_task -- max_iterations: 1
2021-06-14 20:09:39,326 INFO     test_ai_mod.carbon_tasks.crawl_build_task -- rand_seed: 1623441716
2021-06-14 20:09:39,326 INFO     test_ai_mod.carbon_tasks.crawl_build_task -- test_wildcard: *
2021-06-14 20:09:39,327 INFO     test_ai_mod.carbon_tasks.crawl_build_task -- package: None
2021-06-14 20:09:39,327 INFO     test_ai_mod.carbon_tasks.crawl_build_task -- eyes_api_key: None
2021-06-14 20:09:39,327 INFO     test_ai_mod.carbon_tasks.crawl_build_task -- is_noop: False
2021-06-14 20:09:39,328 INFO     test_ai_mod.carbon_tasks.crawl_build_task -- created crawl, id: 20210614200939
2021-06-14 20:09:39,328 INFO     test_ai_mod.carbon_dao.local_carbon_dao -- Getting build info: APP_ID: b7133b3d-58f2-41fd-b1bf-448787c91ef3, BUILD_ID: e72f62a0-6852-48f2-88d9-841f60f42715
2021-06-14 20:09:39,329 INFO     test_ai_mod.carbon_dao.local_carbon_dao -- Getting build info: APP_ID: b7133b3d-58f2-41fd-b1bf-448787c91ef3, BUILD_ID: e72f62a0-6852-48f2-88d9-841f60f42715
2021-06-14 20:09:39,475 INFO     test_ai_mod.carbon_explore.explore -- using default extra walk count: 0
2021-06-14 20:09:39,483 INFO     test_ai_mod.carbon_tasks.crawl_build_task -- initiating walk [1/1]
2021-06-14 20:09:39,483 INFO     test_ai_mod.carbon_test_case.carbon_tests -- initial number of steps for walk: 25
2021-06-14 20:09:39,483 INFO     test_ai_mod.carbon_tasks.crawl_build_task -- effective_max_steps this walk: 26
2021-06-14 20:09:39,483 INFO     test_ai_mod.carbon_explore.explore -- **************************************************
2021-06-14 20:09:39,483 INFO     test_ai_mod.carbon_explore.explore -- **************************************************
2021-06-14 20:09:39,483 INFO     test_ai_mod.carbon_explore.explore -- *                                                *
2021-06-14 20:09:39,483 INFO     test_ai_mod.carbon_explore.explore -- *                   BRAIN                    *
2021-06-14 20:09:39,483 INFO     test_ai_mod.carbon_explore.explore -- *                                                *
2021-06-14 20:09:39,483 INFO     test_ai_mod.carbon_explore.explore -- **************************************************
2021-06-14 20:09:39,484 INFO     test_ai_mod.carbon_explore.explore -- **************************************************
2021-06-14 20:09:39,484 INFO     test_ai_mod.carbon_initialization.initialization -- Random seed: 1623441716
2021-06-14 20:09:39,485 INFO     test_ai_mod.carbon_initialization.initialization -- ````````````````````````````````````````````````````````````````````````````````
2021-06-14 20:09:39,485 INFO     test_ai_mod.carbon_initialization.initialization --                   PACKAGE: b7133b3d-58f2-41fd-b1bf-448787c91ef3
2021-06-14 20:09:39,485 INFO     test_ai_mod.carbon_initialization.initialization -- ````````````````````````````````````````````````````````````````````````````````
2021-06-14 20:09:39,485 INFO     test_ai_mod.carbon_initialization.initialization -- platform: DESKTOP_CHROME
2021-06-14 20:09:39,485 INFO     test_ai_mod.carbon_initialization.initialization -- using crawl_directory: /Users/bot/test_ai/apps/b7133b3d-58f2-41fd-b1bf-448787c91ef3/builds/e72f62a0-6852-48f2-88d9-841f60f42715/crawls/20210614200939
2021-06-14 20:09:39,485 INFO     test_ai_mod.carbon_botio.bot_io -- retrieving bot IO for app: b7133b3d-58f2-41fd-b1bf-448787c91ef3
2021-06-14 20:09:39,485 INFO     test_ai_mod.carbon_botio.bot_io -- ^^^^^^^^^^^^^^^^^^^^^^^^^^^^^^^^^^^^^^^^^^^^^^^^^^^^^^^^^^^^^^^^^^^^^^^^^^^^^^^^
2021-06-14 20:09:39,485 INFO     test_ai_mod.carbon_botio.bot_io -- botio_filepath: /Users/bot/test_ai/apps/b7133b3d-58f2-41fd-b1bf-448787c91ef3/lkg/botio.json
2021-06-14 20:09:39,485 INFO     test_ai_mod.carbon_botio.bot_io -- use_snapshot: False
2021-06-14 20:09:39,485 INFO     test_ai_mod.carbon_botio.bot_io -- no botIO found for app: b7133b3d-58f2-41fd-b1bf-448787c91ef3
2021-06-14 20:09:39,487 INFO     test_ai_mod.carbon_dao.carbon_data -- loading models from LKG dir
2021-06-14 20:09:39,487 INFO     test_ai_mod.carbon_dao.carbon_data -- loading models from LKG dir
2021-06-14 20:09:39,488 INFO     test_ai_mod.carbon_explore.test_hooks -- Test case is None, no need for on_setup.
2021-06-14 20:09:39,488 INFO     test_ai_mod.carbon_utils.simulator_tools -- preparing clean iteration state...
2021-06-14 20:09:39,488 INFO     test_ai_mod.carbon_utils.simulator_tools -- starting appium, platform: DESKTOP_CHROME
2021-06-14 20:09:39,488 INFO     test_ai_mod.carbon_utils.simulator_tools -- starting appium/webdriver for desktop chrome
2021-06-14 20:09:39,723 INFO     test_ai_mod.carbon_dao.local_carbon_dao -- Getting build info: APP_ID: b7133b3d-58f2-41fd-b1bf-448787c91ef3, BUILD_ID: e72f62a0-6852-48f2-88d9-841f60f42715
2021-06-14 20:09:40,718 INFO     test_ai_mod.carbon_automation.driver -- Screen density: 1.0
2021-06-14 20:09:40,894 INFO     test_ai_mod.carbon_utils.simulator_tools -- going to https://www.equinox.com/
2021-06-14 20:09:43,043 INFO     test_ai_mod.carbon_utils.simulator_tools -- completed setting url, additional time: 2.128711
2021-06-14 20:09:45,017 INFO     test_ai_mod.carbon_initialization.initialization -- starting dom stability
2021-06-14 20:09:45,051 INFO     test_ai_mod.carbon_actions.carbon_actions -- Got new page source
2021-06-14 20:09:45,190 INFO     test_ai_mod.carbon_actions.carbon_actions -- Got new page source
2021-06-14 20:09:45,326 INFO     test_ai_mod.carbon_actions.carbon_actions -- Got new page source
2021-06-14 20:09:45,470 INFO     test_ai_mod.carbon_actions.carbon_actions -- Got new page source
2021-06-14 20:09:45,606 INFO     test_ai_mod.carbon_actions.carbon_actions -- Got new page source
2021-06-14 20:09:45,607 INFO     test_ai_mod.carbon_actions.carbon_actions -- Seen the same screen the max amount (5)
2021-06-14 20:09:45,607 INFO     test_ai_mod.carbon_actions.carbon_actions -- incrementing source count to: 1
2021-06-14 20:09:45,607 INFO     test_ai_mod.carbon_explore.explore_utils -- saving screenshot
2021-06-14 20:09:46,490 INFO     test_ai_mod.carbon_explore.explore_utils -- scn_shot_file_path: /Users/bot/test_ai/apps/b7133b3d-58f2-41fd-b1bf-448787c91ef3/builds/e72f62a0-6852-48f2-88d9-841f60f42715/crawls/20210614200939/tmp/runtime_labeling_screen.png
2021-06-14 20:09:46,523 INFO     test_ai_mod.carbon_initialization.initialization -- current package sent in as: b7133b3d-58f2-41fd-b1bf-448787c91ef3
2021-06-14 20:09:46,524 INFO     test_ai_mod.carbon_initialization.initialization -- ended dom stability
2021-06-14 20:09:46,526 INFO     test_ai_mod.carbon_explore.explore -- package is set to: b7133b3d-58f2-41fd-b1bf-448787c91ef3
2021-06-14 20:09:46,527 INFO     test_ai_mod.carbon_explore.explore -- ********************************************************************************
2021-06-14 20:09:46,527 INFO     test_ai_mod.carbon_explore.explore -- * TIMEOUT: None
2021-06-14 20:09:46,527 INFO     test_ai_mod.carbon_explore.explore -- * disable_bounceback: False
2021-06-14 20:09:46,527 INFO     test_ai_mod.carbon_explore.explore -- ********************************************************************************
2021-06-14 20:09:46,527 INFO     test_ai_mod.carbon_explore.explore -- getting walk queue
2021-06-14 20:09:46,527 INFO     test_ai_mod.carbon_explore.explore_utils -- getting screen_elems
2021-06-14 20:09:46,996 INFO     test_ai_mod.carbon_utils.scrape_utils -- Successfully collected web scrape.
2021-06-14 20:09:46,997 INFO     test_ai_mod.carbon_explore.explore_utils -- filtering elems - 58
2021-06-14 20:09:47,027 INFO     test_ai_mod.carbon_explore.explore_utils -- saving info - 54
2021-06-14 20:09:47,027 INFO     test_ai_mod.carbon_explore.explore_utils -- saving core elems iter: 0, step 0, save_dir: /Users/bot/test_ai/apps/b7133b3d-58f2-41fd-b1bf-448787c91ef3/builds/e72f62a0-6852-48f2-88d9-841f60f42715/crawls/20210614200939
2021-06-14 20:09:47,047 INFO     test_ai_mod.carbon_explore.explore -- got all screen info saved
2021-06-14 20:09:47,047 INFO     test_ai_mod.carbon_explore.explore_utils -- saving core elems iter: 0, step 0, save_dir: /Users/bot/test_ai/apps/b7133b3d-58f2-41fd-b1bf-448787c91ef3/builds/e72f62a0-6852-48f2-88d9-841f60f42715/crawls/20210614200939
2021-06-14 20:09:47,083 INFO     test_ai_mod.carbon_explore.result_storage -- LOG FILE PATH: /Users/bot/test_ai/apps/b7133b3d-58f2-41fd-b1bf-448787c91ef3/builds/e72f62a0-6852-48f2-88d9-841f60f42715/crawls/20210614200939/iter_00000_step_00000_logs.txt
2021-06-14 20:09:47,083 INFO     test_ai_mod.carbon_explore.result_storage -- ALL LOGS FILE PATH: /Users/bot/test_ai/apps/b7133b3d-58f2-41fd-b1bf-448787c91ef3/builds/e72f62a0-6852-48f2-88d9-841f60f42715/crawls/20210614200939/iter_00000_step_-0001_logs.txt
2021-06-14 20:09:47,092 INFO     test_ai_mod.carbon_explore.interactive -- Interactive explore -- start_interactive_loop starting.
2021-06-14 20:09:47,100 INFO     test_ai_mod.carbon_explore.interactive -- Interactive explore -- running initial auto label
2021-06-14 20:09:47,100 INFO     test_ai_mod.carbon_tasks.process_crawl_task -- processing crawl: 20210614200939 (app: b7133b3d-58f2-41fd-b1bf-448787c91ef3, build: e72f62a0-6852-48f2-88d9-841f60f42715)
2021-06-14 20:09:47,100 INFO     test_ai_mod.carbon_tasks.process_crawl_task -- processing screens for crawl
2021-06-14 20:09:47,188 INFO     test_ai_mod.carbon_tasks.process_crawl_task -- writing unique screens file
2021-06-14 20:09:47,189 INFO     test_ai_mod.carbon_tasks.process_crawl_task -- writing screen hash map
2021-06-14 20:09:47,191 INFO     test_ai_mod.carbon_tasks.process_crawl_task -- writing screen similarity file
2021-06-14 20:09:47,192 INFO     test_ai_mod.carbon_tasks.process_crawl_task -- processing elements for crawl
2021-06-14 20:09:47,194 INFO     test_ai_mod.carbon_tasks.process_crawl_task -- processing: iter_00000_step_00000_info.json
2021-06-14 20:09:47,459 INFO     test_ai_mod.carbon_tasks.process_crawl_task -- Writing unique tags file.
2021-06-14 20:09:47,460 INFO     test_ai_mod.carbon_tasks.process_crawl_task -- writing unique elems file
2021-06-14 20:09:47,461 INFO     test_ai_mod.carbon_tasks.process_crawl_task -- writing elem hash map
2021-06-14 20:09:47,469 INFO     test_ai_mod.carbon_tasks.process_crawl_task -- writing elem similarity file
2021-06-14 20:09:47,470 INFO     test_ai_mod.carbon_tasks.process_crawl_task -- generating labeler objects file for crawl (v0)
2021-06-14 20:09:47,480 INFO     test_ai_mod.carbon_tasks.process_crawl_task -- reconciling screens labeled at runtime
2021-06-14 20:09:47,480 INFO     test_ai_mod.carbon_tasks.process_crawl_task -- reconciling elements labeled at runtime
2021-06-14 20:09:47,486 INFO     test_ai_mod.carbon_tasks.generate_auto_labels_task -- generating auto labels for crawl: 20210614200939, app_id: b7133b3d-58f2-41fd-b1bf-448787c91ef3, build_id: e72f62a0-6852-48f2-88d9-841f60f42715
2021-06-14 20:09:47,486 INFO     test_ai_mod.carbon_dao.local_carbon_dao -- Getting build info: APP_ID: b7133b3d-58f2-41fd-b1bf-448787c91ef3, BUILD_ID: e72f62a0-6852-48f2-88d9-841f60f42715
2021-06-14 20:09:47,488 INFO     test_ai_mod.carbon_dao.local_carbon_dao -- Getting build info: APP_ID: b7133b3d-58f2-41fd-b1bf-448787c91ef3, BUILD_ID: e72f62a0-6852-48f2-88d9-841f60f42715
2021-06-14 20:09:47,488 INFO     test_ai_mod.carbon_dao.local_carbon_dao -- Getting build info: APP_ID: b7133b3d-58f2-41fd-b1bf-448787c91ef3, BUILD_ID: e72f62a0-6852-48f2-88d9-841f60f42715
2021-06-14 20:09:47,489 INFO     test_ai_mod.carbon_dao.local_carbon_dao -- Getting build info: APP_ID: b7133b3d-58f2-41fd-b1bf-448787c91ef3, BUILD_ID: e72f62a0-6852-48f2-88d9-841f60f42715
2021-06-14 20:09:47,489 INFO     test_ai_mod.carbon_dao.local_carbon_dao -- Getting build info: APP_ID: b7133b3d-58f2-41fd-b1bf-448787c91ef3, BUILD_ID: e72f62a0-6852-48f2-88d9-841f60f42715
2021-06-14 20:09:47,490 INFO     test_ai_mod.carbon_dao.local_carbon_dao -- Getting build info: APP_ID: b7133b3d-58f2-41fd-b1bf-448787c91ef3, BUILD_ID: e72f62a0-6852-48f2-88d9-841f60f42715
2021-06-14 20:09:47,491 INFO     test_ai_mod.carbon_dao.local_carbon_dao -- Getting build info: APP_ID: b7133b3d-58f2-41fd-b1bf-448787c91ef3, BUILD_ID: e72f62a0-6852-48f2-88d9-841f60f42715
2021-06-14 20:09:47,491 INFO     test_ai_mod.carbon_dao.local_carbon_dao -- Getting build info: APP_ID: b7133b3d-58f2-41fd-b1bf-448787c91ef3, BUILD_ID: e72f62a0-6852-48f2-88d9-841f60f42715
2021-06-14 20:09:47,492 INFO     test_ai_mod.carbon_tasks.generate_auto_labels_task -- getting data for crawl: 20210607151517
2021-06-14 20:09:47,493 INFO     test_ai_mod.carbon_tasks.generate_auto_labels_task -- getting data for crawl: 20210607155217
2021-06-14 20:09:47,493 INFO     test_ai_mod.carbon_tasks.generate_auto_labels_task -- getting data for crawl: 20210607145944
2021-06-14 20:09:47,497 INFO     test_ai_mod.carbon_tasks.generate_auto_labels_task -- getting data for crawl: 20210607150653
2021-06-14 20:09:47,498 INFO     test_ai_mod.carbon_tasks.generate_auto_labels_task -- getting data for crawl: 20210607153116
2021-06-14 20:09:47,499 INFO     test_ai_mod.carbon_tasks.generate_auto_labels_task -- getting data for crawl: 20210607160847
2021-06-14 20:09:47,500 INFO     test_ai_mod.carbon_tasks.generate_auto_labels_task -- getting data for crawl: 20210614200939
2021-06-14 20:09:47,500 INFO     test_ai_mod.carbon_tasks.generate_auto_labels_task -- processing crawl: 20210607151517
2021-06-14 20:09:47,501 INFO     test_ai_mod.carbon_tasks.generate_auto_labels_task -- processing crawl: 20210607155217
2021-06-14 20:09:47,501 INFO     test_ai_mod.carbon_tasks.generate_auto_labels_task -- processing crawl: 20210607145944
2021-06-14 20:09:47,502 INFO     test_ai_mod.carbon_tasks.generate_auto_labels_task -- processing crawl: 20210607150653
2021-06-14 20:09:47,503 INFO     test_ai_mod.carbon_tasks.generate_auto_labels_task -- processing crawl: 20210607153116
2021-06-14 20:09:47,503 INFO     test_ai_mod.carbon_tasks.generate_auto_labels_task -- processing crawl: 20210607160847
2021-06-14 20:09:47,503 INFO     test_ai_mod.carbon_tasks.generate_auto_labels_task -- processing crawl: 20210614200939
2021-06-14 20:09:47,508 INFO     test_ai_mod.carbon_tasks.generate_auto_labels_task -- writing merged, suggested labels for crawl: 20210607151517
2021-06-14 20:09:47,508 INFO     test_ai_mod.carbon_tasks.generate_auto_labels_task -- writing merged, suggested labels for crawl: 20210607155217
2021-06-14 20:09:47,510 INFO     test_ai_mod.carbon_tasks.generate_auto_labels_task -- writing merged, suggested labels for crawl: 20210607153116
2021-06-14 20:09:47,510 INFO     test_ai_mod.carbon_tasks.generate_auto_labels_task -- writing merged, suggested labels for crawl: 20210607160847
2021-06-14 20:09:47,512 INFO     test_ai_mod.carbon_tasks.generate_auto_labels_task -- writing merged, suggested labels for crawl: 20210607145944
2021-06-14 20:09:47,512 INFO     test_ai_mod.carbon_tasks.generate_auto_labels_task -- writing merged, suggested labels for crawl: 20210607150653
2021-06-14 20:09:47,514 INFO     test_ai_mod.carbon_tasks.generate_auto_labels_task -- writing merged, suggested labels for crawl: 20210614200939
2021-06-14 20:09:47,516 INFO     test_ai_mod.carbon_tasks.generate_auto_labels_task -- writing applied hashes to labels to file: /Users/bot/test_ai/apps/b7133b3d-58f2-41fd-b1bf-448787c91ef3/lkg/hashes_to_labels.json
2021-06-14 20:09:47,517 INFO     test_ai_mod.carbon_tasks.generate_auto_labels_task -- writing applied human readable to labels to file: /Users/bot/test_ai/apps/b7133b3d-58f2-41fd-b1bf-448787c91ef3/lkg/human_readable_to_labels.json
2021-06-14 20:09:47,518 INFO     test_ai_mod.carbon_tasks.generate_auto_labels_task -- writing label to hash dicts to file: /Users/bot/test_ai/apps/b7133b3d-58f2-41fd-b1bf-448787c91ef3/lkg/label_to_hash_dicts.json
2021-06-14 20:09:47,518 INFO     test_ai_mod.carbon_tasks.generate_auto_labels_task -- writing human readable to paths to file: /Users/bot/test_ai/apps/b7133b3d-58f2-41fd-b1bf-448787c91ef3/lkg/human_readable_to_paths.json
2021-06-14 20:09:47,519 INFO     test_ai_mod.carbon_classifiers.label_classifier_pipe -- Begin loading configured modules
2021-06-14 20:09:47,519 INFO     test_ai_mod.carbon_classifiers.carbon_classifier_v1.screen_classifier -- Loading ScreenClassifier
2021-06-14 20:09:47,519 INFO     test_ai_mod.carbon_classifiers.template_matching.app_specific_template_matcher -- Loading AppSpecificTemplateMatcher
2021-06-14 20:09:47,520 INFO     test_ai_mod.carbon_classifiers.perceptual.nn_classifier -- Loading NNClassifier
2021-06-14 20:09:47,520 INFO     test_ai_mod.carbon_classifiers.template_matching.template_matching_classifier -- Loading TemplateMatchingClassifier
2021-06-14 20:09:47,520 WARNING  test_ai_mod.carbon_classifiers.template_matching.template_matching_classifier -- No template director exists at /Users/bot/test_ai/templates
2021-06-14 20:09:47,521 INFO     test_ai_mod.carbon_classifiers.http_classifier.http_classifier -- Loaded Http Classifier for ""
2021-06-14 20:09:47,522 INFO     test_ai_mod.carbon_tasks.generate_auto_labels_task -- classifying 1 unique screens
2021-06-14 20:09:47,522 INFO     test_ai_mod.carbon_dao.carbon_data -- loading models from LKG dir
2021-06-14 20:09:47,522 INFO     test_ai_mod.carbon_dao.carbon_data -- loading models from LKG dir
2021-06-14 20:09:47,529 INFO     test_ai_mod.carbon_classifiers.label_classifier_pipe -- Begin labeling elements
2021-06-14 20:09:47,540 INFO     test_ai_mod.carbon_classifiers.template_matching.app_specific_template_matcher -- Classifying screen with AppSpecificTemplateMatcher
2021-06-14 20:09:47,540 INFO     test_ai_mod.carbon_classifiers.perceptual.nn_classifier -- Classifying screen with NNClassifier
2021-06-14 20:09:47,577 INFO     test_ai_mod.carbon_classifiers.label_classifier_pipe -- End labeling elements: Time taken 0.0478708744049 seconds
2021-06-14 20:09:47,579 INFO     test_ai_mod.carbon_tasks.generate_auto_labels_task -- classifying 54 unique elems
2021-06-14 20:09:47,583 INFO     test_ai_mod.carbon_dao.carbon_data -- loading models from LKG dir
2021-06-14 20:09:47,584 INFO     test_ai_mod.carbon_dao.carbon_data -- loading models from LKG dir
2021-06-14 20:09:47,584 INFO     test_ai_mod.carbon_classifiers.label_classifier_pipe -- Begin labeling elements
2021-06-14 20:09:47,594 INFO     test_ai_mod.carbon_classifiers.template_matching.app_specific_template_matcher -- Classifying screen with AppSpecificTemplateMatcher
2021-06-14 20:09:47,595 INFO     test_ai_mod.carbon_classifiers.perceptual.nn_classifier -- Classifying screen with NNClassifier
2021-06-14 20:09:47,671 INFO     test_ai_mod.carbon_classifiers.label_classifier_pipe -- End labeling elements: Time taken 0.087033033371 seconds
2021-06-14 20:09:47,672 INFO     test_ai_mod.carbon_tasks.generate_auto_labels_task -- writing merged, suggested labels for crawl: 20210614200939
2021-06-14 20:09:47,674 INFO     test_ai_mod.carbon_explore.interactive -- 


[32;1mCarbon Interactive Crawling Session Starting...
Please make sure you are running the test.ai GUI (./test.ai -d).
Once the GUI is running, please visit [34mhttp://localhost:5000[32;1m.
To access the interactive session, select the correct app, and click on "Live Labeling".

[0m
2021-06-14 20:09:47,692 INFO     test_ai_mod.carbon_explore.interactive -- Interactive explore -- status -- start
2021-06-14 20:09:47,692 INFO     test_ai_mod.carbon_explore.interactive -- Interactive explore -- status -- end
2021-06-14 20:09:47,699 INFO     test_ai_mod.carbon_explore.interactive -- Interactive explore -- get_crawls(web, b7133b3d-58f2-41fd-b1bf-448787c91ef3) -- start
2021-06-14 20:09:47,699 INFO     test_ai_mod.carbon_explore.interactive -- Interactive explore -- get_crawls(web, b7133b3d-58f2-41fd-b1bf-448787c91ef3) -- end
2021-06-14 20:09:47,999 INFO     test_ai_mod.carbon_dao.local_carbon_dao -- Getting build info: APP_ID: b7133b3d-58f2-41fd-b1bf-448787c91ef3, BUILD_ID: e72f62a0-6852-48f2-88d9-841f60f42715
2021-06-14 20:09:48,028 INFO     test_ai_mod.carbon_explore.interactive -- Interactive explore -- get_labeler_objects -- start
2021-06-14 20:09:48,028 INFO     test_ai_mod.carbon_explore.interactive -- Interactive explore -- Processing crawl interactively 20210614200939
2021-06-14 20:09:48,028 INFO     test_ai_mod.carbon_tasks.process_crawl_task -- processing crawl: 20210614200939 (app: b7133b3d-58f2-41fd-b1bf-448787c91ef3, build: e72f62a0-6852-48f2-88d9-841f60f42715)
2021-06-14 20:09:48,028 INFO     test_ai_mod.carbon_tasks.process_crawl_task -- processing screens for crawl
2021-06-14 20:09:48,031 INFO     test_ai_mod.carbon_dao.local_carbon_dao -- Getting build info: APP_ID: b7133b3d-58f2-41fd-b1bf-448787c91ef3, BUILD_ID: e72f62a0-6852-48f2-88d9-841f60f42715
2021-06-14 20:09:48,117 INFO     test_ai_mod.carbon_tasks.process_crawl_task -- writing unique screens file
2021-06-14 20:09:48,140 INFO     test_ai_mod.carbon_tasks.process_crawl_task -- writing screen hash map
2021-06-14 20:09:48,145 INFO     test_ai_mod.carbon_tasks.process_crawl_task -- writing screen similarity file
2021-06-14 20:09:48,145 INFO     test_ai_mod.carbon_tasks.process_crawl_task -- processing elements for crawl
2021-06-14 20:09:48,148 INFO     test_ai_mod.carbon_tasks.process_crawl_task -- skipping already processed: iter_00000_step_00000_info.json
2021-06-14 20:09:48,218 INFO     test_ai_mod.carbon_tasks.process_crawl_task -- Writing unique tags file.
2021-06-14 20:09:48,220 INFO     test_ai_mod.carbon_tasks.process_crawl_task -- writing unique elems file
2021-06-14 20:09:48,221 INFO     test_ai_mod.carbon_tasks.process_crawl_task -- writing elem hash map
2021-06-14 20:09:48,229 INFO     test_ai_mod.carbon_tasks.process_crawl_task -- writing elem similarity file
2021-06-14 20:09:48,230 INFO     test_ai_mod.carbon_tasks.process_crawl_task -- generating labeler objects file for crawl (v0)
2021-06-14 20:09:48,240 INFO     test_ai_mod.carbon_tasks.process_crawl_task -- reconciling screens labeled at runtime
2021-06-14 20:09:48,240 INFO     test_ai_mod.carbon_tasks.process_crawl_task -- reconciling elements labeled at runtime
2021-06-14 20:09:48,246 INFO     test_ai_mod.carbon_explore.interactive -- Interactive explore -- Generating labels using hash information 20210614200939
2021-06-14 20:09:48,249 INFO     test_ai_mod.carbon_explore.interactive -- Interactive explore -- get_labeler_objects -- end
2021-06-14 20:09:48,512 INFO     test_ai_mod.carbon_dao.local_carbon_dao -- Getting build info: APP_ID: b7133b3d-58f2-41fd-b1bf-448787c91ef3, BUILD_ID: e72f62a0-6852-48f2-88d9-841f60f42715
2021-06-14 20:09:51,194 INFO     test_ai_mod.labeler.v1.crawls -- elem image requested, crawl: 20210614200939, filename: iter_00000_step_00000_23_div.png
2021-06-14 20:09:51,195 INFO     test_ai_mod.labeler.v1.crawls -- elem image requested, crawl: 20210614200939, filename: iter_00000_step_00000_15_span.png
2021-06-14 20:09:51,196 INFO     test_ai_mod.carbon_dao.local_carbon_dao -- Getting build info: APP_ID: b7133b3d-58f2-41fd-b1bf-448787c91ef3, BUILD_ID: e72f62a0-6852-48f2-88d9-841f60f42715
2021-06-14 20:09:51,196 INFO     test_ai_mod.carbon_dao.local_carbon_dao -- Getting build info: APP_ID: b7133b3d-58f2-41fd-b1bf-448787c91ef3, BUILD_ID: e72f62a0-6852-48f2-88d9-841f60f42715
2021-06-14 20:09:51,196 INFO     test_ai_mod.labeler.v1.crawls -- resolved to: /Users/bot/test_ai/apps/b7133b3d-58f2-41fd-b1bf-448787c91ef3/builds/e72f62a0-6852-48f2-88d9-841f60f42715/crawls/20210614200939/elems/iter_00000_step_00000_23_div.png
2021-06-14 20:09:51,197 INFO     test_ai_mod.labeler.v1.crawls -- resolved to: /Users/bot/test_ai/apps/b7133b3d-58f2-41fd-b1bf-448787c91ef3/builds/e72f62a0-6852-48f2-88d9-841f60f42715/crawls/20210614200939/elems/iter_00000_step_00000_15_span.png
2021-06-14 20:09:51,219 INFO     test_ai_mod.labeler.v1.crawls -- elem image requested, crawl: 20210614200939, filename: iter_00000_step_00000_30_div.png
2021-06-14 20:09:51,220 INFO     test_ai_mod.carbon_dao.local_carbon_dao -- Getting build info: APP_ID: b7133b3d-58f2-41fd-b1bf-448787c91ef3, BUILD_ID: e72f62a0-6852-48f2-88d9-841f60f42715
2021-06-14 20:09:51,221 INFO     test_ai_mod.labeler.v1.crawls -- resolved to: /Users/bot/test_ai/apps/b7133b3d-58f2-41fd-b1bf-448787c91ef3/builds/e72f62a0-6852-48f2-88d9-841f60f42715/crawls/20210614200939/elems/iter_00000_step_00000_30_div.png
2021-06-14 20:09:51,256 INFO     test_ai_mod.labeler.v1.crawls -- elem image requested, crawl: 20210614200939, filename: iter_00000_step_00000_42_span.png
2021-06-14 20:09:51,257 INFO     test_ai_mod.carbon_dao.local_carbon_dao -- Getting build info: APP_ID: b7133b3d-58f2-41fd-b1bf-448787c91ef3, BUILD_ID: e72f62a0-6852-48f2-88d9-841f60f42715
2021-06-14 20:09:51,257 INFO     test_ai_mod.labeler.v1.crawls -- resolved to: /Users/bot/test_ai/apps/b7133b3d-58f2-41fd-b1bf-448787c91ef3/builds/e72f62a0-6852-48f2-88d9-841f60f42715/crawls/20210614200939/elems/iter_00000_step_00000_42_span.png
2021-06-14 20:09:51,304 INFO     test_ai_mod.labeler.v1.crawls -- elem image requested, crawl: 20210614200939, filename: iter_00000_step_00000_21_span.png
2021-06-14 20:09:51,305 INFO     test_ai_mod.carbon_dao.local_carbon_dao -- Getting build info: APP_ID: b7133b3d-58f2-41fd-b1bf-448787c91ef3, BUILD_ID: e72f62a0-6852-48f2-88d9-841f60f42715
2021-06-14 20:09:51,305 INFO     test_ai_mod.labeler.v1.crawls -- resolved to: /Users/bot/test_ai/apps/b7133b3d-58f2-41fd-b1bf-448787c91ef3/builds/e72f62a0-6852-48f2-88d9-841f60f42715/crawls/20210614200939/elems/iter_00000_step_00000_21_span.png
2021-06-14 20:09:51,399 INFO     test_ai_mod.labeler.v1.crawls -- elem image requested, crawl: 20210614200939, filename: iter_00000_step_00000_26_span.png
2021-06-14 20:09:51,400 INFO     test_ai_mod.carbon_dao.local_carbon_dao -- Getting build info: APP_ID: b7133b3d-58f2-41fd-b1bf-448787c91ef3, BUILD_ID: e72f62a0-6852-48f2-88d9-841f60f42715
2021-06-14 20:09:51,401 INFO     test_ai_mod.labeler.v1.crawls -- resolved to: /Users/bot/test_ai/apps/b7133b3d-58f2-41fd-b1bf-448787c91ef3/builds/e72f62a0-6852-48f2-88d9-841f60f42715/crawls/20210614200939/elems/iter_00000_step_00000_26_span.png
2021-06-14 20:09:51,495 INFO     test_ai_mod.labeler.v1.crawls -- elem image requested, crawl: 20210614200939, filename: iter_00000_step_00000_8_div.png
2021-06-14 20:09:51,496 INFO     test_ai_mod.carbon_dao.local_carbon_dao -- Getting build info: APP_ID: b7133b3d-58f2-41fd-b1bf-448787c91ef3, BUILD_ID: e72f62a0-6852-48f2-88d9-841f60f42715
2021-06-14 20:09:51,496 INFO     test_ai_mod.labeler.v1.crawls -- resolved to: /Users/bot/test_ai/apps/b7133b3d-58f2-41fd-b1bf-448787c91ef3/builds/e72f62a0-6852-48f2-88d9-841f60f42715/crawls/20210614200939/elems/iter_00000_step_00000_8_div.png
2021-06-14 20:09:51,602 INFO     test_ai_mod.labeler.v1.crawls -- elem image requested, crawl: 20210614200939, filename: iter_00000_step_00000_2_span.png
2021-06-14 20:09:51,603 INFO     test_ai_mod.carbon_dao.local_carbon_dao -- Getting build info: APP_ID: b7133b3d-58f2-41fd-b1bf-448787c91ef3, BUILD_ID: e72f62a0-6852-48f2-88d9-841f60f42715
2021-06-14 20:09:51,603 INFO     test_ai_mod.labeler.v1.crawls -- resolved to: /Users/bot/test_ai/apps/b7133b3d-58f2-41fd-b1bf-448787c91ef3/builds/e72f62a0-6852-48f2-88d9-841f60f42715/crawls/20210614200939/elems/iter_00000_step_00000_2_span.png
2021-06-14 20:09:51,689 INFO     test_ai_mod.labeler.v1.crawls -- elem image requested, crawl: 20210614200939, filename: iter_00000_step_00000_39_a.png
2021-06-14 20:09:51,690 INFO     test_ai_mod.labeler.v1.crawls -- elem image requested, crawl: 20210614200939, filename: iter_00000_step_00000_27_img.png
2021-06-14 20:09:51,691 INFO     test_ai_mod.carbon_dao.local_carbon_dao -- Getting build info: APP_ID: b7133b3d-58f2-41fd-b1bf-448787c91ef3, BUILD_ID: e72f62a0-6852-48f2-88d9-841f60f42715
2021-06-14 20:09:51,691 INFO     test_ai_mod.carbon_dao.local_carbon_dao -- Getting build info: APP_ID: b7133b3d-58f2-41fd-b1bf-448787c91ef3, BUILD_ID: e72f62a0-6852-48f2-88d9-841f60f42715
2021-06-14 20:09:51,692 INFO     test_ai_mod.labeler.v1.crawls -- resolved to: /Users/bot/test_ai/apps/b7133b3d-58f2-41fd-b1bf-448787c91ef3/builds/e72f62a0-6852-48f2-88d9-841f60f42715/crawls/20210614200939/elems/iter_00000_step_00000_39_a.png
2021-06-14 20:09:51,693 INFO     test_ai_mod.labeler.v1.crawls -- resolved to: /Users/bot/test_ai/apps/b7133b3d-58f2-41fd-b1bf-448787c91ef3/builds/e72f62a0-6852-48f2-88d9-841f60f42715/crawls/20210614200939/elems/iter_00000_step_00000_27_img.png
2021-06-14 20:09:51,702 INFO     test_ai_mod.labeler.v1.crawls -- elem image requested, crawl: 20210614200939, filename: iter_00000_step_00000_28_span.png
2021-06-14 20:09:51,703 INFO     test_ai_mod.carbon_dao.local_carbon_dao -- Getting build info: APP_ID: b7133b3d-58f2-41fd-b1bf-448787c91ef3, BUILD_ID: e72f62a0-6852-48f2-88d9-841f60f42715
2021-06-14 20:09:51,703 INFO     test_ai_mod.labeler.v1.crawls -- resolved to: /Users/bot/test_ai/apps/b7133b3d-58f2-41fd-b1bf-448787c91ef3/builds/e72f62a0-6852-48f2-88d9-841f60f42715/crawls/20210614200939/elems/iter_00000_step_00000_28_span.png
2021-06-14 20:09:51,799 INFO     test_ai_mod.labeler.v1.crawls -- elem image requested, crawl: 20210614200939, filename: iter_00000_step_00000_13_div.png
2021-06-14 20:09:51,800 INFO     test_ai_mod.carbon_dao.local_carbon_dao -- Getting build info: APP_ID: b7133b3d-58f2-41fd-b1bf-448787c91ef3, BUILD_ID: e72f62a0-6852-48f2-88d9-841f60f42715
2021-06-14 20:09:51,800 INFO     test_ai_mod.labeler.v1.crawls -- resolved to: /Users/bot/test_ai/apps/b7133b3d-58f2-41fd-b1bf-448787c91ef3/builds/e72f62a0-6852-48f2-88d9-841f60f42715/crawls/20210614200939/elems/iter_00000_step_00000_13_div.png
2021-06-14 20:09:51,984 INFO     test_ai_mod.labeler.v1.crawls -- elem image requested, crawl: 20210614200939, filename: iter_00000_step_00000_11_a.png
2021-06-14 20:09:51,985 INFO     test_ai_mod.carbon_dao.local_carbon_dao -- Getting build info: APP_ID: b7133b3d-58f2-41fd-b1bf-448787c91ef3, BUILD_ID: e72f62a0-6852-48f2-88d9-841f60f42715
2021-06-14 20:09:51,986 INFO     test_ai_mod.labeler.v1.crawls -- resolved to: /Users/bot/test_ai/apps/b7133b3d-58f2-41fd-b1bf-448787c91ef3/builds/e72f62a0-6852-48f2-88d9-841f60f42715/crawls/20210614200939/elems/iter_00000_step_00000_11_a.png
2021-06-14 20:09:51,995 INFO     test_ai_mod.labeler.v1.crawls -- elem image requested, crawl: 20210614200939, filename: iter_00000_step_00000_screenshot.png
2021-06-14 20:09:51,996 INFO     test_ai_mod.carbon_dao.local_carbon_dao -- Getting build info: APP_ID: b7133b3d-58f2-41fd-b1bf-448787c91ef3, BUILD_ID: e72f62a0-6852-48f2-88d9-841f60f42715
2021-06-14 20:09:51,996 INFO     test_ai_mod.labeler.v1.crawls -- resolved to: /Users/bot/test_ai/apps/b7133b3d-58f2-41fd-b1bf-448787c91ef3/builds/e72f62a0-6852-48f2-88d9-841f60f42715/crawls/20210614200939/screens/iter_00000_step_00000_screenshot.png
2021-06-14 20:09:52,200 INFO     test_ai_mod.labeler.v1.crawls -- elem image requested, crawl: 20210614200939, filename: iter_00000_step_00000_35_span.png
2021-06-14 20:09:52,202 INFO     test_ai_mod.carbon_dao.local_carbon_dao -- Getting build info: APP_ID: b7133b3d-58f2-41fd-b1bf-448787c91ef3, BUILD_ID: e72f62a0-6852-48f2-88d9-841f60f42715
2021-06-14 20:09:52,203 INFO     test_ai_mod.labeler.v1.crawls -- elem image requested, crawl: 20210614200939, filename: iter_00000_step_00000_38_span.png
2021-06-14 20:09:52,203 INFO     test_ai_mod.labeler.v1.crawls -- resolved to: /Users/bot/test_ai/apps/b7133b3d-58f2-41fd-b1bf-448787c91ef3/builds/e72f62a0-6852-48f2-88d9-841f60f42715/crawls/20210614200939/elems/iter_00000_step_00000_35_span.png
2021-06-14 20:09:52,204 INFO     test_ai_mod.carbon_dao.local_carbon_dao -- Getting build info: APP_ID: b7133b3d-58f2-41fd-b1bf-448787c91ef3, BUILD_ID: e72f62a0-6852-48f2-88d9-841f60f42715
2021-06-14 20:09:52,205 INFO     test_ai_mod.labeler.v1.crawls -- resolved to: /Users/bot/test_ai/apps/b7133b3d-58f2-41fd-b1bf-448787c91ef3/builds/e72f62a0-6852-48f2-88d9-841f60f42715/crawls/20210614200939/elems/iter_00000_step_00000_38_span.png
2021-06-14 20:09:52,406 INFO     test_ai_mod.labeler.v1.crawls -- elem image requested, crawl: 20210614200939, filename: iter_00000_step_00000_34_a.png
2021-06-14 20:09:52,407 INFO     test_ai_mod.carbon_explore.interactive -- Interactive explore -- status -- start
2021-06-14 20:09:52,407 INFO     test_ai_mod.carbon_dao.local_carbon_dao -- Getting build info: APP_ID: b7133b3d-58f2-41fd-b1bf-448787c91ef3, BUILD_ID: e72f62a0-6852-48f2-88d9-841f60f42715
2021-06-14 20:09:52,408 INFO     test_ai_mod.carbon_explore.interactive -- Interactive explore -- status -- end
2021-06-14 20:09:52,409 INFO     test_ai_mod.labeler.v1.crawls -- resolved to: /Users/bot/test_ai/apps/b7133b3d-58f2-41fd-b1bf-448787c91ef3/builds/e72f62a0-6852-48f2-88d9-841f60f42715/crawls/20210614200939/elems/iter_00000_step_00000_34_a.png
2021-06-14 20:09:52,485 INFO     test_ai_mod.labeler.v1.crawls -- elem image requested, crawl: 20210614200939, filename: iter_00000_step_00000_45_span.png
2021-06-14 20:09:52,485 INFO     test_ai_mod.carbon_dao.local_carbon_dao -- Getting build info: APP_ID: b7133b3d-58f2-41fd-b1bf-448787c91ef3, BUILD_ID: e72f62a0-6852-48f2-88d9-841f60f42715
2021-06-14 20:09:52,486 INFO     test_ai_mod.labeler.v1.crawls -- resolved to: /Users/bot/test_ai/apps/b7133b3d-58f2-41fd-b1bf-448787c91ef3/builds/e72f62a0-6852-48f2-88d9-841f60f42715/crawls/20210614200939/elems/iter_00000_step_00000_45_span.png
2021-06-14 20:09:52,491 INFO     test_ai_mod.labeler.v1.crawls -- elem image requested, crawl: 20210614200939, filename: iter_00000_step_00000_50_a.png
2021-06-14 20:09:52,492 INFO     test_ai_mod.carbon_dao.local_carbon_dao -- Getting build info: APP_ID: b7133b3d-58f2-41fd-b1bf-448787c91ef3, BUILD_ID: e72f62a0-6852-48f2-88d9-841f60f42715
2021-06-14 20:09:52,492 INFO     test_ai_mod.labeler.v1.crawls -- resolved to: /Users/bot/test_ai/apps/b7133b3d-58f2-41fd-b1bf-448787c91ef3/builds/e72f62a0-6852-48f2-88d9-841f60f42715/crawls/20210614200939/elems/iter_00000_step_00000_50_a.png
2021-06-14 20:09:52,688 INFO     test_ai_mod.labeler.v1.crawls -- elem image requested, crawl: 20210614200939, filename: iter_00000_step_00000_47_div.png
2021-06-14 20:09:52,690 INFO     test_ai_mod.labeler.v1.crawls -- elem image requested, crawl: 20210614200939, filename: iter_00000_step_00000_46_div.png
2021-06-14 20:09:52,691 INFO     test_ai_mod.carbon_dao.local_carbon_dao -- Getting build info: APP_ID: b7133b3d-58f2-41fd-b1bf-448787c91ef3, BUILD_ID: e72f62a0-6852-48f2-88d9-841f60f42715
2021-06-14 20:09:52,691 INFO     test_ai_mod.carbon_dao.local_carbon_dao -- Getting build info: APP_ID: b7133b3d-58f2-41fd-b1bf-448787c91ef3, BUILD_ID: e72f62a0-6852-48f2-88d9-841f60f42715
2021-06-14 20:09:52,691 INFO     test_ai_mod.labeler.v1.crawls -- resolved to: /Users/bot/test_ai/apps/b7133b3d-58f2-41fd-b1bf-448787c91ef3/builds/e72f62a0-6852-48f2-88d9-841f60f42715/crawls/20210614200939/elems/iter_00000_step_00000_47_div.png
2021-06-14 20:09:52,692 INFO     test_ai_mod.labeler.v1.crawls -- resolved to: /Users/bot/test_ai/apps/b7133b3d-58f2-41fd-b1bf-448787c91ef3/builds/e72f62a0-6852-48f2-88d9-841f60f42715/crawls/20210614200939/elems/iter_00000_step_00000_46_div.png
2021-06-14 20:09:52,791 INFO     test_ai_mod.labeler.v1.crawls -- elem image requested, crawl: 20210614200939, filename: iter_00000_step_00000_14_a.png
2021-06-14 20:09:52,791 INFO     test_ai_mod.labeler.v1.crawls -- elem image requested, crawl: 20210614200939, filename: iter_00000_step_00000_1_button.png
2021-06-14 20:09:52,792 INFO     test_ai_mod.carbon_dao.local_carbon_dao -- Getting build info: APP_ID: b7133b3d-58f2-41fd-b1bf-448787c91ef3, BUILD_ID: e72f62a0-6852-48f2-88d9-841f60f42715
2021-06-14 20:09:52,792 INFO     test_ai_mod.carbon_dao.local_carbon_dao -- Getting build info: APP_ID: b7133b3d-58f2-41fd-b1bf-448787c91ef3, BUILD_ID: e72f62a0-6852-48f2-88d9-841f60f42715
2021-06-14 20:09:52,793 INFO     test_ai_mod.labeler.v1.crawls -- resolved to: /Users/bot/test_ai/apps/b7133b3d-58f2-41fd-b1bf-448787c91ef3/builds/e72f62a0-6852-48f2-88d9-841f60f42715/crawls/20210614200939/elems/iter_00000_step_00000_14_a.png
2021-06-14 20:09:52,793 INFO     test_ai_mod.labeler.v1.crawls -- resolved to: /Users/bot/test_ai/apps/b7133b3d-58f2-41fd-b1bf-448787c91ef3/builds/e72f62a0-6852-48f2-88d9-841f60f42715/crawls/20210614200939/elems/iter_00000_step_00000_1_button.png
2021-06-14 20:09:52,814 INFO     test_ai_mod.labeler.v1.crawls -- elem image requested, crawl: 20210614200939, filename: iter_00000_step_00000_51_span.png
2021-06-14 20:09:52,815 INFO     test_ai_mod.carbon_dao.local_carbon_dao -- Getting build info: APP_ID: b7133b3d-58f2-41fd-b1bf-448787c91ef3, BUILD_ID: e72f62a0-6852-48f2-88d9-841f60f42715
2021-06-14 20:09:52,815 INFO     test_ai_mod.labeler.v1.crawls -- resolved to: /Users/bot/test_ai/apps/b7133b3d-58f2-41fd-b1bf-448787c91ef3/builds/e72f62a0-6852-48f2-88d9-841f60f42715/crawls/20210614200939/elems/iter_00000_step_00000_51_span.png
2021-06-14 20:09:52,891 INFO     test_ai_mod.labeler.v1.crawls -- elem image requested, crawl: 20210614200939, filename: iter_00000_step_00000_9_div.png
2021-06-14 20:09:52,892 INFO     test_ai_mod.carbon_dao.local_carbon_dao -- Getting build info: APP_ID: b7133b3d-58f2-41fd-b1bf-448787c91ef3, BUILD_ID: e72f62a0-6852-48f2-88d9-841f60f42715
2021-06-14 20:09:52,892 INFO     test_ai_mod.labeler.v1.crawls -- resolved to: /Users/bot/test_ai/apps/b7133b3d-58f2-41fd-b1bf-448787c91ef3/builds/e72f62a0-6852-48f2-88d9-841f60f42715/crawls/20210614200939/elems/iter_00000_step_00000_9_div.png
2021-06-14 20:09:53,099 INFO     test_ai_mod.labeler.v1.crawls -- elem image requested, crawl: 20210614200939, filename: iter_00000_step_00000_10_a.png
2021-06-14 20:09:53,100 INFO     test_ai_mod.carbon_dao.local_carbon_dao -- Getting build info: APP_ID: b7133b3d-58f2-41fd-b1bf-448787c91ef3, BUILD_ID: e72f62a0-6852-48f2-88d9-841f60f42715
2021-06-14 20:09:53,100 INFO     test_ai_mod.labeler.v1.crawls -- resolved to: /Users/bot/test_ai/apps/b7133b3d-58f2-41fd-b1bf-448787c91ef3/builds/e72f62a0-6852-48f2-88d9-841f60f42715/crawls/20210614200939/elems/iter_00000_step_00000_10_a.png
2021-06-14 20:09:53,189 INFO     test_ai_mod.labeler.v1.crawls -- elem image requested, crawl: 20210614200939, filename: iter_00000_step_00000_19_div.png
2021-06-14 20:09:53,189 INFO     test_ai_mod.carbon_dao.local_carbon_dao -- Getting build info: APP_ID: b7133b3d-58f2-41fd-b1bf-448787c91ef3, BUILD_ID: e72f62a0-6852-48f2-88d9-841f60f42715
2021-06-14 20:09:53,191 INFO     test_ai_mod.labeler.v1.crawls -- elem image requested, crawl: 20210614200939, filename: iter_00000_step_00000_4_h1.png
2021-06-14 20:09:53,191 INFO     test_ai_mod.labeler.v1.crawls -- resolved to: /Users/bot/test_ai/apps/b7133b3d-58f2-41fd-b1bf-448787c91ef3/builds/e72f62a0-6852-48f2-88d9-841f60f42715/crawls/20210614200939/elems/iter_00000_step_00000_19_div.png
2021-06-14 20:09:53,192 INFO     test_ai_mod.carbon_dao.local_carbon_dao -- Getting build info: APP_ID: b7133b3d-58f2-41fd-b1bf-448787c91ef3, BUILD_ID: e72f62a0-6852-48f2-88d9-841f60f42715
2021-06-14 20:09:53,193 INFO     test_ai_mod.labeler.v1.crawls -- resolved to: /Users/bot/test_ai/apps/b7133b3d-58f2-41fd-b1bf-448787c91ef3/builds/e72f62a0-6852-48f2-88d9-841f60f42715/crawls/20210614200939/elems/iter_00000_step_00000_4_h1.png
2021-06-14 20:09:53,294 INFO     test_ai_mod.labeler.v1.crawls -- elem image requested, crawl: 20210614200939, filename: iter_00000_step_00000_16_div.png
2021-06-14 20:09:53,294 INFO     test_ai_mod.labeler.v1.crawls -- elem image requested, crawl: 20210614200939, filename: iter_00000_step_00000_37_span.png
2021-06-14 20:09:53,295 INFO     test_ai_mod.carbon_dao.local_carbon_dao -- Getting build info: APP_ID: b7133b3d-58f2-41fd-b1bf-448787c91ef3, BUILD_ID: e72f62a0-6852-48f2-88d9-841f60f42715
2021-06-14 20:09:53,295 INFO     test_ai_mod.carbon_dao.local_carbon_dao -- Getting build info: APP_ID: b7133b3d-58f2-41fd-b1bf-448787c91ef3, BUILD_ID: e72f62a0-6852-48f2-88d9-841f60f42715
2021-06-14 20:09:53,296 INFO     test_ai_mod.labeler.v1.crawls -- resolved to: /Users/bot/test_ai/apps/b7133b3d-58f2-41fd-b1bf-448787c91ef3/builds/e72f62a0-6852-48f2-88d9-841f60f42715/crawls/20210614200939/elems/iter_00000_step_00000_16_div.png
2021-06-14 20:09:53,296 INFO     test_ai_mod.labeler.v1.crawls -- resolved to: /Users/bot/test_ai/apps/b7133b3d-58f2-41fd-b1bf-448787c91ef3/builds/e72f62a0-6852-48f2-88d9-841f60f42715/crawls/20210614200939/elems/iter_00000_step_00000_37_span.png
2021-06-14 20:09:53,388 INFO     test_ai_mod.labeler.v1.crawls -- elem image requested, crawl: 20210614200939, filename: iter_00000_step_00000_48_a.png
2021-06-14 20:09:53,389 INFO     test_ai_mod.carbon_dao.local_carbon_dao -- Getting build info: APP_ID: b7133b3d-58f2-41fd-b1bf-448787c91ef3, BUILD_ID: e72f62a0-6852-48f2-88d9-841f60f42715
2021-06-14 20:09:53,389 INFO     test_ai_mod.labeler.v1.crawls -- resolved to: /Users/bot/test_ai/apps/b7133b3d-58f2-41fd-b1bf-448787c91ef3/builds/e72f62a0-6852-48f2-88d9-841f60f42715/crawls/20210614200939/elems/iter_00000_step_00000_48_a.png
2021-06-14 20:09:53,497 INFO     test_ai_mod.labeler.v1.crawls -- elem image requested, crawl: 20210614200939, filename: iter_00000_step_00000_53_a.png
2021-06-14 20:09:53,497 INFO     test_ai_mod.labeler.v1.crawls -- elem image requested, crawl: 20210614200939, filename: iter_00000_step_00000_52_div.png
2021-06-14 20:09:53,498 INFO     test_ai_mod.carbon_dao.local_carbon_dao -- Getting build info: APP_ID: b7133b3d-58f2-41fd-b1bf-448787c91ef3, BUILD_ID: e72f62a0-6852-48f2-88d9-841f60f42715
2021-06-14 20:09:53,498 INFO     test_ai_mod.carbon_dao.local_carbon_dao -- Getting build info: APP_ID: b7133b3d-58f2-41fd-b1bf-448787c91ef3, BUILD_ID: e72f62a0-6852-48f2-88d9-841f60f42715
2021-06-14 20:09:53,499 INFO     test_ai_mod.labeler.v1.crawls -- resolved to: /Users/bot/test_ai/apps/b7133b3d-58f2-41fd-b1bf-448787c91ef3/builds/e72f62a0-6852-48f2-88d9-841f60f42715/crawls/20210614200939/elems/iter_00000_step_00000_52_div.png
2021-06-14 20:09:53,499 INFO     test_ai_mod.labeler.v1.crawls -- resolved to: /Users/bot/test_ai/apps/b7133b3d-58f2-41fd-b1bf-448787c91ef3/builds/e72f62a0-6852-48f2-88d9-841f60f42715/crawls/20210614200939/elems/iter_00000_step_00000_53_a.png
2021-06-14 20:09:53,594 INFO     test_ai_mod.labeler.v1.crawls -- elem image requested, crawl: 20210614200939, filename: iter_00000_step_00000_5_span.png
2021-06-14 20:09:53,595 INFO     test_ai_mod.carbon_dao.local_carbon_dao -- Getting build info: APP_ID: b7133b3d-58f2-41fd-b1bf-448787c91ef3, BUILD_ID: e72f62a0-6852-48f2-88d9-841f60f42715
2021-06-14 20:09:53,595 INFO     test_ai_mod.labeler.v1.crawls -- resolved to: /Users/bot/test_ai/apps/b7133b3d-58f2-41fd-b1bf-448787c91ef3/builds/e72f62a0-6852-48f2-88d9-841f60f42715/crawls/20210614200939/elems/iter_00000_step_00000_5_span.png
2021-06-14 20:09:53,694 INFO     test_ai_mod.labeler.v1.crawls -- elem image requested, crawl: 20210614200939, filename: iter_00000_step_00000_7_a.png
2021-06-14 20:09:53,695 INFO     test_ai_mod.carbon_dao.local_carbon_dao -- Getting build info: APP_ID: b7133b3d-58f2-41fd-b1bf-448787c91ef3, BUILD_ID: e72f62a0-6852-48f2-88d9-841f60f42715
2021-06-14 20:09:53,695 INFO     test_ai_mod.labeler.v1.crawls -- resolved to: /Users/bot/test_ai/apps/b7133b3d-58f2-41fd-b1bf-448787c91ef3/builds/e72f62a0-6852-48f2-88d9-841f60f42715/crawls/20210614200939/elems/iter_00000_step_00000_7_a.png
2021-06-14 20:09:53,701 INFO     test_ai_mod.labeler.v1.crawls -- elem image requested, crawl: 20210614200939, filename: iter_00000_step_00000_43_span.png
2021-06-14 20:09:53,702 INFO     test_ai_mod.carbon_dao.local_carbon_dao -- Getting build info: APP_ID: b7133b3d-58f2-41fd-b1bf-448787c91ef3, BUILD_ID: e72f62a0-6852-48f2-88d9-841f60f42715
2021-06-14 20:09:53,702 INFO     test_ai_mod.labeler.v1.crawls -- resolved to: /Users/bot/test_ai/apps/b7133b3d-58f2-41fd-b1bf-448787c91ef3/builds/e72f62a0-6852-48f2-88d9-841f60f42715/crawls/20210614200939/elems/iter_00000_step_00000_43_span.png
2021-06-14 20:09:53,782 INFO     test_ai_mod.labeler.v1.crawls -- elem image requested, crawl: 20210614200939, filename: iter_00000_step_00000_32_a.png
2021-06-14 20:09:53,782 INFO     test_ai_mod.carbon_dao.local_carbon_dao -- Getting build info: APP_ID: b7133b3d-58f2-41fd-b1bf-448787c91ef3, BUILD_ID: e72f62a0-6852-48f2-88d9-841f60f42715
2021-06-14 20:09:53,785 INFO     test_ai_mod.labeler.v1.crawls -- resolved to: /Users/bot/test_ai/apps/b7133b3d-58f2-41fd-b1bf-448787c91ef3/builds/e72f62a0-6852-48f2-88d9-841f60f42715/crawls/20210614200939/elems/iter_00000_step_00000_32_a.png
2021-06-14 20:09:53,786 INFO     test_ai_mod.labeler.v1.crawls -- elem image requested, crawl: 20210614200939, filename: iter_00000_step_00000_22_a.png
2021-06-14 20:09:53,787 INFO     test_ai_mod.carbon_dao.local_carbon_dao -- Getting build info: APP_ID: b7133b3d-58f2-41fd-b1bf-448787c91ef3, BUILD_ID: e72f62a0-6852-48f2-88d9-841f60f42715
2021-06-14 20:09:53,788 INFO     test_ai_mod.labeler.v1.crawls -- resolved to: /Users/bot/test_ai/apps/b7133b3d-58f2-41fd-b1bf-448787c91ef3/builds/e72f62a0-6852-48f2-88d9-841f60f42715/crawls/20210614200939/elems/iter_00000_step_00000_22_a.png
2021-06-14 20:09:53,814 INFO     test_ai_mod.labeler.v1.crawls -- elem image requested, crawl: 20210614200939, filename: iter_00000_step_00000_29_div.png
2021-06-14 20:09:53,815 INFO     test_ai_mod.carbon_dao.local_carbon_dao -- Getting build info: APP_ID: b7133b3d-58f2-41fd-b1bf-448787c91ef3, BUILD_ID: e72f62a0-6852-48f2-88d9-841f60f42715
2021-06-14 20:09:53,816 INFO     test_ai_mod.labeler.v1.crawls -- resolved to: /Users/bot/test_ai/apps/b7133b3d-58f2-41fd-b1bf-448787c91ef3/builds/e72f62a0-6852-48f2-88d9-841f60f42715/crawls/20210614200939/elems/iter_00000_step_00000_29_div.png
2021-06-14 20:09:53,896 INFO     test_ai_mod.labeler.v1.crawls -- elem image requested, crawl: 20210614200939, filename: iter_00000_step_00000_25_span.png
2021-06-14 20:09:53,896 INFO     test_ai_mod.carbon_dao.local_carbon_dao -- Getting build info: APP_ID: b7133b3d-58f2-41fd-b1bf-448787c91ef3, BUILD_ID: e72f62a0-6852-48f2-88d9-841f60f42715
2021-06-14 20:09:53,897 INFO     test_ai_mod.labeler.v1.crawls -- resolved to: /Users/bot/test_ai/apps/b7133b3d-58f2-41fd-b1bf-448787c91ef3/builds/e72f62a0-6852-48f2-88d9-841f60f42715/crawls/20210614200939/elems/iter_00000_step_00000_25_span.png
2021-06-14 20:09:54,069 INFO     test_ai_mod.labeler.v1.crawls -- elem image requested, crawl: 20210614200939, filename: iter_00000_step_00000_6_span.png
2021-06-14 20:09:54,070 INFO     test_ai_mod.carbon_dao.local_carbon_dao -- Getting build info: APP_ID: b7133b3d-58f2-41fd-b1bf-448787c91ef3, BUILD_ID: e72f62a0-6852-48f2-88d9-841f60f42715
2021-06-14 20:09:54,070 INFO     test_ai_mod.labeler.v1.crawls -- resolved to: /Users/bot/test_ai/apps/b7133b3d-58f2-41fd-b1bf-448787c91ef3/builds/e72f62a0-6852-48f2-88d9-841f60f42715/crawls/20210614200939/elems/iter_00000_step_00000_6_span.png
2021-06-14 20:09:54,094 INFO     test_ai_mod.labeler.v1.crawls -- elem image requested, crawl: 20210614200939, filename: iter_00000_step_00000_33_a.png
2021-06-14 20:09:54,095 INFO     test_ai_mod.carbon_dao.local_carbon_dao -- Getting build info: APP_ID: b7133b3d-58f2-41fd-b1bf-448787c91ef3, BUILD_ID: e72f62a0-6852-48f2-88d9-841f60f42715
2021-06-14 20:09:54,095 INFO     test_ai_mod.labeler.v1.crawls -- resolved to: /Users/bot/test_ai/apps/b7133b3d-58f2-41fd-b1bf-448787c91ef3/builds/e72f62a0-6852-48f2-88d9-841f60f42715/crawls/20210614200939/elems/iter_00000_step_00000_33_a.png
2021-06-14 20:09:54,099 INFO     test_ai_mod.labeler.v1.crawls -- elem image requested, crawl: 20210614200939, filename: iter_00000_step_00000_41_a.png
2021-06-14 20:09:54,102 INFO     test_ai_mod.carbon_dao.local_carbon_dao -- Getting build info: APP_ID: b7133b3d-58f2-41fd-b1bf-448787c91ef3, BUILD_ID: e72f62a0-6852-48f2-88d9-841f60f42715
2021-06-14 20:09:54,103 INFO     test_ai_mod.labeler.v1.crawls -- resolved to: /Users/bot/test_ai/apps/b7133b3d-58f2-41fd-b1bf-448787c91ef3/builds/e72f62a0-6852-48f2-88d9-841f60f42715/crawls/20210614200939/elems/iter_00000_step_00000_41_a.png
2021-06-14 20:09:54,145 INFO     test_ai_mod.labeler.v1.crawls -- elem image requested, crawl: 20210614200939, filename: iter_00000_step_00000_0_span.png
2021-06-14 20:09:54,145 INFO     test_ai_mod.carbon_dao.local_carbon_dao -- Getting build info: APP_ID: b7133b3d-58f2-41fd-b1bf-448787c91ef3, BUILD_ID: e72f62a0-6852-48f2-88d9-841f60f42715
2021-06-14 20:09:54,146 INFO     test_ai_mod.labeler.v1.crawls -- resolved to: /Users/bot/test_ai/apps/b7133b3d-58f2-41fd-b1bf-448787c91ef3/builds/e72f62a0-6852-48f2-88d9-841f60f42715/crawls/20210614200939/elems/iter_00000_step_00000_0_span.png
2021-06-14 20:09:54,190 INFO     test_ai_mod.labeler.v1.crawls -- elem image requested, crawl: 20210614200939, filename: iter_00000_step_00000_3_a.png
2021-06-14 20:09:54,191 INFO     test_ai_mod.carbon_dao.local_carbon_dao -- Getting build info: APP_ID: b7133b3d-58f2-41fd-b1bf-448787c91ef3, BUILD_ID: e72f62a0-6852-48f2-88d9-841f60f42715
2021-06-14 20:09:54,191 INFO     test_ai_mod.labeler.v1.crawls -- resolved to: /Users/bot/test_ai/apps/b7133b3d-58f2-41fd-b1bf-448787c91ef3/builds/e72f62a0-6852-48f2-88d9-841f60f42715/crawls/20210614200939/elems/iter_00000_step_00000_3_a.png
2021-06-14 20:09:54,294 INFO     test_ai_mod.labeler.v1.crawls -- elem image requested, crawl: 20210614200939, filename: iter_00000_step_00000_12_div.png
2021-06-14 20:09:54,294 INFO     test_ai_mod.carbon_dao.local_carbon_dao -- Getting build info: APP_ID: b7133b3d-58f2-41fd-b1bf-448787c91ef3, BUILD_ID: e72f62a0-6852-48f2-88d9-841f60f42715
2021-06-14 20:09:54,295 INFO     test_ai_mod.labeler.v1.crawls -- resolved to: /Users/bot/test_ai/apps/b7133b3d-58f2-41fd-b1bf-448787c91ef3/builds/e72f62a0-6852-48f2-88d9-841f60f42715/crawls/20210614200939/elems/iter_00000_step_00000_12_div.png
2021-06-14 20:09:54,313 INFO     test_ai_mod.labeler.v1.crawls -- elem image requested, crawl: 20210614200939, filename: iter_00000_step_00000_20_img.png
2021-06-14 20:09:54,314 INFO     test_ai_mod.carbon_dao.local_carbon_dao -- Getting build info: APP_ID: b7133b3d-58f2-41fd-b1bf-448787c91ef3, BUILD_ID: e72f62a0-6852-48f2-88d9-841f60f42715
2021-06-14 20:09:54,315 INFO     test_ai_mod.labeler.v1.crawls -- resolved to: /Users/bot/test_ai/apps/b7133b3d-58f2-41fd-b1bf-448787c91ef3/builds/e72f62a0-6852-48f2-88d9-841f60f42715/crawls/20210614200939/elems/iter_00000_step_00000_20_img.png
2021-06-14 20:09:54,408 INFO     test_ai_mod.labeler.v1.crawls -- elem image requested, crawl: 20210614200939, filename: iter_00000_step_00000_44_span.png
2021-06-14 20:09:54,409 INFO     test_ai_mod.carbon_dao.local_carbon_dao -- Getting build info: APP_ID: b7133b3d-58f2-41fd-b1bf-448787c91ef3, BUILD_ID: e72f62a0-6852-48f2-88d9-841f60f42715
2021-06-14 20:09:54,409 INFO     test_ai_mod.labeler.v1.crawls -- resolved to: /Users/bot/test_ai/apps/b7133b3d-58f2-41fd-b1bf-448787c91ef3/builds/e72f62a0-6852-48f2-88d9-841f60f42715/crawls/20210614200939/elems/iter_00000_step_00000_44_span.png
2021-06-14 20:09:54,427 INFO     test_ai_mod.labeler.v1.crawls -- elem image requested, crawl: 20210614200939, filename: iter_00000_step_00000_24_span.png
2021-06-14 20:09:54,427 INFO     test_ai_mod.carbon_dao.local_carbon_dao -- Getting build info: APP_ID: b7133b3d-58f2-41fd-b1bf-448787c91ef3, BUILD_ID: e72f62a0-6852-48f2-88d9-841f60f42715
2021-06-14 20:09:54,428 INFO     test_ai_mod.labeler.v1.crawls -- resolved to: /Users/bot/test_ai/apps/b7133b3d-58f2-41fd-b1bf-448787c91ef3/builds/e72f62a0-6852-48f2-88d9-841f60f42715/crawls/20210614200939/elems/iter_00000_step_00000_24_span.png
2021-06-14 20:09:54,487 INFO     test_ai_mod.labeler.v1.crawls -- elem image requested, crawl: 20210614200939, filename: iter_00000_step_00000_36_button.png
2021-06-14 20:09:54,487 INFO     test_ai_mod.carbon_dao.local_carbon_dao -- Getting build info: APP_ID: b7133b3d-58f2-41fd-b1bf-448787c91ef3, BUILD_ID: e72f62a0-6852-48f2-88d9-841f60f42715
2021-06-14 20:09:54,488 INFO     test_ai_mod.labeler.v1.crawls -- resolved to: /Users/bot/test_ai/apps/b7133b3d-58f2-41fd-b1bf-448787c91ef3/builds/e72f62a0-6852-48f2-88d9-841f60f42715/crawls/20210614200939/elems/iter_00000_step_00000_36_button.png
2021-06-14 20:09:54,506 INFO     test_ai_mod.labeler.v1.crawls -- elem image requested, crawl: 20210614200939, filename: iter_00000_step_00000_31_div.png
2021-06-14 20:09:54,507 INFO     test_ai_mod.carbon_dao.local_carbon_dao -- Getting build info: APP_ID: b7133b3d-58f2-41fd-b1bf-448787c91ef3, BUILD_ID: e72f62a0-6852-48f2-88d9-841f60f42715
2021-06-14 20:09:54,507 INFO     test_ai_mod.labeler.v1.crawls -- resolved to: /Users/bot/test_ai/apps/b7133b3d-58f2-41fd-b1bf-448787c91ef3/builds/e72f62a0-6852-48f2-88d9-841f60f42715/crawls/20210614200939/elems/iter_00000_step_00000_31_div.png
2021-06-14 20:09:54,548 INFO     test_ai_mod.labeler.v1.crawls -- elem image requested, crawl: 20210614200939, filename: iter_00000_step_00000_40_div.png
2021-06-14 20:09:54,549 INFO     test_ai_mod.carbon_dao.local_carbon_dao -- Getting build info: APP_ID: b7133b3d-58f2-41fd-b1bf-448787c91ef3, BUILD_ID: e72f62a0-6852-48f2-88d9-841f60f42715
2021-06-14 20:09:54,550 INFO     test_ai_mod.labeler.v1.crawls -- resolved to: /Users/bot/test_ai/apps/b7133b3d-58f2-41fd-b1bf-448787c91ef3/builds/e72f62a0-6852-48f2-88d9-841f60f42715/crawls/20210614200939/elems/iter_00000_step_00000_40_div.png
2021-06-14 20:09:54,596 INFO     test_ai_mod.labeler.v1.crawls -- elem image requested, crawl: 20210614200939, filename: iter_00000_step_00000_49_a.png
2021-06-14 20:09:54,596 INFO     test_ai_mod.carbon_dao.local_carbon_dao -- Getting build info: APP_ID: b7133b3d-58f2-41fd-b1bf-448787c91ef3, BUILD_ID: e72f62a0-6852-48f2-88d9-841f60f42715
2021-06-14 20:09:54,597 INFO     test_ai_mod.labeler.v1.crawls -- resolved to: /Users/bot/test_ai/apps/b7133b3d-58f2-41fd-b1bf-448787c91ef3/builds/e72f62a0-6852-48f2-88d9-841f60f42715/crawls/20210614200939/elems/iter_00000_step_00000_49_a.png
2021-06-14 20:09:54,629 INFO     test_ai_mod.labeler.v1.crawls -- elem image requested, crawl: 20210614200939, filename: iter_00000_step_00000_18_div.png
2021-06-14 20:09:54,629 INFO     test_ai_mod.carbon_dao.local_carbon_dao -- Getting build info: APP_ID: b7133b3d-58f2-41fd-b1bf-448787c91ef3, BUILD_ID: e72f62a0-6852-48f2-88d9-841f60f42715
2021-06-14 20:09:54,630 INFO     test_ai_mod.labeler.v1.crawls -- resolved to: /Users/bot/test_ai/apps/b7133b3d-58f2-41fd-b1bf-448787c91ef3/builds/e72f62a0-6852-48f2-88d9-841f60f42715/crawls/20210614200939/elems/iter_00000_step_00000_18_div.png
2021-06-14 20:09:54,674 INFO     test_ai_mod.labeler.v1.crawls -- elem image requested, crawl: 20210614200939, filename: iter_00000_step_00000_17_span.png
2021-06-14 20:09:54,674 INFO     test_ai_mod.carbon_dao.local_carbon_dao -- Getting build info: APP_ID: b7133b3d-58f2-41fd-b1bf-448787c91ef3, BUILD_ID: e72f62a0-6852-48f2-88d9-841f60f42715
2021-06-14 20:09:54,675 INFO     test_ai_mod.labeler.v1.crawls -- resolved to: /Users/bot/test_ai/apps/b7133b3d-58f2-41fd-b1bf-448787c91ef3/builds/e72f62a0-6852-48f2-88d9-841f60f42715/crawls/20210614200939/elems/iter_00000_step_00000_17_span.png
2021-06-14 20:09:57,137 INFO     test_ai_mod.carbon_explore.interactive -- Interactive explore -- status -- start
2021-06-14 20:09:57,137 INFO     test_ai_mod.carbon_explore.interactive -- Interactive explore -- status -- end
2021-06-14 20:10:02,106 INFO     test_ai_mod.carbon_explore.interactive -- Interactive explore -- status -- start
2021-06-14 20:10:02,107 INFO     test_ai_mod.carbon_explore.interactive -- Interactive explore -- status -- end
2021-06-14 20:10:07,102 INFO     test_ai_mod.carbon_explore.interactive -- Interactive explore -- status -- start
2021-06-14 20:10:07,103 INFO     test_ai_mod.carbon_explore.interactive -- Interactive explore -- status -- end
2021-06-14 20:10:12,107 INFO     test_ai_mod.carbon_explore.interactive -- Interactive explore -- status -- start
2021-06-14 20:10:12,107 INFO     test_ai_mod.carbon_explore.interactive -- Interactive explore -- status -- end
2021-06-14 20:10:17,088 INFO     test_ai_mod.carbon_explore.interactive -- Interactive explore -- status -- start
2021-06-14 20:10:17,088 INFO     test_ai_mod.carbon_explore.interactive -- Interactive explore -- status -- end
2021-06-14 20:10:22,254 INFO     test_ai_mod.carbon_explore.interactive -- Interactive explore -- status -- start
2021-06-14 20:10:22,254 INFO     test_ai_mod.carbon_explore.interactive -- Interactive explore -- status -- end
2021-06-14 20:10:27,108 INFO     test_ai_mod.carbon_explore.interactive -- Interactive explore -- status -- start
2021-06-14 20:10:27,108 INFO     test_ai_mod.carbon_explore.interactive -- Interactive explore -- status -- end
2021-06-14 20:10:29,356 INFO     test_ai_mod.carbon_dao.local_carbon_dao -- Getting build info: APP_ID: b7133b3d-58f2-41fd-b1bf-448787c91ef3, BUILD_ID: e72f62a0-6852-48f2-88d9-841f60f42715
2021-06-14 20:10:29,356 INFO     test_ai_mod.labeler.v1.crawls -- labels_info:{u'screens': {}, u'elems': {u'iter_00000_step_00000_26_span.png': [u'btn_clubs']}}
2021-06-14 20:10:29,357 INFO     test_ai_mod.carbon_dao.local_carbon_dao -- Getting build info: APP_ID: b7133b3d-58f2-41fd-b1bf-448787c91ef3, BUILD_ID: e72f62a0-6852-48f2-88d9-841f60f42715
2021-06-14 20:10:29,568 INFO     test_ai_mod.carbon_dao.local_carbon_dao -- Getting build info: APP_ID: b7133b3d-58f2-41fd-b1bf-448787c91ef3, BUILD_ID: e72f62a0-6852-48f2-88d9-841f60f42715
2021-06-14 20:10:32,192 INFO     test_ai_mod.carbon_explore.interactive -- Interactive explore -- status -- start
2021-06-14 20:10:32,192 INFO     test_ai_mod.carbon_explore.interactive -- Interactive explore -- status -- end
2021-06-14 20:10:36,990 INFO     test_ai_mod.carbon_dao.local_carbon_dao -- Getting build info: APP_ID: b7133b3d-58f2-41fd-b1bf-448787c91ef3, BUILD_ID: e72f62a0-6852-48f2-88d9-841f60f42715
2021-06-14 20:10:36,991 INFO     test_ai_mod.labeler.v1.crawls -- labels_info:{u'screens': {}, u'elems': {u'iter_00000_step_00000_26_span.png': [u'btn_clubs'], u'iter_00000_step_00000_39_a.png': [u'btn_quinox_alumni']}}
2021-06-14 20:10:36,991 INFO     test_ai_mod.carbon_dao.local_carbon_dao -- Getting build info: APP_ID: b7133b3d-58f2-41fd-b1bf-448787c91ef3, BUILD_ID: e72f62a0-6852-48f2-88d9-841f60f42715
2021-06-14 20:10:37,086 INFO     test_ai_mod.carbon_explore.interactive -- Interactive explore -- status -- start
2021-06-14 20:10:37,086 INFO     test_ai_mod.carbon_explore.interactive -- Interactive explore -- status -- end
2021-06-14 20:10:37,235 INFO     test_ai_mod.carbon_dao.local_carbon_dao -- Getting build info: APP_ID: b7133b3d-58f2-41fd-b1bf-448787c91ef3, BUILD_ID: e72f62a0-6852-48f2-88d9-841f60f42715
2021-06-14 20:10:42,085 INFO     test_ai_mod.carbon_explore.interactive -- Interactive explore -- status -- start
2021-06-14 20:10:42,085 INFO     test_ai_mod.carbon_explore.interactive -- Interactive explore -- status -- end
2021-06-14 20:10:44,187 INFO     test_ai_mod.carbon_dao.local_carbon_dao -- Getting build info: APP_ID: b7133b3d-58f2-41fd-b1bf-448787c91ef3, BUILD_ID: e72f62a0-6852-48f2-88d9-841f60f42715
2021-06-14 20:10:44,188 INFO     test_ai_mod.labeler.v1.crawls -- labels_info:{u'screens': {}, u'elems': {u'iter_00000_step_00000_2_span.png': [u'span_join_online'], u'iter_00000_step_00000_26_span.png': [u'btn_clubs'], u'iter_00000_step_00000_39_a.png': [u'btn_quinox_alumni']}}
2021-06-14 20:10:44,189 INFO     test_ai_mod.carbon_dao.local_carbon_dao -- Getting build info: APP_ID: b7133b3d-58f2-41fd-b1bf-448787c91ef3, BUILD_ID: e72f62a0-6852-48f2-88d9-841f60f42715
2021-06-14 20:10:44,428 INFO     test_ai_mod.carbon_dao.local_carbon_dao -- Getting build info: APP_ID: b7133b3d-58f2-41fd-b1bf-448787c91ef3, BUILD_ID: e72f62a0-6852-48f2-88d9-841f60f42715
2021-06-14 20:10:47,099 INFO     test_ai_mod.carbon_explore.interactive -- Interactive explore -- status -- start
2021-06-14 20:10:47,099 INFO     test_ai_mod.carbon_explore.interactive -- Interactive explore -- status -- end
2021-06-14 20:10:51,807 INFO     test_ai_mod.carbon_dao.local_carbon_dao -- Getting build info: APP_ID: b7133b3d-58f2-41fd-b1bf-448787c91ef3, BUILD_ID: e72f62a0-6852-48f2-88d9-841f60f42715
2021-06-14 20:10:51,808 INFO     test_ai_mod.labeler.v1.crawls -- labels_info:{u'screens': {}, u'elems': {u'iter_00000_step_00000_2_span.png': [u'span_join_online'], u'iter_00000_step_00000_11_a.png': [u'btn_member_benefits'], u'iter_00000_step_00000_26_span.png': [u'btn_clubs'], u'iter_00000_step_00000_39_a.png': [u'btn_quinox_alumni']}}
2021-06-14 20:10:51,809 INFO     test_ai_mod.carbon_dao.local_carbon_dao -- Getting build info: APP_ID: b7133b3d-58f2-41fd-b1bf-448787c91ef3, BUILD_ID: e72f62a0-6852-48f2-88d9-841f60f42715
2021-06-14 20:10:52,083 INFO     test_ai_mod.carbon_dao.local_carbon_dao -- Getting build info: APP_ID: b7133b3d-58f2-41fd-b1bf-448787c91ef3, BUILD_ID: e72f62a0-6852-48f2-88d9-841f60f42715
2021-06-14 20:10:52,183 INFO     test_ai_mod.carbon_explore.interactive -- Interactive explore -- status -- start
2021-06-14 20:10:52,183 INFO     test_ai_mod.carbon_explore.interactive -- Interactive explore -- status -- end
2021-06-14 20:10:57,095 INFO     test_ai_mod.carbon_explore.interactive -- Interactive explore -- status -- start
2021-06-14 20:10:57,096 INFO     test_ai_mod.carbon_explore.interactive -- Interactive explore -- status -- end
2021-06-14 20:10:58,243 INFO     test_ai_mod.carbon_dao.local_carbon_dao -- Getting build info: APP_ID: b7133b3d-58f2-41fd-b1bf-448787c91ef3, BUILD_ID: e72f62a0-6852-48f2-88d9-841f60f42715
2021-06-14 20:10:58,243 INFO     test_ai_mod.labeler.v1.crawls -- labels_info:{u'screens': {}, u'elems': {u'iter_00000_step_00000_2_span.png': [u'span_join_online'], u'iter_00000_step_00000_11_a.png': [u'btn_member_benefits'], u'iter_00000_step_00000_26_span.png': [u'btn_clubs'], u'iter_00000_step_00000_50_a.png': [u'btn_classes'], u'iter_00000_step_00000_39_a.png': [u'btn_quinox_alumni']}}
2021-06-14 20:10:58,244 INFO     test_ai_mod.carbon_dao.local_carbon_dao -- Getting build info: APP_ID: b7133b3d-58f2-41fd-b1bf-448787c91ef3, BUILD_ID: e72f62a0-6852-48f2-88d9-841f60f42715
2021-06-14 20:10:58,426 INFO     test_ai_mod.carbon_dao.local_carbon_dao -- Getting build info: APP_ID: b7133b3d-58f2-41fd-b1bf-448787c91ef3, BUILD_ID: e72f62a0-6852-48f2-88d9-841f60f42715
2021-06-14 20:11:02,119 INFO     test_ai_mod.carbon_explore.interactive -- Interactive explore -- status -- start
2021-06-14 20:11:02,119 INFO     test_ai_mod.carbon_explore.interactive -- Interactive explore -- status -- end
2021-06-14 20:11:06,656 INFO     test_ai_mod.carbon_dao.local_carbon_dao -- Getting build info: APP_ID: b7133b3d-58f2-41fd-b1bf-448787c91ef3, BUILD_ID: e72f62a0-6852-48f2-88d9-841f60f42715
2021-06-14 20:11:06,657 INFO     test_ai_mod.labeler.v1.crawls -- labels_info:{u'screens': {}, u'elems': {u'iter_00000_step_00000_10_a.png': [u'btn_equinox'], u'iter_00000_step_00000_2_span.png': [u'span_join_online'], u'iter_00000_step_00000_39_a.png': [u'btn_quinox_alumni'], u'iter_00000_step_00000_50_a.png': [u'btn_classes'], u'iter_00000_step_00000_11_a.png': [u'btn_member_benefits'], u'iter_00000_step_00000_26_span.png': [u'btn_clubs']}}
2021-06-14 20:11:06,658 INFO     test_ai_mod.carbon_dao.local_carbon_dao -- Getting build info: APP_ID: b7133b3d-58f2-41fd-b1bf-448787c91ef3, BUILD_ID: e72f62a0-6852-48f2-88d9-841f60f42715
2021-06-14 20:11:06,831 INFO     test_ai_mod.carbon_dao.local_carbon_dao -- Getting build info: APP_ID: b7133b3d-58f2-41fd-b1bf-448787c91ef3, BUILD_ID: e72f62a0-6852-48f2-88d9-841f60f42715
2021-06-14 20:11:07,090 INFO     test_ai_mod.carbon_explore.interactive -- Interactive explore -- status -- start
2021-06-14 20:11:07,090 INFO     test_ai_mod.carbon_explore.interactive -- Interactive explore -- status -- end
2021-06-14 20:11:10,815 INFO     test_ai_mod.carbon_explore.interactive -- Interactive explore -- status -- start
2021-06-14 20:11:10,815 INFO     test_ai_mod.carbon_explore.interactive -- Interactive explore -- status -- end
2021-06-14 20:11:10,819 INFO     test_ai_mod.carbon_explore.interactive -- Interactive explore -- status -- start
2021-06-14 20:11:10,819 INFO     test_ai_mod.carbon_explore.interactive -- Interactive explore -- status -- end
2021-06-14 20:11:10,820 INFO     root -- Stopping interactive crawl.
2021-06-14 20:11:10,823 INFO     test_ai_mod.carbon_explore.interactive -- Interactive explore -- stop -- start
2021-06-14 20:11:10,823 INFO     test_ai_mod.carbon_explore.interactive -- Interactive explore -- stop -- stop
2021-06-14 20:11:11,323 INFO     test_ai_mod.carbon_explore.explore_hook -- Explore hook -- apply_deferred_runtime_labels starting.
2021-06-14 20:11:11,324 INFO     test_ai_mod.carbon_explore.explore_hook -- Explore hook -- apply_deferred_runtime_labels completed.
2021-06-14 20:11:11,324 INFO     test_ai_mod.carbon_explore.interactive -- Interactive explore -- start_interactive_loop completed.
2021-06-14 20:11:11,324 INFO     test_ai_mod.carbon_explore.explore -- performing post-walk cleanup
2021-06-14 20:11:11,324 INFO     test_ai_mod.carbon_utils.simulator_tools -- performing post-test cleanup
2021-06-14 20:11:11,324 INFO     test_ai_mod.carbon_utils.simulator_tools -- calling driver.quit
2021-06-14 20:11:11,466 INFO     test_ai_mod.carbon_explore.explore -- iteration completed: 0
2021-06-14 20:11:11,466 INFO     test_ai_mod.carbon_tasks.crawl_build_task -- walk: 1 - succeeded
2021-06-14 20:11:11,466 INFO     test_ai_mod.carbon_tasks.crawl_build_task -- Handling crawl stop request.
2021-06-14 20:11:11,466 INFO     test_ai_mod.carbon_dao.local_carbon_dao -- Getting build info: APP_ID: b7133b3d-58f2-41fd-b1bf-448787c91ef3, BUILD_ID: e72f62a0-6852-48f2-88d9-841f60f42715
2021-06-14 20:11:11,467 INFO     test_ai_mod.carbon_dao.local_carbon_dao -- Getting build info: APP_ID: b7133b3d-58f2-41fd-b1bf-448787c91ef3, BUILD_ID: e72f62a0-6852-48f2-88d9-841f60f42715
2021-06-14 20:11:11,468 INFO     test_ai_mod.carbon_dao.local_carbon_dao -- Getting build info: APP_ID: b7133b3d-58f2-41fd-b1bf-448787c91ef3, BUILD_ID: e72f62a0-6852-48f2-88d9-841f60f42715
2021-06-14 20:11:11,468 INFO     test_ai_mod.carbon_dao.local_carbon_dao -- Getting build info: APP_ID: b7133b3d-58f2-41fd-b1bf-448787c91ef3, BUILD_ID: e72f62a0-6852-48f2-88d9-841f60f42715
2021-06-14 20:11:11,469 INFO     test_ai_mod.carbon_dao.local_carbon_dao -- Getting build info: APP_ID: b7133b3d-58f2-41fd-b1bf-448787c91ef3, BUILD_ID: e72f62a0-6852-48f2-88d9-841f60f42715
2021-06-14 20:11:11,470 INFO     test_ai_mod.carbon_dao.local_carbon_dao -- Getting build info: APP_ID: b7133b3d-58f2-41fd-b1bf-448787c91ef3, BUILD_ID: e72f62a0-6852-48f2-88d9-841f60f42715
2021-06-14 20:11:11,470 INFO     test_ai_mod.carbon_dao.local_carbon_dao -- Getting build info: APP_ID: b7133b3d-58f2-41fd-b1bf-448787c91ef3, BUILD_ID: e72f62a0-6852-48f2-88d9-841f60f42715
2021-06-14 20:11:11,471 INFO     test_ai_mod.carbon_tasks.version_control_tasks -- processing screens and elements (crawl: 20210607151517)
2021-06-14 20:11:11,471 INFO     test_ai_mod.carbon_tasks.process_crawl_task -- processing crawl: 20210607151517 (app: b7133b3d-58f2-41fd-b1bf-448787c91ef3, build: e72f62a0-6852-48f2-88d9-841f60f42715)
2021-06-14 20:11:11,471 INFO     test_ai_mod.carbon_tasks.process_crawl_task -- processing screens for crawl
2021-06-14 20:11:11,478 INFO     test_ai_mod.carbon_tasks.process_crawl_task -- writing unique screens file
2021-06-14 20:11:11,479 INFO     test_ai_mod.carbon_tasks.process_crawl_task -- writing screen hash map
2021-06-14 20:11:11,479 INFO     test_ai_mod.carbon_tasks.process_crawl_task -- writing screen similarity file
2021-06-14 20:11:11,480 INFO     test_ai_mod.carbon_tasks.process_crawl_task -- processing elements for crawl
2021-06-14 20:11:11,487 INFO     test_ai_mod.carbon_tasks.process_crawl_task -- Writing unique tags file.
2021-06-14 20:11:11,487 INFO     test_ai_mod.carbon_tasks.process_crawl_task -- writing unique elems file
2021-06-14 20:11:11,488 INFO     test_ai_mod.carbon_tasks.process_crawl_task -- writing elem hash map
2021-06-14 20:11:11,489 INFO     test_ai_mod.carbon_tasks.process_crawl_task -- writing elem similarity file
2021-06-14 20:11:11,489 INFO     test_ai_mod.carbon_tasks.process_crawl_task -- generating and saving feature data for crawl
2021-06-14 20:11:11,489 INFO     test_ai_mod.carbon_tasks.generate_feature_data_task -- generating feature data for crawl: 20210607151517, app_id: b7133b3d-58f2-41fd-b1bf-448787c91ef3, build_id: e72f62a0-6852-48f2-88d9-841f60f42715
2021-06-14 20:11:11,490 INFO     test_ai_mod.carbon_tasks.generate_feature_data_task -- generating screen feature data
2021-06-14 20:11:11,494 INFO     test_ai_mod.carbon_tasks.generate_feature_data_task -- saving screen feature data
2021-06-14 20:11:11,495 INFO     test_ai_mod.carbon_tasks.process_crawl_task -- generating labeler objects file for crawl (v0)
2021-06-14 20:11:11,495 ERROR    test_ai_mod.carbon_tasks.labeler_objects_task -- no screen uniques data found
2021-06-14 20:11:11,495 ERROR    test_ai_mod.carbon_tasks.labeler_objects_task -- no elem uniques data found
2021-06-14 20:11:11,495 INFO     test_ai_mod.carbon_tasks.process_crawl_task -- reconciling screens labeled at runtime
2021-06-14 20:11:11,495 INFO     test_ai_mod.carbon_tasks.process_crawl_task -- reconciling elements labeled at runtime
2021-06-14 20:11:11,496 INFO     test_ai_mod.carbon_tasks.version_control_tasks -- processing screens and elements (crawl: 20210607155217)
2021-06-14 20:11:11,496 INFO     test_ai_mod.carbon_tasks.process_crawl_task -- processing crawl: 20210607155217 (app: b7133b3d-58f2-41fd-b1bf-448787c91ef3, build: e72f62a0-6852-48f2-88d9-841f60f42715)
2021-06-14 20:11:11,496 INFO     test_ai_mod.carbon_tasks.process_crawl_task -- processing screens for crawl
2021-06-14 20:11:11,501 INFO     test_ai_mod.carbon_tasks.process_crawl_task -- writing unique screens file
2021-06-14 20:11:11,502 INFO     test_ai_mod.carbon_tasks.process_crawl_task -- writing screen hash map
2021-06-14 20:11:11,502 INFO     test_ai_mod.carbon_tasks.process_crawl_task -- writing screen similarity file
2021-06-14 20:11:11,503 INFO     test_ai_mod.carbon_tasks.process_crawl_task -- processing elements for crawl
2021-06-14 20:11:11,511 INFO     test_ai_mod.carbon_tasks.process_crawl_task -- Writing unique tags file.
2021-06-14 20:11:11,512 INFO     test_ai_mod.carbon_tasks.process_crawl_task -- writing unique elems file
2021-06-14 20:11:11,512 INFO     test_ai_mod.carbon_tasks.process_crawl_task -- writing elem hash map
2021-06-14 20:11:11,513 INFO     test_ai_mod.carbon_tasks.process_crawl_task -- writing elem similarity file
2021-06-14 20:11:11,513 INFO     test_ai_mod.carbon_tasks.process_crawl_task -- generating and saving feature data for crawl
2021-06-14 20:11:11,513 INFO     test_ai_mod.carbon_tasks.generate_feature_data_task -- generating feature data for crawl: 20210607155217, app_id: b7133b3d-58f2-41fd-b1bf-448787c91ef3, build_id: e72f62a0-6852-48f2-88d9-841f60f42715
2021-06-14 20:11:11,514 INFO     test_ai_mod.carbon_tasks.generate_feature_data_task -- generating screen feature data
2021-06-14 20:11:11,517 INFO     test_ai_mod.carbon_tasks.generate_feature_data_task -- saving screen feature data
2021-06-14 20:11:11,518 INFO     test_ai_mod.carbon_tasks.process_crawl_task -- generating labeler objects file for crawl (v0)
2021-06-14 20:11:11,519 ERROR    test_ai_mod.carbon_tasks.labeler_objects_task -- no screen uniques data found
2021-06-14 20:11:11,519 ERROR    test_ai_mod.carbon_tasks.labeler_objects_task -- no elem uniques data found
2021-06-14 20:11:11,519 INFO     test_ai_mod.carbon_tasks.process_crawl_task -- reconciling screens labeled at runtime
2021-06-14 20:11:11,519 INFO     test_ai_mod.carbon_tasks.process_crawl_task -- reconciling elements labeled at runtime
2021-06-14 20:11:11,520 INFO     test_ai_mod.carbon_tasks.version_control_tasks -- processing screens and elements (crawl: 20210607153116)
2021-06-14 20:11:11,520 INFO     test_ai_mod.carbon_tasks.process_crawl_task -- processing crawl: 20210607153116 (app: b7133b3d-58f2-41fd-b1bf-448787c91ef3, build: e72f62a0-6852-48f2-88d9-841f60f42715)
2021-06-14 20:11:11,520 INFO     test_ai_mod.carbon_tasks.process_crawl_task -- processing screens for crawl
2021-06-14 20:11:11,526 INFO     test_ai_mod.carbon_tasks.process_crawl_task -- writing unique screens file
2021-06-14 20:11:11,526 INFO     test_ai_mod.carbon_tasks.process_crawl_task -- writing screen hash map
2021-06-14 20:11:11,527 INFO     test_ai_mod.carbon_tasks.process_crawl_task -- writing screen similarity file
2021-06-14 20:11:11,527 INFO     test_ai_mod.carbon_tasks.process_crawl_task -- processing elements for crawl
2021-06-14 20:11:11,533 INFO     test_ai_mod.carbon_tasks.process_crawl_task -- Writing unique tags file.
2021-06-14 20:11:11,534 INFO     test_ai_mod.carbon_tasks.process_crawl_task -- writing unique elems file
2021-06-14 20:11:11,535 INFO     test_ai_mod.carbon_tasks.process_crawl_task -- writing elem hash map
2021-06-14 20:11:11,535 INFO     test_ai_mod.carbon_tasks.process_crawl_task -- writing elem similarity file
2021-06-14 20:11:11,536 INFO     test_ai_mod.carbon_tasks.process_crawl_task -- generating and saving feature data for crawl
2021-06-14 20:11:11,536 INFO     test_ai_mod.carbon_tasks.generate_feature_data_task -- generating feature data for crawl: 20210607153116, app_id: b7133b3d-58f2-41fd-b1bf-448787c91ef3, build_id: e72f62a0-6852-48f2-88d9-841f60f42715
2021-06-14 20:11:11,536 INFO     test_ai_mod.carbon_tasks.generate_feature_data_task -- generating screen feature data
2021-06-14 20:11:11,539 INFO     test_ai_mod.carbon_tasks.generate_feature_data_task -- saving screen feature data
2021-06-14 20:11:11,540 INFO     test_ai_mod.carbon_tasks.process_crawl_task -- generating labeler objects file for crawl (v0)
2021-06-14 20:11:11,540 ERROR    test_ai_mod.carbon_tasks.labeler_objects_task -- no screen uniques data found
2021-06-14 20:11:11,540 ERROR    test_ai_mod.carbon_tasks.labeler_objects_task -- no elem uniques data found
2021-06-14 20:11:11,540 INFO     test_ai_mod.carbon_tasks.process_crawl_task -- reconciling screens labeled at runtime
2021-06-14 20:11:11,541 INFO     test_ai_mod.carbon_tasks.process_crawl_task -- reconciling elements labeled at runtime
2021-06-14 20:11:11,542 INFO     test_ai_mod.carbon_tasks.version_control_tasks -- processing screens and elements (crawl: 20210607160847)
2021-06-14 20:11:11,542 INFO     test_ai_mod.carbon_tasks.process_crawl_task -- processing crawl: 20210607160847 (app: b7133b3d-58f2-41fd-b1bf-448787c91ef3, build: e72f62a0-6852-48f2-88d9-841f60f42715)
2021-06-14 20:11:11,542 INFO     test_ai_mod.carbon_tasks.process_crawl_task -- processing screens for crawl
2021-06-14 20:11:11,547 INFO     test_ai_mod.carbon_tasks.process_crawl_task -- writing unique screens file
2021-06-14 20:11:11,548 INFO     test_ai_mod.carbon_tasks.process_crawl_task -- writing screen hash map
2021-06-14 20:11:11,548 INFO     test_ai_mod.carbon_tasks.process_crawl_task -- writing screen similarity file
2021-06-14 20:11:11,549 INFO     test_ai_mod.carbon_tasks.process_crawl_task -- processing elements for crawl
2021-06-14 20:11:11,555 INFO     test_ai_mod.carbon_tasks.process_crawl_task -- Writing unique tags file.
2021-06-14 20:11:11,556 INFO     test_ai_mod.carbon_tasks.process_crawl_task -- writing unique elems file
2021-06-14 20:11:11,557 INFO     test_ai_mod.carbon_tasks.process_crawl_task -- writing elem hash map
2021-06-14 20:11:11,558 INFO     test_ai_mod.carbon_tasks.process_crawl_task -- writing elem similarity file
2021-06-14 20:11:11,559 INFO     test_ai_mod.carbon_tasks.process_crawl_task -- generating and saving feature data for crawl
2021-06-14 20:11:11,559 INFO     test_ai_mod.carbon_tasks.generate_feature_data_task -- generating feature data for crawl: 20210607160847, app_id: b7133b3d-58f2-41fd-b1bf-448787c91ef3, build_id: e72f62a0-6852-48f2-88d9-841f60f42715
2021-06-14 20:11:11,560 INFO     test_ai_mod.carbon_tasks.generate_feature_data_task -- generating screen feature data
2021-06-14 20:11:11,564 INFO     test_ai_mod.carbon_tasks.generate_feature_data_task -- saving screen feature data
2021-06-14 20:11:11,565 INFO     test_ai_mod.carbon_tasks.process_crawl_task -- generating labeler objects file for crawl (v0)
2021-06-14 20:11:11,565 ERROR    test_ai_mod.carbon_tasks.labeler_objects_task -- no screen uniques data found
2021-06-14 20:11:11,565 ERROR    test_ai_mod.carbon_tasks.labeler_objects_task -- no elem uniques data found
2021-06-14 20:11:11,565 INFO     test_ai_mod.carbon_tasks.process_crawl_task -- reconciling screens labeled at runtime
2021-06-14 20:11:11,566 INFO     test_ai_mod.carbon_tasks.process_crawl_task -- reconciling elements labeled at runtime
2021-06-14 20:11:11,567 INFO     test_ai_mod.carbon_dao.local_carbon_dao -- Getting build info: APP_ID: b7133b3d-58f2-41fd-b1bf-448787c91ef3, BUILD_ID: e72f62a0-6852-48f2-88d9-841f60f42715
2021-06-14 20:11:11,567 INFO     test_ai_mod.carbon_tasks.process_crawl_task -- processing crawl: 20210614200939 (app: b7133b3d-58f2-41fd-b1bf-448787c91ef3, build: e72f62a0-6852-48f2-88d9-841f60f42715)
2021-06-14 20:11:11,567 INFO     test_ai_mod.carbon_tasks.process_crawl_task -- processing screens for crawl
2021-06-14 20:11:11,674 INFO     test_ai_mod.carbon_tasks.process_crawl_task -- writing unique screens file
2021-06-14 20:11:11,675 INFO     test_ai_mod.carbon_tasks.process_crawl_task -- writing screen hash map
2021-06-14 20:11:11,678 INFO     test_ai_mod.carbon_tasks.process_crawl_task -- writing screen similarity file
2021-06-14 20:11:11,679 INFO     test_ai_mod.carbon_tasks.process_crawl_task -- processing elements for crawl
2021-06-14 20:11:11,681 INFO     test_ai_mod.carbon_tasks.process_crawl_task -- skipping already processed: iter_00000_step_00000_info.json
2021-06-14 20:11:11,760 INFO     test_ai_mod.carbon_tasks.process_crawl_task -- Writing unique tags file.
2021-06-14 20:11:11,761 INFO     test_ai_mod.carbon_tasks.process_crawl_task -- writing unique elems file
2021-06-14 20:11:11,763 INFO     test_ai_mod.carbon_tasks.process_crawl_task -- writing elem hash map
2021-06-14 20:11:11,772 INFO     test_ai_mod.carbon_tasks.process_crawl_task -- writing elem similarity file
2021-06-14 20:11:11,773 INFO     test_ai_mod.carbon_tasks.process_crawl_task -- generating and saving feature data for crawl
2021-06-14 20:11:11,773 INFO     test_ai_mod.carbon_tasks.generate_feature_data_task -- generating feature data for crawl: 20210614200939, app_id: b7133b3d-58f2-41fd-b1bf-448787c91ef3, build_id: e72f62a0-6852-48f2-88d9-841f60f42715
2021-06-14 20:11:11,774 INFO     test_ai_mod.carbon_tasks.generate_feature_data_task -- generating screen feature data
2021-06-14 20:11:12,283 INFO     test_ai_mod.carbon_tasks.generate_feature_data_task -- saving screen feature data
2021-06-14 20:11:12,285 INFO     test_ai_mod.carbon_tasks.process_crawl_task -- generating labeler objects file for crawl (v0)
2021-06-14 20:11:12,296 INFO     test_ai_mod.carbon_tasks.process_crawl_task -- reconciling screens labeled at runtime
2021-06-14 20:11:12,296 INFO     test_ai_mod.carbon_tasks.process_crawl_task -- reconciling elements labeled at runtime
2021-06-14 20:11:12,302 INFO     test_ai_mod.carbon_tasks.generate_auto_labels_task -- generating auto labels for crawl: 20210614200939, app_id: b7133b3d-58f2-41fd-b1bf-448787c91ef3, build_id: e72f62a0-6852-48f2-88d9-841f60f42715
2021-06-14 20:11:12,303 INFO     test_ai_mod.carbon_dao.local_carbon_dao -- Getting build info: APP_ID: b7133b3d-58f2-41fd-b1bf-448787c91ef3, BUILD_ID: e72f62a0-6852-48f2-88d9-841f60f42715
2021-06-14 20:11:12,305 INFO     test_ai_mod.carbon_dao.local_carbon_dao -- Getting build info: APP_ID: b7133b3d-58f2-41fd-b1bf-448787c91ef3, BUILD_ID: e72f62a0-6852-48f2-88d9-841f60f42715
2021-06-14 20:11:12,306 INFO     test_ai_mod.carbon_dao.local_carbon_dao -- Getting build info: APP_ID: b7133b3d-58f2-41fd-b1bf-448787c91ef3, BUILD_ID: e72f62a0-6852-48f2-88d9-841f60f42715
2021-06-14 20:11:12,307 INFO     test_ai_mod.carbon_dao.local_carbon_dao -- Getting build info: APP_ID: b7133b3d-58f2-41fd-b1bf-448787c91ef3, BUILD_ID: e72f62a0-6852-48f2-88d9-841f60f42715
2021-06-14 20:11:12,308 INFO     test_ai_mod.carbon_dao.local_carbon_dao -- Getting build info: APP_ID: b7133b3d-58f2-41fd-b1bf-448787c91ef3, BUILD_ID: e72f62a0-6852-48f2-88d9-841f60f42715
2021-06-14 20:11:12,309 INFO     test_ai_mod.carbon_dao.local_carbon_dao -- Getting build info: APP_ID: b7133b3d-58f2-41fd-b1bf-448787c91ef3, BUILD_ID: e72f62a0-6852-48f2-88d9-841f60f42715
2021-06-14 20:11:12,309 INFO     test_ai_mod.carbon_dao.local_carbon_dao -- Getting build info: APP_ID: b7133b3d-58f2-41fd-b1bf-448787c91ef3, BUILD_ID: e72f62a0-6852-48f2-88d9-841f60f42715
2021-06-14 20:11:12,310 INFO     test_ai_mod.carbon_dao.local_carbon_dao -- Getting build info: APP_ID: b7133b3d-58f2-41fd-b1bf-448787c91ef3, BUILD_ID: e72f62a0-6852-48f2-88d9-841f60f42715
2021-06-14 20:11:12,310 INFO     test_ai_mod.carbon_tasks.generate_auto_labels_task -- getting data for crawl: 20210607151517
2021-06-14 20:11:12,311 INFO     test_ai_mod.carbon_tasks.generate_auto_labels_task -- getting data for crawl: 20210607155217
2021-06-14 20:11:12,312 INFO     test_ai_mod.carbon_tasks.generate_auto_labels_task -- getting data for crawl: 20210607145944
2021-06-14 20:11:12,313 INFO     test_ai_mod.carbon_tasks.generate_auto_labels_task -- getting data for crawl: 20210607150653
2021-06-14 20:11:12,314 INFO     test_ai_mod.carbon_tasks.generate_auto_labels_task -- getting data for crawl: 20210607153116
2021-06-14 20:11:12,315 INFO     test_ai_mod.carbon_tasks.generate_auto_labels_task -- getting data for crawl: 20210607160847
2021-06-14 20:11:12,316 INFO     test_ai_mod.carbon_tasks.generate_auto_labels_task -- getting data for crawl: 20210614200939
2021-06-14 20:11:12,317 INFO     test_ai_mod.carbon_tasks.generate_auto_labels_task -- processing crawl: 20210607151517
2021-06-14 20:11:12,318 INFO     test_ai_mod.carbon_tasks.generate_auto_labels_task -- processing crawl: 20210607155217
2021-06-14 20:11:12,318 INFO     test_ai_mod.carbon_tasks.generate_auto_labels_task -- processing crawl: 20210607145944
2021-06-14 20:11:12,319 INFO     test_ai_mod.carbon_tasks.generate_auto_labels_task -- processing crawl: 20210607150653
2021-06-14 20:11:12,320 INFO     test_ai_mod.carbon_tasks.generate_auto_labels_task -- processing crawl: 20210607153116
2021-06-14 20:11:12,321 INFO     test_ai_mod.carbon_tasks.generate_auto_labels_task -- processing crawl: 20210607160847
2021-06-14 20:11:12,321 INFO     test_ai_mod.carbon_tasks.generate_auto_labels_task -- processing crawl: 20210614200939
2021-06-14 20:11:12,329 INFO     test_ai_mod.carbon_tasks.generate_auto_labels_task -- writing merged, suggested labels for crawl: 20210607151517
2021-06-14 20:11:12,330 INFO     test_ai_mod.carbon_tasks.generate_auto_labels_task -- writing merged, suggested labels for crawl: 20210607153116
2021-06-14 20:11:12,330 INFO     test_ai_mod.carbon_tasks.generate_auto_labels_task -- writing merged, suggested labels for crawl: 20210607155217
2021-06-14 20:11:12,330 INFO     test_ai_mod.carbon_tasks.generate_auto_labels_task -- writing merged, suggested labels for crawl: 20210607150653
2021-06-14 20:11:12,330 INFO     test_ai_mod.carbon_tasks.generate_auto_labels_task -- writing merged, suggested labels for crawl: 20210607145944
2021-06-14 20:11:12,331 INFO     test_ai_mod.carbon_tasks.generate_auto_labels_task -- writing merged, suggested labels for crawl: 20210607160847
2021-06-14 20:11:12,333 INFO     test_ai_mod.carbon_tasks.generate_auto_labels_task -- writing merged, suggested labels for crawl: 20210614200939
2021-06-14 20:11:12,337 INFO     test_ai_mod.carbon_tasks.generate_auto_labels_task -- writing applied hashes to labels to file: /Users/bot/test_ai/apps/b7133b3d-58f2-41fd-b1bf-448787c91ef3/lkg/hashes_to_labels.json
2021-06-14 20:11:12,337 INFO     test_ai_mod.carbon_tasks.generate_auto_labels_task -- writing applied human readable to labels to file: /Users/bot/test_ai/apps/b7133b3d-58f2-41fd-b1bf-448787c91ef3/lkg/human_readable_to_labels.json
2021-06-14 20:11:12,338 INFO     test_ai_mod.carbon_tasks.generate_auto_labels_task -- writing label to hash dicts to file: /Users/bot/test_ai/apps/b7133b3d-58f2-41fd-b1bf-448787c91ef3/lkg/label_to_hash_dicts.json
2021-06-14 20:11:12,339 INFO     test_ai_mod.carbon_tasks.generate_auto_labels_task -- writing human readable to paths to file: /Users/bot/test_ai/apps/b7133b3d-58f2-41fd-b1bf-448787c91ef3/lkg/human_readable_to_paths.json
2021-06-14 20:11:12,339 INFO     test_ai_mod.carbon_classifiers.label_classifier_pipe -- Begin loading configured modules
2021-06-14 20:11:12,339 INFO     test_ai_mod.carbon_classifiers.carbon_classifier_v1.screen_classifier -- Loading ScreenClassifier
2021-06-14 20:11:12,340 INFO     test_ai_mod.carbon_classifiers.template_matching.app_specific_template_matcher -- Loading AppSpecificTemplateMatcher
2021-06-14 20:11:12,340 INFO     test_ai_mod.carbon_classifiers.perceptual.nn_classifier -- Loading NNClassifier
2021-06-14 20:11:12,340 INFO     test_ai_mod.carbon_classifiers.template_matching.template_matching_classifier -- Loading TemplateMatchingClassifier
2021-06-14 20:11:12,340 WARNING  test_ai_mod.carbon_classifiers.template_matching.template_matching_classifier -- No template director exists at /Users/bot/test_ai/templates
2021-06-14 20:11:12,340 INFO     test_ai_mod.carbon_classifiers.http_classifier.http_classifier -- Loaded Http Classifier for ""
2021-06-14 20:11:12,340 INFO     test_ai_mod.carbon_tasks.generate_auto_labels_task -- classifying 1 unique screens
2021-06-14 20:11:12,340 INFO     test_ai_mod.carbon_dao.carbon_data -- loading models from LKG dir
2021-06-14 20:11:12,340 INFO     test_ai_mod.carbon_dao.carbon_data -- loading models from LKG dir
2021-06-14 20:11:12,347 INFO     test_ai_mod.carbon_classifiers.label_classifier_pipe -- Begin labeling elements
2021-06-14 20:11:12,357 INFO     test_ai_mod.carbon_classifiers.template_matching.app_specific_template_matcher -- Classifying screen with AppSpecificTemplateMatcher
2021-06-14 20:11:12,358 INFO     test_ai_mod.carbon_classifiers.perceptual.nn_classifier -- Classifying screen with NNClassifier
2021-06-14 20:11:12,397 INFO     test_ai_mod.carbon_classifiers.label_classifier_pipe -- End labeling elements: Time taken 0.0494000911713 seconds
2021-06-14 20:11:12,398 INFO     test_ai_mod.carbon_tasks.generate_auto_labels_task -- classifying 54 unique elems
2021-06-14 20:11:12,403 INFO     test_ai_mod.carbon_dao.carbon_data -- loading models from LKG dir
2021-06-14 20:11:12,403 INFO     test_ai_mod.carbon_dao.carbon_data -- loading models from LKG dir
2021-06-14 20:11:12,404 INFO     test_ai_mod.carbon_classifiers.label_classifier_pipe -- Begin labeling elements
2021-06-14 20:11:12,415 INFO     test_ai_mod.carbon_classifiers.template_matching.app_specific_template_matcher -- Classifying screen with AppSpecificTemplateMatcher
2021-06-14 20:11:12,416 INFO     test_ai_mod.carbon_classifiers.perceptual.nn_classifier -- Classifying screen with NNClassifier
2021-06-14 20:11:12,489 INFO     test_ai_mod.carbon_classifiers.perceptual.nn_classifier -- elem classified: span_join_online, score: 1.0
2021-06-14 20:11:12,489 INFO     test_ai_mod.carbon_classifiers.perceptual.nn_classifier -- elem classified: btn_equinox, score: 1.0
2021-06-14 20:11:12,490 INFO     test_ai_mod.carbon_classifiers.perceptual.nn_classifier -- elem classified: btn_member_benefits, score: 1.0
2021-06-14 20:11:12,491 INFO     test_ai_mod.carbon_classifiers.perceptual.nn_classifier -- elem classified: btn_classes, score: 1.0
2021-06-14 20:11:12,491 INFO     test_ai_mod.carbon_classifiers.perceptual.nn_classifier -- elem classified: btn_clubs, score: 1.0
2021-06-14 20:11:12,492 INFO     test_ai_mod.carbon_classifiers.perceptual.nn_classifier -- elem classified: btn_quinox_alumni, score: 1.0
2021-06-14 20:11:12,502 INFO     test_ai_mod.carbon_classifiers.label_classifier_pipe -- End labeling elements: Time taken 0.0982577800751 seconds
2021-06-14 20:11:12,503 INFO     test_ai_mod.carbon_tasks.generate_auto_labels_task -- writing merged, suggested labels for crawl: 20210614200939
2021-06-14 20:11:12,505 INFO     test_ai_mod.carbon_controllers.crawls -- Removing threaded log file handler for crawl.
