2021-06-14 20:31:13,125 INFO     test_ai_mod.carbon_controllers.crawls -- Logging crawl output to /Users/bot/test_ai/apps/b7133b3d-58f2-41fd-b1bf-448787c91ef3/builds/e72f62a0-6852-48f2-88d9-841f60f42715/logs/crawl-20210615003113.log
2021-06-14 20:31:13,126 INFO     test_ai_mod.carbon_tasks.crawl_build_task -- crawling build, app_id: b7133b3d-58f2-41fd-b1bf-448787c91ef3, build_id: e72f62a0-6852-48f2-88d9-841f60f42715
2021-06-14 20:31:13,126 INFO     test_ai_mod.carbon_tasks.crawl_build_task -- num_steps (when no test): 25
2021-06-14 20:31:13,126 INFO     test_ai_mod.carbon_tasks.crawl_build_task -- max_steps: 150
2021-06-14 20:31:13,126 INFO     test_ai_mod.carbon_tasks.crawl_build_task -- max_iterations: 1
2021-06-14 20:31:13,126 INFO     test_ai_mod.carbon_tasks.crawl_build_task -- rand_seed: 1623441716
2021-06-14 20:31:13,126 INFO     test_ai_mod.carbon_tasks.crawl_build_task -- test_wildcard: *
2021-06-14 20:31:13,126 INFO     test_ai_mod.carbon_tasks.crawl_build_task -- package: None
2021-06-14 20:31:13,127 INFO     test_ai_mod.carbon_tasks.crawl_build_task -- eyes_api_key: None
2021-06-14 20:31:13,127 INFO     test_ai_mod.carbon_tasks.crawl_build_task -- is_noop: False
2021-06-14 20:31:13,128 INFO     test_ai_mod.carbon_tasks.crawl_build_task -- created crawl, id: 20210614203113
2021-06-14 20:31:13,129 INFO     test_ai_mod.carbon_dao.local_carbon_dao -- Getting build info: APP_ID: b7133b3d-58f2-41fd-b1bf-448787c91ef3, BUILD_ID: e72f62a0-6852-48f2-88d9-841f60f42715
2021-06-14 20:31:13,129 INFO     test_ai_mod.carbon_dao.local_carbon_dao -- Getting build info: APP_ID: b7133b3d-58f2-41fd-b1bf-448787c91ef3, BUILD_ID: e72f62a0-6852-48f2-88d9-841f60f42715
2021-06-14 20:31:13,345 INFO     test_ai_mod.carbon_explore.explore -- using default extra walk count: 0
2021-06-14 20:31:13,354 INFO     test_ai_mod.carbon_tasks.crawl_build_task -- initiating walk [1/1]
2021-06-14 20:31:13,354 INFO     test_ai_mod.carbon_test_case.carbon_tests -- initial number of steps for walk: 25
2021-06-14 20:31:13,354 INFO     test_ai_mod.carbon_tasks.crawl_build_task -- effective_max_steps this walk: 26
2021-06-14 20:31:13,354 INFO     test_ai_mod.carbon_explore.explore -- **************************************************
2021-06-14 20:31:13,354 INFO     test_ai_mod.carbon_explore.explore -- **************************************************
2021-06-14 20:31:13,354 INFO     test_ai_mod.carbon_explore.explore -- *                                                *
2021-06-14 20:31:13,354 INFO     test_ai_mod.carbon_explore.explore -- *                   BRAIN                    *
2021-06-14 20:31:13,355 INFO     test_ai_mod.carbon_explore.explore -- *                                                *
2021-06-14 20:31:13,355 INFO     test_ai_mod.carbon_explore.explore -- **************************************************
2021-06-14 20:31:13,355 INFO     test_ai_mod.carbon_explore.explore -- **************************************************
2021-06-14 20:31:13,355 INFO     test_ai_mod.carbon_initialization.initialization -- Random seed: 1623441716
2021-06-14 20:31:13,356 INFO     test_ai_mod.carbon_initialization.initialization -- ````````````````````````````````````````````````````````````````````````````````
2021-06-14 20:31:13,356 INFO     test_ai_mod.carbon_initialization.initialization --                   PACKAGE: b7133b3d-58f2-41fd-b1bf-448787c91ef3
2021-06-14 20:31:13,356 INFO     test_ai_mod.carbon_initialization.initialization -- ````````````````````````````````````````````````````````````````````````````````
2021-06-14 20:31:13,356 INFO     test_ai_mod.carbon_initialization.initialization -- platform: DESKTOP_CHROME
2021-06-14 20:31:13,356 INFO     test_ai_mod.carbon_initialization.initialization -- using crawl_directory: /Users/bot/test_ai/apps/b7133b3d-58f2-41fd-b1bf-448787c91ef3/builds/e72f62a0-6852-48f2-88d9-841f60f42715/crawls/20210614203113
2021-06-14 20:31:13,357 INFO     test_ai_mod.carbon_botio.bot_io -- retrieving bot IO for app: b7133b3d-58f2-41fd-b1bf-448787c91ef3
2021-06-14 20:31:13,357 INFO     test_ai_mod.carbon_botio.bot_io -- ^^^^^^^^^^^^^^^^^^^^^^^^^^^^^^^^^^^^^^^^^^^^^^^^^^^^^^^^^^^^^^^^^^^^^^^^^^^^^^^^
2021-06-14 20:31:13,357 INFO     test_ai_mod.carbon_botio.bot_io -- botio_filepath: /Users/bot/test_ai/apps/b7133b3d-58f2-41fd-b1bf-448787c91ef3/lkg/botio.json
2021-06-14 20:31:13,357 INFO     test_ai_mod.carbon_botio.bot_io -- use_snapshot: False
2021-06-14 20:31:13,357 INFO     test_ai_mod.carbon_botio.bot_io -- no botIO found for app: b7133b3d-58f2-41fd-b1bf-448787c91ef3
2021-06-14 20:31:13,358 INFO     test_ai_mod.carbon_dao.carbon_data -- loading models from LKG dir
2021-06-14 20:31:13,358 INFO     test_ai_mod.carbon_dao.carbon_data -- loading models from LKG dir
2021-06-14 20:31:13,359 INFO     test_ai_mod.carbon_explore.test_hooks -- Test case is None, no need for on_setup.
2021-06-14 20:31:13,360 INFO     test_ai_mod.carbon_utils.simulator_tools -- preparing clean iteration state...
2021-06-14 20:31:13,360 INFO     test_ai_mod.carbon_utils.simulator_tools -- starting appium, platform: DESKTOP_CHROME
2021-06-14 20:31:13,360 INFO     test_ai_mod.carbon_utils.simulator_tools -- starting appium/webdriver for desktop chrome
2021-06-14 20:31:13,597 INFO     test_ai_mod.carbon_dao.local_carbon_dao -- Getting build info: APP_ID: b7133b3d-58f2-41fd-b1bf-448787c91ef3, BUILD_ID: e72f62a0-6852-48f2-88d9-841f60f42715
2021-06-14 20:31:14,864 INFO     test_ai_mod.carbon_automation.driver -- Screen density: 1.0
2021-06-14 20:31:15,013 INFO     test_ai_mod.carbon_utils.simulator_tools -- going to https://www.equinox.com/
2021-06-14 20:31:37,344 INFO     test_ai_mod.carbon_utils.simulator_tools -- completed setting url, additional time: 22.313329
2021-06-14 20:31:39,274 INFO     test_ai_mod.carbon_initialization.initialization -- starting dom stability
2021-06-14 20:31:39,310 INFO     test_ai_mod.carbon_actions.carbon_actions -- Got new page source
2021-06-14 20:31:39,448 INFO     test_ai_mod.carbon_actions.carbon_actions -- Got new page source
2021-06-14 20:31:39,582 INFO     test_ai_mod.carbon_actions.carbon_actions -- Got new page source
2021-06-14 20:31:39,717 INFO     test_ai_mod.carbon_actions.carbon_actions -- Got new page source
2021-06-14 20:31:39,852 INFO     test_ai_mod.carbon_actions.carbon_actions -- Got new page source
2021-06-14 20:31:39,853 INFO     test_ai_mod.carbon_actions.carbon_actions -- Seen the same screen the max amount (5)
2021-06-14 20:31:39,853 INFO     test_ai_mod.carbon_actions.carbon_actions -- incrementing source count to: 1
2021-06-14 20:31:39,853 INFO     test_ai_mod.carbon_explore.explore_utils -- saving screenshot
2021-06-14 20:31:40,675 INFO     test_ai_mod.carbon_explore.explore_utils -- scn_shot_file_path: /Users/bot/test_ai/apps/b7133b3d-58f2-41fd-b1bf-448787c91ef3/builds/e72f62a0-6852-48f2-88d9-841f60f42715/crawls/20210614203113/tmp/runtime_labeling_screen.png
2021-06-14 20:31:40,709 INFO     test_ai_mod.carbon_initialization.initialization -- current package sent in as: b7133b3d-58f2-41fd-b1bf-448787c91ef3
2021-06-14 20:31:40,709 INFO     test_ai_mod.carbon_initialization.initialization -- ended dom stability
2021-06-14 20:31:40,713 INFO     test_ai_mod.carbon_explore.explore -- package is set to: b7133b3d-58f2-41fd-b1bf-448787c91ef3
2021-06-14 20:31:40,713 INFO     test_ai_mod.carbon_explore.explore -- ********************************************************************************
2021-06-14 20:31:40,713 INFO     test_ai_mod.carbon_explore.explore -- * TIMEOUT: None
2021-06-14 20:31:40,713 INFO     test_ai_mod.carbon_explore.explore -- * disable_bounceback: False
2021-06-14 20:31:40,713 INFO     test_ai_mod.carbon_explore.explore -- ********************************************************************************
2021-06-14 20:31:40,713 INFO     test_ai_mod.carbon_explore.explore -- getting walk queue
2021-06-14 20:31:40,713 INFO     test_ai_mod.carbon_explore.explore_utils -- getting screen_elems
2021-06-14 20:31:41,179 INFO     test_ai_mod.carbon_utils.scrape_utils -- Successfully collected web scrape.
2021-06-14 20:31:41,181 INFO     test_ai_mod.carbon_explore.explore_utils -- filtering elems - 58
2021-06-14 20:31:41,210 INFO     test_ai_mod.carbon_explore.explore_utils -- saving info - 54
2021-06-14 20:31:41,210 INFO     test_ai_mod.carbon_explore.explore_utils -- saving core elems iter: 0, step 0, save_dir: /Users/bot/test_ai/apps/b7133b3d-58f2-41fd-b1bf-448787c91ef3/builds/e72f62a0-6852-48f2-88d9-841f60f42715/crawls/20210614203113
2021-06-14 20:31:41,230 INFO     test_ai_mod.carbon_explore.explore -- got all screen info saved
2021-06-14 20:31:41,230 INFO     test_ai_mod.carbon_explore.explore_utils -- saving core elems iter: 0, step 0, save_dir: /Users/bot/test_ai/apps/b7133b3d-58f2-41fd-b1bf-448787c91ef3/builds/e72f62a0-6852-48f2-88d9-841f60f42715/crawls/20210614203113
2021-06-14 20:31:41,265 INFO     test_ai_mod.carbon_explore.result_storage -- LOG FILE PATH: /Users/bot/test_ai/apps/b7133b3d-58f2-41fd-b1bf-448787c91ef3/builds/e72f62a0-6852-48f2-88d9-841f60f42715/crawls/20210614203113/iter_00000_step_00000_logs.txt
2021-06-14 20:31:41,265 INFO     test_ai_mod.carbon_explore.result_storage -- ALL LOGS FILE PATH: /Users/bot/test_ai/apps/b7133b3d-58f2-41fd-b1bf-448787c91ef3/builds/e72f62a0-6852-48f2-88d9-841f60f42715/crawls/20210614203113/iter_00000_step_-0001_logs.txt
2021-06-14 20:31:41,274 INFO     test_ai_mod.carbon_explore.interactive -- Interactive explore -- start_interactive_loop starting.
2021-06-14 20:31:41,282 INFO     test_ai_mod.carbon_explore.interactive -- Interactive explore -- running initial auto label
2021-06-14 20:31:41,282 INFO     test_ai_mod.carbon_tasks.process_crawl_task -- processing crawl: 20210614203113 (app: b7133b3d-58f2-41fd-b1bf-448787c91ef3, build: e72f62a0-6852-48f2-88d9-841f60f42715)
2021-06-14 20:31:41,282 INFO     test_ai_mod.carbon_tasks.process_crawl_task -- processing screens for crawl
2021-06-14 20:31:41,374 INFO     test_ai_mod.carbon_tasks.process_crawl_task -- writing unique screens file
2021-06-14 20:31:41,375 INFO     test_ai_mod.carbon_tasks.process_crawl_task -- writing screen hash map
2021-06-14 20:31:41,378 INFO     test_ai_mod.carbon_tasks.process_crawl_task -- writing screen similarity file
2021-06-14 20:31:41,378 INFO     test_ai_mod.carbon_tasks.process_crawl_task -- processing elements for crawl
2021-06-14 20:31:41,381 INFO     test_ai_mod.carbon_tasks.process_crawl_task -- processing: iter_00000_step_00000_info.json
2021-06-14 20:31:41,654 INFO     test_ai_mod.carbon_tasks.process_crawl_task -- Writing unique tags file.
2021-06-14 20:31:41,654 INFO     test_ai_mod.carbon_tasks.process_crawl_task -- writing unique elems file
2021-06-14 20:31:41,656 INFO     test_ai_mod.carbon_tasks.process_crawl_task -- writing elem hash map
2021-06-14 20:31:41,663 INFO     test_ai_mod.carbon_tasks.process_crawl_task -- writing elem similarity file
2021-06-14 20:31:41,664 INFO     test_ai_mod.carbon_tasks.process_crawl_task -- generating labeler objects file for crawl (v0)
2021-06-14 20:31:41,679 INFO     test_ai_mod.carbon_tasks.process_crawl_task -- reconciling screens labeled at runtime
2021-06-14 20:31:41,679 INFO     test_ai_mod.carbon_tasks.process_crawl_task -- reconciling elements labeled at runtime
2021-06-14 20:31:41,685 INFO     test_ai_mod.carbon_tasks.generate_auto_labels_task -- generating auto labels for crawl: 20210614203113, app_id: b7133b3d-58f2-41fd-b1bf-448787c91ef3, build_id: e72f62a0-6852-48f2-88d9-841f60f42715
2021-06-14 20:31:41,685 INFO     test_ai_mod.carbon_dao.local_carbon_dao -- Getting build info: APP_ID: b7133b3d-58f2-41fd-b1bf-448787c91ef3, BUILD_ID: e72f62a0-6852-48f2-88d9-841f60f42715
2021-06-14 20:31:41,687 INFO     test_ai_mod.carbon_dao.local_carbon_dao -- Getting build info: APP_ID: b7133b3d-58f2-41fd-b1bf-448787c91ef3, BUILD_ID: e72f62a0-6852-48f2-88d9-841f60f42715
2021-06-14 20:31:41,687 INFO     test_ai_mod.carbon_dao.local_carbon_dao -- Getting build info: APP_ID: b7133b3d-58f2-41fd-b1bf-448787c91ef3, BUILD_ID: e72f62a0-6852-48f2-88d9-841f60f42715
2021-06-14 20:31:41,688 INFO     test_ai_mod.carbon_dao.local_carbon_dao -- Getting build info: APP_ID: b7133b3d-58f2-41fd-b1bf-448787c91ef3, BUILD_ID: e72f62a0-6852-48f2-88d9-841f60f42715
2021-06-14 20:31:41,689 INFO     test_ai_mod.carbon_tasks.generate_auto_labels_task -- getting data for crawl: 20210607145944
2021-06-14 20:31:41,689 INFO     test_ai_mod.carbon_tasks.generate_auto_labels_task -- getting data for crawl: 20210607150653
2021-06-14 20:31:41,690 INFO     test_ai_mod.carbon_tasks.generate_auto_labels_task -- getting data for crawl: 20210614203113
2021-06-14 20:31:41,691 INFO     test_ai_mod.carbon_tasks.generate_auto_labels_task -- processing crawl: 20210607145944
2021-06-14 20:31:41,691 INFO     test_ai_mod.carbon_tasks.generate_auto_labels_task -- processing crawl: 20210607150653
2021-06-14 20:31:41,692 INFO     test_ai_mod.carbon_tasks.generate_auto_labels_task -- processing crawl: 20210614203113
2021-06-14 20:31:41,700 INFO     test_ai_mod.carbon_tasks.generate_auto_labels_task -- writing merged, suggested labels for crawl: 20210614203113
2021-06-14 20:31:41,701 INFO     test_ai_mod.carbon_tasks.generate_auto_labels_task -- writing merged, suggested labels for crawl: 20210607150653
2021-06-14 20:31:41,701 INFO     test_ai_mod.carbon_tasks.generate_auto_labels_task -- writing merged, suggested labels for crawl: 20210607145944
2021-06-14 20:31:41,704 INFO     test_ai_mod.carbon_tasks.generate_auto_labels_task -- writing applied hashes to labels to file: /Users/bot/test_ai/apps/b7133b3d-58f2-41fd-b1bf-448787c91ef3/lkg/hashes_to_labels.json
2021-06-14 20:31:41,705 INFO     test_ai_mod.carbon_tasks.generate_auto_labels_task -- writing applied human readable to labels to file: /Users/bot/test_ai/apps/b7133b3d-58f2-41fd-b1bf-448787c91ef3/lkg/human_readable_to_labels.json
2021-06-14 20:31:41,706 INFO     test_ai_mod.carbon_tasks.generate_auto_labels_task -- writing label to hash dicts to file: /Users/bot/test_ai/apps/b7133b3d-58f2-41fd-b1bf-448787c91ef3/lkg/label_to_hash_dicts.json
2021-06-14 20:31:41,706 INFO     test_ai_mod.carbon_tasks.generate_auto_labels_task -- writing human readable to paths to file: /Users/bot/test_ai/apps/b7133b3d-58f2-41fd-b1bf-448787c91ef3/lkg/human_readable_to_paths.json
2021-06-14 20:31:41,707 INFO     test_ai_mod.carbon_classifiers.label_classifier_pipe -- Begin loading configured modules
2021-06-14 20:31:41,707 INFO     test_ai_mod.carbon_classifiers.carbon_classifier_v1.screen_classifier -- Loading ScreenClassifier
2021-06-14 20:31:41,707 INFO     test_ai_mod.carbon_classifiers.template_matching.app_specific_template_matcher -- Loading AppSpecificTemplateMatcher
2021-06-14 20:31:41,707 INFO     test_ai_mod.carbon_classifiers.perceptual.nn_classifier -- Loading NNClassifier
2021-06-14 20:31:41,707 INFO     test_ai_mod.carbon_classifiers.template_matching.template_matching_classifier -- Loading TemplateMatchingClassifier
2021-06-14 20:31:41,707 WARNING  test_ai_mod.carbon_classifiers.template_matching.template_matching_classifier -- No template director exists at /Users/bot/test_ai/templates
2021-06-14 20:31:41,707 INFO     test_ai_mod.carbon_classifiers.http_classifier.http_classifier -- Loaded Http Classifier for ""
2021-06-14 20:31:41,708 INFO     test_ai_mod.carbon_tasks.generate_auto_labels_task -- classifying 1 unique screens
2021-06-14 20:31:41,708 INFO     test_ai_mod.carbon_dao.carbon_data -- loading models from LKG dir
2021-06-14 20:31:41,708 INFO     test_ai_mod.carbon_dao.carbon_data -- loading models from LKG dir
2021-06-14 20:31:41,713 INFO     test_ai_mod.carbon_classifiers.label_classifier_pipe -- Begin labeling elements
2021-06-14 20:31:41,724 INFO     test_ai_mod.carbon_classifiers.template_matching.app_specific_template_matcher -- Classifying screen with AppSpecificTemplateMatcher
2021-06-14 20:31:41,724 INFO     test_ai_mod.carbon_classifiers.perceptual.nn_classifier -- Classifying screen with NNClassifier
2021-06-14 20:31:41,762 INFO     test_ai_mod.carbon_classifiers.label_classifier_pipe -- End labeling elements: Time taken 0.0485398769379 seconds
2021-06-14 20:31:41,763 INFO     test_ai_mod.carbon_tasks.generate_auto_labels_task -- classifying 54 unique elems
2021-06-14 20:31:41,768 INFO     test_ai_mod.carbon_dao.carbon_data -- loading models from LKG dir
2021-06-14 20:31:41,768 INFO     test_ai_mod.carbon_dao.carbon_data -- loading models from LKG dir
2021-06-14 20:31:41,768 INFO     test_ai_mod.carbon_classifiers.label_classifier_pipe -- Begin labeling elements
2021-06-14 20:31:41,779 INFO     test_ai_mod.carbon_classifiers.template_matching.app_specific_template_matcher -- Classifying screen with AppSpecificTemplateMatcher
2021-06-14 20:31:41,779 INFO     test_ai_mod.carbon_classifiers.perceptual.nn_classifier -- Classifying screen with NNClassifier
2021-06-14 20:31:41,855 INFO     test_ai_mod.carbon_classifiers.label_classifier_pipe -- End labeling elements: Time taken 0.0867891311646 seconds
2021-06-14 20:31:41,856 INFO     test_ai_mod.carbon_tasks.generate_auto_labels_task -- writing merged, suggested labels for crawl: 20210614203113
2021-06-14 20:31:41,858 INFO     test_ai_mod.carbon_explore.interactive -- 


[32;1mCarbon Interactive Crawling Session Starting...
Please make sure you are running the test.ai GUI (./test.ai -d).
Once the GUI is running, please visit [34mhttp://localhost:5000[32;1m.
To access the interactive session, select the correct app, and click on "Live Labeling".

[0m
2021-06-14 20:31:42,104 INFO     test_ai_mod.carbon_explore.interactive -- Interactive explore -- status -- start
2021-06-14 20:31:42,104 INFO     test_ai_mod.carbon_explore.interactive -- Interactive explore -- status -- end
2021-06-14 20:31:42,112 INFO     test_ai_mod.carbon_explore.interactive -- Interactive explore -- get_crawls(web, b7133b3d-58f2-41fd-b1bf-448787c91ef3) -- start
2021-06-14 20:31:42,112 INFO     test_ai_mod.carbon_explore.interactive -- Interactive explore -- get_crawls(web, b7133b3d-58f2-41fd-b1bf-448787c91ef3) -- end
2021-06-14 20:31:42,419 INFO     test_ai_mod.carbon_dao.local_carbon_dao -- Getting build info: APP_ID: b7133b3d-58f2-41fd-b1bf-448787c91ef3, BUILD_ID: e72f62a0-6852-48f2-88d9-841f60f42715
2021-06-14 20:31:42,468 INFO     test_ai_mod.carbon_dao.local_carbon_dao -- Getting build info: APP_ID: b7133b3d-58f2-41fd-b1bf-448787c91ef3, BUILD_ID: e72f62a0-6852-48f2-88d9-841f60f42715
2021-06-14 20:31:42,489 INFO     test_ai_mod.carbon_explore.interactive -- Interactive explore -- get_labeler_objects -- start
2021-06-14 20:31:42,489 INFO     test_ai_mod.carbon_explore.interactive -- Interactive explore -- Processing crawl interactively 20210614203113
2021-06-14 20:31:42,489 INFO     test_ai_mod.carbon_tasks.process_crawl_task -- processing crawl: 20210614203113 (app: b7133b3d-58f2-41fd-b1bf-448787c91ef3, build: e72f62a0-6852-48f2-88d9-841f60f42715)
2021-06-14 20:31:42,489 INFO     test_ai_mod.carbon_tasks.process_crawl_task -- processing screens for crawl
2021-06-14 20:31:42,576 INFO     test_ai_mod.carbon_tasks.process_crawl_task -- writing unique screens file
2021-06-14 20:31:42,577 INFO     test_ai_mod.carbon_tasks.process_crawl_task -- writing screen hash map
2021-06-14 20:31:42,580 INFO     test_ai_mod.carbon_tasks.process_crawl_task -- writing screen similarity file
2021-06-14 20:31:42,581 INFO     test_ai_mod.carbon_tasks.process_crawl_task -- processing elements for crawl
2021-06-14 20:31:42,583 INFO     test_ai_mod.carbon_tasks.process_crawl_task -- skipping already processed: iter_00000_step_00000_info.json
2021-06-14 20:31:42,653 INFO     test_ai_mod.carbon_tasks.process_crawl_task -- Writing unique tags file.
2021-06-14 20:31:42,654 INFO     test_ai_mod.carbon_tasks.process_crawl_task -- writing unique elems file
2021-06-14 20:31:42,655 INFO     test_ai_mod.carbon_tasks.process_crawl_task -- writing elem hash map
2021-06-14 20:31:42,663 INFO     test_ai_mod.carbon_tasks.process_crawl_task -- writing elem similarity file
2021-06-14 20:31:42,665 INFO     test_ai_mod.carbon_tasks.process_crawl_task -- generating labeler objects file for crawl (v0)
2021-06-14 20:31:42,676 INFO     test_ai_mod.carbon_tasks.process_crawl_task -- reconciling screens labeled at runtime
2021-06-14 20:31:42,677 INFO     test_ai_mod.carbon_tasks.process_crawl_task -- reconciling elements labeled at runtime
2021-06-14 20:31:42,683 INFO     test_ai_mod.carbon_explore.interactive -- Interactive explore -- Generating labels using hash information 20210614203113
2021-06-14 20:31:42,685 INFO     test_ai_mod.carbon_explore.interactive -- Interactive explore -- get_labeler_objects -- end
2021-06-14 20:31:42,990 INFO     test_ai_mod.carbon_dao.local_carbon_dao -- Getting build info: APP_ID: b7133b3d-58f2-41fd-b1bf-448787c91ef3, BUILD_ID: e72f62a0-6852-48f2-88d9-841f60f42715
2021-06-14 20:31:45,904 INFO     test_ai_mod.carbon_explore.interactive -- Interactive explore -- status -- start
2021-06-14 20:31:45,904 INFO     test_ai_mod.carbon_explore.interactive -- Interactive explore -- status -- end
2021-06-14 20:31:46,098 INFO     test_ai_mod.labeler.v1.crawls -- elem image requested, crawl: 20210614203113, filename: iter_00000_step_00000_23_div.png
2021-06-14 20:31:46,099 INFO     test_ai_mod.carbon_dao.local_carbon_dao -- Getting build info: APP_ID: b7133b3d-58f2-41fd-b1bf-448787c91ef3, BUILD_ID: e72f62a0-6852-48f2-88d9-841f60f42715
2021-06-14 20:31:46,099 INFO     test_ai_mod.labeler.v1.crawls -- resolved to: /Users/bot/test_ai/apps/b7133b3d-58f2-41fd-b1bf-448787c91ef3/builds/e72f62a0-6852-48f2-88d9-841f60f42715/crawls/20210614203113/elems/iter_00000_step_00000_23_div.png
2021-06-14 20:31:46,127 INFO     test_ai_mod.labeler.v1.crawls -- elem image requested, crawl: 20210614203113, filename: iter_00000_step_00000_30_div.png
2021-06-14 20:31:46,127 INFO     test_ai_mod.carbon_dao.local_carbon_dao -- Getting build info: APP_ID: b7133b3d-58f2-41fd-b1bf-448787c91ef3, BUILD_ID: e72f62a0-6852-48f2-88d9-841f60f42715
2021-06-14 20:31:46,127 INFO     test_ai_mod.labeler.v1.crawls -- resolved to: /Users/bot/test_ai/apps/b7133b3d-58f2-41fd-b1bf-448787c91ef3/builds/e72f62a0-6852-48f2-88d9-841f60f42715/crawls/20210614203113/elems/iter_00000_step_00000_30_div.png
2021-06-14 20:31:46,194 INFO     test_ai_mod.labeler.v1.crawls -- elem image requested, crawl: 20210614203113, filename: iter_00000_step_00000_21_span.png
2021-06-14 20:31:46,195 INFO     test_ai_mod.carbon_dao.local_carbon_dao -- Getting build info: APP_ID: b7133b3d-58f2-41fd-b1bf-448787c91ef3, BUILD_ID: e72f62a0-6852-48f2-88d9-841f60f42715
2021-06-14 20:31:46,196 INFO     test_ai_mod.labeler.v1.crawls -- resolved to: /Users/bot/test_ai/apps/b7133b3d-58f2-41fd-b1bf-448787c91ef3/builds/e72f62a0-6852-48f2-88d9-841f60f42715/crawls/20210614203113/elems/iter_00000_step_00000_21_span.png
2021-06-14 20:31:46,226 INFO     test_ai_mod.labeler.v1.crawls -- elem image requested, crawl: 20210614203113, filename: iter_00000_step_00000_15_span.png
2021-06-14 20:31:46,226 INFO     test_ai_mod.carbon_dao.local_carbon_dao -- Getting build info: APP_ID: b7133b3d-58f2-41fd-b1bf-448787c91ef3, BUILD_ID: e72f62a0-6852-48f2-88d9-841f60f42715
2021-06-14 20:31:46,227 INFO     test_ai_mod.labeler.v1.crawls -- resolved to: /Users/bot/test_ai/apps/b7133b3d-58f2-41fd-b1bf-448787c91ef3/builds/e72f62a0-6852-48f2-88d9-841f60f42715/crawls/20210614203113/elems/iter_00000_step_00000_15_span.png
2021-06-14 20:31:46,298 INFO     test_ai_mod.labeler.v1.crawls -- elem image requested, crawl: 20210614203113, filename: iter_00000_step_00000_26_span.png
2021-06-14 20:31:46,299 INFO     test_ai_mod.carbon_dao.local_carbon_dao -- Getting build info: APP_ID: b7133b3d-58f2-41fd-b1bf-448787c91ef3, BUILD_ID: e72f62a0-6852-48f2-88d9-841f60f42715
2021-06-14 20:31:46,300 INFO     test_ai_mod.labeler.v1.crawls -- resolved to: /Users/bot/test_ai/apps/b7133b3d-58f2-41fd-b1bf-448787c91ef3/builds/e72f62a0-6852-48f2-88d9-841f60f42715/crawls/20210614203113/elems/iter_00000_step_00000_26_span.png
2021-06-14 20:31:46,310 INFO     test_ai_mod.labeler.v1.crawls -- elem image requested, crawl: 20210614203113, filename: iter_00000_step_00000_42_span.png
2021-06-14 20:31:46,310 INFO     test_ai_mod.carbon_dao.local_carbon_dao -- Getting build info: APP_ID: b7133b3d-58f2-41fd-b1bf-448787c91ef3, BUILD_ID: e72f62a0-6852-48f2-88d9-841f60f42715
2021-06-14 20:31:46,311 INFO     test_ai_mod.labeler.v1.crawls -- resolved to: /Users/bot/test_ai/apps/b7133b3d-58f2-41fd-b1bf-448787c91ef3/builds/e72f62a0-6852-48f2-88d9-841f60f42715/crawls/20210614203113/elems/iter_00000_step_00000_42_span.png
2021-06-14 20:31:46,410 INFO     test_ai_mod.labeler.v1.crawls -- elem image requested, crawl: 20210614203113, filename: iter_00000_step_00000_2_span.png
2021-06-14 20:31:46,410 INFO     test_ai_mod.carbon_dao.local_carbon_dao -- Getting build info: APP_ID: b7133b3d-58f2-41fd-b1bf-448787c91ef3, BUILD_ID: e72f62a0-6852-48f2-88d9-841f60f42715
2021-06-14 20:31:46,411 INFO     test_ai_mod.labeler.v1.crawls -- resolved to: /Users/bot/test_ai/apps/b7133b3d-58f2-41fd-b1bf-448787c91ef3/builds/e72f62a0-6852-48f2-88d9-841f60f42715/crawls/20210614203113/elems/iter_00000_step_00000_2_span.png
2021-06-14 20:31:46,603 INFO     test_ai_mod.labeler.v1.crawls -- elem image requested, crawl: 20210614203113, filename: iter_00000_step_00000_8_div.png
2021-06-14 20:31:46,604 INFO     test_ai_mod.carbon_dao.local_carbon_dao -- Getting build info: APP_ID: b7133b3d-58f2-41fd-b1bf-448787c91ef3, BUILD_ID: e72f62a0-6852-48f2-88d9-841f60f42715
2021-06-14 20:31:46,604 INFO     test_ai_mod.labeler.v1.crawls -- resolved to: /Users/bot/test_ai/apps/b7133b3d-58f2-41fd-b1bf-448787c91ef3/builds/e72f62a0-6852-48f2-88d9-841f60f42715/crawls/20210614203113/elems/iter_00000_step_00000_8_div.png
2021-06-14 20:31:46,800 INFO     test_ai_mod.labeler.v1.crawls -- elem image requested, crawl: 20210614203113, filename: iter_00000_step_00000_28_span.png
2021-06-14 20:31:46,801 INFO     test_ai_mod.labeler.v1.crawls -- elem image requested, crawl: 20210614203113, filename: iter_00000_step_00000_39_a.png
2021-06-14 20:31:46,801 INFO     test_ai_mod.carbon_dao.local_carbon_dao -- Getting build info: APP_ID: b7133b3d-58f2-41fd-b1bf-448787c91ef3, BUILD_ID: e72f62a0-6852-48f2-88d9-841f60f42715
2021-06-14 20:31:46,802 INFO     test_ai_mod.carbon_dao.local_carbon_dao -- Getting build info: APP_ID: b7133b3d-58f2-41fd-b1bf-448787c91ef3, BUILD_ID: e72f62a0-6852-48f2-88d9-841f60f42715
2021-06-14 20:31:46,803 INFO     test_ai_mod.labeler.v1.crawls -- resolved to: /Users/bot/test_ai/apps/b7133b3d-58f2-41fd-b1bf-448787c91ef3/builds/e72f62a0-6852-48f2-88d9-841f60f42715/crawls/20210614203113/elems/iter_00000_step_00000_39_a.png
2021-06-14 20:31:46,803 INFO     test_ai_mod.labeler.v1.crawls -- resolved to: /Users/bot/test_ai/apps/b7133b3d-58f2-41fd-b1bf-448787c91ef3/builds/e72f62a0-6852-48f2-88d9-841f60f42715/crawls/20210614203113/elems/iter_00000_step_00000_28_span.png
2021-06-14 20:31:46,821 INFO     test_ai_mod.labeler.v1.crawls -- elem image requested, crawl: 20210614203113, filename: iter_00000_step_00000_27_img.png
2021-06-14 20:31:46,821 INFO     test_ai_mod.carbon_dao.local_carbon_dao -- Getting build info: APP_ID: b7133b3d-58f2-41fd-b1bf-448787c91ef3, BUILD_ID: e72f62a0-6852-48f2-88d9-841f60f42715
2021-06-14 20:31:46,822 INFO     test_ai_mod.labeler.v1.crawls -- resolved to: /Users/bot/test_ai/apps/b7133b3d-58f2-41fd-b1bf-448787c91ef3/builds/e72f62a0-6852-48f2-88d9-841f60f42715/crawls/20210614203113/elems/iter_00000_step_00000_27_img.png
2021-06-14 20:31:46,868 INFO     test_ai_mod.labeler.v1.crawls -- elem image requested, crawl: 20210614203113, filename: iter_00000_step_00000_11_a.png
2021-06-14 20:31:46,868 INFO     test_ai_mod.carbon_dao.local_carbon_dao -- Getting build info: APP_ID: b7133b3d-58f2-41fd-b1bf-448787c91ef3, BUILD_ID: e72f62a0-6852-48f2-88d9-841f60f42715
2021-06-14 20:31:46,869 INFO     test_ai_mod.labeler.v1.crawls -- resolved to: /Users/bot/test_ai/apps/b7133b3d-58f2-41fd-b1bf-448787c91ef3/builds/e72f62a0-6852-48f2-88d9-841f60f42715/crawls/20210614203113/elems/iter_00000_step_00000_11_a.png
2021-06-14 20:31:46,928 INFO     test_ai_mod.labeler.v1.crawls -- elem image requested, crawl: 20210614203113, filename: iter_00000_step_00000_35_span.png
2021-06-14 20:31:46,928 INFO     test_ai_mod.carbon_dao.local_carbon_dao -- Getting build info: APP_ID: b7133b3d-58f2-41fd-b1bf-448787c91ef3, BUILD_ID: e72f62a0-6852-48f2-88d9-841f60f42715
2021-06-14 20:31:46,929 INFO     test_ai_mod.labeler.v1.crawls -- resolved to: /Users/bot/test_ai/apps/b7133b3d-58f2-41fd-b1bf-448787c91ef3/builds/e72f62a0-6852-48f2-88d9-841f60f42715/crawls/20210614203113/elems/iter_00000_step_00000_35_span.png
2021-06-14 20:31:47,001 INFO     test_ai_mod.labeler.v1.crawls -- elem image requested, crawl: 20210614203113, filename: iter_00000_step_00000_13_div.png
2021-06-14 20:31:47,002 INFO     test_ai_mod.carbon_dao.local_carbon_dao -- Getting build info: APP_ID: b7133b3d-58f2-41fd-b1bf-448787c91ef3, BUILD_ID: e72f62a0-6852-48f2-88d9-841f60f42715
2021-06-14 20:31:47,002 INFO     test_ai_mod.labeler.v1.crawls -- resolved to: /Users/bot/test_ai/apps/b7133b3d-58f2-41fd-b1bf-448787c91ef3/builds/e72f62a0-6852-48f2-88d9-841f60f42715/crawls/20210614203113/elems/iter_00000_step_00000_13_div.png
2021-06-14 20:31:47,104 INFO     test_ai_mod.labeler.v1.crawls -- elem image requested, crawl: 20210614203113, filename: iter_00000_step_00000_38_span.png
2021-06-14 20:31:47,105 INFO     test_ai_mod.carbon_dao.local_carbon_dao -- Getting build info: APP_ID: b7133b3d-58f2-41fd-b1bf-448787c91ef3, BUILD_ID: e72f62a0-6852-48f2-88d9-841f60f42715
2021-06-14 20:31:47,105 INFO     test_ai_mod.labeler.v1.crawls -- resolved to: /Users/bot/test_ai/apps/b7133b3d-58f2-41fd-b1bf-448787c91ef3/builds/e72f62a0-6852-48f2-88d9-841f60f42715/crawls/20210614203113/elems/iter_00000_step_00000_38_span.png
2021-06-14 20:31:47,200 INFO     test_ai_mod.labeler.v1.crawls -- elem image requested, crawl: 20210614203113, filename: iter_00000_step_00000_50_a.png
2021-06-14 20:31:47,201 INFO     test_ai_mod.carbon_dao.local_carbon_dao -- Getting build info: APP_ID: b7133b3d-58f2-41fd-b1bf-448787c91ef3, BUILD_ID: e72f62a0-6852-48f2-88d9-841f60f42715
2021-06-14 20:31:47,201 INFO     test_ai_mod.labeler.v1.crawls -- resolved to: /Users/bot/test_ai/apps/b7133b3d-58f2-41fd-b1bf-448787c91ef3/builds/e72f62a0-6852-48f2-88d9-841f60f42715/crawls/20210614203113/elems/iter_00000_step_00000_50_a.png
2021-06-14 20:31:47,205 INFO     test_ai_mod.labeler.v1.crawls -- elem image requested, crawl: 20210614203113, filename: iter_00000_step_00000_34_a.png
2021-06-14 20:31:47,206 INFO     test_ai_mod.carbon_dao.local_carbon_dao -- Getting build info: APP_ID: b7133b3d-58f2-41fd-b1bf-448787c91ef3, BUILD_ID: e72f62a0-6852-48f2-88d9-841f60f42715
2021-06-14 20:31:47,208 INFO     test_ai_mod.labeler.v1.crawls -- resolved to: /Users/bot/test_ai/apps/b7133b3d-58f2-41fd-b1bf-448787c91ef3/builds/e72f62a0-6852-48f2-88d9-841f60f42715/crawls/20210614203113/elems/iter_00000_step_00000_34_a.png
2021-06-14 20:31:47,307 INFO     test_ai_mod.labeler.v1.crawls -- elem image requested, crawl: 20210614203113, filename: iter_00000_step_00000_45_span.png
2021-06-14 20:31:47,307 INFO     test_ai_mod.carbon_dao.local_carbon_dao -- Getting build info: APP_ID: b7133b3d-58f2-41fd-b1bf-448787c91ef3, BUILD_ID: e72f62a0-6852-48f2-88d9-841f60f42715
2021-06-14 20:31:47,308 INFO     test_ai_mod.labeler.v1.crawls -- resolved to: /Users/bot/test_ai/apps/b7133b3d-58f2-41fd-b1bf-448787c91ef3/builds/e72f62a0-6852-48f2-88d9-841f60f42715/crawls/20210614203113/elems/iter_00000_step_00000_45_span.png
2021-06-14 20:31:47,310 INFO     test_ai_mod.labeler.v1.crawls -- elem image requested, crawl: 20210614203113, filename: iter_00000_step_00000_screenshot.png
2021-06-14 20:31:47,313 INFO     test_ai_mod.carbon_dao.local_carbon_dao -- Getting build info: APP_ID: b7133b3d-58f2-41fd-b1bf-448787c91ef3, BUILD_ID: e72f62a0-6852-48f2-88d9-841f60f42715
2021-06-14 20:31:47,315 INFO     test_ai_mod.labeler.v1.crawls -- resolved to: /Users/bot/test_ai/apps/b7133b3d-58f2-41fd-b1bf-448787c91ef3/builds/e72f62a0-6852-48f2-88d9-841f60f42715/crawls/20210614203113/screens/iter_00000_step_00000_screenshot.png
2021-06-14 20:31:47,395 INFO     test_ai_mod.labeler.v1.crawls -- elem image requested, crawl: 20210614203113, filename: iter_00000_step_00000_47_div.png
2021-06-14 20:31:47,396 INFO     test_ai_mod.carbon_dao.local_carbon_dao -- Getting build info: APP_ID: b7133b3d-58f2-41fd-b1bf-448787c91ef3, BUILD_ID: e72f62a0-6852-48f2-88d9-841f60f42715
2021-06-14 20:31:47,397 INFO     test_ai_mod.labeler.v1.crawls -- resolved to: /Users/bot/test_ai/apps/b7133b3d-58f2-41fd-b1bf-448787c91ef3/builds/e72f62a0-6852-48f2-88d9-841f60f42715/crawls/20210614203113/elems/iter_00000_step_00000_47_div.png
2021-06-14 20:31:47,495 INFO     test_ai_mod.labeler.v1.crawls -- elem image requested, crawl: 20210614203113, filename: iter_00000_step_00000_1_button.png
2021-06-14 20:31:47,497 INFO     test_ai_mod.labeler.v1.crawls -- elem image requested, crawl: 20210614203113, filename: iter_00000_step_00000_46_div.png
2021-06-14 20:31:47,498 INFO     test_ai_mod.carbon_dao.local_carbon_dao -- Getting build info: APP_ID: b7133b3d-58f2-41fd-b1bf-448787c91ef3, BUILD_ID: e72f62a0-6852-48f2-88d9-841f60f42715
2021-06-14 20:31:47,499 INFO     test_ai_mod.carbon_dao.local_carbon_dao -- Getting build info: APP_ID: b7133b3d-58f2-41fd-b1bf-448787c91ef3, BUILD_ID: e72f62a0-6852-48f2-88d9-841f60f42715
2021-06-14 20:31:47,499 INFO     test_ai_mod.labeler.v1.crawls -- resolved to: /Users/bot/test_ai/apps/b7133b3d-58f2-41fd-b1bf-448787c91ef3/builds/e72f62a0-6852-48f2-88d9-841f60f42715/crawls/20210614203113/elems/iter_00000_step_00000_1_button.png
2021-06-14 20:31:47,500 INFO     test_ai_mod.labeler.v1.crawls -- resolved to: /Users/bot/test_ai/apps/b7133b3d-58f2-41fd-b1bf-448787c91ef3/builds/e72f62a0-6852-48f2-88d9-841f60f42715/crawls/20210614203113/elems/iter_00000_step_00000_46_div.png
2021-06-14 20:31:47,516 INFO     test_ai_mod.labeler.v1.crawls -- elem image requested, crawl: 20210614203113, filename: iter_00000_step_00000_14_a.png
2021-06-14 20:31:47,517 INFO     test_ai_mod.carbon_dao.local_carbon_dao -- Getting build info: APP_ID: b7133b3d-58f2-41fd-b1bf-448787c91ef3, BUILD_ID: e72f62a0-6852-48f2-88d9-841f60f42715
2021-06-14 20:31:47,517 INFO     test_ai_mod.labeler.v1.crawls -- resolved to: /Users/bot/test_ai/apps/b7133b3d-58f2-41fd-b1bf-448787c91ef3/builds/e72f62a0-6852-48f2-88d9-841f60f42715/crawls/20210614203113/elems/iter_00000_step_00000_14_a.png
2021-06-14 20:31:47,708 INFO     test_ai_mod.labeler.v1.crawls -- elem image requested, crawl: 20210614203113, filename: iter_00000_step_00000_51_span.png
2021-06-14 20:31:47,709 INFO     test_ai_mod.labeler.v1.crawls -- elem image requested, crawl: 20210614203113, filename: iter_00000_step_00000_9_div.png
2021-06-14 20:31:47,710 INFO     test_ai_mod.carbon_dao.local_carbon_dao -- Getting build info: APP_ID: b7133b3d-58f2-41fd-b1bf-448787c91ef3, BUILD_ID: e72f62a0-6852-48f2-88d9-841f60f42715
2021-06-14 20:31:47,710 INFO     test_ai_mod.carbon_dao.local_carbon_dao -- Getting build info: APP_ID: b7133b3d-58f2-41fd-b1bf-448787c91ef3, BUILD_ID: e72f62a0-6852-48f2-88d9-841f60f42715
2021-06-14 20:31:47,711 INFO     test_ai_mod.labeler.v1.crawls -- resolved to: /Users/bot/test_ai/apps/b7133b3d-58f2-41fd-b1bf-448787c91ef3/builds/e72f62a0-6852-48f2-88d9-841f60f42715/crawls/20210614203113/elems/iter_00000_step_00000_51_span.png
2021-06-14 20:31:47,711 INFO     test_ai_mod.labeler.v1.crawls -- resolved to: /Users/bot/test_ai/apps/b7133b3d-58f2-41fd-b1bf-448787c91ef3/builds/e72f62a0-6852-48f2-88d9-841f60f42715/crawls/20210614203113/elems/iter_00000_step_00000_9_div.png
2021-06-14 20:31:47,905 INFO     test_ai_mod.labeler.v1.crawls -- elem image requested, crawl: 20210614203113, filename: iter_00000_step_00000_48_a.png
2021-06-14 20:31:47,905 INFO     test_ai_mod.labeler.v1.crawls -- elem image requested, crawl: 20210614203113, filename: iter_00000_step_00000_10_a.png
2021-06-14 20:31:47,906 INFO     test_ai_mod.carbon_dao.local_carbon_dao -- Getting build info: APP_ID: b7133b3d-58f2-41fd-b1bf-448787c91ef3, BUILD_ID: e72f62a0-6852-48f2-88d9-841f60f42715
2021-06-14 20:31:47,906 INFO     test_ai_mod.carbon_dao.local_carbon_dao -- Getting build info: APP_ID: b7133b3d-58f2-41fd-b1bf-448787c91ef3, BUILD_ID: e72f62a0-6852-48f2-88d9-841f60f42715
2021-06-14 20:31:47,907 INFO     test_ai_mod.labeler.v1.crawls -- resolved to: /Users/bot/test_ai/apps/b7133b3d-58f2-41fd-b1bf-448787c91ef3/builds/e72f62a0-6852-48f2-88d9-841f60f42715/crawls/20210614203113/elems/iter_00000_step_00000_10_a.png
2021-06-14 20:31:47,907 INFO     test_ai_mod.labeler.v1.crawls -- resolved to: /Users/bot/test_ai/apps/b7133b3d-58f2-41fd-b1bf-448787c91ef3/builds/e72f62a0-6852-48f2-88d9-841f60f42715/crawls/20210614203113/elems/iter_00000_step_00000_48_a.png
2021-06-14 20:31:47,924 INFO     test_ai_mod.labeler.v1.crawls -- elem image requested, crawl: 20210614203113, filename: iter_00000_step_00000_16_div.png
2021-06-14 20:31:47,924 INFO     test_ai_mod.carbon_dao.local_carbon_dao -- Getting build info: APP_ID: b7133b3d-58f2-41fd-b1bf-448787c91ef3, BUILD_ID: e72f62a0-6852-48f2-88d9-841f60f42715
2021-06-14 20:31:47,925 INFO     test_ai_mod.labeler.v1.crawls -- resolved to: /Users/bot/test_ai/apps/b7133b3d-58f2-41fd-b1bf-448787c91ef3/builds/e72f62a0-6852-48f2-88d9-841f60f42715/crawls/20210614203113/elems/iter_00000_step_00000_16_div.png
2021-06-14 20:31:48,004 INFO     test_ai_mod.labeler.v1.crawls -- elem image requested, crawl: 20210614203113, filename: iter_00000_step_00000_19_div.png
2021-06-14 20:31:48,004 INFO     test_ai_mod.carbon_dao.local_carbon_dao -- Getting build info: APP_ID: b7133b3d-58f2-41fd-b1bf-448787c91ef3, BUILD_ID: e72f62a0-6852-48f2-88d9-841f60f42715
2021-06-14 20:31:48,005 INFO     test_ai_mod.labeler.v1.crawls -- resolved to: /Users/bot/test_ai/apps/b7133b3d-58f2-41fd-b1bf-448787c91ef3/builds/e72f62a0-6852-48f2-88d9-841f60f42715/crawls/20210614203113/elems/iter_00000_step_00000_19_div.png
2021-06-14 20:31:48,114 INFO     test_ai_mod.labeler.v1.crawls -- elem image requested, crawl: 20210614203113, filename: iter_00000_step_00000_4_h1.png
2021-06-14 20:31:48,114 INFO     test_ai_mod.carbon_dao.local_carbon_dao -- Getting build info: APP_ID: b7133b3d-58f2-41fd-b1bf-448787c91ef3, BUILD_ID: e72f62a0-6852-48f2-88d9-841f60f42715
2021-06-14 20:31:48,116 INFO     test_ai_mod.labeler.v1.crawls -- resolved to: /Users/bot/test_ai/apps/b7133b3d-58f2-41fd-b1bf-448787c91ef3/builds/e72f62a0-6852-48f2-88d9-841f60f42715/crawls/20210614203113/elems/iter_00000_step_00000_4_h1.png
2021-06-14 20:31:48,137 INFO     test_ai_mod.labeler.v1.crawls -- elem image requested, crawl: 20210614203113, filename: iter_00000_step_00000_37_span.png
2021-06-14 20:31:48,138 INFO     test_ai_mod.carbon_dao.local_carbon_dao -- Getting build info: APP_ID: b7133b3d-58f2-41fd-b1bf-448787c91ef3, BUILD_ID: e72f62a0-6852-48f2-88d9-841f60f42715
2021-06-14 20:31:48,138 INFO     test_ai_mod.labeler.v1.crawls -- resolved to: /Users/bot/test_ai/apps/b7133b3d-58f2-41fd-b1bf-448787c91ef3/builds/e72f62a0-6852-48f2-88d9-841f60f42715/crawls/20210614203113/elems/iter_00000_step_00000_37_span.png
2021-06-14 20:31:48,207 INFO     test_ai_mod.labeler.v1.crawls -- elem image requested, crawl: 20210614203113, filename: iter_00000_step_00000_53_a.png
2021-06-14 20:31:48,208 INFO     test_ai_mod.carbon_dao.local_carbon_dao -- Getting build info: APP_ID: b7133b3d-58f2-41fd-b1bf-448787c91ef3, BUILD_ID: e72f62a0-6852-48f2-88d9-841f60f42715
2021-06-14 20:31:48,209 INFO     test_ai_mod.labeler.v1.crawls -- resolved to: /Users/bot/test_ai/apps/b7133b3d-58f2-41fd-b1bf-448787c91ef3/builds/e72f62a0-6852-48f2-88d9-841f60f42715/crawls/20210614203113/elems/iter_00000_step_00000_53_a.png
2021-06-14 20:31:48,231 INFO     test_ai_mod.labeler.v1.crawls -- elem image requested, crawl: 20210614203113, filename: iter_00000_step_00000_5_span.png
2021-06-14 20:31:48,232 INFO     test_ai_mod.carbon_dao.local_carbon_dao -- Getting build info: APP_ID: b7133b3d-58f2-41fd-b1bf-448787c91ef3, BUILD_ID: e72f62a0-6852-48f2-88d9-841f60f42715
2021-06-14 20:31:48,233 INFO     test_ai_mod.labeler.v1.crawls -- resolved to: /Users/bot/test_ai/apps/b7133b3d-58f2-41fd-b1bf-448787c91ef3/builds/e72f62a0-6852-48f2-88d9-841f60f42715/crawls/20210614203113/elems/iter_00000_step_00000_5_span.png
2021-06-14 20:31:48,308 INFO     test_ai_mod.labeler.v1.crawls -- elem image requested, crawl: 20210614203113, filename: iter_00000_step_00000_52_div.png
2021-06-14 20:31:48,308 INFO     test_ai_mod.carbon_dao.local_carbon_dao -- Getting build info: APP_ID: b7133b3d-58f2-41fd-b1bf-448787c91ef3, BUILD_ID: e72f62a0-6852-48f2-88d9-841f60f42715
2021-06-14 20:31:48,309 INFO     test_ai_mod.labeler.v1.crawls -- resolved to: /Users/bot/test_ai/apps/b7133b3d-58f2-41fd-b1bf-448787c91ef3/builds/e72f62a0-6852-48f2-88d9-841f60f42715/crawls/20210614203113/elems/iter_00000_step_00000_52_div.png
2021-06-14 20:31:48,321 INFO     test_ai_mod.labeler.v1.crawls -- elem image requested, crawl: 20210614203113, filename: iter_00000_step_00000_43_span.png
2021-06-14 20:31:48,322 INFO     test_ai_mod.carbon_dao.local_carbon_dao -- Getting build info: APP_ID: b7133b3d-58f2-41fd-b1bf-448787c91ef3, BUILD_ID: e72f62a0-6852-48f2-88d9-841f60f42715
2021-06-14 20:31:48,322 INFO     test_ai_mod.labeler.v1.crawls -- resolved to: /Users/bot/test_ai/apps/b7133b3d-58f2-41fd-b1bf-448787c91ef3/builds/e72f62a0-6852-48f2-88d9-841f60f42715/crawls/20210614203113/elems/iter_00000_step_00000_43_span.png
2021-06-14 20:31:48,429 INFO     test_ai_mod.labeler.v1.crawls -- elem image requested, crawl: 20210614203113, filename: iter_00000_step_00000_32_a.png
2021-06-14 20:31:48,430 INFO     test_ai_mod.carbon_dao.local_carbon_dao -- Getting build info: APP_ID: b7133b3d-58f2-41fd-b1bf-448787c91ef3, BUILD_ID: e72f62a0-6852-48f2-88d9-841f60f42715
2021-06-14 20:31:48,430 INFO     test_ai_mod.labeler.v1.crawls -- resolved to: /Users/bot/test_ai/apps/b7133b3d-58f2-41fd-b1bf-448787c91ef3/builds/e72f62a0-6852-48f2-88d9-841f60f42715/crawls/20210614203113/elems/iter_00000_step_00000_32_a.png
2021-06-14 20:31:48,507 INFO     test_ai_mod.labeler.v1.crawls -- elem image requested, crawl: 20210614203113, filename: iter_00000_step_00000_7_a.png
2021-06-14 20:31:48,508 INFO     test_ai_mod.carbon_dao.local_carbon_dao -- Getting build info: APP_ID: b7133b3d-58f2-41fd-b1bf-448787c91ef3, BUILD_ID: e72f62a0-6852-48f2-88d9-841f60f42715
2021-06-14 20:31:48,509 INFO     test_ai_mod.labeler.v1.crawls -- resolved to: /Users/bot/test_ai/apps/b7133b3d-58f2-41fd-b1bf-448787c91ef3/builds/e72f62a0-6852-48f2-88d9-841f60f42715/crawls/20210614203113/elems/iter_00000_step_00000_7_a.png
2021-06-14 20:31:48,550 INFO     test_ai_mod.labeler.v1.crawls -- elem image requested, crawl: 20210614203113, filename: iter_00000_step_00000_25_span.png
2021-06-14 20:31:48,551 INFO     test_ai_mod.carbon_dao.local_carbon_dao -- Getting build info: APP_ID: b7133b3d-58f2-41fd-b1bf-448787c91ef3, BUILD_ID: e72f62a0-6852-48f2-88d9-841f60f42715
2021-06-14 20:31:48,552 INFO     test_ai_mod.labeler.v1.crawls -- resolved to: /Users/bot/test_ai/apps/b7133b3d-58f2-41fd-b1bf-448787c91ef3/builds/e72f62a0-6852-48f2-88d9-841f60f42715/crawls/20210614203113/elems/iter_00000_step_00000_25_span.png
2021-06-14 20:31:48,606 INFO     test_ai_mod.labeler.v1.crawls -- elem image requested, crawl: 20210614203113, filename: iter_00000_step_00000_33_a.png
2021-06-14 20:31:48,606 INFO     test_ai_mod.carbon_dao.local_carbon_dao -- Getting build info: APP_ID: b7133b3d-58f2-41fd-b1bf-448787c91ef3, BUILD_ID: e72f62a0-6852-48f2-88d9-841f60f42715
2021-06-14 20:31:48,607 INFO     test_ai_mod.labeler.v1.crawls -- resolved to: /Users/bot/test_ai/apps/b7133b3d-58f2-41fd-b1bf-448787c91ef3/builds/e72f62a0-6852-48f2-88d9-841f60f42715/crawls/20210614203113/elems/iter_00000_step_00000_33_a.png
2021-06-14 20:31:48,633 INFO     test_ai_mod.labeler.v1.crawls -- elem image requested, crawl: 20210614203113, filename: iter_00000_step_00000_22_a.png
2021-06-14 20:31:48,633 INFO     test_ai_mod.carbon_dao.local_carbon_dao -- Getting build info: APP_ID: b7133b3d-58f2-41fd-b1bf-448787c91ef3, BUILD_ID: e72f62a0-6852-48f2-88d9-841f60f42715
2021-06-14 20:31:48,634 INFO     test_ai_mod.labeler.v1.crawls -- resolved to: /Users/bot/test_ai/apps/b7133b3d-58f2-41fd-b1bf-448787c91ef3/builds/e72f62a0-6852-48f2-88d9-841f60f42715/crawls/20210614203113/elems/iter_00000_step_00000_22_a.png
2021-06-14 20:31:48,697 INFO     test_ai_mod.labeler.v1.crawls -- elem image requested, crawl: 20210614203113, filename: iter_00000_step_00000_29_div.png
2021-06-14 20:31:48,699 INFO     test_ai_mod.carbon_dao.local_carbon_dao -- Getting build info: APP_ID: b7133b3d-58f2-41fd-b1bf-448787c91ef3, BUILD_ID: e72f62a0-6852-48f2-88d9-841f60f42715
2021-06-14 20:31:48,699 INFO     test_ai_mod.labeler.v1.crawls -- resolved to: /Users/bot/test_ai/apps/b7133b3d-58f2-41fd-b1bf-448787c91ef3/builds/e72f62a0-6852-48f2-88d9-841f60f42715/crawls/20210614203113/elems/iter_00000_step_00000_29_div.png
2021-06-14 20:31:48,799 INFO     test_ai_mod.labeler.v1.crawls -- elem image requested, crawl: 20210614203113, filename: iter_00000_step_00000_12_div.png
2021-06-14 20:31:48,800 INFO     test_ai_mod.carbon_dao.local_carbon_dao -- Getting build info: APP_ID: b7133b3d-58f2-41fd-b1bf-448787c91ef3, BUILD_ID: e72f62a0-6852-48f2-88d9-841f60f42715
2021-06-14 20:31:48,801 INFO     test_ai_mod.labeler.v1.crawls -- resolved to: /Users/bot/test_ai/apps/b7133b3d-58f2-41fd-b1bf-448787c91ef3/builds/e72f62a0-6852-48f2-88d9-841f60f42715/crawls/20210614203113/elems/iter_00000_step_00000_12_div.png
2021-06-14 20:31:48,822 INFO     test_ai_mod.labeler.v1.crawls -- elem image requested, crawl: 20210614203113, filename: iter_00000_step_00000_6_span.png
2021-06-14 20:31:48,823 INFO     test_ai_mod.carbon_dao.local_carbon_dao -- Getting build info: APP_ID: b7133b3d-58f2-41fd-b1bf-448787c91ef3, BUILD_ID: e72f62a0-6852-48f2-88d9-841f60f42715
2021-06-14 20:31:48,823 INFO     test_ai_mod.labeler.v1.crawls -- resolved to: /Users/bot/test_ai/apps/b7133b3d-58f2-41fd-b1bf-448787c91ef3/builds/e72f62a0-6852-48f2-88d9-841f60f42715/crawls/20210614203113/elems/iter_00000_step_00000_6_span.png
2021-06-14 20:31:48,865 INFO     test_ai_mod.labeler.v1.crawls -- elem image requested, crawl: 20210614203113, filename: iter_00000_step_00000_41_a.png
2021-06-14 20:31:48,866 INFO     test_ai_mod.carbon_dao.local_carbon_dao -- Getting build info: APP_ID: b7133b3d-58f2-41fd-b1bf-448787c91ef3, BUILD_ID: e72f62a0-6852-48f2-88d9-841f60f42715
2021-06-14 20:31:48,866 INFO     test_ai_mod.labeler.v1.crawls -- resolved to: /Users/bot/test_ai/apps/b7133b3d-58f2-41fd-b1bf-448787c91ef3/builds/e72f62a0-6852-48f2-88d9-841f60f42715/crawls/20210614203113/elems/iter_00000_step_00000_41_a.png
2021-06-14 20:31:48,897 INFO     test_ai_mod.labeler.v1.crawls -- elem image requested, crawl: 20210614203113, filename: iter_00000_step_00000_44_span.png
2021-06-14 20:31:48,898 INFO     test_ai_mod.carbon_dao.local_carbon_dao -- Getting build info: APP_ID: b7133b3d-58f2-41fd-b1bf-448787c91ef3, BUILD_ID: e72f62a0-6852-48f2-88d9-841f60f42715
2021-06-14 20:31:48,898 INFO     test_ai_mod.labeler.v1.crawls -- resolved to: /Users/bot/test_ai/apps/b7133b3d-58f2-41fd-b1bf-448787c91ef3/builds/e72f62a0-6852-48f2-88d9-841f60f42715/crawls/20210614203113/elems/iter_00000_step_00000_44_span.png
2021-06-14 20:31:48,959 INFO     test_ai_mod.labeler.v1.crawls -- elem image requested, crawl: 20210614203113, filename: iter_00000_step_00000_0_span.png
2021-06-14 20:31:48,959 INFO     test_ai_mod.carbon_dao.local_carbon_dao -- Getting build info: APP_ID: b7133b3d-58f2-41fd-b1bf-448787c91ef3, BUILD_ID: e72f62a0-6852-48f2-88d9-841f60f42715
2021-06-14 20:31:48,960 INFO     test_ai_mod.labeler.v1.crawls -- resolved to: /Users/bot/test_ai/apps/b7133b3d-58f2-41fd-b1bf-448787c91ef3/builds/e72f62a0-6852-48f2-88d9-841f60f42715/crawls/20210614203113/elems/iter_00000_step_00000_0_span.png
2021-06-14 20:31:49,005 INFO     test_ai_mod.labeler.v1.crawls -- elem image requested, crawl: 20210614203113, filename: iter_00000_step_00000_3_a.png
2021-06-14 20:31:49,006 INFO     test_ai_mod.carbon_dao.local_carbon_dao -- Getting build info: APP_ID: b7133b3d-58f2-41fd-b1bf-448787c91ef3, BUILD_ID: e72f62a0-6852-48f2-88d9-841f60f42715
2021-06-14 20:31:49,006 INFO     test_ai_mod.labeler.v1.crawls -- resolved to: /Users/bot/test_ai/apps/b7133b3d-58f2-41fd-b1bf-448787c91ef3/builds/e72f62a0-6852-48f2-88d9-841f60f42715/crawls/20210614203113/elems/iter_00000_step_00000_3_a.png
2021-06-14 20:31:49,045 INFO     test_ai_mod.labeler.v1.crawls -- elem image requested, crawl: 20210614203113, filename: iter_00000_step_00000_36_button.png
2021-06-14 20:31:49,045 INFO     test_ai_mod.carbon_dao.local_carbon_dao -- Getting build info: APP_ID: b7133b3d-58f2-41fd-b1bf-448787c91ef3, BUILD_ID: e72f62a0-6852-48f2-88d9-841f60f42715
2021-06-14 20:31:49,046 INFO     test_ai_mod.labeler.v1.crawls -- resolved to: /Users/bot/test_ai/apps/b7133b3d-58f2-41fd-b1bf-448787c91ef3/builds/e72f62a0-6852-48f2-88d9-841f60f42715/crawls/20210614203113/elems/iter_00000_step_00000_36_button.png
2021-06-14 20:31:49,096 INFO     test_ai_mod.labeler.v1.crawls -- elem image requested, crawl: 20210614203113, filename: iter_00000_step_00000_20_img.png
2021-06-14 20:31:49,096 INFO     test_ai_mod.carbon_dao.local_carbon_dao -- Getting build info: APP_ID: b7133b3d-58f2-41fd-b1bf-448787c91ef3, BUILD_ID: e72f62a0-6852-48f2-88d9-841f60f42715
2021-06-14 20:31:49,097 INFO     test_ai_mod.labeler.v1.crawls -- resolved to: /Users/bot/test_ai/apps/b7133b3d-58f2-41fd-b1bf-448787c91ef3/builds/e72f62a0-6852-48f2-88d9-841f60f42715/crawls/20210614203113/elems/iter_00000_step_00000_20_img.png
2021-06-14 20:31:49,131 INFO     test_ai_mod.labeler.v1.crawls -- elem image requested, crawl: 20210614203113, filename: iter_00000_step_00000_49_a.png
2021-06-14 20:31:49,132 INFO     test_ai_mod.carbon_dao.local_carbon_dao -- Getting build info: APP_ID: b7133b3d-58f2-41fd-b1bf-448787c91ef3, BUILD_ID: e72f62a0-6852-48f2-88d9-841f60f42715
2021-06-14 20:31:49,133 INFO     test_ai_mod.labeler.v1.crawls -- resolved to: /Users/bot/test_ai/apps/b7133b3d-58f2-41fd-b1bf-448787c91ef3/builds/e72f62a0-6852-48f2-88d9-841f60f42715/crawls/20210614203113/elems/iter_00000_step_00000_49_a.png
2021-06-14 20:31:49,212 INFO     test_ai_mod.labeler.v1.crawls -- elem image requested, crawl: 20210614203113, filename: iter_00000_step_00000_40_div.png
2021-06-14 20:31:49,212 INFO     test_ai_mod.carbon_dao.local_carbon_dao -- Getting build info: APP_ID: b7133b3d-58f2-41fd-b1bf-448787c91ef3, BUILD_ID: e72f62a0-6852-48f2-88d9-841f60f42715
2021-06-14 20:31:49,213 INFO     test_ai_mod.labeler.v1.crawls -- resolved to: /Users/bot/test_ai/apps/b7133b3d-58f2-41fd-b1bf-448787c91ef3/builds/e72f62a0-6852-48f2-88d9-841f60f42715/crawls/20210614203113/elems/iter_00000_step_00000_40_div.png
2021-06-14 20:31:49,249 INFO     test_ai_mod.labeler.v1.crawls -- elem image requested, crawl: 20210614203113, filename: iter_00000_step_00000_31_div.png
2021-06-14 20:31:49,250 INFO     test_ai_mod.carbon_dao.local_carbon_dao -- Getting build info: APP_ID: b7133b3d-58f2-41fd-b1bf-448787c91ef3, BUILD_ID: e72f62a0-6852-48f2-88d9-841f60f42715
2021-06-14 20:31:49,251 INFO     test_ai_mod.labeler.v1.crawls -- resolved to: /Users/bot/test_ai/apps/b7133b3d-58f2-41fd-b1bf-448787c91ef3/builds/e72f62a0-6852-48f2-88d9-841f60f42715/crawls/20210614203113/elems/iter_00000_step_00000_31_div.png
2021-06-14 20:31:49,288 INFO     test_ai_mod.labeler.v1.crawls -- elem image requested, crawl: 20210614203113, filename: iter_00000_step_00000_17_span.png
2021-06-14 20:31:49,289 INFO     test_ai_mod.carbon_dao.local_carbon_dao -- Getting build info: APP_ID: b7133b3d-58f2-41fd-b1bf-448787c91ef3, BUILD_ID: e72f62a0-6852-48f2-88d9-841f60f42715
2021-06-14 20:31:49,289 INFO     test_ai_mod.labeler.v1.crawls -- resolved to: /Users/bot/test_ai/apps/b7133b3d-58f2-41fd-b1bf-448787c91ef3/builds/e72f62a0-6852-48f2-88d9-841f60f42715/crawls/20210614203113/elems/iter_00000_step_00000_17_span.png
2021-06-14 20:31:49,325 INFO     test_ai_mod.labeler.v1.crawls -- elem image requested, crawl: 20210614203113, filename: iter_00000_step_00000_18_div.png
2021-06-14 20:31:49,325 INFO     test_ai_mod.carbon_dao.local_carbon_dao -- Getting build info: APP_ID: b7133b3d-58f2-41fd-b1bf-448787c91ef3, BUILD_ID: e72f62a0-6852-48f2-88d9-841f60f42715
2021-06-14 20:31:49,326 INFO     test_ai_mod.labeler.v1.crawls -- resolved to: /Users/bot/test_ai/apps/b7133b3d-58f2-41fd-b1bf-448787c91ef3/builds/e72f62a0-6852-48f2-88d9-841f60f42715/crawls/20210614203113/elems/iter_00000_step_00000_18_div.png
2021-06-14 20:31:49,370 INFO     test_ai_mod.labeler.v1.crawls -- elem image requested, crawl: 20210614203113, filename: iter_00000_step_00000_24_span.png
2021-06-14 20:31:49,371 INFO     test_ai_mod.carbon_dao.local_carbon_dao -- Getting build info: APP_ID: b7133b3d-58f2-41fd-b1bf-448787c91ef3, BUILD_ID: e72f62a0-6852-48f2-88d9-841f60f42715
2021-06-14 20:31:49,371 INFO     test_ai_mod.labeler.v1.crawls -- resolved to: /Users/bot/test_ai/apps/b7133b3d-58f2-41fd-b1bf-448787c91ef3/builds/e72f62a0-6852-48f2-88d9-841f60f42715/crawls/20210614203113/elems/iter_00000_step_00000_24_span.png
2021-06-14 20:31:49,950 INFO     test_ai_mod.carbon_explore.interactive -- Interactive explore -- status -- start
2021-06-14 20:31:49,950 INFO     test_ai_mod.carbon_explore.interactive -- Interactive explore -- status -- end
2021-06-14 20:31:54,912 INFO     test_ai_mod.carbon_explore.interactive -- Interactive explore -- status -- start
2021-06-14 20:31:54,912 INFO     test_ai_mod.carbon_explore.interactive -- Interactive explore -- status -- end
2021-06-14 20:31:55,091 INFO     test_ai_mod.carbon_dao.local_carbon_dao -- Getting build info: APP_ID: b7133b3d-58f2-41fd-b1bf-448787c91ef3, BUILD_ID: e72f62a0-6852-48f2-88d9-841f60f42715
2021-06-14 20:31:55,092 INFO     test_ai_mod.labeler.v1.crawls -- labels_info:{u'screens': {}, u'elems': {u'iter_00000_step_00000_50_a.png': [u'btn_classes']}}
2021-06-14 20:31:55,093 INFO     test_ai_mod.carbon_dao.local_carbon_dao -- Getting build info: APP_ID: b7133b3d-58f2-41fd-b1bf-448787c91ef3, BUILD_ID: e72f62a0-6852-48f2-88d9-841f60f42715
2021-06-14 20:31:55,266 INFO     test_ai_mod.carbon_dao.local_carbon_dao -- Getting build info: APP_ID: b7133b3d-58f2-41fd-b1bf-448787c91ef3, BUILD_ID: e72f62a0-6852-48f2-88d9-841f60f42715
2021-06-14 20:32:00,006 INFO     test_ai_mod.carbon_explore.interactive -- Interactive explore -- status -- start
2021-06-14 20:32:00,006 INFO     test_ai_mod.carbon_explore.interactive -- Interactive explore -- status -- end
2021-06-14 20:32:02,153 INFO     test_ai_mod.carbon_explore.interactive -- Interactive explore -- status -- start
2021-06-14 20:32:02,153 INFO     test_ai_mod.carbon_explore.interactive -- Interactive explore -- status -- end
2021-06-14 20:32:02,157 INFO     test_ai_mod.carbon_explore.interactive -- Interactive explore -- status -- start
2021-06-14 20:32:02,157 INFO     test_ai_mod.carbon_explore.interactive -- Interactive explore -- status -- end
2021-06-14 20:32:02,158 INFO     root -- Stopping interactive crawl.
2021-06-14 20:32:02,161 INFO     test_ai_mod.carbon_explore.interactive -- Interactive explore -- stop -- start
2021-06-14 20:32:02,161 INFO     test_ai_mod.carbon_explore.interactive -- Interactive explore -- stop -- stop
2021-06-14 20:32:02,664 INFO     test_ai_mod.carbon_explore.explore_hook -- Explore hook -- apply_deferred_runtime_labels starting.
2021-06-14 20:32:02,664 INFO     test_ai_mod.carbon_explore.explore_hook -- Explore hook -- apply_deferred_runtime_labels completed.
2021-06-14 20:32:02,664 INFO     test_ai_mod.carbon_explore.interactive -- Interactive explore -- start_interactive_loop completed.
2021-06-14 20:32:02,664 INFO     test_ai_mod.carbon_explore.explore -- performing post-walk cleanup
2021-06-14 20:32:02,664 INFO     test_ai_mod.carbon_utils.simulator_tools -- performing post-test cleanup
2021-06-14 20:32:02,664 INFO     test_ai_mod.carbon_utils.simulator_tools -- calling driver.quit
2021-06-14 20:32:02,769 INFO     test_ai_mod.carbon_explore.explore -- iteration completed: 0
2021-06-14 20:32:02,769 INFO     test_ai_mod.carbon_tasks.crawl_build_task -- walk: 1 - succeeded
2021-06-14 20:32:02,769 INFO     test_ai_mod.carbon_tasks.crawl_build_task -- Handling crawl stop request.
2021-06-14 20:32:02,770 INFO     test_ai_mod.carbon_dao.local_carbon_dao -- Getting build info: APP_ID: b7133b3d-58f2-41fd-b1bf-448787c91ef3, BUILD_ID: e72f62a0-6852-48f2-88d9-841f60f42715
2021-06-14 20:32:02,771 INFO     test_ai_mod.carbon_dao.local_carbon_dao -- Getting build info: APP_ID: b7133b3d-58f2-41fd-b1bf-448787c91ef3, BUILD_ID: e72f62a0-6852-48f2-88d9-841f60f42715
2021-06-14 20:32:02,772 INFO     test_ai_mod.carbon_dao.local_carbon_dao -- Getting build info: APP_ID: b7133b3d-58f2-41fd-b1bf-448787c91ef3, BUILD_ID: e72f62a0-6852-48f2-88d9-841f60f42715
2021-06-14 20:32:02,773 INFO     test_ai_mod.carbon_dao.local_carbon_dao -- Getting build info: APP_ID: b7133b3d-58f2-41fd-b1bf-448787c91ef3, BUILD_ID: e72f62a0-6852-48f2-88d9-841f60f42715
2021-06-14 20:32:02,774 INFO     test_ai_mod.carbon_tasks.process_crawl_task -- processing crawl: 20210614203113 (app: b7133b3d-58f2-41fd-b1bf-448787c91ef3, build: e72f62a0-6852-48f2-88d9-841f60f42715)
2021-06-14 20:32:02,774 INFO     test_ai_mod.carbon_tasks.process_crawl_task -- processing screens for crawl
2021-06-14 20:32:02,863 INFO     test_ai_mod.carbon_tasks.process_crawl_task -- writing unique screens file
2021-06-14 20:32:02,864 INFO     test_ai_mod.carbon_tasks.process_crawl_task -- writing screen hash map
2021-06-14 20:32:02,867 INFO     test_ai_mod.carbon_tasks.process_crawl_task -- writing screen similarity file
2021-06-14 20:32:02,868 INFO     test_ai_mod.carbon_tasks.process_crawl_task -- processing elements for crawl
2021-06-14 20:32:02,870 INFO     test_ai_mod.carbon_tasks.process_crawl_task -- skipping already processed: iter_00000_step_00000_info.json
2021-06-14 20:32:02,944 INFO     test_ai_mod.carbon_tasks.process_crawl_task -- Writing unique tags file.
2021-06-14 20:32:02,945 INFO     test_ai_mod.carbon_tasks.process_crawl_task -- writing unique elems file
2021-06-14 20:32:02,946 INFO     test_ai_mod.carbon_tasks.process_crawl_task -- writing elem hash map
2021-06-14 20:32:02,954 INFO     test_ai_mod.carbon_tasks.process_crawl_task -- writing elem similarity file
2021-06-14 20:32:02,956 INFO     test_ai_mod.carbon_tasks.process_crawl_task -- generating and saving feature data for crawl
2021-06-14 20:32:02,956 INFO     test_ai_mod.carbon_tasks.generate_feature_data_task -- generating feature data for crawl: 20210614203113, app_id: b7133b3d-58f2-41fd-b1bf-448787c91ef3, build_id: e72f62a0-6852-48f2-88d9-841f60f42715
2021-06-14 20:32:02,956 INFO     test_ai_mod.carbon_tasks.generate_feature_data_task -- generating screen feature data
2021-06-14 20:32:03,529 INFO     test_ai_mod.carbon_tasks.generate_feature_data_task -- saving screen feature data
2021-06-14 20:32:03,531 INFO     test_ai_mod.carbon_tasks.process_crawl_task -- generating labeler objects file for crawl (v0)
2021-06-14 20:32:03,541 INFO     test_ai_mod.carbon_tasks.process_crawl_task -- reconciling screens labeled at runtime
2021-06-14 20:32:03,542 INFO     test_ai_mod.carbon_tasks.process_crawl_task -- reconciling elements labeled at runtime
2021-06-14 20:32:03,548 INFO     test_ai_mod.carbon_tasks.generate_auto_labels_task -- generating auto labels for crawl: 20210614203113, app_id: b7133b3d-58f2-41fd-b1bf-448787c91ef3, build_id: e72f62a0-6852-48f2-88d9-841f60f42715
2021-06-14 20:32:03,549 INFO     test_ai_mod.carbon_dao.local_carbon_dao -- Getting build info: APP_ID: b7133b3d-58f2-41fd-b1bf-448787c91ef3, BUILD_ID: e72f62a0-6852-48f2-88d9-841f60f42715
2021-06-14 20:32:03,550 INFO     test_ai_mod.carbon_dao.local_carbon_dao -- Getting build info: APP_ID: b7133b3d-58f2-41fd-b1bf-448787c91ef3, BUILD_ID: e72f62a0-6852-48f2-88d9-841f60f42715
2021-06-14 20:32:03,551 INFO     test_ai_mod.carbon_dao.local_carbon_dao -- Getting build info: APP_ID: b7133b3d-58f2-41fd-b1bf-448787c91ef3, BUILD_ID: e72f62a0-6852-48f2-88d9-841f60f42715
2021-06-14 20:32:03,552 INFO     test_ai_mod.carbon_dao.local_carbon_dao -- Getting build info: APP_ID: b7133b3d-58f2-41fd-b1bf-448787c91ef3, BUILD_ID: e72f62a0-6852-48f2-88d9-841f60f42715
2021-06-14 20:32:03,552 INFO     test_ai_mod.carbon_tasks.generate_auto_labels_task -- getting data for crawl: 20210607145944
2021-06-14 20:32:03,553 INFO     test_ai_mod.carbon_tasks.generate_auto_labels_task -- getting data for crawl: 20210607150653
2021-06-14 20:32:03,554 INFO     test_ai_mod.carbon_tasks.generate_auto_labels_task -- getting data for crawl: 20210614203113
2021-06-14 20:32:03,555 INFO     test_ai_mod.carbon_tasks.generate_auto_labels_task -- processing crawl: 20210607145944
2021-06-14 20:32:03,555 INFO     test_ai_mod.carbon_tasks.generate_auto_labels_task -- processing crawl: 20210607150653
2021-06-14 20:32:03,555 INFO     test_ai_mod.carbon_tasks.generate_auto_labels_task -- processing crawl: 20210614203113
2021-06-14 20:32:03,563 INFO     test_ai_mod.carbon_tasks.generate_auto_labels_task -- writing merged, suggested labels for crawl: 20210614203113
2021-06-14 20:32:03,563 INFO     test_ai_mod.carbon_tasks.generate_auto_labels_task -- writing merged, suggested labels for crawl: 20210607145944
2021-06-14 20:32:03,564 INFO     test_ai_mod.carbon_tasks.generate_auto_labels_task -- writing merged, suggested labels for crawl: 20210607150653
2021-06-14 20:32:03,566 INFO     test_ai_mod.carbon_tasks.generate_auto_labels_task -- writing applied hashes to labels to file: /Users/bot/test_ai/apps/b7133b3d-58f2-41fd-b1bf-448787c91ef3/lkg/hashes_to_labels.json
2021-06-14 20:32:03,567 INFO     test_ai_mod.carbon_tasks.generate_auto_labels_task -- writing applied human readable to labels to file: /Users/bot/test_ai/apps/b7133b3d-58f2-41fd-b1bf-448787c91ef3/lkg/human_readable_to_labels.json
2021-06-14 20:32:03,567 INFO     test_ai_mod.carbon_tasks.generate_auto_labels_task -- writing label to hash dicts to file: /Users/bot/test_ai/apps/b7133b3d-58f2-41fd-b1bf-448787c91ef3/lkg/label_to_hash_dicts.json
2021-06-14 20:32:03,568 INFO     test_ai_mod.carbon_tasks.generate_auto_labels_task -- writing human readable to paths to file: /Users/bot/test_ai/apps/b7133b3d-58f2-41fd-b1bf-448787c91ef3/lkg/human_readable_to_paths.json
2021-06-14 20:32:03,568 INFO     test_ai_mod.carbon_classifiers.label_classifier_pipe -- Begin loading configured modules
2021-06-14 20:32:03,568 INFO     test_ai_mod.carbon_classifiers.carbon_classifier_v1.screen_classifier -- Loading ScreenClassifier
2021-06-14 20:32:03,568 INFO     test_ai_mod.carbon_classifiers.template_matching.app_specific_template_matcher -- Loading AppSpecificTemplateMatcher
2021-06-14 20:32:03,568 INFO     test_ai_mod.carbon_classifiers.perceptual.nn_classifier -- Loading NNClassifier
2021-06-14 20:32:03,569 INFO     test_ai_mod.carbon_classifiers.template_matching.template_matching_classifier -- Loading TemplateMatchingClassifier
2021-06-14 20:32:03,569 WARNING  test_ai_mod.carbon_classifiers.template_matching.template_matching_classifier -- No template director exists at /Users/bot/test_ai/templates
2021-06-14 20:32:03,569 INFO     test_ai_mod.carbon_classifiers.http_classifier.http_classifier -- Loaded Http Classifier for ""
2021-06-14 20:32:03,569 INFO     test_ai_mod.carbon_tasks.generate_auto_labels_task -- classifying 1 unique screens
2021-06-14 20:32:03,569 INFO     test_ai_mod.carbon_dao.carbon_data -- loading models from LKG dir
2021-06-14 20:32:03,569 INFO     test_ai_mod.carbon_dao.carbon_data -- loading models from LKG dir
2021-06-14 20:32:03,575 INFO     test_ai_mod.carbon_classifiers.label_classifier_pipe -- Begin labeling elements
2021-06-14 20:32:03,587 INFO     test_ai_mod.carbon_classifiers.template_matching.app_specific_template_matcher -- Classifying screen with AppSpecificTemplateMatcher
2021-06-14 20:32:03,587 INFO     test_ai_mod.carbon_classifiers.perceptual.nn_classifier -- Classifying screen with NNClassifier
2021-06-14 20:32:03,626 INFO     test_ai_mod.carbon_classifiers.label_classifier_pipe -- End labeling elements: Time taken 0.0505259037018 seconds
2021-06-14 20:32:03,628 INFO     test_ai_mod.carbon_tasks.generate_auto_labels_task -- classifying 54 unique elems
2021-06-14 20:32:03,633 INFO     test_ai_mod.carbon_dao.carbon_data -- loading models from LKG dir
2021-06-14 20:32:03,633 INFO     test_ai_mod.carbon_dao.carbon_data -- loading models from LKG dir
2021-06-14 20:32:03,633 INFO     test_ai_mod.carbon_classifiers.label_classifier_pipe -- Begin labeling elements
2021-06-14 20:32:03,644 INFO     test_ai_mod.carbon_classifiers.template_matching.app_specific_template_matcher -- Classifying screen with AppSpecificTemplateMatcher
2021-06-14 20:32:03,644 INFO     test_ai_mod.carbon_classifiers.perceptual.nn_classifier -- Classifying screen with NNClassifier
2021-06-14 20:32:03,716 INFO     test_ai_mod.carbon_classifiers.perceptual.nn_classifier -- elem classified: btn_classes, score: 1.0
2021-06-14 20:32:03,726 INFO     test_ai_mod.carbon_classifiers.label_classifier_pipe -- End labeling elements: Time taken 0.0920181274414 seconds
2021-06-14 20:32:03,727 INFO     test_ai_mod.carbon_tasks.generate_auto_labels_task -- writing merged, suggested labels for crawl: 20210614203113
2021-06-14 20:32:03,729 INFO     test_ai_mod.carbon_controllers.crawls -- Removing threaded log file handler for crawl.
