2021-06-07 15:06:53,334 INFO     test_ai_mod.carbon_controllers.crawls -- Logging crawl output to /Users/bot/test_ai/apps/b7133b3d-58f2-41fd-b1bf-448787c91ef3/builds/e72f62a0-6852-48f2-88d9-841f60f42715/logs/crawl-20210607190653.log
2021-06-07 15:06:53,335 INFO     test_ai_mod.carbon_tasks.crawl_build_task -- crawling build, app_id: b7133b3d-58f2-41fd-b1bf-448787c91ef3, build_id: e72f62a0-6852-48f2-88d9-841f60f42715
2021-06-07 15:06:53,336 INFO     test_ai_mod.carbon_tasks.crawl_build_task -- num_steps (when no test): 25
2021-06-07 15:06:53,336 INFO     test_ai_mod.carbon_tasks.crawl_build_task -- max_steps: 150
2021-06-07 15:06:53,336 INFO     test_ai_mod.carbon_tasks.crawl_build_task -- max_iterations: 1
2021-06-07 15:06:53,336 INFO     test_ai_mod.carbon_tasks.crawl_build_task -- rand_seed: 1623092748
2021-06-07 15:06:53,337 INFO     test_ai_mod.carbon_tasks.crawl_build_task -- test_wildcard: *
2021-06-07 15:06:53,337 INFO     test_ai_mod.carbon_tasks.crawl_build_task -- package: None
2021-06-07 15:06:53,337 INFO     test_ai_mod.carbon_tasks.crawl_build_task -- eyes_api_key: None
2021-06-07 15:06:53,337 INFO     test_ai_mod.carbon_tasks.crawl_build_task -- is_noop: False
2021-06-07 15:06:53,340 INFO     test_ai_mod.carbon_tasks.crawl_build_task -- created crawl, id: 20210607150653
2021-06-07 15:06:53,341 INFO     test_ai_mod.carbon_dao.local_carbon_dao -- Getting build info: APP_ID: b7133b3d-58f2-41fd-b1bf-448787c91ef3, BUILD_ID: e72f62a0-6852-48f2-88d9-841f60f42715
2021-06-07 15:06:53,342 INFO     test_ai_mod.carbon_dao.local_carbon_dao -- Getting build info: APP_ID: b7133b3d-58f2-41fd-b1bf-448787c91ef3, BUILD_ID: e72f62a0-6852-48f2-88d9-841f60f42715
2021-06-07 15:06:53,424 INFO     werkzeug -- 127.0.0.1 - - [07/Jun/2021 15:06:53] "[37mGET /favicon.ico HTTP/1.1[0m" 200 -
2021-06-07 15:06:53,675 INFO     werkzeug -- 127.0.0.1 - - [07/Jun/2021 15:06:53] "[37mGET /api/v2/status HTTP/1.1[0m" 200 -
2021-06-07 15:06:53,716 INFO     test_ai_mod.carbon_dao.local_carbon_dao -- Getting build info: APP_ID: b7133b3d-58f2-41fd-b1bf-448787c91ef3, BUILD_ID: e72f62a0-6852-48f2-88d9-841f60f42715
2021-06-07 15:06:53,717 INFO     werkzeug -- 127.0.0.1 - - [07/Jun/2021 15:06:53] "[37mGET /api/v1/c/testai/apps/web/b7133b3d-58f2-41fd-b1bf-448787c91ef3/tests HTTP/1.1[0m" 200 -
2021-06-07 15:06:53,778 INFO     test_ai_mod.carbon_explore.explore -- using default extra walk count: 0
2021-06-07 15:06:53,791 INFO     test_ai_mod.carbon_tasks.crawl_build_task -- initiating walk [1/1]
2021-06-07 15:06:53,792 INFO     test_ai_mod.carbon_test_case.carbon_tests -- initial number of steps for walk: 25
2021-06-07 15:06:53,792 INFO     test_ai_mod.carbon_tasks.crawl_build_task -- effective_max_steps this walk: 26
2021-06-07 15:06:53,793 INFO     test_ai_mod.carbon_explore.explore -- **************************************************
2021-06-07 15:06:53,794 INFO     test_ai_mod.carbon_explore.explore -- **************************************************
2021-06-07 15:06:53,794 INFO     test_ai_mod.carbon_explore.explore -- *                                                *
2021-06-07 15:06:53,794 INFO     test_ai_mod.carbon_explore.explore -- *                   BRAIN                    *
2021-06-07 15:06:53,794 INFO     test_ai_mod.carbon_explore.explore -- *                                                *
2021-06-07 15:06:53,794 INFO     test_ai_mod.carbon_explore.explore -- **************************************************
2021-06-07 15:06:53,794 INFO     test_ai_mod.carbon_explore.explore -- **************************************************
2021-06-07 15:06:53,795 INFO     test_ai_mod.carbon_initialization.initialization -- Random seed: 1623092748
2021-06-07 15:06:53,797 INFO     test_ai_mod.carbon_initialization.initialization -- ````````````````````````````````````````````````````````````````````````````````
2021-06-07 15:06:53,797 INFO     test_ai_mod.carbon_initialization.initialization --                   PACKAGE: b7133b3d-58f2-41fd-b1bf-448787c91ef3
2021-06-07 15:06:53,797 INFO     test_ai_mod.carbon_initialization.initialization -- ````````````````````````````````````````````````````````````````````````````````
2021-06-07 15:06:53,797 INFO     test_ai_mod.carbon_initialization.initialization -- platform: DESKTOP_CHROME
2021-06-07 15:06:53,798 INFO     test_ai_mod.carbon_initialization.initialization -- using crawl_directory: /Users/bot/test_ai/apps/b7133b3d-58f2-41fd-b1bf-448787c91ef3/builds/e72f62a0-6852-48f2-88d9-841f60f42715/crawls/20210607150653
2021-06-07 15:06:53,799 INFO     test_ai_mod.carbon_botio.bot_io -- retrieving bot IO for app: b7133b3d-58f2-41fd-b1bf-448787c91ef3
2021-06-07 15:06:53,799 INFO     test_ai_mod.carbon_botio.bot_io -- ^^^^^^^^^^^^^^^^^^^^^^^^^^^^^^^^^^^^^^^^^^^^^^^^^^^^^^^^^^^^^^^^^^^^^^^^^^^^^^^^
2021-06-07 15:06:53,799 INFO     test_ai_mod.carbon_botio.bot_io -- botio_filepath: /Users/bot/test_ai/apps/b7133b3d-58f2-41fd-b1bf-448787c91ef3/lkg/botio.json
2021-06-07 15:06:53,799 INFO     test_ai_mod.carbon_botio.bot_io -- use_snapshot: False
2021-06-07 15:06:53,799 INFO     test_ai_mod.carbon_botio.bot_io -- no botIO found for app: b7133b3d-58f2-41fd-b1bf-448787c91ef3
2021-06-07 15:06:53,801 INFO     test_ai_mod.carbon_dao.carbon_data -- loading models from LKG dir
2021-06-07 15:06:53,801 INFO     test_ai_mod.carbon_dao.carbon_data -- loading models from LKG dir
2021-06-07 15:06:53,803 INFO     test_ai_mod.carbon_explore.test_hooks -- Test case is None, no need for on_setup.
2021-06-07 15:06:53,804 INFO     test_ai_mod.carbon_utils.simulator_tools -- preparing clean iteration state...
2021-06-07 15:06:53,805 INFO     test_ai_mod.carbon_utils.simulator_tools -- starting appium, platform: DESKTOP_CHROME
2021-06-07 15:06:53,805 INFO     test_ai_mod.carbon_utils.simulator_tools -- starting appium/webdriver for desktop chrome
2021-06-07 15:06:53,806 INFO     test_ai_mod.carbon_automation.automator -- Creating Automator Singleton
2021-06-07 15:06:53,807 INFO     test_ai_mod.carbon_automation.automator -- Using automator over http as execution platform
2021-06-07 15:06:53,822 INFO     werkzeug -- 127.0.0.1 - - [07/Jun/2021 15:06:53] "[37mGET /api/v1/config/widgets HTTP/1.1[0m" 200 -
2021-06-07 15:06:58,036 INFO     werkzeug -- 127.0.0.1 - - [07/Jun/2021 15:06:58] "[37mGET /api/v2/status HTTP/1.1[0m" 200 -
2021-06-07 15:07:03,047 INFO     werkzeug -- 127.0.0.1 - - [07/Jun/2021 15:07:03] "[37mGET /api/v2/status HTTP/1.1[0m" 200 -
2021-06-07 15:07:04,923 ERROR    test_ai_mod.carbon_explore.explore -- unexpected error
Traceback (most recent call last):
  File "test_ai_mod/carbon_explore/explore.py", line 319, in explore.perform_walk
  File "test_ai_mod/carbon_initialization/initialization.py", line 189, in initialization.initialize_run
  File "test_ai_mod/carbon_utils/simulator_tools.py", line 232, in simulator_tools.clean_iteration_state
  File "test_ai_mod/carbon_utils/simulator_tools.py", line 628, in simulator_tools._start_appium
  File "test_ai_mod/carbon_utils/simulator_tools.py", line 739, in simulator_tools.start_desktop_chrome_driver
  File "test_ai_mod/carbon_automation/driver_factory.py", line 24, in driver_factory.DriverFactory.create_web_driver
  File "test_ai_mod/carbon_automation/driver_factory.py", line 180, in driver_factory.DriverFactory._create
  File "test_ai_mod/carbon_automation/driver.py", line 37, in driver.Driver.__init__
  File "test_ai_mod/carbon_automation/sessions/http/http_session_adapter_factory.py", line 63, in http_session_adapter_factory.HttpSessionAdapterFactory.get_session
  File "test_ai_mod/carbon_automation/sessions/http/http_client.py", line 72, in http_client.create_session
AutomatorSessionError: Error creating session, 500, Unable to create adapter: The driver executable does not exist: /Applications/test_ai_master_2.app/Contents/MacOS/automator/lib/macos/chromedriver
2021-06-07 15:07:04,925 INFO     test_ai_mod.carbon_explore.explore -- performing post-walk cleanup
2021-06-07 15:07:04,925 ERROR    test_ai_mod.carbon_explore.explore -- Error terminating app: b7133b3d-58f2-41fd-b1bf-448787c91ef3
Traceback (most recent call last):
  File "test_ai_mod/carbon_explore/explore.py", line 361, in explore.perform_walk
AttributeError: 'NoneType' object has no attribute 'terminate_app'
2021-06-07 15:07:04,925 INFO     test_ai_mod.carbon_utils.simulator_tools -- performing post-test cleanup
2021-06-07 15:07:04,925 INFO     test_ai_mod.carbon_utils.simulator_tools -- calling driver.quit
2021-06-07 15:07:04,925 INFO     test_ai_mod.carbon_utils.simulator_tools -- issue quitting driver: 'NoneType' object has no attribute 'quit'
2021-06-07 15:07:04,927 ERROR    test_ai_mod.carbon_tasks.crawl_build_task -- failed!!
Traceback (most recent call last):
  File "test_ai_mod/carbon_tasks/crawl_build_task.py", line 160, in crawl_build_task.crawl_build
  File "test_ai_mod/carbon_utils/performance_profiler.py", line 15, in performance_profiler.profile_method.decorator.wrapper
  File "test_ai_mod/carbon_utils/performance_profiler.py", line 12, in performance_profiler.profile_method.decorator.wrapper
  File "test_ai_mod/carbon_explore/explore.py", line 356, in explore.perform_walk
  File "test_ai_mod/carbon_explore/explore.py", line 319, in explore.perform_walk
  File "test_ai_mod/carbon_initialization/initialization.py", line 189, in initialization.initialize_run
  File "test_ai_mod/carbon_utils/simulator_tools.py", line 232, in simulator_tools.clean_iteration_state
  File "test_ai_mod/carbon_utils/simulator_tools.py", line 628, in simulator_tools._start_appium
  File "test_ai_mod/carbon_utils/simulator_tools.py", line 739, in simulator_tools.start_desktop_chrome_driver
  File "test_ai_mod/carbon_automation/driver_factory.py", line 24, in driver_factory.DriverFactory.create_web_driver
  File "test_ai_mod/carbon_automation/driver_factory.py", line 180, in driver_factory.DriverFactory._create
  File "test_ai_mod/carbon_automation/driver.py", line 37, in driver.Driver.__init__
  File "test_ai_mod/carbon_automation/sessions/http/http_session_adapter_factory.py", line 63, in http_session_adapter_factory.HttpSessionAdapterFactory.get_session
  File "test_ai_mod/carbon_automation/sessions/http/http_client.py", line 72, in http_client.create_session
AutomatorSessionError: Error creating session, 500, Unable to create adapter: The driver executable does not exist: /Applications/test_ai_master_2.app/Contents/MacOS/automator/lib/macos/chromedriver
2021-06-07 15:07:04,927 ERROR    test_ai_mod.carbon_tasks.crawl_build_task -- walk: 1 - failed
2021-06-07 15:07:05,367 INFO     test_ai_mod.carbon_dao.local_carbon_dao -- Getting build info: APP_ID: b7133b3d-58f2-41fd-b1bf-448787c91ef3, BUILD_ID: e72f62a0-6852-48f2-88d9-841f60f42715
2021-06-07 15:07:05,369 INFO     test_ai_mod.carbon_dao.local_carbon_dao -- Getting build info: APP_ID: b7133b3d-58f2-41fd-b1bf-448787c91ef3, BUILD_ID: e72f62a0-6852-48f2-88d9-841f60f42715
2021-06-07 15:07:05,370 INFO     test_ai_mod.carbon_tasks.version_control_tasks -- processing screens and elements (crawl: 20210607150653)
2021-06-07 15:07:05,371 INFO     test_ai_mod.carbon_tasks.process_crawl_task -- processing crawl: 20210607150653 (app: b7133b3d-58f2-41fd-b1bf-448787c91ef3, build: e72f62a0-6852-48f2-88d9-841f60f42715)
2021-06-07 15:07:05,371 INFO     test_ai_mod.carbon_tasks.process_crawl_task -- processing screens for crawl
2021-06-07 15:07:05,382 INFO     test_ai_mod.carbon_tasks.process_crawl_task -- writing unique screens file
2021-06-07 15:07:05,383 INFO     test_ai_mod.carbon_tasks.process_crawl_task -- writing screen hash map
2021-06-07 15:07:05,384 INFO     test_ai_mod.carbon_tasks.process_crawl_task -- writing screen similarity file
2021-06-07 15:07:05,384 INFO     test_ai_mod.carbon_tasks.process_crawl_task -- processing elements for crawl
2021-06-07 15:07:05,393 INFO     test_ai_mod.carbon_tasks.process_crawl_task -- Writing unique tags file.
2021-06-07 15:07:05,394 INFO     test_ai_mod.carbon_tasks.process_crawl_task -- writing unique elems file
2021-06-07 15:07:05,394 INFO     test_ai_mod.carbon_tasks.process_crawl_task -- writing elem hash map
2021-06-07 15:07:05,395 INFO     test_ai_mod.carbon_tasks.process_crawl_task -- writing elem similarity file
2021-06-07 15:07:05,396 INFO     test_ai_mod.carbon_tasks.process_crawl_task -- generating and saving feature data for crawl
2021-06-07 15:07:05,396 INFO     test_ai_mod.carbon_tasks.generate_feature_data_task -- generating feature data for crawl: 20210607150653, app_id: b7133b3d-58f2-41fd-b1bf-448787c91ef3, build_id: e72f62a0-6852-48f2-88d9-841f60f42715
2021-06-07 15:07:05,399 INFO     test_ai_mod.carbon_tasks.generate_feature_data_task -- generating screen feature data
2021-06-07 15:07:05,404 INFO     test_ai_mod.carbon_tasks.generate_feature_data_task -- saving screen feature data
2021-06-07 15:07:05,405 INFO     test_ai_mod.carbon_tasks.process_crawl_task -- generating labeler objects file for crawl (v0)
2021-06-07 15:07:05,406 ERROR    test_ai_mod.carbon_tasks.labeler_objects_task -- no screen uniques data found
2021-06-07 15:07:05,406 ERROR    test_ai_mod.carbon_tasks.labeler_objects_task -- no elem uniques data found
2021-06-07 15:07:05,407 INFO     test_ai_mod.carbon_tasks.process_crawl_task -- reconciling screens labeled at runtime
2021-06-07 15:07:05,407 INFO     test_ai_mod.carbon_tasks.process_crawl_task -- reconciling elements labeled at runtime
2021-06-07 15:07:05,408 INFO     test_ai_mod.carbon_dao.local_carbon_dao -- Getting build info: APP_ID: b7133b3d-58f2-41fd-b1bf-448787c91ef3, BUILD_ID: e72f62a0-6852-48f2-88d9-841f60f42715
2021-06-07 15:07:05,408 INFO     test_ai_mod.carbon_tasks.process_crawl_task -- processing crawl: 20210607150653 (app: b7133b3d-58f2-41fd-b1bf-448787c91ef3, build: e72f62a0-6852-48f2-88d9-841f60f42715)
2021-06-07 15:07:05,409 INFO     test_ai_mod.carbon_tasks.process_crawl_task -- processing screens for crawl
2021-06-07 15:07:05,415 INFO     test_ai_mod.carbon_tasks.process_crawl_task -- writing unique screens file
2021-06-07 15:07:05,416 INFO     test_ai_mod.carbon_tasks.process_crawl_task -- writing screen hash map
2021-06-07 15:07:05,416 INFO     test_ai_mod.carbon_tasks.process_crawl_task -- writing screen similarity file
2021-06-07 15:07:05,416 INFO     test_ai_mod.carbon_tasks.process_crawl_task -- processing elements for crawl
2021-06-07 15:07:05,427 INFO     test_ai_mod.carbon_tasks.process_crawl_task -- Writing unique tags file.
2021-06-07 15:07:05,427 INFO     test_ai_mod.carbon_tasks.process_crawl_task -- writing unique elems file
2021-06-07 15:07:05,428 INFO     test_ai_mod.carbon_tasks.process_crawl_task -- writing elem hash map
2021-06-07 15:07:05,428 INFO     test_ai_mod.carbon_tasks.process_crawl_task -- writing elem similarity file
2021-06-07 15:07:05,429 INFO     test_ai_mod.carbon_tasks.process_crawl_task -- generating and saving feature data for crawl
2021-06-07 15:07:05,429 INFO     test_ai_mod.carbon_tasks.generate_feature_data_task -- generating feature data for crawl: 20210607150653, app_id: b7133b3d-58f2-41fd-b1bf-448787c91ef3, build_id: e72f62a0-6852-48f2-88d9-841f60f42715
2021-06-07 15:07:05,429 INFO     test_ai_mod.carbon_tasks.generate_feature_data_task -- generating screen feature data
2021-06-07 15:07:05,433 INFO     test_ai_mod.carbon_tasks.generate_feature_data_task -- saving screen feature data
2021-06-07 15:07:05,434 INFO     test_ai_mod.carbon_tasks.process_crawl_task -- generating labeler objects file for crawl (v0)
2021-06-07 15:07:05,434 ERROR    test_ai_mod.carbon_tasks.labeler_objects_task -- no screen uniques data found
2021-06-07 15:07:05,434 ERROR    test_ai_mod.carbon_tasks.labeler_objects_task -- no elem uniques data found
2021-06-07 15:07:05,434 INFO     test_ai_mod.carbon_tasks.process_crawl_task -- reconciling screens labeled at runtime
2021-06-07 15:07:05,434 INFO     test_ai_mod.carbon_tasks.process_crawl_task -- reconciling elements labeled at runtime
2021-06-07 15:07:05,437 INFO     test_ai_mod.carbon_tasks.generate_auto_labels_task -- generating auto labels for crawl: 20210607150653, app_id: b7133b3d-58f2-41fd-b1bf-448787c91ef3, build_id: e72f62a0-6852-48f2-88d9-841f60f42715
2021-06-07 15:07:05,437 INFO     test_ai_mod.carbon_dao.local_carbon_dao -- Getting build info: APP_ID: b7133b3d-58f2-41fd-b1bf-448787c91ef3, BUILD_ID: e72f62a0-6852-48f2-88d9-841f60f42715
2021-06-07 15:07:05,439 INFO     test_ai_mod.carbon_dao.local_carbon_dao -- Getting build info: APP_ID: b7133b3d-58f2-41fd-b1bf-448787c91ef3, BUILD_ID: e72f62a0-6852-48f2-88d9-841f60f42715
2021-06-07 15:07:05,440 INFO     test_ai_mod.carbon_dao.local_carbon_dao -- Getting build info: APP_ID: b7133b3d-58f2-41fd-b1bf-448787c91ef3, BUILD_ID: e72f62a0-6852-48f2-88d9-841f60f42715
2021-06-07 15:07:05,441 INFO     test_ai_mod.carbon_tasks.generate_auto_labels_task -- getting data for crawl: 20210607145944
2021-06-07 15:07:05,443 INFO     test_ai_mod.carbon_tasks.generate_auto_labels_task -- getting data for crawl: 20210607150653
2021-06-07 15:07:05,444 INFO     test_ai_mod.carbon_tasks.generate_auto_labels_task -- processing crawl: 20210607145944
2021-06-07 15:07:05,445 INFO     test_ai_mod.carbon_tasks.generate_auto_labels_task -- processing crawl: 20210607150653
2021-06-07 15:07:05,451 INFO     test_ai_mod.carbon_tasks.generate_auto_labels_task -- writing merged, suggested labels for crawl: 20210607150653
2021-06-07 15:07:05,451 INFO     test_ai_mod.carbon_tasks.generate_auto_labels_task -- writing merged, suggested labels for crawl: 20210607145944
2021-06-07 15:07:05,458 INFO     test_ai_mod.carbon_tasks.generate_auto_labels_task -- writing applied hashes to labels to file: /Users/bot/test_ai/apps/b7133b3d-58f2-41fd-b1bf-448787c91ef3/lkg/hashes_to_labels.json
2021-06-07 15:07:05,458 INFO     test_ai_mod.carbon_tasks.generate_auto_labels_task -- writing applied human readable to labels to file: /Users/bot/test_ai/apps/b7133b3d-58f2-41fd-b1bf-448787c91ef3/lkg/human_readable_to_labels.json
2021-06-07 15:07:05,459 INFO     test_ai_mod.carbon_tasks.generate_auto_labels_task -- writing label to hash dicts to file: /Users/bot/test_ai/apps/b7133b3d-58f2-41fd-b1bf-448787c91ef3/lkg/label_to_hash_dicts.json
2021-06-07 15:07:05,460 INFO     test_ai_mod.carbon_tasks.generate_auto_labels_task -- writing human readable to paths to file: /Users/bot/test_ai/apps/b7133b3d-58f2-41fd-b1bf-448787c91ef3/lkg/human_readable_to_paths.json
2021-06-07 15:07:05,460 INFO     test_ai_mod.carbon_classifiers.label_classifier_pipe -- Begin loading configured modules
2021-06-07 15:07:05,461 INFO     test_ai_mod.carbon_classifiers.carbon_classifier_v1.screen_classifier -- Loading ScreenClassifier
2021-06-07 15:07:05,461 INFO     test_ai_mod.carbon_classifiers.template_matching.app_specific_template_matcher -- Loading AppSpecificTemplateMatcher
2021-06-07 15:07:05,461 INFO     test_ai_mod.carbon_classifiers.perceptual.nn_classifier -- Loading NNClassifier
2021-06-07 15:07:05,461 INFO     test_ai_mod.carbon_classifiers.template_matching.template_matching_classifier -- Loading TemplateMatchingClassifier
2021-06-07 15:07:05,462 WARNING  test_ai_mod.carbon_classifiers.template_matching.template_matching_classifier -- No template director exists at /Users/bot/test_ai/templates
2021-06-07 15:07:05,462 INFO     test_ai_mod.carbon_classifiers.general_classifier_v1.general_classifier -- Initializing general classifiers
2021-06-07 15:07:05,463 INFO     test_ai_mod.carbon_classifiers.general_classifier_v1.general_classifier -- loading classifier data: ELEM_IMAGES, from path: /Applications/Test.ai.app/Contents/MacOS/ELEM_IMAGES.unenc
2021-06-07 15:07:05,946 INFO     test_ai_mod.carbon_classifiers.general_classifier_v1.general_classifier -- Loaded ELEM_IMAGES classifiers, 0.483565092087
2021-06-07 15:07:05,946 INFO     test_ai_mod.carbon_classifiers.general_classifier_v1.general_classifier -- loading classifier data: IMAGENET, from path: /Applications/Test.ai.app/Contents/MacOS/IMAGENET.unenc
2021-06-07 15:07:06,677 INFO     test_ai_mod.carbon_classifiers.general_classifier_v1.general_classifier -- Loaded IMAGENET classifiers, 0.731131076813
2021-06-07 15:07:07,924 INFO     test_ai_mod.carbon_classifiers.general_classifier_v1.general_classifier -- Finished general classification load attempt: 0.731131076813
2021-06-07 15:07:07,963 INFO     test_ai_mod.carbon_classifiers.http_classifier.http_classifier -- Loaded Http Classifier for ""
2021-06-07 15:07:07,964 INFO     test_ai_mod.carbon_tasks.generate_auto_labels_task -- classifying 0 unique screens
2021-06-07 15:07:07,964 INFO     test_ai_mod.carbon_dao.carbon_data -- loading models from LKG dir
2021-06-07 15:07:07,965 INFO     test_ai_mod.carbon_dao.carbon_data -- loading models from LKG dir
2021-06-07 15:07:07,971 INFO     test_ai_mod.carbon_tasks.generate_auto_labels_task -- classifying 0 unique elems
2021-06-07 15:07:07,971 INFO     test_ai_mod.carbon_dao.carbon_data -- loading models from LKG dir
2021-06-07 15:07:07,971 INFO     test_ai_mod.carbon_dao.carbon_data -- loading models from LKG dir
2021-06-07 15:07:07,972 INFO     test_ai_mod.carbon_classifiers.label_classifier_pipe -- Begin labeling elements
2021-06-07 15:07:07,976 INFO     test_ai_mod.carbon_classifiers.template_matching.app_specific_template_matcher -- Classifying screen with AppSpecificTemplateMatcher
2021-06-07 15:07:07,977 INFO     test_ai_mod.carbon_classifiers.perceptual.nn_classifier -- Classifying screen with NNClassifier
2021-06-07 15:07:07,989 INFO     test_ai_mod.carbon_classifiers.label_classifier_pipe -- End labeling elements: Time taken 0.0168070793152 seconds
2021-06-07 15:07:07,990 INFO     test_ai_mod.carbon_tasks.generate_auto_labels_task -- writing merged, suggested labels for crawl: 20210607150653
2021-06-07 15:07:07,991 INFO     test_ai_mod.carbon_controllers.crawls -- Removing threaded log file handler for crawl.
