2021-06-14 20:20:56,898 INFO     test_ai_mod.carbon_controllers.crawls -- Logging crawl output to /Users/bot/test_ai/apps/b7133b3d-58f2-41fd-b1bf-448787c91ef3/builds/e72f62a0-6852-48f2-88d9-841f60f42715/logs/crawl-20210615002056.log
2021-06-14 20:20:56,899 INFO     test_ai_mod.carbon_tasks.crawl_build_task -- crawling build, app_id: b7133b3d-58f2-41fd-b1bf-448787c91ef3, build_id: e72f62a0-6852-48f2-88d9-841f60f42715
2021-06-14 20:20:56,899 INFO     test_ai_mod.carbon_tasks.crawl_build_task -- num_steps (when no test): 25
2021-06-14 20:20:56,899 INFO     test_ai_mod.carbon_tasks.crawl_build_task -- max_steps: 150
2021-06-14 20:20:56,899 INFO     test_ai_mod.carbon_tasks.crawl_build_task -- max_iterations: 1
2021-06-14 20:20:56,899 INFO     test_ai_mod.carbon_tasks.crawl_build_task -- rand_seed: 1623441716
2021-06-14 20:20:56,899 INFO     test_ai_mod.carbon_tasks.crawl_build_task -- test_wildcard: *
2021-06-14 20:20:56,899 INFO     test_ai_mod.carbon_tasks.crawl_build_task -- package: None
2021-06-14 20:20:56,899 INFO     test_ai_mod.carbon_tasks.crawl_build_task -- eyes_api_key: None
2021-06-14 20:20:56,900 INFO     test_ai_mod.carbon_tasks.crawl_build_task -- is_noop: False
2021-06-14 20:20:56,901 INFO     test_ai_mod.carbon_tasks.crawl_build_task -- created crawl, id: 20210614202056
2021-06-14 20:20:56,901 INFO     test_ai_mod.carbon_dao.local_carbon_dao -- Getting build info: APP_ID: b7133b3d-58f2-41fd-b1bf-448787c91ef3, BUILD_ID: e72f62a0-6852-48f2-88d9-841f60f42715
2021-06-14 20:20:56,902 INFO     test_ai_mod.carbon_dao.local_carbon_dao -- Getting build info: APP_ID: b7133b3d-58f2-41fd-b1bf-448787c91ef3, BUILD_ID: e72f62a0-6852-48f2-88d9-841f60f42715
2021-06-14 20:20:57,053 INFO     test_ai_mod.carbon_explore.explore -- using default extra walk count: 0
2021-06-14 20:20:57,062 INFO     test_ai_mod.carbon_tasks.crawl_build_task -- initiating walk [1/1]
2021-06-14 20:20:57,062 INFO     test_ai_mod.carbon_test_case.carbon_tests -- initial number of steps for walk: 25
2021-06-14 20:20:57,062 INFO     test_ai_mod.carbon_tasks.crawl_build_task -- effective_max_steps this walk: 26
2021-06-14 20:20:57,062 INFO     test_ai_mod.carbon_explore.explore -- **************************************************
2021-06-14 20:20:57,062 INFO     test_ai_mod.carbon_explore.explore -- **************************************************
2021-06-14 20:20:57,063 INFO     test_ai_mod.carbon_explore.explore -- *                                                *
2021-06-14 20:20:57,063 INFO     test_ai_mod.carbon_explore.explore -- *                   BRAIN                    *
2021-06-14 20:20:57,063 INFO     test_ai_mod.carbon_explore.explore -- *                                                *
2021-06-14 20:20:57,063 INFO     test_ai_mod.carbon_explore.explore -- **************************************************
2021-06-14 20:20:57,063 INFO     test_ai_mod.carbon_explore.explore -- **************************************************
2021-06-14 20:20:57,063 INFO     test_ai_mod.carbon_initialization.initialization -- Random seed: 1623441716
2021-06-14 20:20:57,064 INFO     test_ai_mod.carbon_initialization.initialization -- ````````````````````````````````````````````````````````````````````````````````
2021-06-14 20:20:57,064 INFO     test_ai_mod.carbon_initialization.initialization --                   PACKAGE: b7133b3d-58f2-41fd-b1bf-448787c91ef3
2021-06-14 20:20:57,064 INFO     test_ai_mod.carbon_initialization.initialization -- ````````````````````````````````````````````````````````````````````````````````
2021-06-14 20:20:57,064 INFO     test_ai_mod.carbon_initialization.initialization -- platform: DESKTOP_CHROME
2021-06-14 20:20:57,064 INFO     test_ai_mod.carbon_initialization.initialization -- using crawl_directory: /Users/bot/test_ai/apps/b7133b3d-58f2-41fd-b1bf-448787c91ef3/builds/e72f62a0-6852-48f2-88d9-841f60f42715/crawls/20210614202056
2021-06-14 20:20:57,064 INFO     test_ai_mod.carbon_botio.bot_io -- retrieving bot IO for app: b7133b3d-58f2-41fd-b1bf-448787c91ef3
2021-06-14 20:20:57,064 INFO     test_ai_mod.carbon_botio.bot_io -- ^^^^^^^^^^^^^^^^^^^^^^^^^^^^^^^^^^^^^^^^^^^^^^^^^^^^^^^^^^^^^^^^^^^^^^^^^^^^^^^^
2021-06-14 20:20:57,065 INFO     test_ai_mod.carbon_botio.bot_io -- botio_filepath: /Users/bot/test_ai/apps/b7133b3d-58f2-41fd-b1bf-448787c91ef3/lkg/botio.json
2021-06-14 20:20:57,065 INFO     test_ai_mod.carbon_botio.bot_io -- use_snapshot: False
2021-06-14 20:20:57,065 INFO     test_ai_mod.carbon_botio.bot_io -- no botIO found for app: b7133b3d-58f2-41fd-b1bf-448787c91ef3
2021-06-14 20:20:57,067 INFO     test_ai_mod.carbon_dao.carbon_data -- loading models from LKG dir
2021-06-14 20:20:57,067 INFO     test_ai_mod.carbon_dao.carbon_data -- loading models from LKG dir
2021-06-14 20:20:57,067 INFO     test_ai_mod.carbon_explore.test_hooks -- Test case is None, no need for on_setup.
2021-06-14 20:20:57,068 INFO     test_ai_mod.carbon_utils.simulator_tools -- preparing clean iteration state...
2021-06-14 20:20:57,068 INFO     test_ai_mod.carbon_utils.simulator_tools -- starting appium, platform: DESKTOP_CHROME
2021-06-14 20:20:57,068 INFO     test_ai_mod.carbon_utils.simulator_tools -- starting appium/webdriver for desktop chrome
2021-06-14 20:20:57,288 INFO     test_ai_mod.carbon_dao.local_carbon_dao -- Getting build info: APP_ID: b7133b3d-58f2-41fd-b1bf-448787c91ef3, BUILD_ID: e72f62a0-6852-48f2-88d9-841f60f42715
2021-06-14 20:20:58,434 INFO     test_ai_mod.carbon_automation.driver -- Screen density: 1.0
2021-06-14 20:20:58,588 INFO     test_ai_mod.carbon_utils.simulator_tools -- going to https://www.equinox.com/
2021-06-14 20:21:00,501 INFO     test_ai_mod.carbon_utils.simulator_tools -- completed setting url, additional time: 1.909619
2021-06-14 20:21:02,329 INFO     test_ai_mod.carbon_initialization.initialization -- starting dom stability
2021-06-14 20:21:02,363 INFO     test_ai_mod.carbon_actions.carbon_actions -- Got new page source
2021-06-14 20:21:02,504 INFO     test_ai_mod.carbon_actions.carbon_actions -- Got new page source
2021-06-14 20:21:02,644 INFO     test_ai_mod.carbon_actions.carbon_actions -- Got new page source
2021-06-14 20:21:02,781 INFO     test_ai_mod.carbon_actions.carbon_actions -- Got new page source
2021-06-14 20:21:02,929 INFO     test_ai_mod.carbon_actions.carbon_actions -- Got new page source
2021-06-14 20:21:02,929 INFO     test_ai_mod.carbon_actions.carbon_actions -- Seen the same screen the max amount (5)
2021-06-14 20:21:02,930 INFO     test_ai_mod.carbon_actions.carbon_actions -- incrementing source count to: 1
2021-06-14 20:21:02,930 INFO     test_ai_mod.carbon_explore.explore_utils -- saving screenshot
2021-06-14 20:21:03,842 INFO     test_ai_mod.carbon_explore.explore_utils -- scn_shot_file_path: /Users/bot/test_ai/apps/b7133b3d-58f2-41fd-b1bf-448787c91ef3/builds/e72f62a0-6852-48f2-88d9-841f60f42715/crawls/20210614202056/tmp/runtime_labeling_screen.png
2021-06-14 20:21:03,876 INFO     test_ai_mod.carbon_initialization.initialization -- current package sent in as: b7133b3d-58f2-41fd-b1bf-448787c91ef3
2021-06-14 20:21:03,876 INFO     test_ai_mod.carbon_initialization.initialization -- ended dom stability
2021-06-14 20:21:03,880 INFO     test_ai_mod.carbon_explore.explore -- package is set to: b7133b3d-58f2-41fd-b1bf-448787c91ef3
2021-06-14 20:21:03,880 INFO     test_ai_mod.carbon_explore.explore -- ********************************************************************************
2021-06-14 20:21:03,880 INFO     test_ai_mod.carbon_explore.explore -- * TIMEOUT: None
2021-06-14 20:21:03,880 INFO     test_ai_mod.carbon_explore.explore -- * disable_bounceback: False
2021-06-14 20:21:03,880 INFO     test_ai_mod.carbon_explore.explore -- ********************************************************************************
2021-06-14 20:21:03,880 INFO     test_ai_mod.carbon_explore.explore -- getting walk queue
2021-06-14 20:21:03,880 INFO     test_ai_mod.carbon_explore.explore_utils -- getting screen_elems
2021-06-14 20:21:04,383 INFO     test_ai_mod.carbon_utils.scrape_utils -- Successfully collected web scrape.
2021-06-14 20:21:04,385 INFO     test_ai_mod.carbon_explore.explore_utils -- filtering elems - 58
2021-06-14 20:21:04,417 INFO     test_ai_mod.carbon_explore.explore_utils -- saving info - 54
2021-06-14 20:21:04,417 INFO     test_ai_mod.carbon_explore.explore_utils -- saving core elems iter: 0, step 0, save_dir: /Users/bot/test_ai/apps/b7133b3d-58f2-41fd-b1bf-448787c91ef3/builds/e72f62a0-6852-48f2-88d9-841f60f42715/crawls/20210614202056
2021-06-14 20:21:04,438 INFO     test_ai_mod.carbon_explore.explore -- got all screen info saved
2021-06-14 20:21:04,438 INFO     test_ai_mod.carbon_explore.explore_utils -- saving core elems iter: 0, step 0, save_dir: /Users/bot/test_ai/apps/b7133b3d-58f2-41fd-b1bf-448787c91ef3/builds/e72f62a0-6852-48f2-88d9-841f60f42715/crawls/20210614202056
2021-06-14 20:21:04,477 INFO     test_ai_mod.carbon_explore.result_storage -- LOG FILE PATH: /Users/bot/test_ai/apps/b7133b3d-58f2-41fd-b1bf-448787c91ef3/builds/e72f62a0-6852-48f2-88d9-841f60f42715/crawls/20210614202056/iter_00000_step_00000_logs.txt
2021-06-14 20:21:04,478 INFO     test_ai_mod.carbon_explore.result_storage -- ALL LOGS FILE PATH: /Users/bot/test_ai/apps/b7133b3d-58f2-41fd-b1bf-448787c91ef3/builds/e72f62a0-6852-48f2-88d9-841f60f42715/crawls/20210614202056/iter_00000_step_-0001_logs.txt
2021-06-14 20:21:04,488 INFO     test_ai_mod.carbon_explore.interactive -- Interactive explore -- start_interactive_loop starting.
2021-06-14 20:21:04,495 INFO     test_ai_mod.carbon_explore.interactive -- Interactive explore -- running initial auto label
2021-06-14 20:21:04,495 INFO     test_ai_mod.carbon_tasks.process_crawl_task -- processing crawl: 20210614202056 (app: b7133b3d-58f2-41fd-b1bf-448787c91ef3, build: e72f62a0-6852-48f2-88d9-841f60f42715)
2021-06-14 20:21:04,495 INFO     test_ai_mod.carbon_tasks.process_crawl_task -- processing screens for crawl
2021-06-14 20:21:04,589 INFO     test_ai_mod.carbon_tasks.process_crawl_task -- writing unique screens file
2021-06-14 20:21:04,590 INFO     test_ai_mod.carbon_tasks.process_crawl_task -- writing screen hash map
2021-06-14 20:21:04,593 INFO     test_ai_mod.carbon_tasks.process_crawl_task -- writing screen similarity file
2021-06-14 20:21:04,593 INFO     test_ai_mod.carbon_tasks.process_crawl_task -- processing elements for crawl
2021-06-14 20:21:04,595 INFO     test_ai_mod.carbon_tasks.process_crawl_task -- processing: iter_00000_step_00000_info.json
2021-06-14 20:21:04,907 INFO     test_ai_mod.carbon_tasks.process_crawl_task -- Writing unique tags file.
2021-06-14 20:21:04,908 INFO     test_ai_mod.carbon_tasks.process_crawl_task -- writing unique elems file
2021-06-14 20:21:04,909 INFO     test_ai_mod.carbon_tasks.process_crawl_task -- writing elem hash map
2021-06-14 20:21:04,918 INFO     test_ai_mod.carbon_tasks.process_crawl_task -- writing elem similarity file
2021-06-14 20:21:04,920 INFO     test_ai_mod.carbon_tasks.process_crawl_task -- generating labeler objects file for crawl (v0)
2021-06-14 20:21:04,929 INFO     test_ai_mod.carbon_tasks.process_crawl_task -- reconciling screens labeled at runtime
2021-06-14 20:21:04,930 INFO     test_ai_mod.carbon_tasks.process_crawl_task -- reconciling elements labeled at runtime
2021-06-14 20:21:04,936 INFO     test_ai_mod.carbon_tasks.generate_auto_labels_task -- generating auto labels for crawl: 20210614202056, app_id: b7133b3d-58f2-41fd-b1bf-448787c91ef3, build_id: e72f62a0-6852-48f2-88d9-841f60f42715
2021-06-14 20:21:04,937 INFO     test_ai_mod.carbon_dao.local_carbon_dao -- Getting build info: APP_ID: b7133b3d-58f2-41fd-b1bf-448787c91ef3, BUILD_ID: e72f62a0-6852-48f2-88d9-841f60f42715
2021-06-14 20:21:04,938 INFO     test_ai_mod.carbon_dao.local_carbon_dao -- Getting build info: APP_ID: b7133b3d-58f2-41fd-b1bf-448787c91ef3, BUILD_ID: e72f62a0-6852-48f2-88d9-841f60f42715
2021-06-14 20:21:04,939 INFO     test_ai_mod.carbon_dao.local_carbon_dao -- Getting build info: APP_ID: b7133b3d-58f2-41fd-b1bf-448787c91ef3, BUILD_ID: e72f62a0-6852-48f2-88d9-841f60f42715
2021-06-14 20:21:04,939 INFO     test_ai_mod.carbon_dao.local_carbon_dao -- Getting build info: APP_ID: b7133b3d-58f2-41fd-b1bf-448787c91ef3, BUILD_ID: e72f62a0-6852-48f2-88d9-841f60f42715
2021-06-14 20:21:04,940 INFO     test_ai_mod.carbon_dao.local_carbon_dao -- Getting build info: APP_ID: b7133b3d-58f2-41fd-b1bf-448787c91ef3, BUILD_ID: e72f62a0-6852-48f2-88d9-841f60f42715
2021-06-14 20:21:04,941 INFO     test_ai_mod.carbon_dao.local_carbon_dao -- Getting build info: APP_ID: b7133b3d-58f2-41fd-b1bf-448787c91ef3, BUILD_ID: e72f62a0-6852-48f2-88d9-841f60f42715
2021-06-14 20:21:04,941 INFO     test_ai_mod.carbon_dao.local_carbon_dao -- Getting build info: APP_ID: b7133b3d-58f2-41fd-b1bf-448787c91ef3, BUILD_ID: e72f62a0-6852-48f2-88d9-841f60f42715
2021-06-14 20:21:04,942 INFO     test_ai_mod.carbon_dao.local_carbon_dao -- Getting build info: APP_ID: b7133b3d-58f2-41fd-b1bf-448787c91ef3, BUILD_ID: e72f62a0-6852-48f2-88d9-841f60f42715
2021-06-14 20:21:04,942 INFO     test_ai_mod.carbon_dao.local_carbon_dao -- Getting build info: APP_ID: b7133b3d-58f2-41fd-b1bf-448787c91ef3, BUILD_ID: e72f62a0-6852-48f2-88d9-841f60f42715
2021-06-14 20:21:04,943 INFO     test_ai_mod.carbon_dao.local_carbon_dao -- Getting build info: APP_ID: b7133b3d-58f2-41fd-b1bf-448787c91ef3, BUILD_ID: e72f62a0-6852-48f2-88d9-841f60f42715
2021-06-14 20:21:04,944 INFO     test_ai_mod.carbon_tasks.generate_auto_labels_task -- getting data for crawl: 20210607151517
2021-06-14 20:21:04,945 INFO     test_ai_mod.carbon_tasks.generate_auto_labels_task -- getting data for crawl: 20210607155217
2021-06-14 20:21:04,946 INFO     test_ai_mod.carbon_tasks.generate_auto_labels_task -- getting data for crawl: 20210607145944
2021-06-14 20:21:04,948 INFO     test_ai_mod.carbon_tasks.generate_auto_labels_task -- getting data for crawl: 20210607150653
2021-06-14 20:21:04,949 INFO     test_ai_mod.carbon_tasks.generate_auto_labels_task -- getting data for crawl: 20210607153116
2021-06-14 20:21:04,950 INFO     test_ai_mod.carbon_tasks.generate_auto_labels_task -- getting data for crawl: 20210607160847
2021-06-14 20:21:04,952 INFO     test_ai_mod.carbon_tasks.generate_auto_labels_task -- getting data for crawl: 20210614200939
2021-06-14 20:21:04,953 INFO     test_ai_mod.carbon_tasks.generate_auto_labels_task -- getting data for crawl: 20210614201730
2021-06-14 20:21:04,955 INFO     test_ai_mod.carbon_tasks.generate_auto_labels_task -- getting data for crawl: 20210614202056
2021-06-14 20:21:04,956 INFO     test_ai_mod.carbon_tasks.generate_auto_labels_task -- processing crawl: 20210607151517
2021-06-14 20:21:04,956 INFO     test_ai_mod.carbon_tasks.generate_auto_labels_task -- processing crawl: 20210607155217
2021-06-14 20:21:04,957 INFO     test_ai_mod.carbon_tasks.generate_auto_labels_task -- processing crawl: 20210607145944
2021-06-14 20:21:04,957 INFO     test_ai_mod.carbon_tasks.generate_auto_labels_task -- processing crawl: 20210607150653
2021-06-14 20:21:04,958 INFO     test_ai_mod.carbon_tasks.generate_auto_labels_task -- processing crawl: 20210607153116
2021-06-14 20:21:04,958 INFO     test_ai_mod.carbon_tasks.generate_auto_labels_task -- processing crawl: 20210607160847
2021-06-14 20:21:04,959 INFO     test_ai_mod.carbon_tasks.generate_auto_labels_task -- processing crawl: 20210614200939
2021-06-14 20:21:04,959 INFO     test_ai_mod.carbon_tasks.generate_auto_labels_task -- processing crawl: 20210614201730
2021-06-14 20:21:04,961 INFO     test_ai_mod.carbon_tasks.generate_auto_labels_task -- processing crawl: 20210614202056
2021-06-14 20:21:04,968 INFO     test_ai_mod.carbon_tasks.generate_auto_labels_task -- writing merged, suggested labels for crawl: 20210607151517
2021-06-14 20:21:04,968 INFO     test_ai_mod.carbon_tasks.generate_auto_labels_task -- writing merged, suggested labels for crawl: 20210607145944
2021-06-14 20:21:04,969 INFO     test_ai_mod.carbon_tasks.generate_auto_labels_task -- writing merged, suggested labels for crawl: 20210607155217
2021-06-14 20:21:04,970 INFO     test_ai_mod.carbon_tasks.generate_auto_labels_task -- writing merged, suggested labels for crawl: 20210607160847
2021-06-14 20:21:04,970 INFO     test_ai_mod.carbon_tasks.generate_auto_labels_task -- writing merged, suggested labels for crawl: 20210607150653
2021-06-14 20:21:04,970 INFO     test_ai_mod.carbon_tasks.generate_auto_labels_task -- writing merged, suggested labels for crawl: 20210607153116
2021-06-14 20:21:04,972 INFO     test_ai_mod.carbon_tasks.generate_auto_labels_task -- writing merged, suggested labels for crawl: 20210614201730
2021-06-14 20:21:04,973 INFO     test_ai_mod.carbon_tasks.generate_auto_labels_task -- writing merged, suggested labels for crawl: 20210614202056
2021-06-14 20:21:04,973 INFO     test_ai_mod.carbon_tasks.generate_auto_labels_task -- writing merged, suggested labels for crawl: 20210614200939
2021-06-14 20:21:04,978 INFO     test_ai_mod.carbon_tasks.generate_auto_labels_task -- writing applied hashes to labels to file: /Users/bot/test_ai/apps/b7133b3d-58f2-41fd-b1bf-448787c91ef3/lkg/hashes_to_labels.json
2021-06-14 20:21:04,979 INFO     test_ai_mod.carbon_tasks.generate_auto_labels_task -- writing applied human readable to labels to file: /Users/bot/test_ai/apps/b7133b3d-58f2-41fd-b1bf-448787c91ef3/lkg/human_readable_to_labels.json
2021-06-14 20:21:04,980 INFO     test_ai_mod.carbon_tasks.generate_auto_labels_task -- writing label to hash dicts to file: /Users/bot/test_ai/apps/b7133b3d-58f2-41fd-b1bf-448787c91ef3/lkg/label_to_hash_dicts.json
2021-06-14 20:21:04,980 INFO     test_ai_mod.carbon_tasks.generate_auto_labels_task -- writing human readable to paths to file: /Users/bot/test_ai/apps/b7133b3d-58f2-41fd-b1bf-448787c91ef3/lkg/human_readable_to_paths.json
2021-06-14 20:21:04,982 INFO     test_ai_mod.carbon_classifiers.label_classifier_pipe -- Begin loading configured modules
2021-06-14 20:21:04,982 INFO     test_ai_mod.carbon_classifiers.carbon_classifier_v1.screen_classifier -- Loading ScreenClassifier
2021-06-14 20:21:04,982 INFO     test_ai_mod.carbon_classifiers.template_matching.app_specific_template_matcher -- Loading AppSpecificTemplateMatcher
2021-06-14 20:21:04,982 INFO     test_ai_mod.carbon_classifiers.perceptual.nn_classifier -- Loading NNClassifier
2021-06-14 20:21:04,982 INFO     test_ai_mod.carbon_classifiers.template_matching.template_matching_classifier -- Loading TemplateMatchingClassifier
2021-06-14 20:21:04,983 WARNING  test_ai_mod.carbon_classifiers.template_matching.template_matching_classifier -- No template director exists at /Users/bot/test_ai/templates
2021-06-14 20:21:04,983 INFO     test_ai_mod.carbon_classifiers.http_classifier.http_classifier -- Loaded Http Classifier for ""
2021-06-14 20:21:04,983 INFO     test_ai_mod.carbon_tasks.generate_auto_labels_task -- classifying 1 unique screens
2021-06-14 20:21:04,983 INFO     test_ai_mod.carbon_dao.carbon_data -- loading models from LKG dir
2021-06-14 20:21:04,983 INFO     test_ai_mod.carbon_dao.carbon_data -- loading models from LKG dir
2021-06-14 20:21:04,989 INFO     test_ai_mod.carbon_classifiers.label_classifier_pipe -- Begin labeling elements
2021-06-14 20:21:05,000 INFO     test_ai_mod.carbon_classifiers.template_matching.app_specific_template_matcher -- Classifying screen with AppSpecificTemplateMatcher
2021-06-14 20:21:05,000 INFO     test_ai_mod.carbon_classifiers.perceptual.nn_classifier -- Classifying screen with NNClassifier
2021-06-14 20:21:05,041 INFO     test_ai_mod.carbon_classifiers.label_classifier_pipe -- End labeling elements: Time taken 0.0518720149994 seconds
2021-06-14 20:21:05,043 INFO     test_ai_mod.carbon_tasks.generate_auto_labels_task -- classifying 54 unique elems
2021-06-14 20:21:05,048 INFO     test_ai_mod.carbon_dao.carbon_data -- loading models from LKG dir
2021-06-14 20:21:05,048 INFO     test_ai_mod.carbon_dao.carbon_data -- loading models from LKG dir
2021-06-14 20:21:05,048 INFO     test_ai_mod.carbon_classifiers.label_classifier_pipe -- Begin labeling elements
2021-06-14 20:21:05,060 INFO     test_ai_mod.carbon_classifiers.template_matching.app_specific_template_matcher -- Classifying screen with AppSpecificTemplateMatcher
2021-06-14 20:21:05,060 INFO     test_ai_mod.carbon_classifiers.perceptual.nn_classifier -- Classifying screen with NNClassifier
2021-06-14 20:21:05,134 INFO     test_ai_mod.carbon_classifiers.perceptual.nn_classifier -- elem classified: btn_member_benefits, score: 1.0
2021-06-14 20:21:05,135 INFO     test_ai_mod.carbon_classifiers.perceptual.nn_classifier -- elem classified: btn_clubs, score: 1.0
2021-06-14 20:21:05,135 INFO     test_ai_mod.carbon_classifiers.perceptual.nn_classifier -- elem classified: btn_equinox, score: 1.0
2021-06-14 20:21:05,136 INFO     test_ai_mod.carbon_classifiers.perceptual.nn_classifier -- elem classified: btn_classes, score: 1.0
2021-06-14 20:21:05,136 INFO     test_ai_mod.carbon_classifiers.perceptual.nn_classifier -- elem classified: btn_account, score: 1.0
2021-06-14 20:21:05,146 INFO     test_ai_mod.carbon_classifiers.label_classifier_pipe -- End labeling elements: Time taken 0.097011089325 seconds
2021-06-14 20:21:05,147 INFO     test_ai_mod.carbon_tasks.generate_auto_labels_task -- writing merged, suggested labels for crawl: 20210614202056
2021-06-14 20:21:05,150 INFO     test_ai_mod.carbon_explore.interactive -- 


[32;1mCarbon Interactive Crawling Session Starting...
Please make sure you are running the test.ai GUI (./test.ai -d).
Once the GUI is running, please visit [34mhttp://localhost:5000[32;1m.
To access the interactive session, select the correct app, and click on "Live Labeling".

[0m
2021-06-14 20:21:08,279 INFO     test_ai_mod.carbon_explore.interactive -- Interactive explore -- status -- start
2021-06-14 20:21:08,279 INFO     test_ai_mod.carbon_explore.interactive -- Interactive explore -- status -- end
2021-06-14 20:21:08,286 INFO     test_ai_mod.carbon_explore.interactive -- Interactive explore -- get_crawls(web, b7133b3d-58f2-41fd-b1bf-448787c91ef3) -- start
2021-06-14 20:21:08,286 INFO     test_ai_mod.carbon_explore.interactive -- Interactive explore -- get_crawls(web, b7133b3d-58f2-41fd-b1bf-448787c91ef3) -- end
2021-06-14 20:21:08,556 INFO     test_ai_mod.carbon_dao.local_carbon_dao -- Getting build info: APP_ID: b7133b3d-58f2-41fd-b1bf-448787c91ef3, BUILD_ID: e72f62a0-6852-48f2-88d9-841f60f42715
2021-06-14 20:21:08,578 INFO     test_ai_mod.carbon_explore.interactive -- Interactive explore -- get_labeler_objects -- start
2021-06-14 20:21:08,578 INFO     test_ai_mod.carbon_explore.interactive -- Interactive explore -- Processing crawl interactively 20210614202056
2021-06-14 20:21:08,578 INFO     test_ai_mod.carbon_tasks.process_crawl_task -- processing crawl: 20210614202056 (app: b7133b3d-58f2-41fd-b1bf-448787c91ef3, build: e72f62a0-6852-48f2-88d9-841f60f42715)
2021-06-14 20:21:08,578 INFO     test_ai_mod.carbon_tasks.process_crawl_task -- processing screens for crawl
2021-06-14 20:21:08,600 INFO     test_ai_mod.carbon_dao.local_carbon_dao -- Getting build info: APP_ID: b7133b3d-58f2-41fd-b1bf-448787c91ef3, BUILD_ID: e72f62a0-6852-48f2-88d9-841f60f42715
2021-06-14 20:21:08,695 INFO     test_ai_mod.carbon_tasks.process_crawl_task -- writing unique screens file
2021-06-14 20:21:08,696 INFO     test_ai_mod.carbon_tasks.process_crawl_task -- writing screen hash map
2021-06-14 20:21:08,700 INFO     test_ai_mod.carbon_tasks.process_crawl_task -- writing screen similarity file
2021-06-14 20:21:08,700 INFO     test_ai_mod.carbon_tasks.process_crawl_task -- processing elements for crawl
2021-06-14 20:21:08,702 INFO     test_ai_mod.carbon_tasks.process_crawl_task -- skipping already processed: iter_00000_step_00000_info.json
2021-06-14 20:21:08,777 INFO     test_ai_mod.carbon_tasks.process_crawl_task -- Writing unique tags file.
2021-06-14 20:21:08,778 INFO     test_ai_mod.carbon_tasks.process_crawl_task -- writing unique elems file
2021-06-14 20:21:08,779 INFO     test_ai_mod.carbon_tasks.process_crawl_task -- writing elem hash map
2021-06-14 20:21:08,789 INFO     test_ai_mod.carbon_tasks.process_crawl_task -- writing elem similarity file
2021-06-14 20:21:08,791 INFO     test_ai_mod.carbon_tasks.process_crawl_task -- generating labeler objects file for crawl (v0)
2021-06-14 20:21:08,801 INFO     test_ai_mod.carbon_tasks.process_crawl_task -- reconciling screens labeled at runtime
2021-06-14 20:21:08,802 INFO     test_ai_mod.carbon_tasks.process_crawl_task -- reconciling elements labeled at runtime
2021-06-14 20:21:08,808 INFO     test_ai_mod.carbon_explore.interactive -- Interactive explore -- Generating labels using hash information 20210614202056
2021-06-14 20:21:08,811 INFO     test_ai_mod.carbon_explore.interactive -- Interactive explore -- get_labeler_objects -- end
2021-06-14 20:21:09,187 INFO     test_ai_mod.labeler.v1.crawls -- elem image requested, crawl: 20210614202056, filename: iter_00000_step_00000_15_span.png
2021-06-14 20:21:09,188 INFO     test_ai_mod.carbon_dao.local_carbon_dao -- Getting build info: APP_ID: b7133b3d-58f2-41fd-b1bf-448787c91ef3, BUILD_ID: e72f62a0-6852-48f2-88d9-841f60f42715
2021-06-14 20:21:09,190 INFO     test_ai_mod.labeler.v1.crawls -- resolved to: /Users/bot/test_ai/apps/b7133b3d-58f2-41fd-b1bf-448787c91ef3/builds/e72f62a0-6852-48f2-88d9-841f60f42715/crawls/20210614202056/elems/iter_00000_step_00000_15_span.png
2021-06-14 20:21:09,198 INFO     test_ai_mod.labeler.v1.crawls -- elem image requested, crawl: 20210614202056, filename: iter_00000_step_00000_23_div.png
2021-06-14 20:21:09,198 INFO     test_ai_mod.carbon_dao.local_carbon_dao -- Getting build info: APP_ID: b7133b3d-58f2-41fd-b1bf-448787c91ef3, BUILD_ID: e72f62a0-6852-48f2-88d9-841f60f42715
2021-06-14 20:21:09,199 INFO     test_ai_mod.labeler.v1.crawls -- resolved to: /Users/bot/test_ai/apps/b7133b3d-58f2-41fd-b1bf-448787c91ef3/builds/e72f62a0-6852-48f2-88d9-841f60f42715/crawls/20210614202056/elems/iter_00000_step_00000_23_div.png
2021-06-14 20:21:09,259 INFO     test_ai_mod.labeler.v1.crawls -- elem image requested, crawl: 20210614202056, filename: iter_00000_step_00000_42_span.png
2021-06-14 20:21:09,259 INFO     test_ai_mod.carbon_dao.local_carbon_dao -- Getting build info: APP_ID: b7133b3d-58f2-41fd-b1bf-448787c91ef3, BUILD_ID: e72f62a0-6852-48f2-88d9-841f60f42715
2021-06-14 20:21:09,260 INFO     test_ai_mod.labeler.v1.crawls -- resolved to: /Users/bot/test_ai/apps/b7133b3d-58f2-41fd-b1bf-448787c91ef3/builds/e72f62a0-6852-48f2-88d9-841f60f42715/crawls/20210614202056/elems/iter_00000_step_00000_42_span.png
2021-06-14 20:21:09,263 INFO     test_ai_mod.labeler.v1.crawls -- elem image requested, crawl: 20210614202056, filename: iter_00000_step_00000_30_div.png
2021-06-14 20:21:09,263 INFO     test_ai_mod.carbon_dao.local_carbon_dao -- Getting build info: APP_ID: b7133b3d-58f2-41fd-b1bf-448787c91ef3, BUILD_ID: e72f62a0-6852-48f2-88d9-841f60f42715
2021-06-14 20:21:09,266 INFO     test_ai_mod.labeler.v1.crawls -- resolved to: /Users/bot/test_ai/apps/b7133b3d-58f2-41fd-b1bf-448787c91ef3/builds/e72f62a0-6852-48f2-88d9-841f60f42715/crawls/20210614202056/elems/iter_00000_step_00000_30_div.png
2021-06-14 20:21:09,351 INFO     test_ai_mod.labeler.v1.crawls -- elem image requested, crawl: 20210614202056, filename: iter_00000_step_00000_21_span.png
2021-06-14 20:21:09,351 INFO     test_ai_mod.carbon_dao.local_carbon_dao -- Getting build info: APP_ID: b7133b3d-58f2-41fd-b1bf-448787c91ef3, BUILD_ID: e72f62a0-6852-48f2-88d9-841f60f42715
2021-06-14 20:21:09,352 INFO     test_ai_mod.labeler.v1.crawls -- resolved to: /Users/bot/test_ai/apps/b7133b3d-58f2-41fd-b1bf-448787c91ef3/builds/e72f62a0-6852-48f2-88d9-841f60f42715/crawls/20210614202056/elems/iter_00000_step_00000_21_span.png
2021-06-14 20:21:09,371 INFO     test_ai_mod.carbon_dao.local_carbon_dao -- Getting build info: APP_ID: b7133b3d-58f2-41fd-b1bf-448787c91ef3, BUILD_ID: e72f62a0-6852-48f2-88d9-841f60f42715
2021-06-14 20:21:09,597 INFO     test_ai_mod.labeler.v1.crawls -- elem image requested, crawl: 20210614202056, filename: iter_00000_step_00000_26_span.png
2021-06-14 20:21:09,598 INFO     test_ai_mod.carbon_dao.local_carbon_dao -- Getting build info: APP_ID: b7133b3d-58f2-41fd-b1bf-448787c91ef3, BUILD_ID: e72f62a0-6852-48f2-88d9-841f60f42715
2021-06-14 20:21:09,598 INFO     test_ai_mod.labeler.v1.crawls -- resolved to: /Users/bot/test_ai/apps/b7133b3d-58f2-41fd-b1bf-448787c91ef3/builds/e72f62a0-6852-48f2-88d9-841f60f42715/crawls/20210614202056/elems/iter_00000_step_00000_26_span.png
2021-06-14 20:21:09,656 INFO     test_ai_mod.labeler.v1.crawls -- elem image requested, crawl: 20210614202056, filename: iter_00000_step_00000_8_div.png
2021-06-14 20:21:09,657 INFO     test_ai_mod.carbon_dao.local_carbon_dao -- Getting build info: APP_ID: b7133b3d-58f2-41fd-b1bf-448787c91ef3, BUILD_ID: e72f62a0-6852-48f2-88d9-841f60f42715
2021-06-14 20:21:09,657 INFO     test_ai_mod.labeler.v1.crawls -- resolved to: /Users/bot/test_ai/apps/b7133b3d-58f2-41fd-b1bf-448787c91ef3/builds/e72f62a0-6852-48f2-88d9-841f60f42715/crawls/20210614202056/elems/iter_00000_step_00000_8_div.png
2021-06-14 20:21:09,674 INFO     test_ai_mod.labeler.v1.crawls -- elem image requested, crawl: 20210614202056, filename: iter_00000_step_00000_2_span.png
2021-06-14 20:21:09,675 INFO     test_ai_mod.carbon_dao.local_carbon_dao -- Getting build info: APP_ID: b7133b3d-58f2-41fd-b1bf-448787c91ef3, BUILD_ID: e72f62a0-6852-48f2-88d9-841f60f42715
2021-06-14 20:21:09,675 INFO     test_ai_mod.labeler.v1.crawls -- resolved to: /Users/bot/test_ai/apps/b7133b3d-58f2-41fd-b1bf-448787c91ef3/builds/e72f62a0-6852-48f2-88d9-841f60f42715/crawls/20210614202056/elems/iter_00000_step_00000_2_span.png
2021-06-14 20:21:09,751 INFO     test_ai_mod.labeler.v1.crawls -- elem image requested, crawl: 20210614202056, filename: iter_00000_step_00000_13_div.png
2021-06-14 20:21:09,752 INFO     test_ai_mod.carbon_dao.local_carbon_dao -- Getting build info: APP_ID: b7133b3d-58f2-41fd-b1bf-448787c91ef3, BUILD_ID: e72f62a0-6852-48f2-88d9-841f60f42715
2021-06-14 20:21:09,753 INFO     test_ai_mod.labeler.v1.crawls -- resolved to: /Users/bot/test_ai/apps/b7133b3d-58f2-41fd-b1bf-448787c91ef3/builds/e72f62a0-6852-48f2-88d9-841f60f42715/crawls/20210614202056/elems/iter_00000_step_00000_13_div.png
2021-06-14 20:21:09,767 INFO     test_ai_mod.labeler.v1.crawls -- elem image requested, crawl: 20210614202056, filename: iter_00000_step_00000_27_img.png
2021-06-14 20:21:09,767 INFO     test_ai_mod.carbon_dao.local_carbon_dao -- Getting build info: APP_ID: b7133b3d-58f2-41fd-b1bf-448787c91ef3, BUILD_ID: e72f62a0-6852-48f2-88d9-841f60f42715
2021-06-14 20:21:09,768 INFO     test_ai_mod.labeler.v1.crawls -- resolved to: /Users/bot/test_ai/apps/b7133b3d-58f2-41fd-b1bf-448787c91ef3/builds/e72f62a0-6852-48f2-88d9-841f60f42715/crawls/20210614202056/elems/iter_00000_step_00000_27_img.png
2021-06-14 20:21:09,976 INFO     test_ai_mod.labeler.v1.crawls -- elem image requested, crawl: 20210614202056, filename: iter_00000_step_00000_28_span.png
2021-06-14 20:21:09,976 INFO     test_ai_mod.carbon_dao.local_carbon_dao -- Getting build info: APP_ID: b7133b3d-58f2-41fd-b1bf-448787c91ef3, BUILD_ID: e72f62a0-6852-48f2-88d9-841f60f42715
2021-06-14 20:21:09,977 INFO     test_ai_mod.labeler.v1.crawls -- resolved to: /Users/bot/test_ai/apps/b7133b3d-58f2-41fd-b1bf-448787c91ef3/builds/e72f62a0-6852-48f2-88d9-841f60f42715/crawls/20210614202056/elems/iter_00000_step_00000_28_span.png
2021-06-14 20:21:10,054 INFO     test_ai_mod.labeler.v1.crawls -- elem image requested, crawl: 20210614202056, filename: iter_00000_step_00000_34_a.png
2021-06-14 20:21:10,054 INFO     test_ai_mod.carbon_dao.local_carbon_dao -- Getting build info: APP_ID: b7133b3d-58f2-41fd-b1bf-448787c91ef3, BUILD_ID: e72f62a0-6852-48f2-88d9-841f60f42715
2021-06-14 20:21:10,055 INFO     test_ai_mod.labeler.v1.crawls -- resolved to: /Users/bot/test_ai/apps/b7133b3d-58f2-41fd-b1bf-448787c91ef3/builds/e72f62a0-6852-48f2-88d9-841f60f42715/crawls/20210614202056/elems/iter_00000_step_00000_34_a.png
2021-06-14 20:21:10,059 INFO     test_ai_mod.labeler.v1.crawls -- elem image requested, crawl: 20210614202056, filename: iter_00000_step_00000_11_a.png
2021-06-14 20:21:10,060 INFO     test_ai_mod.carbon_dao.local_carbon_dao -- Getting build info: APP_ID: b7133b3d-58f2-41fd-b1bf-448787c91ef3, BUILD_ID: e72f62a0-6852-48f2-88d9-841f60f42715
2021-06-14 20:21:10,061 INFO     test_ai_mod.labeler.v1.crawls -- resolved to: /Users/bot/test_ai/apps/b7133b3d-58f2-41fd-b1bf-448787c91ef3/builds/e72f62a0-6852-48f2-88d9-841f60f42715/crawls/20210614202056/elems/iter_00000_step_00000_11_a.png
2021-06-14 20:21:10,091 INFO     test_ai_mod.labeler.v1.crawls -- elem image requested, crawl: 20210614202056, filename: iter_00000_step_00000_35_span.png
2021-06-14 20:21:10,091 INFO     test_ai_mod.carbon_dao.local_carbon_dao -- Getting build info: APP_ID: b7133b3d-58f2-41fd-b1bf-448787c91ef3, BUILD_ID: e72f62a0-6852-48f2-88d9-841f60f42715
2021-06-14 20:21:10,092 INFO     test_ai_mod.labeler.v1.crawls -- resolved to: /Users/bot/test_ai/apps/b7133b3d-58f2-41fd-b1bf-448787c91ef3/builds/e72f62a0-6852-48f2-88d9-841f60f42715/crawls/20210614202056/elems/iter_00000_step_00000_35_span.png
2021-06-14 20:21:10,182 INFO     test_ai_mod.labeler.v1.crawls -- elem image requested, crawl: 20210614202056, filename: iter_00000_step_00000_38_span.png
2021-06-14 20:21:10,182 INFO     test_ai_mod.carbon_dao.local_carbon_dao -- Getting build info: APP_ID: b7133b3d-58f2-41fd-b1bf-448787c91ef3, BUILD_ID: e72f62a0-6852-48f2-88d9-841f60f42715
2021-06-14 20:21:10,183 INFO     test_ai_mod.labeler.v1.crawls -- elem image requested, crawl: 20210614202056, filename: iter_00000_step_00000_39_a.png
2021-06-14 20:21:10,184 INFO     test_ai_mod.labeler.v1.crawls -- resolved to: /Users/bot/test_ai/apps/b7133b3d-58f2-41fd-b1bf-448787c91ef3/builds/e72f62a0-6852-48f2-88d9-841f60f42715/crawls/20210614202056/elems/iter_00000_step_00000_38_span.png
2021-06-14 20:21:10,185 INFO     test_ai_mod.carbon_dao.local_carbon_dao -- Getting build info: APP_ID: b7133b3d-58f2-41fd-b1bf-448787c91ef3, BUILD_ID: e72f62a0-6852-48f2-88d9-841f60f42715
2021-06-14 20:21:10,185 INFO     test_ai_mod.labeler.v1.crawls -- resolved to: /Users/bot/test_ai/apps/b7133b3d-58f2-41fd-b1bf-448787c91ef3/builds/e72f62a0-6852-48f2-88d9-841f60f42715/crawls/20210614202056/elems/iter_00000_step_00000_39_a.png
2021-06-14 20:21:10,359 INFO     test_ai_mod.labeler.v1.crawls -- elem image requested, crawl: 20210614202056, filename: iter_00000_step_00000_50_a.png
2021-06-14 20:21:10,360 INFO     test_ai_mod.carbon_dao.local_carbon_dao -- Getting build info: APP_ID: b7133b3d-58f2-41fd-b1bf-448787c91ef3, BUILD_ID: e72f62a0-6852-48f2-88d9-841f60f42715
2021-06-14 20:21:10,360 INFO     test_ai_mod.labeler.v1.crawls -- resolved to: /Users/bot/test_ai/apps/b7133b3d-58f2-41fd-b1bf-448787c91ef3/builds/e72f62a0-6852-48f2-88d9-841f60f42715/crawls/20210614202056/elems/iter_00000_step_00000_50_a.png
2021-06-14 20:21:10,391 INFO     test_ai_mod.labeler.v1.crawls -- elem image requested, crawl: 20210614202056, filename: iter_00000_step_00000_47_div.png
2021-06-14 20:21:10,392 INFO     test_ai_mod.carbon_dao.local_carbon_dao -- Getting build info: APP_ID: b7133b3d-58f2-41fd-b1bf-448787c91ef3, BUILD_ID: e72f62a0-6852-48f2-88d9-841f60f42715
2021-06-14 20:21:10,392 INFO     test_ai_mod.labeler.v1.crawls -- resolved to: /Users/bot/test_ai/apps/b7133b3d-58f2-41fd-b1bf-448787c91ef3/builds/e72f62a0-6852-48f2-88d9-841f60f42715/crawls/20210614202056/elems/iter_00000_step_00000_47_div.png
2021-06-14 20:21:10,490 INFO     test_ai_mod.labeler.v1.crawls -- elem image requested, crawl: 20210614202056, filename: iter_00000_step_00000_45_span.png
2021-06-14 20:21:10,490 INFO     test_ai_mod.carbon_dao.local_carbon_dao -- Getting build info: APP_ID: b7133b3d-58f2-41fd-b1bf-448787c91ef3, BUILD_ID: e72f62a0-6852-48f2-88d9-841f60f42715
2021-06-14 20:21:10,491 INFO     test_ai_mod.labeler.v1.crawls -- resolved to: /Users/bot/test_ai/apps/b7133b3d-58f2-41fd-b1bf-448787c91ef3/builds/e72f62a0-6852-48f2-88d9-841f60f42715/crawls/20210614202056/elems/iter_00000_step_00000_45_span.png
2021-06-14 20:21:10,503 INFO     test_ai_mod.labeler.v1.crawls -- elem image requested, crawl: 20210614202056, filename: iter_00000_step_00000_46_div.png
2021-06-14 20:21:10,503 INFO     test_ai_mod.carbon_dao.local_carbon_dao -- Getting build info: APP_ID: b7133b3d-58f2-41fd-b1bf-448787c91ef3, BUILD_ID: e72f62a0-6852-48f2-88d9-841f60f42715
2021-06-14 20:21:10,503 INFO     test_ai_mod.labeler.v1.crawls -- resolved to: /Users/bot/test_ai/apps/b7133b3d-58f2-41fd-b1bf-448787c91ef3/builds/e72f62a0-6852-48f2-88d9-841f60f42715/crawls/20210614202056/elems/iter_00000_step_00000_46_div.png
2021-06-14 20:21:10,579 INFO     test_ai_mod.labeler.v1.crawls -- elem image requested, crawl: 20210614202056, filename: iter_00000_step_00000_1_button.png
2021-06-14 20:21:10,579 INFO     test_ai_mod.carbon_dao.local_carbon_dao -- Getting build info: APP_ID: b7133b3d-58f2-41fd-b1bf-448787c91ef3, BUILD_ID: e72f62a0-6852-48f2-88d9-841f60f42715
2021-06-14 20:21:10,581 INFO     test_ai_mod.labeler.v1.crawls -- resolved to: /Users/bot/test_ai/apps/b7133b3d-58f2-41fd-b1bf-448787c91ef3/builds/e72f62a0-6852-48f2-88d9-841f60f42715/crawls/20210614202056/elems/iter_00000_step_00000_1_button.png
2021-06-14 20:21:10,605 INFO     test_ai_mod.labeler.v1.crawls -- elem image requested, crawl: 20210614202056, filename: iter_00000_step_00000_14_a.png
2021-06-14 20:21:10,606 INFO     test_ai_mod.carbon_dao.local_carbon_dao -- Getting build info: APP_ID: b7133b3d-58f2-41fd-b1bf-448787c91ef3, BUILD_ID: e72f62a0-6852-48f2-88d9-841f60f42715
2021-06-14 20:21:10,606 INFO     test_ai_mod.labeler.v1.crawls -- resolved to: /Users/bot/test_ai/apps/b7133b3d-58f2-41fd-b1bf-448787c91ef3/builds/e72f62a0-6852-48f2-88d9-841f60f42715/crawls/20210614202056/elems/iter_00000_step_00000_14_a.png
2021-06-14 20:21:10,882 INFO     test_ai_mod.labeler.v1.crawls -- elem image requested, crawl: 20210614202056, filename: iter_00000_step_00000_9_div.png
2021-06-14 20:21:10,882 INFO     test_ai_mod.labeler.v1.crawls -- elem image requested, crawl: 20210614202056, filename: iter_00000_step_00000_51_span.png
2021-06-14 20:21:10,883 INFO     test_ai_mod.carbon_dao.local_carbon_dao -- Getting build info: APP_ID: b7133b3d-58f2-41fd-b1bf-448787c91ef3, BUILD_ID: e72f62a0-6852-48f2-88d9-841f60f42715
2021-06-14 20:21:10,884 INFO     test_ai_mod.labeler.v1.crawls -- resolved to: /Users/bot/test_ai/apps/b7133b3d-58f2-41fd-b1bf-448787c91ef3/builds/e72f62a0-6852-48f2-88d9-841f60f42715/crawls/20210614202056/elems/iter_00000_step_00000_9_div.png
2021-06-14 20:21:10,884 INFO     test_ai_mod.carbon_dao.local_carbon_dao -- Getting build info: APP_ID: b7133b3d-58f2-41fd-b1bf-448787c91ef3, BUILD_ID: e72f62a0-6852-48f2-88d9-841f60f42715
2021-06-14 20:21:10,885 INFO     test_ai_mod.labeler.v1.crawls -- resolved to: /Users/bot/test_ai/apps/b7133b3d-58f2-41fd-b1bf-448787c91ef3/builds/e72f62a0-6852-48f2-88d9-841f60f42715/crawls/20210614202056/elems/iter_00000_step_00000_51_span.png
2021-06-14 20:21:10,897 INFO     test_ai_mod.labeler.v1.crawls -- elem image requested, crawl: 20210614202056, filename: iter_00000_step_00000_10_a.png
2021-06-14 20:21:10,898 INFO     test_ai_mod.carbon_dao.local_carbon_dao -- Getting build info: APP_ID: b7133b3d-58f2-41fd-b1bf-448787c91ef3, BUILD_ID: e72f62a0-6852-48f2-88d9-841f60f42715
2021-06-14 20:21:10,898 INFO     test_ai_mod.labeler.v1.crawls -- resolved to: /Users/bot/test_ai/apps/b7133b3d-58f2-41fd-b1bf-448787c91ef3/builds/e72f62a0-6852-48f2-88d9-841f60f42715/crawls/20210614202056/elems/iter_00000_step_00000_10_a.png
2021-06-14 20:21:10,968 INFO     test_ai_mod.labeler.v1.crawls -- elem image requested, crawl: 20210614202056, filename: iter_00000_step_00000_19_div.png
2021-06-14 20:21:10,969 INFO     test_ai_mod.carbon_dao.local_carbon_dao -- Getting build info: APP_ID: b7133b3d-58f2-41fd-b1bf-448787c91ef3, BUILD_ID: e72f62a0-6852-48f2-88d9-841f60f42715
2021-06-14 20:21:10,969 INFO     test_ai_mod.labeler.v1.crawls -- resolved to: /Users/bot/test_ai/apps/b7133b3d-58f2-41fd-b1bf-448787c91ef3/builds/e72f62a0-6852-48f2-88d9-841f60f42715/crawls/20210614202056/elems/iter_00000_step_00000_19_div.png
2021-06-14 20:21:10,976 INFO     test_ai_mod.labeler.v1.crawls -- elem image requested, crawl: 20210614202056, filename: iter_00000_step_00000_4_h1.png
2021-06-14 20:21:10,976 INFO     test_ai_mod.carbon_dao.local_carbon_dao -- Getting build info: APP_ID: b7133b3d-58f2-41fd-b1bf-448787c91ef3, BUILD_ID: e72f62a0-6852-48f2-88d9-841f60f42715
2021-06-14 20:21:10,976 INFO     test_ai_mod.labeler.v1.crawls -- resolved to: /Users/bot/test_ai/apps/b7133b3d-58f2-41fd-b1bf-448787c91ef3/builds/e72f62a0-6852-48f2-88d9-841f60f42715/crawls/20210614202056/elems/iter_00000_step_00000_4_h1.png
2021-06-14 20:21:11,056 INFO     test_ai_mod.labeler.v1.crawls -- elem image requested, crawl: 20210614202056, filename: iter_00000_step_00000_48_a.png
2021-06-14 20:21:11,057 INFO     test_ai_mod.carbon_dao.local_carbon_dao -- Getting build info: APP_ID: b7133b3d-58f2-41fd-b1bf-448787c91ef3, BUILD_ID: e72f62a0-6852-48f2-88d9-841f60f42715
2021-06-14 20:21:11,057 INFO     test_ai_mod.labeler.v1.crawls -- resolved to: /Users/bot/test_ai/apps/b7133b3d-58f2-41fd-b1bf-448787c91ef3/builds/e72f62a0-6852-48f2-88d9-841f60f42715/crawls/20210614202056/elems/iter_00000_step_00000_48_a.png
2021-06-14 20:21:11,207 INFO     test_ai_mod.labeler.v1.crawls -- elem image requested, crawl: 20210614202056, filename: iter_00000_step_00000_5_span.png
2021-06-14 20:21:11,207 INFO     test_ai_mod.carbon_dao.local_carbon_dao -- Getting build info: APP_ID: b7133b3d-58f2-41fd-b1bf-448787c91ef3, BUILD_ID: e72f62a0-6852-48f2-88d9-841f60f42715
2021-06-14 20:21:11,208 INFO     test_ai_mod.labeler.v1.crawls -- resolved to: /Users/bot/test_ai/apps/b7133b3d-58f2-41fd-b1bf-448787c91ef3/builds/e72f62a0-6852-48f2-88d9-841f60f42715/crawls/20210614202056/elems/iter_00000_step_00000_5_span.png
2021-06-14 20:21:11,264 INFO     test_ai_mod.labeler.v1.crawls -- elem image requested, crawl: 20210614202056, filename: iter_00000_step_00000_37_span.png
2021-06-14 20:21:11,264 INFO     test_ai_mod.carbon_dao.local_carbon_dao -- Getting build info: APP_ID: b7133b3d-58f2-41fd-b1bf-448787c91ef3, BUILD_ID: e72f62a0-6852-48f2-88d9-841f60f42715
2021-06-14 20:21:11,265 INFO     test_ai_mod.labeler.v1.crawls -- resolved to: /Users/bot/test_ai/apps/b7133b3d-58f2-41fd-b1bf-448787c91ef3/builds/e72f62a0-6852-48f2-88d9-841f60f42715/crawls/20210614202056/elems/iter_00000_step_00000_37_span.png
2021-06-14 20:21:11,357 INFO     test_ai_mod.labeler.v1.crawls -- elem image requested, crawl: 20210614202056, filename: iter_00000_step_00000_52_div.png
2021-06-14 20:21:11,358 INFO     test_ai_mod.carbon_dao.local_carbon_dao -- Getting build info: APP_ID: b7133b3d-58f2-41fd-b1bf-448787c91ef3, BUILD_ID: e72f62a0-6852-48f2-88d9-841f60f42715
2021-06-14 20:21:11,358 INFO     test_ai_mod.labeler.v1.crawls -- resolved to: /Users/bot/test_ai/apps/b7133b3d-58f2-41fd-b1bf-448787c91ef3/builds/e72f62a0-6852-48f2-88d9-841f60f42715/crawls/20210614202056/elems/iter_00000_step_00000_52_div.png
2021-06-14 20:21:11,360 INFO     test_ai_mod.labeler.v1.crawls -- elem image requested, crawl: 20210614202056, filename: iter_00000_step_00000_53_a.png
2021-06-14 20:21:11,361 INFO     test_ai_mod.carbon_dao.local_carbon_dao -- Getting build info: APP_ID: b7133b3d-58f2-41fd-b1bf-448787c91ef3, BUILD_ID: e72f62a0-6852-48f2-88d9-841f60f42715
2021-06-14 20:21:11,362 INFO     test_ai_mod.labeler.v1.crawls -- resolved to: /Users/bot/test_ai/apps/b7133b3d-58f2-41fd-b1bf-448787c91ef3/builds/e72f62a0-6852-48f2-88d9-841f60f42715/crawls/20210614202056/elems/iter_00000_step_00000_53_a.png
2021-06-14 20:21:11,407 INFO     test_ai_mod.labeler.v1.crawls -- elem image requested, crawl: 20210614202056, filename: iter_00000_step_00000_16_div.png
2021-06-14 20:21:11,407 INFO     test_ai_mod.carbon_dao.local_carbon_dao -- Getting build info: APP_ID: b7133b3d-58f2-41fd-b1bf-448787c91ef3, BUILD_ID: e72f62a0-6852-48f2-88d9-841f60f42715
2021-06-14 20:21:11,408 INFO     test_ai_mod.labeler.v1.crawls -- resolved to: /Users/bot/test_ai/apps/b7133b3d-58f2-41fd-b1bf-448787c91ef3/builds/e72f62a0-6852-48f2-88d9-841f60f42715/crawls/20210614202056/elems/iter_00000_step_00000_16_div.png
2021-06-14 20:21:11,431 INFO     test_ai_mod.labeler.v1.crawls -- elem image requested, crawl: 20210614202056, filename: iter_00000_step_00000_43_span.png
2021-06-14 20:21:11,432 INFO     test_ai_mod.carbon_dao.local_carbon_dao -- Getting build info: APP_ID: b7133b3d-58f2-41fd-b1bf-448787c91ef3, BUILD_ID: e72f62a0-6852-48f2-88d9-841f60f42715
2021-06-14 20:21:11,432 INFO     test_ai_mod.labeler.v1.crawls -- resolved to: /Users/bot/test_ai/apps/b7133b3d-58f2-41fd-b1bf-448787c91ef3/builds/e72f62a0-6852-48f2-88d9-841f60f42715/crawls/20210614202056/elems/iter_00000_step_00000_43_span.png
2021-06-14 20:21:11,478 INFO     test_ai_mod.labeler.v1.crawls -- elem image requested, crawl: 20210614202056, filename: iter_00000_step_00000_7_a.png
2021-06-14 20:21:11,479 INFO     test_ai_mod.carbon_dao.local_carbon_dao -- Getting build info: APP_ID: b7133b3d-58f2-41fd-b1bf-448787c91ef3, BUILD_ID: e72f62a0-6852-48f2-88d9-841f60f42715
2021-06-14 20:21:11,480 INFO     test_ai_mod.labeler.v1.crawls -- resolved to: /Users/bot/test_ai/apps/b7133b3d-58f2-41fd-b1bf-448787c91ef3/builds/e72f62a0-6852-48f2-88d9-841f60f42715/crawls/20210614202056/elems/iter_00000_step_00000_7_a.png
2021-06-14 20:21:11,560 INFO     test_ai_mod.labeler.v1.crawls -- elem image requested, crawl: 20210614202056, filename: iter_00000_step_00000_32_a.png
2021-06-14 20:21:11,560 INFO     test_ai_mod.carbon_dao.local_carbon_dao -- Getting build info: APP_ID: b7133b3d-58f2-41fd-b1bf-448787c91ef3, BUILD_ID: e72f62a0-6852-48f2-88d9-841f60f42715
2021-06-14 20:21:11,561 INFO     test_ai_mod.labeler.v1.crawls -- resolved to: /Users/bot/test_ai/apps/b7133b3d-58f2-41fd-b1bf-448787c91ef3/builds/e72f62a0-6852-48f2-88d9-841f60f42715/crawls/20210614202056/elems/iter_00000_step_00000_32_a.png
2021-06-14 20:21:11,596 INFO     test_ai_mod.labeler.v1.crawls -- elem image requested, crawl: 20210614202056, filename: iter_00000_step_00000_33_a.png
2021-06-14 20:21:11,596 INFO     test_ai_mod.carbon_dao.local_carbon_dao -- Getting build info: APP_ID: b7133b3d-58f2-41fd-b1bf-448787c91ef3, BUILD_ID: e72f62a0-6852-48f2-88d9-841f60f42715
2021-06-14 20:21:11,597 INFO     test_ai_mod.labeler.v1.crawls -- resolved to: /Users/bot/test_ai/apps/b7133b3d-58f2-41fd-b1bf-448787c91ef3/builds/e72f62a0-6852-48f2-88d9-841f60f42715/crawls/20210614202056/elems/iter_00000_step_00000_33_a.png
2021-06-14 20:21:11,782 INFO     test_ai_mod.labeler.v1.crawls -- elem image requested, crawl: 20210614202056, filename: iter_00000_step_00000_22_a.png
2021-06-14 20:21:11,782 INFO     test_ai_mod.labeler.v1.crawls -- elem image requested, crawl: 20210614202056, filename: iter_00000_step_00000_29_div.png
2021-06-14 20:21:11,783 INFO     test_ai_mod.carbon_dao.local_carbon_dao -- Getting build info: APP_ID: b7133b3d-58f2-41fd-b1bf-448787c91ef3, BUILD_ID: e72f62a0-6852-48f2-88d9-841f60f42715
2021-06-14 20:21:11,783 INFO     test_ai_mod.carbon_dao.local_carbon_dao -- Getting build info: APP_ID: b7133b3d-58f2-41fd-b1bf-448787c91ef3, BUILD_ID: e72f62a0-6852-48f2-88d9-841f60f42715
2021-06-14 20:21:11,784 INFO     test_ai_mod.labeler.v1.crawls -- resolved to: /Users/bot/test_ai/apps/b7133b3d-58f2-41fd-b1bf-448787c91ef3/builds/e72f62a0-6852-48f2-88d9-841f60f42715/crawls/20210614202056/elems/iter_00000_step_00000_22_a.png
2021-06-14 20:21:11,784 INFO     test_ai_mod.labeler.v1.crawls -- resolved to: /Users/bot/test_ai/apps/b7133b3d-58f2-41fd-b1bf-448787c91ef3/builds/e72f62a0-6852-48f2-88d9-841f60f42715/crawls/20210614202056/elems/iter_00000_step_00000_29_div.png
2021-06-14 20:21:11,791 INFO     test_ai_mod.labeler.v1.crawls -- elem image requested, crawl: 20210614202056, filename: iter_00000_step_00000_25_span.png
2021-06-14 20:21:11,795 INFO     test_ai_mod.carbon_dao.local_carbon_dao -- Getting build info: APP_ID: b7133b3d-58f2-41fd-b1bf-448787c91ef3, BUILD_ID: e72f62a0-6852-48f2-88d9-841f60f42715
2021-06-14 20:21:11,796 INFO     test_ai_mod.labeler.v1.crawls -- resolved to: /Users/bot/test_ai/apps/b7133b3d-58f2-41fd-b1bf-448787c91ef3/builds/e72f62a0-6852-48f2-88d9-841f60f42715/crawls/20210614202056/elems/iter_00000_step_00000_25_span.png
2021-06-14 20:21:11,825 INFO     test_ai_mod.labeler.v1.crawls -- elem image requested, crawl: 20210614202056, filename: iter_00000_step_00000_3_a.png
2021-06-14 20:21:11,827 INFO     test_ai_mod.carbon_dao.local_carbon_dao -- Getting build info: APP_ID: b7133b3d-58f2-41fd-b1bf-448787c91ef3, BUILD_ID: e72f62a0-6852-48f2-88d9-841f60f42715
2021-06-14 20:21:11,828 INFO     test_ai_mod.labeler.v1.crawls -- resolved to: /Users/bot/test_ai/apps/b7133b3d-58f2-41fd-b1bf-448787c91ef3/builds/e72f62a0-6852-48f2-88d9-841f60f42715/crawls/20210614202056/elems/iter_00000_step_00000_3_a.png
2021-06-14 20:21:11,866 INFO     test_ai_mod.labeler.v1.crawls -- elem image requested, crawl: 20210614202056, filename: iter_00000_step_00000_12_div.png
2021-06-14 20:21:11,867 INFO     test_ai_mod.carbon_dao.local_carbon_dao -- Getting build info: APP_ID: b7133b3d-58f2-41fd-b1bf-448787c91ef3, BUILD_ID: e72f62a0-6852-48f2-88d9-841f60f42715
2021-06-14 20:21:11,867 INFO     test_ai_mod.labeler.v1.crawls -- resolved to: /Users/bot/test_ai/apps/b7133b3d-58f2-41fd-b1bf-448787c91ef3/builds/e72f62a0-6852-48f2-88d9-841f60f42715/crawls/20210614202056/elems/iter_00000_step_00000_12_div.png
2021-06-14 20:21:11,915 INFO     test_ai_mod.labeler.v1.crawls -- elem image requested, crawl: 20210614202056, filename: iter_00000_step_00000_6_span.png
2021-06-14 20:21:11,916 INFO     test_ai_mod.carbon_dao.local_carbon_dao -- Getting build info: APP_ID: b7133b3d-58f2-41fd-b1bf-448787c91ef3, BUILD_ID: e72f62a0-6852-48f2-88d9-841f60f42715
2021-06-14 20:21:11,916 INFO     test_ai_mod.labeler.v1.crawls -- resolved to: /Users/bot/test_ai/apps/b7133b3d-58f2-41fd-b1bf-448787c91ef3/builds/e72f62a0-6852-48f2-88d9-841f60f42715/crawls/20210614202056/elems/iter_00000_step_00000_6_span.png
2021-06-14 20:21:12,057 INFO     test_ai_mod.labeler.v1.crawls -- elem image requested, crawl: 20210614202056, filename: iter_00000_step_00000_44_span.png
2021-06-14 20:21:12,058 INFO     test_ai_mod.carbon_dao.local_carbon_dao -- Getting build info: APP_ID: b7133b3d-58f2-41fd-b1bf-448787c91ef3, BUILD_ID: e72f62a0-6852-48f2-88d9-841f60f42715
2021-06-14 20:21:12,058 INFO     test_ai_mod.labeler.v1.crawls -- resolved to: /Users/bot/test_ai/apps/b7133b3d-58f2-41fd-b1bf-448787c91ef3/builds/e72f62a0-6852-48f2-88d9-841f60f42715/crawls/20210614202056/elems/iter_00000_step_00000_44_span.png
2021-06-14 20:21:12,108 INFO     test_ai_mod.labeler.v1.crawls -- elem image requested, crawl: 20210614202056, filename: iter_00000_step_00000_41_a.png
2021-06-14 20:21:12,108 INFO     test_ai_mod.carbon_dao.local_carbon_dao -- Getting build info: APP_ID: b7133b3d-58f2-41fd-b1bf-448787c91ef3, BUILD_ID: e72f62a0-6852-48f2-88d9-841f60f42715
2021-06-14 20:21:12,109 INFO     test_ai_mod.labeler.v1.crawls -- resolved to: /Users/bot/test_ai/apps/b7133b3d-58f2-41fd-b1bf-448787c91ef3/builds/e72f62a0-6852-48f2-88d9-841f60f42715/crawls/20210614202056/elems/iter_00000_step_00000_41_a.png
2021-06-14 20:21:12,151 INFO     test_ai_mod.labeler.v1.crawls -- elem image requested, crawl: 20210614202056, filename: iter_00000_step_00000_0_span.png
2021-06-14 20:21:12,151 INFO     test_ai_mod.carbon_dao.local_carbon_dao -- Getting build info: APP_ID: b7133b3d-58f2-41fd-b1bf-448787c91ef3, BUILD_ID: e72f62a0-6852-48f2-88d9-841f60f42715
2021-06-14 20:21:12,152 INFO     test_ai_mod.labeler.v1.crawls -- resolved to: /Users/bot/test_ai/apps/b7133b3d-58f2-41fd-b1bf-448787c91ef3/builds/e72f62a0-6852-48f2-88d9-841f60f42715/crawls/20210614202056/elems/iter_00000_step_00000_0_span.png
2021-06-14 20:21:12,166 INFO     test_ai_mod.labeler.v1.crawls -- elem image requested, crawl: 20210614202056, filename: iter_00000_step_00000_36_button.png
2021-06-14 20:21:12,166 INFO     test_ai_mod.carbon_dao.local_carbon_dao -- Getting build info: APP_ID: b7133b3d-58f2-41fd-b1bf-448787c91ef3, BUILD_ID: e72f62a0-6852-48f2-88d9-841f60f42715
2021-06-14 20:21:12,167 INFO     test_ai_mod.labeler.v1.crawls -- resolved to: /Users/bot/test_ai/apps/b7133b3d-58f2-41fd-b1bf-448787c91ef3/builds/e72f62a0-6852-48f2-88d9-841f60f42715/crawls/20210614202056/elems/iter_00000_step_00000_36_button.png
2021-06-14 20:21:12,215 INFO     test_ai_mod.labeler.v1.crawls -- elem image requested, crawl: 20210614202056, filename: iter_00000_step_00000_49_a.png
2021-06-14 20:21:12,216 INFO     test_ai_mod.carbon_dao.local_carbon_dao -- Getting build info: APP_ID: b7133b3d-58f2-41fd-b1bf-448787c91ef3, BUILD_ID: e72f62a0-6852-48f2-88d9-841f60f42715
2021-06-14 20:21:12,217 INFO     test_ai_mod.labeler.v1.crawls -- resolved to: /Users/bot/test_ai/apps/b7133b3d-58f2-41fd-b1bf-448787c91ef3/builds/e72f62a0-6852-48f2-88d9-841f60f42715/crawls/20210614202056/elems/iter_00000_step_00000_49_a.png
2021-06-14 20:21:12,241 INFO     test_ai_mod.labeler.v1.crawls -- elem image requested, crawl: 20210614202056, filename: iter_00000_step_00000_20_img.png
2021-06-14 20:21:12,242 INFO     test_ai_mod.carbon_dao.local_carbon_dao -- Getting build info: APP_ID: b7133b3d-58f2-41fd-b1bf-448787c91ef3, BUILD_ID: e72f62a0-6852-48f2-88d9-841f60f42715
2021-06-14 20:21:12,242 INFO     test_ai_mod.labeler.v1.crawls -- resolved to: /Users/bot/test_ai/apps/b7133b3d-58f2-41fd-b1bf-448787c91ef3/builds/e72f62a0-6852-48f2-88d9-841f60f42715/crawls/20210614202056/elems/iter_00000_step_00000_20_img.png
2021-06-14 20:21:12,379 INFO     test_ai_mod.labeler.v1.crawls -- elem image requested, crawl: 20210614202056, filename: iter_00000_step_00000_40_div.png
2021-06-14 20:21:12,380 INFO     test_ai_mod.carbon_dao.local_carbon_dao -- Getting build info: APP_ID: b7133b3d-58f2-41fd-b1bf-448787c91ef3, BUILD_ID: e72f62a0-6852-48f2-88d9-841f60f42715
2021-06-14 20:21:12,381 INFO     test_ai_mod.labeler.v1.crawls -- resolved to: /Users/bot/test_ai/apps/b7133b3d-58f2-41fd-b1bf-448787c91ef3/builds/e72f62a0-6852-48f2-88d9-841f60f42715/crawls/20210614202056/elems/iter_00000_step_00000_40_div.png
2021-06-14 20:21:12,407 INFO     test_ai_mod.labeler.v1.crawls -- elem image requested, crawl: 20210614202056, filename: iter_00000_step_00000_31_div.png
2021-06-14 20:21:12,408 INFO     test_ai_mod.carbon_dao.local_carbon_dao -- Getting build info: APP_ID: b7133b3d-58f2-41fd-b1bf-448787c91ef3, BUILD_ID: e72f62a0-6852-48f2-88d9-841f60f42715
2021-06-14 20:21:12,409 INFO     test_ai_mod.labeler.v1.crawls -- resolved to: /Users/bot/test_ai/apps/b7133b3d-58f2-41fd-b1bf-448787c91ef3/builds/e72f62a0-6852-48f2-88d9-841f60f42715/crawls/20210614202056/elems/iter_00000_step_00000_31_div.png
2021-06-14 20:21:12,436 INFO     test_ai_mod.labeler.v1.crawls -- elem image requested, crawl: 20210614202056, filename: iter_00000_step_00000_24_span.png
2021-06-14 20:21:12,437 INFO     test_ai_mod.carbon_dao.local_carbon_dao -- Getting build info: APP_ID: b7133b3d-58f2-41fd-b1bf-448787c91ef3, BUILD_ID: e72f62a0-6852-48f2-88d9-841f60f42715
2021-06-14 20:21:12,438 INFO     test_ai_mod.labeler.v1.crawls -- resolved to: /Users/bot/test_ai/apps/b7133b3d-58f2-41fd-b1bf-448787c91ef3/builds/e72f62a0-6852-48f2-88d9-841f60f42715/crawls/20210614202056/elems/iter_00000_step_00000_24_span.png
2021-06-14 20:21:12,484 INFO     test_ai_mod.labeler.v1.crawls -- elem image requested, crawl: 20210614202056, filename: iter_00000_step_00000_17_span.png
2021-06-14 20:21:12,485 INFO     test_ai_mod.carbon_dao.local_carbon_dao -- Getting build info: APP_ID: b7133b3d-58f2-41fd-b1bf-448787c91ef3, BUILD_ID: e72f62a0-6852-48f2-88d9-841f60f42715
2021-06-14 20:21:12,486 INFO     test_ai_mod.labeler.v1.crawls -- resolved to: /Users/bot/test_ai/apps/b7133b3d-58f2-41fd-b1bf-448787c91ef3/builds/e72f62a0-6852-48f2-88d9-841f60f42715/crawls/20210614202056/elems/iter_00000_step_00000_17_span.png
2021-06-14 20:21:12,545 INFO     test_ai_mod.labeler.v1.crawls -- elem image requested, crawl: 20210614202056, filename: iter_00000_step_00000_18_div.png
2021-06-14 20:21:12,546 INFO     test_ai_mod.carbon_dao.local_carbon_dao -- Getting build info: APP_ID: b7133b3d-58f2-41fd-b1bf-448787c91ef3, BUILD_ID: e72f62a0-6852-48f2-88d9-841f60f42715
2021-06-14 20:21:12,547 INFO     test_ai_mod.labeler.v1.crawls -- resolved to: /Users/bot/test_ai/apps/b7133b3d-58f2-41fd-b1bf-448787c91ef3/builds/e72f62a0-6852-48f2-88d9-841f60f42715/crawls/20210614202056/elems/iter_00000_step_00000_18_div.png
2021-06-14 20:21:13,305 INFO     test_ai_mod.carbon_explore.interactive -- Interactive explore -- status -- start
2021-06-14 20:21:13,305 INFO     test_ai_mod.carbon_explore.interactive -- Interactive explore -- status -- end
2021-06-14 20:21:18,264 INFO     test_ai_mod.carbon_explore.interactive -- Interactive explore -- status -- start
2021-06-14 20:21:18,264 INFO     test_ai_mod.carbon_explore.interactive -- Interactive explore -- status -- end
2021-06-14 20:21:20,701 INFO     test_ai_mod.labeler.v1.crawls -- elem image requested, crawl: 20210614202056, filename: iter_00000_step_00000_screenshot.png
2021-06-14 20:21:20,702 INFO     test_ai_mod.carbon_dao.local_carbon_dao -- Getting build info: APP_ID: b7133b3d-58f2-41fd-b1bf-448787c91ef3, BUILD_ID: e72f62a0-6852-48f2-88d9-841f60f42715
2021-06-14 20:21:20,703 INFO     test_ai_mod.labeler.v1.crawls -- resolved to: /Users/bot/test_ai/apps/b7133b3d-58f2-41fd-b1bf-448787c91ef3/builds/e72f62a0-6852-48f2-88d9-841f60f42715/crawls/20210614202056/screens/iter_00000_step_00000_screenshot.png
2021-06-14 20:21:23,350 INFO     test_ai_mod.carbon_explore.interactive -- Interactive explore -- status -- start
2021-06-14 20:21:23,350 INFO     test_ai_mod.carbon_explore.interactive -- Interactive explore -- status -- end
2021-06-14 20:21:28,278 INFO     test_ai_mod.carbon_explore.interactive -- Interactive explore -- status -- start
2021-06-14 20:21:28,278 INFO     test_ai_mod.carbon_explore.interactive -- Interactive explore -- status -- end
2021-06-14 20:21:33,301 INFO     test_ai_mod.carbon_explore.interactive -- Interactive explore -- status -- start
2021-06-14 20:21:33,301 INFO     test_ai_mod.carbon_explore.interactive -- Interactive explore -- status -- end
2021-06-14 20:21:38,294 INFO     test_ai_mod.carbon_explore.interactive -- Interactive explore -- status -- start
2021-06-14 20:21:38,295 INFO     test_ai_mod.carbon_explore.interactive -- Interactive explore -- status -- end
2021-06-14 20:21:43,268 INFO     test_ai_mod.carbon_explore.interactive -- Interactive explore -- status -- start
2021-06-14 20:21:43,268 INFO     test_ai_mod.carbon_explore.interactive -- Interactive explore -- status -- end
2021-06-14 20:21:48,532 INFO     test_ai_mod.carbon_explore.interactive -- Interactive explore -- status -- start
2021-06-14 20:21:48,533 INFO     test_ai_mod.carbon_explore.interactive -- Interactive explore -- status -- end
2021-06-14 20:21:48,536 INFO     test_ai_mod.carbon_dao.local_carbon_dao -- Getting build info: APP_ID: b7133b3d-58f2-41fd-b1bf-448787c91ef3, BUILD_ID: e72f62a0-6852-48f2-88d9-841f60f42715
2021-06-14 20:21:48,536 INFO     test_ai_mod.labeler.v1.crawls -- labels_info:{u'screens': {}, u'elems': {u'iter_00000_step_00000_20_img.png': [u'img_equinox']}}
2021-06-14 20:21:48,537 INFO     test_ai_mod.carbon_dao.local_carbon_dao -- Getting build info: APP_ID: b7133b3d-58f2-41fd-b1bf-448787c91ef3, BUILD_ID: e72f62a0-6852-48f2-88d9-841f60f42715
2021-06-14 20:21:48,748 INFO     test_ai_mod.carbon_dao.local_carbon_dao -- Getting build info: APP_ID: b7133b3d-58f2-41fd-b1bf-448787c91ef3, BUILD_ID: e72f62a0-6852-48f2-88d9-841f60f42715
2021-06-14 20:21:52,654 INFO     test_ai_mod.carbon_explore.interactive -- Interactive explore -- status -- start
2021-06-14 20:21:52,654 INFO     test_ai_mod.carbon_explore.interactive -- Interactive explore -- status -- end
2021-06-14 20:21:52,659 INFO     test_ai_mod.carbon_explore.interactive -- Interactive explore -- status -- start
2021-06-14 20:21:52,659 INFO     test_ai_mod.carbon_explore.interactive -- Interactive explore -- status -- end
2021-06-14 20:21:52,660 INFO     root -- Stopping interactive crawl.
2021-06-14 20:21:52,663 INFO     test_ai_mod.carbon_explore.interactive -- Interactive explore -- stop -- start
2021-06-14 20:21:52,663 INFO     test_ai_mod.carbon_explore.interactive -- Interactive explore -- stop -- stop
2021-06-14 20:21:53,167 INFO     test_ai_mod.carbon_explore.explore_hook -- Explore hook -- apply_deferred_runtime_labels starting.
2021-06-14 20:21:53,167 INFO     test_ai_mod.carbon_explore.explore_hook -- Explore hook -- apply_deferred_runtime_labels completed.
2021-06-14 20:21:53,167 INFO     test_ai_mod.carbon_explore.interactive -- Interactive explore -- start_interactive_loop completed.
2021-06-14 20:21:53,167 INFO     test_ai_mod.carbon_explore.explore -- performing post-walk cleanup
2021-06-14 20:21:53,167 INFO     test_ai_mod.carbon_utils.simulator_tools -- performing post-test cleanup
2021-06-14 20:21:53,168 INFO     test_ai_mod.carbon_utils.simulator_tools -- calling driver.quit
2021-06-14 20:21:53,277 INFO     test_ai_mod.carbon_explore.explore -- iteration completed: 0
2021-06-14 20:21:53,277 INFO     test_ai_mod.carbon_tasks.crawl_build_task -- walk: 1 - succeeded
2021-06-14 20:21:53,277 INFO     test_ai_mod.carbon_tasks.crawl_build_task -- Handling crawl stop request.
2021-06-14 20:21:53,278 INFO     test_ai_mod.carbon_dao.local_carbon_dao -- Getting build info: APP_ID: b7133b3d-58f2-41fd-b1bf-448787c91ef3, BUILD_ID: e72f62a0-6852-48f2-88d9-841f60f42715
2021-06-14 20:21:53,279 INFO     test_ai_mod.carbon_dao.local_carbon_dao -- Getting build info: APP_ID: b7133b3d-58f2-41fd-b1bf-448787c91ef3, BUILD_ID: e72f62a0-6852-48f2-88d9-841f60f42715
2021-06-14 20:21:53,279 INFO     test_ai_mod.carbon_dao.local_carbon_dao -- Getting build info: APP_ID: b7133b3d-58f2-41fd-b1bf-448787c91ef3, BUILD_ID: e72f62a0-6852-48f2-88d9-841f60f42715
2021-06-14 20:21:53,280 INFO     test_ai_mod.carbon_dao.local_carbon_dao -- Getting build info: APP_ID: b7133b3d-58f2-41fd-b1bf-448787c91ef3, BUILD_ID: e72f62a0-6852-48f2-88d9-841f60f42715
2021-06-14 20:21:53,280 INFO     test_ai_mod.carbon_dao.local_carbon_dao -- Getting build info: APP_ID: b7133b3d-58f2-41fd-b1bf-448787c91ef3, BUILD_ID: e72f62a0-6852-48f2-88d9-841f60f42715
2021-06-14 20:21:53,281 INFO     test_ai_mod.carbon_dao.local_carbon_dao -- Getting build info: APP_ID: b7133b3d-58f2-41fd-b1bf-448787c91ef3, BUILD_ID: e72f62a0-6852-48f2-88d9-841f60f42715
2021-06-14 20:21:53,282 INFO     test_ai_mod.carbon_dao.local_carbon_dao -- Getting build info: APP_ID: b7133b3d-58f2-41fd-b1bf-448787c91ef3, BUILD_ID: e72f62a0-6852-48f2-88d9-841f60f42715
2021-06-14 20:21:53,283 INFO     test_ai_mod.carbon_dao.local_carbon_dao -- Getting build info: APP_ID: b7133b3d-58f2-41fd-b1bf-448787c91ef3, BUILD_ID: e72f62a0-6852-48f2-88d9-841f60f42715
2021-06-14 20:21:53,284 INFO     test_ai_mod.carbon_dao.local_carbon_dao -- Getting build info: APP_ID: b7133b3d-58f2-41fd-b1bf-448787c91ef3, BUILD_ID: e72f62a0-6852-48f2-88d9-841f60f42715
2021-06-14 20:21:53,285 INFO     test_ai_mod.carbon_dao.local_carbon_dao -- Getting build info: APP_ID: b7133b3d-58f2-41fd-b1bf-448787c91ef3, BUILD_ID: e72f62a0-6852-48f2-88d9-841f60f42715
2021-06-14 20:21:53,285 INFO     test_ai_mod.carbon_tasks.process_crawl_task -- processing crawl: 20210614202056 (app: b7133b3d-58f2-41fd-b1bf-448787c91ef3, build: e72f62a0-6852-48f2-88d9-841f60f42715)
2021-06-14 20:21:53,285 INFO     test_ai_mod.carbon_tasks.process_crawl_task -- processing screens for crawl
2021-06-14 20:21:53,378 INFO     test_ai_mod.carbon_tasks.process_crawl_task -- writing unique screens file
2021-06-14 20:21:53,379 INFO     test_ai_mod.carbon_tasks.process_crawl_task -- writing screen hash map
2021-06-14 20:21:53,382 INFO     test_ai_mod.carbon_tasks.process_crawl_task -- writing screen similarity file
2021-06-14 20:21:53,383 INFO     test_ai_mod.carbon_tasks.process_crawl_task -- processing elements for crawl
2021-06-14 20:21:53,386 INFO     test_ai_mod.carbon_tasks.process_crawl_task -- skipping already processed: iter_00000_step_00000_info.json
2021-06-14 20:21:53,463 INFO     test_ai_mod.carbon_tasks.process_crawl_task -- Writing unique tags file.
2021-06-14 20:21:53,464 INFO     test_ai_mod.carbon_tasks.process_crawl_task -- writing unique elems file
2021-06-14 20:21:53,464 INFO     test_ai_mod.carbon_tasks.process_crawl_task -- writing elem hash map
2021-06-14 20:21:53,472 INFO     test_ai_mod.carbon_tasks.process_crawl_task -- writing elem similarity file
2021-06-14 20:21:53,474 INFO     test_ai_mod.carbon_tasks.process_crawl_task -- generating and saving feature data for crawl
2021-06-14 20:21:53,474 INFO     test_ai_mod.carbon_tasks.generate_feature_data_task -- generating feature data for crawl: 20210614202056, app_id: b7133b3d-58f2-41fd-b1bf-448787c91ef3, build_id: e72f62a0-6852-48f2-88d9-841f60f42715
2021-06-14 20:21:53,474 INFO     test_ai_mod.carbon_tasks.generate_feature_data_task -- generating screen feature data
2021-06-14 20:21:53,949 INFO     test_ai_mod.carbon_tasks.generate_feature_data_task -- saving screen feature data
2021-06-14 20:21:53,951 INFO     test_ai_mod.carbon_tasks.process_crawl_task -- generating labeler objects file for crawl (v0)
2021-06-14 20:21:53,962 INFO     test_ai_mod.carbon_tasks.process_crawl_task -- reconciling screens labeled at runtime
2021-06-14 20:21:53,963 INFO     test_ai_mod.carbon_tasks.process_crawl_task -- reconciling elements labeled at runtime
2021-06-14 20:21:53,969 INFO     test_ai_mod.carbon_tasks.generate_auto_labels_task -- generating auto labels for crawl: 20210614202056, app_id: b7133b3d-58f2-41fd-b1bf-448787c91ef3, build_id: e72f62a0-6852-48f2-88d9-841f60f42715
2021-06-14 20:21:53,969 INFO     test_ai_mod.carbon_dao.local_carbon_dao -- Getting build info: APP_ID: b7133b3d-58f2-41fd-b1bf-448787c91ef3, BUILD_ID: e72f62a0-6852-48f2-88d9-841f60f42715
2021-06-14 20:21:53,971 INFO     test_ai_mod.carbon_dao.local_carbon_dao -- Getting build info: APP_ID: b7133b3d-58f2-41fd-b1bf-448787c91ef3, BUILD_ID: e72f62a0-6852-48f2-88d9-841f60f42715
2021-06-14 20:21:53,972 INFO     test_ai_mod.carbon_dao.local_carbon_dao -- Getting build info: APP_ID: b7133b3d-58f2-41fd-b1bf-448787c91ef3, BUILD_ID: e72f62a0-6852-48f2-88d9-841f60f42715
2021-06-14 20:21:53,972 INFO     test_ai_mod.carbon_dao.local_carbon_dao -- Getting build info: APP_ID: b7133b3d-58f2-41fd-b1bf-448787c91ef3, BUILD_ID: e72f62a0-6852-48f2-88d9-841f60f42715
2021-06-14 20:21:53,973 INFO     test_ai_mod.carbon_dao.local_carbon_dao -- Getting build info: APP_ID: b7133b3d-58f2-41fd-b1bf-448787c91ef3, BUILD_ID: e72f62a0-6852-48f2-88d9-841f60f42715
2021-06-14 20:21:53,974 INFO     test_ai_mod.carbon_dao.local_carbon_dao -- Getting build info: APP_ID: b7133b3d-58f2-41fd-b1bf-448787c91ef3, BUILD_ID: e72f62a0-6852-48f2-88d9-841f60f42715
2021-06-14 20:21:53,975 INFO     test_ai_mod.carbon_dao.local_carbon_dao -- Getting build info: APP_ID: b7133b3d-58f2-41fd-b1bf-448787c91ef3, BUILD_ID: e72f62a0-6852-48f2-88d9-841f60f42715
2021-06-14 20:21:53,976 INFO     test_ai_mod.carbon_dao.local_carbon_dao -- Getting build info: APP_ID: b7133b3d-58f2-41fd-b1bf-448787c91ef3, BUILD_ID: e72f62a0-6852-48f2-88d9-841f60f42715
2021-06-14 20:21:53,976 INFO     test_ai_mod.carbon_dao.local_carbon_dao -- Getting build info: APP_ID: b7133b3d-58f2-41fd-b1bf-448787c91ef3, BUILD_ID: e72f62a0-6852-48f2-88d9-841f60f42715
2021-06-14 20:21:53,977 INFO     test_ai_mod.carbon_dao.local_carbon_dao -- Getting build info: APP_ID: b7133b3d-58f2-41fd-b1bf-448787c91ef3, BUILD_ID: e72f62a0-6852-48f2-88d9-841f60f42715
2021-06-14 20:21:53,977 INFO     test_ai_mod.carbon_tasks.generate_auto_labels_task -- getting data for crawl: 20210607151517
2021-06-14 20:21:53,978 INFO     test_ai_mod.carbon_tasks.generate_auto_labels_task -- getting data for crawl: 20210607155217
2021-06-14 20:21:53,979 INFO     test_ai_mod.carbon_tasks.generate_auto_labels_task -- getting data for crawl: 20210607145944
2021-06-14 20:21:53,980 INFO     test_ai_mod.carbon_tasks.generate_auto_labels_task -- getting data for crawl: 20210607150653
2021-06-14 20:21:53,981 INFO     test_ai_mod.carbon_tasks.generate_auto_labels_task -- getting data for crawl: 20210607153116
2021-06-14 20:21:53,982 INFO     test_ai_mod.carbon_tasks.generate_auto_labels_task -- getting data for crawl: 20210607160847
2021-06-14 20:21:53,983 INFO     test_ai_mod.carbon_tasks.generate_auto_labels_task -- getting data for crawl: 20210614200939
2021-06-14 20:21:53,984 INFO     test_ai_mod.carbon_tasks.generate_auto_labels_task -- getting data for crawl: 20210614201730
2021-06-14 20:21:53,984 INFO     test_ai_mod.carbon_tasks.generate_auto_labels_task -- getting data for crawl: 20210614202056
2021-06-14 20:21:53,985 INFO     test_ai_mod.carbon_tasks.generate_auto_labels_task -- processing crawl: 20210607151517
2021-06-14 20:21:53,986 INFO     test_ai_mod.carbon_tasks.generate_auto_labels_task -- processing crawl: 20210607155217
2021-06-14 20:21:53,986 INFO     test_ai_mod.carbon_tasks.generate_auto_labels_task -- processing crawl: 20210607145944
2021-06-14 20:21:53,986 INFO     test_ai_mod.carbon_tasks.generate_auto_labels_task -- processing crawl: 20210607150653
2021-06-14 20:21:53,987 INFO     test_ai_mod.carbon_tasks.generate_auto_labels_task -- processing crawl: 20210607153116
2021-06-14 20:21:53,987 INFO     test_ai_mod.carbon_tasks.generate_auto_labels_task -- processing crawl: 20210607160847
2021-06-14 20:21:53,988 INFO     test_ai_mod.carbon_tasks.generate_auto_labels_task -- processing crawl: 20210614200939
2021-06-14 20:21:53,988 INFO     test_ai_mod.carbon_tasks.generate_auto_labels_task -- processing crawl: 20210614201730
2021-06-14 20:21:53,989 INFO     test_ai_mod.carbon_tasks.generate_auto_labels_task -- processing crawl: 20210614202056
2021-06-14 20:21:54,001 INFO     test_ai_mod.carbon_tasks.generate_auto_labels_task -- writing merged, suggested labels for crawl: 20210607145944
2021-06-14 20:21:54,002 INFO     test_ai_mod.carbon_tasks.generate_auto_labels_task -- writing merged, suggested labels for crawl: 20210607151517
2021-06-14 20:21:54,003 INFO     test_ai_mod.carbon_tasks.generate_auto_labels_task -- writing merged, suggested labels for crawl: 20210607150653
2021-06-14 20:21:54,003 INFO     test_ai_mod.carbon_tasks.generate_auto_labels_task -- writing merged, suggested labels for crawl: 20210607160847
2021-06-14 20:21:54,003 INFO     test_ai_mod.carbon_tasks.generate_auto_labels_task -- writing merged, suggested labels for crawl: 20210607155217
2021-06-14 20:21:54,006 INFO     test_ai_mod.carbon_tasks.generate_auto_labels_task -- writing merged, suggested labels for crawl: 20210614201730
2021-06-14 20:21:54,009 INFO     test_ai_mod.carbon_tasks.generate_auto_labels_task -- writing merged, suggested labels for crawl: 20210614202056
2021-06-14 20:21:54,009 INFO     test_ai_mod.carbon_tasks.generate_auto_labels_task -- writing merged, suggested labels for crawl: 20210614200939
2021-06-14 20:21:54,010 INFO     test_ai_mod.carbon_tasks.generate_auto_labels_task -- writing merged, suggested labels for crawl: 20210607153116
2021-06-14 20:21:54,016 INFO     test_ai_mod.carbon_tasks.generate_auto_labels_task -- writing applied hashes to labels to file: /Users/bot/test_ai/apps/b7133b3d-58f2-41fd-b1bf-448787c91ef3/lkg/hashes_to_labels.json
2021-06-14 20:21:54,017 INFO     test_ai_mod.carbon_tasks.generate_auto_labels_task -- writing applied human readable to labels to file: /Users/bot/test_ai/apps/b7133b3d-58f2-41fd-b1bf-448787c91ef3/lkg/human_readable_to_labels.json
2021-06-14 20:21:54,018 INFO     test_ai_mod.carbon_tasks.generate_auto_labels_task -- writing label to hash dicts to file: /Users/bot/test_ai/apps/b7133b3d-58f2-41fd-b1bf-448787c91ef3/lkg/label_to_hash_dicts.json
2021-06-14 20:21:54,018 INFO     test_ai_mod.carbon_tasks.generate_auto_labels_task -- writing human readable to paths to file: /Users/bot/test_ai/apps/b7133b3d-58f2-41fd-b1bf-448787c91ef3/lkg/human_readable_to_paths.json
2021-06-14 20:21:54,019 INFO     test_ai_mod.carbon_classifiers.label_classifier_pipe -- Begin loading configured modules
2021-06-14 20:21:54,020 INFO     test_ai_mod.carbon_classifiers.carbon_classifier_v1.screen_classifier -- Loading ScreenClassifier
2021-06-14 20:21:54,020 INFO     test_ai_mod.carbon_classifiers.template_matching.app_specific_template_matcher -- Loading AppSpecificTemplateMatcher
2021-06-14 20:21:54,020 INFO     test_ai_mod.carbon_classifiers.perceptual.nn_classifier -- Loading NNClassifier
2021-06-14 20:21:54,020 INFO     test_ai_mod.carbon_classifiers.template_matching.template_matching_classifier -- Loading TemplateMatchingClassifier
2021-06-14 20:21:54,020 WARNING  test_ai_mod.carbon_classifiers.template_matching.template_matching_classifier -- No template director exists at /Users/bot/test_ai/templates
2021-06-14 20:21:54,020 INFO     test_ai_mod.carbon_classifiers.http_classifier.http_classifier -- Loaded Http Classifier for ""
2021-06-14 20:21:54,020 INFO     test_ai_mod.carbon_tasks.generate_auto_labels_task -- classifying 1 unique screens
2021-06-14 20:21:54,020 INFO     test_ai_mod.carbon_dao.carbon_data -- loading models from LKG dir
2021-06-14 20:21:54,021 INFO     test_ai_mod.carbon_dao.carbon_data -- loading models from LKG dir
2021-06-14 20:21:54,032 INFO     test_ai_mod.carbon_classifiers.label_classifier_pipe -- Begin labeling elements
2021-06-14 20:21:54,048 INFO     test_ai_mod.carbon_classifiers.template_matching.app_specific_template_matcher -- Classifying screen with AppSpecificTemplateMatcher
2021-06-14 20:21:54,049 INFO     test_ai_mod.carbon_classifiers.perceptual.nn_classifier -- Classifying screen with NNClassifier
2021-06-14 20:21:54,098 INFO     test_ai_mod.carbon_classifiers.label_classifier_pipe -- End labeling elements: Time taken 0.0656361579895 seconds
2021-06-14 20:21:54,099 INFO     test_ai_mod.carbon_tasks.generate_auto_labels_task -- classifying 54 unique elems
2021-06-14 20:21:54,104 INFO     test_ai_mod.carbon_dao.carbon_data -- loading models from LKG dir
2021-06-14 20:21:54,104 INFO     test_ai_mod.carbon_dao.carbon_data -- loading models from LKG dir
2021-06-14 20:21:54,104 INFO     test_ai_mod.carbon_classifiers.label_classifier_pipe -- Begin labeling elements
2021-06-14 20:21:54,116 INFO     test_ai_mod.carbon_classifiers.template_matching.app_specific_template_matcher -- Classifying screen with AppSpecificTemplateMatcher
2021-06-14 20:21:54,116 INFO     test_ai_mod.carbon_classifiers.perceptual.nn_classifier -- Classifying screen with NNClassifier
2021-06-14 20:21:54,187 INFO     test_ai_mod.carbon_classifiers.perceptual.nn_classifier -- elem classified: btn_equinox, score: 1.0
2021-06-14 20:21:54,188 INFO     test_ai_mod.carbon_classifiers.perceptual.nn_classifier -- elem classified: btn_member_benefits, score: 1.0
2021-06-14 20:21:54,188 INFO     test_ai_mod.carbon_classifiers.perceptual.nn_classifier -- elem classified: btn_classes, score: 1.0
2021-06-14 20:21:54,188 INFO     test_ai_mod.carbon_classifiers.perceptual.nn_classifier -- elem classified: btn_clubs, score: 1.0
2021-06-14 20:21:54,189 INFO     test_ai_mod.carbon_classifiers.perceptual.nn_classifier -- elem classified: img_equinox, score: 1.0
2021-06-14 20:21:54,189 INFO     test_ai_mod.carbon_classifiers.perceptual.nn_classifier -- elem classified: btn_account, score: 1.0
2021-06-14 20:21:54,200 INFO     test_ai_mod.carbon_classifiers.label_classifier_pipe -- End labeling elements: Time taken 0.0959520339966 seconds
2021-06-14 20:21:54,202 INFO     test_ai_mod.carbon_tasks.generate_auto_labels_task -- writing merged, suggested labels for crawl: 20210614202056
2021-06-14 20:21:54,204 INFO     test_ai_mod.carbon_controllers.crawls -- Removing threaded log file handler for crawl.
