2021-06-07 14:59:44,564 INFO     test_ai_mod.carbon_controllers.crawls -- Logging crawl output to /Users/bot/test_ai/apps/b7133b3d-58f2-41fd-b1bf-448787c91ef3/builds/e72f62a0-6852-48f2-88d9-841f60f42715/logs/crawl-20210607185944.log
2021-06-07 14:59:44,565 INFO     test_ai_mod.carbon_tasks.crawl_build_task -- crawling build, app_id: b7133b3d-58f2-41fd-b1bf-448787c91ef3, build_id: e72f62a0-6852-48f2-88d9-841f60f42715
2021-06-07 14:59:44,566 INFO     test_ai_mod.carbon_tasks.crawl_build_task -- num_steps (when no test): 25
2021-06-07 14:59:44,566 INFO     test_ai_mod.carbon_tasks.crawl_build_task -- max_steps: 150
2021-06-07 14:59:44,566 INFO     test_ai_mod.carbon_tasks.crawl_build_task -- max_iterations: 1
2021-06-07 14:59:44,567 INFO     test_ai_mod.carbon_tasks.crawl_build_task -- rand_seed: 1623092300
2021-06-07 14:59:44,567 INFO     test_ai_mod.carbon_tasks.crawl_build_task -- test_wildcard: *
2021-06-07 14:59:44,567 INFO     test_ai_mod.carbon_tasks.crawl_build_task -- package: None
2021-06-07 14:59:44,567 INFO     test_ai_mod.carbon_tasks.crawl_build_task -- eyes_api_key: None
2021-06-07 14:59:44,568 INFO     test_ai_mod.carbon_tasks.crawl_build_task -- is_noop: False
2021-06-07 14:59:44,570 INFO     test_ai_mod.carbon_tasks.crawl_build_task -- created crawl, id: 20210607145944
2021-06-07 14:59:44,571 INFO     test_ai_mod.carbon_dao.local_carbon_dao -- Getting build info: APP_ID: b7133b3d-58f2-41fd-b1bf-448787c91ef3, BUILD_ID: e72f62a0-6852-48f2-88d9-841f60f42715
2021-06-07 14:59:44,572 INFO     test_ai_mod.carbon_dao.local_carbon_dao -- Getting build info: APP_ID: b7133b3d-58f2-41fd-b1bf-448787c91ef3, BUILD_ID: e72f62a0-6852-48f2-88d9-841f60f42715
2021-06-07 14:59:44,698 INFO     werkzeug -- 127.0.0.1 - - [07/Jun/2021 14:59:44] "[37mGET /images/vapor/web-automation.gif HTTP/1.1[0m" 200 -
2021-06-07 14:59:44,699 INFO     werkzeug -- 127.0.0.1 - - [07/Jun/2021 14:59:44] "[37mGET /images/vapor/icon-copy.svg HTTP/1.1[0m" 200 -
2021-06-07 14:59:44,701 INFO     werkzeug -- 127.0.0.1 - - [07/Jun/2021 14:59:44] "[37mGET /images/vapor/img-empty.png HTTP/1.1[0m" 200 -
2021-06-07 14:59:44,709 INFO     werkzeug -- 127.0.0.1 - - [07/Jun/2021 14:59:44] "[37mGET /favicon.ico HTTP/1.1[0m" 200 -
2021-06-07 14:59:44,712 INFO     werkzeug -- 127.0.0.1 - - [07/Jun/2021 14:59:44] "[37mGET /images/vapor/icon-bot-face.svg HTTP/1.1[0m" 200 -
2021-06-07 14:59:44,714 INFO     werkzeug -- 127.0.0.1 - - [07/Jun/2021 14:59:44] "[37mGET /images/vapor/icon-filter.svg HTTP/1.1[0m" 200 -
2021-06-07 14:59:44,889 INFO     test_ai_mod.carbon_explore.explore -- using default extra walk count: 0
2021-06-07 14:59:44,891 INFO     werkzeug -- 127.0.0.1 - - [07/Jun/2021 14:59:44] "[37mGET /api/v1/config/widgets HTTP/1.1[0m" 200 -
2021-06-07 14:59:44,900 INFO     test_ai_mod.carbon_tasks.crawl_build_task -- initiating walk [1/1]
2021-06-07 14:59:44,900 INFO     test_ai_mod.carbon_test_case.carbon_tests -- initial number of steps for walk: 25
2021-06-07 14:59:44,900 INFO     test_ai_mod.carbon_tasks.crawl_build_task -- effective_max_steps this walk: 26
2021-06-07 14:59:44,902 INFO     test_ai_mod.carbon_explore.explore -- **************************************************
2021-06-07 14:59:44,902 INFO     test_ai_mod.carbon_explore.explore -- **************************************************
2021-06-07 14:59:44,902 INFO     test_ai_mod.carbon_explore.explore -- *                                                *
2021-06-07 14:59:44,902 INFO     test_ai_mod.carbon_explore.explore -- *                   BRAIN                    *
2021-06-07 14:59:44,902 INFO     test_ai_mod.carbon_explore.explore -- *                                                *
2021-06-07 14:59:44,902 INFO     test_ai_mod.carbon_explore.explore -- **************************************************
2021-06-07 14:59:44,902 INFO     test_ai_mod.carbon_explore.explore -- **************************************************
2021-06-07 14:59:44,904 INFO     test_ai_mod.carbon_initialization.initialization -- Random seed: 1623092300
2021-06-07 14:59:44,906 INFO     test_ai_mod.carbon_initialization.initialization -- ````````````````````````````````````````````````````````````````````````````````
2021-06-07 14:59:44,907 INFO     test_ai_mod.carbon_initialization.initialization --                   PACKAGE: b7133b3d-58f2-41fd-b1bf-448787c91ef3
2021-06-07 14:59:44,907 INFO     test_ai_mod.carbon_initialization.initialization -- ````````````````````````````````````````````````````````````````````````````````
2021-06-07 14:59:44,907 INFO     test_ai_mod.carbon_initialization.initialization -- platform: DESKTOP_CHROME
2021-06-07 14:59:44,908 INFO     test_ai_mod.carbon_initialization.initialization -- using crawl_directory: /Users/bot/test_ai/apps/b7133b3d-58f2-41fd-b1bf-448787c91ef3/builds/e72f62a0-6852-48f2-88d9-841f60f42715/crawls/20210607145944
2021-06-07 14:59:44,908 INFO     test_ai_mod.carbon_botio.bot_io -- retrieving bot IO for app: b7133b3d-58f2-41fd-b1bf-448787c91ef3
2021-06-07 14:59:44,909 INFO     test_ai_mod.carbon_botio.bot_io -- ^^^^^^^^^^^^^^^^^^^^^^^^^^^^^^^^^^^^^^^^^^^^^^^^^^^^^^^^^^^^^^^^^^^^^^^^^^^^^^^^
2021-06-07 14:59:44,909 INFO     test_ai_mod.carbon_botio.bot_io -- botio_filepath: /Users/bot/test_ai/apps/b7133b3d-58f2-41fd-b1bf-448787c91ef3/lkg/botio.json
2021-06-07 14:59:44,909 INFO     test_ai_mod.carbon_botio.bot_io -- use_snapshot: False
2021-06-07 14:59:44,909 INFO     test_ai_mod.carbon_botio.bot_io -- no botIO found for app: b7133b3d-58f2-41fd-b1bf-448787c91ef3
2021-06-07 14:59:44,911 INFO     test_ai_mod.carbon_dao.carbon_data -- loading models from LKG dir
2021-06-07 14:59:44,911 INFO     test_ai_mod.carbon_dao.carbon_data -- loading models from LKG dir
2021-06-07 14:59:44,912 INFO     test_ai_mod.carbon_explore.test_hooks -- Test case is None, no need for on_setup.
2021-06-07 14:59:44,913 INFO     test_ai_mod.carbon_utils.simulator_tools -- preparing clean iteration state...
2021-06-07 14:59:44,914 INFO     test_ai_mod.carbon_utils.simulator_tools -- starting appium, platform: DESKTOP_CHROME
2021-06-07 14:59:44,914 INFO     test_ai_mod.carbon_utils.simulator_tools -- starting appium/webdriver for desktop chrome
2021-06-07 14:59:44,916 INFO     test_ai_mod.carbon_automation.automator -- Creating Automator Singleton
2021-06-07 14:59:44,916 INFO     test_ai_mod.carbon_automation.automator -- Using automator over http as execution platform
2021-06-07 14:59:44,999 INFO     test_ai_mod.carbon_dao.local_carbon_dao -- Getting build info: APP_ID: b7133b3d-58f2-41fd-b1bf-448787c91ef3, BUILD_ID: e72f62a0-6852-48f2-88d9-841f60f42715
2021-06-07 14:59:45,000 INFO     werkzeug -- 127.0.0.1 - - [07/Jun/2021 14:59:45] "[37mGET /api/v1/c/testai/apps/web/b7133b3d-58f2-41fd-b1bf-448787c91ef3/tests HTTP/1.1[0m" 200 -
2021-06-07 14:59:45,098 INFO     werkzeug -- 127.0.0.1 - - [07/Jun/2021 14:59:45] "[37mGET /api/v2/status HTTP/1.1[0m" 200 -
2021-06-07 14:59:47,723 INFO     werkzeug -- 127.0.0.1 - - [07/Jun/2021 14:59:47] "[37mGET /api/v2/status HTTP/1.1[0m" 200 -
2021-06-07 14:59:52,497 INFO     werkzeug -- 127.0.0.1 - - [07/Jun/2021 14:59:52] "[37mGET /api/v2/status HTTP/1.1[0m" 200 -
2021-06-07 14:59:56,140 ERROR    test_ai_mod.carbon_explore.explore -- unexpected error
Traceback (most recent call last):
  File "test_ai_mod/carbon_explore/explore.py", line 319, in explore.perform_walk
  File "test_ai_mod/carbon_initialization/initialization.py", line 189, in initialization.initialize_run
  File "test_ai_mod/carbon_utils/simulator_tools.py", line 232, in simulator_tools.clean_iteration_state
  File "test_ai_mod/carbon_utils/simulator_tools.py", line 628, in simulator_tools._start_appium
  File "test_ai_mod/carbon_utils/simulator_tools.py", line 739, in simulator_tools.start_desktop_chrome_driver
  File "test_ai_mod/carbon_automation/driver_factory.py", line 24, in driver_factory.DriverFactory.create_web_driver
  File "test_ai_mod/carbon_automation/driver_factory.py", line 180, in driver_factory.DriverFactory._create
  File "test_ai_mod/carbon_automation/driver.py", line 37, in driver.Driver.__init__
  File "test_ai_mod/carbon_automation/sessions/http/http_session_adapter_factory.py", line 63, in http_session_adapter_factory.HttpSessionAdapterFactory.get_session
  File "test_ai_mod/carbon_automation/sessions/http/http_client.py", line 72, in http_client.create_session
AutomatorSessionError: Error creating session, 500, Unable to create adapter: The driver executable does not exist: /Applications/test_ai_master_2.app/Contents/MacOS/automator/lib/macos/chromedriver
2021-06-07 14:59:56,141 INFO     test_ai_mod.carbon_explore.explore -- performing post-walk cleanup
2021-06-07 14:59:56,141 ERROR    test_ai_mod.carbon_explore.explore -- Error terminating app: b7133b3d-58f2-41fd-b1bf-448787c91ef3
Traceback (most recent call last):
  File "test_ai_mod/carbon_explore/explore.py", line 361, in explore.perform_walk
AttributeError: 'NoneType' object has no attribute 'terminate_app'
2021-06-07 14:59:56,142 INFO     test_ai_mod.carbon_utils.simulator_tools -- performing post-test cleanup
2021-06-07 14:59:56,142 INFO     test_ai_mod.carbon_utils.simulator_tools -- calling driver.quit
2021-06-07 14:59:56,142 INFO     test_ai_mod.carbon_utils.simulator_tools -- issue quitting driver: 'NoneType' object has no attribute 'quit'
2021-06-07 14:59:56,143 ERROR    test_ai_mod.carbon_tasks.crawl_build_task -- failed!!
Traceback (most recent call last):
  File "test_ai_mod/carbon_tasks/crawl_build_task.py", line 160, in crawl_build_task.crawl_build
  File "test_ai_mod/carbon_utils/performance_profiler.py", line 15, in performance_profiler.profile_method.decorator.wrapper
  File "test_ai_mod/carbon_utils/performance_profiler.py", line 12, in performance_profiler.profile_method.decorator.wrapper
  File "test_ai_mod/carbon_explore/explore.py", line 356, in explore.perform_walk
  File "test_ai_mod/carbon_explore/explore.py", line 319, in explore.perform_walk
  File "test_ai_mod/carbon_initialization/initialization.py", line 189, in initialization.initialize_run
  File "test_ai_mod/carbon_utils/simulator_tools.py", line 232, in simulator_tools.clean_iteration_state
  File "test_ai_mod/carbon_utils/simulator_tools.py", line 628, in simulator_tools._start_appium
  File "test_ai_mod/carbon_utils/simulator_tools.py", line 739, in simulator_tools.start_desktop_chrome_driver
  File "test_ai_mod/carbon_automation/driver_factory.py", line 24, in driver_factory.DriverFactory.create_web_driver
  File "test_ai_mod/carbon_automation/driver_factory.py", line 180, in driver_factory.DriverFactory._create
  File "test_ai_mod/carbon_automation/driver.py", line 37, in driver.Driver.__init__
  File "test_ai_mod/carbon_automation/sessions/http/http_session_adapter_factory.py", line 63, in http_session_adapter_factory.HttpSessionAdapterFactory.get_session
  File "test_ai_mod/carbon_automation/sessions/http/http_client.py", line 72, in http_client.create_session
AutomatorSessionError: Error creating session, 500, Unable to create adapter: The driver executable does not exist: /Applications/test_ai_master_2.app/Contents/MacOS/automator/lib/macos/chromedriver
2021-06-07 14:59:56,143 ERROR    test_ai_mod.carbon_tasks.crawl_build_task -- walk: 1 - failed
2021-06-07 14:59:56,667 INFO     test_ai_mod.carbon_dao.local_carbon_dao -- Getting build info: APP_ID: b7133b3d-58f2-41fd-b1bf-448787c91ef3, BUILD_ID: e72f62a0-6852-48f2-88d9-841f60f42715
2021-06-07 14:59:56,668 INFO     test_ai_mod.carbon_tasks.version_control_tasks -- processing screens and elements (crawl: 20210607145944)
2021-06-07 14:59:56,669 INFO     test_ai_mod.carbon_tasks.process_crawl_task -- processing crawl: 20210607145944 (app: b7133b3d-58f2-41fd-b1bf-448787c91ef3, build: e72f62a0-6852-48f2-88d9-841f60f42715)
2021-06-07 14:59:56,670 INFO     test_ai_mod.carbon_tasks.process_crawl_task -- processing screens for crawl
2021-06-07 14:59:56,691 INFO     test_ai_mod.carbon_tasks.process_crawl_task -- writing unique screens file
2021-06-07 14:59:56,691 INFO     test_ai_mod.carbon_tasks.process_crawl_task -- writing screen hash map
2021-06-07 14:59:56,692 INFO     test_ai_mod.carbon_tasks.process_crawl_task -- writing screen similarity file
2021-06-07 14:59:56,692 INFO     test_ai_mod.carbon_tasks.process_crawl_task -- processing elements for crawl
2021-06-07 14:59:56,700 INFO     test_ai_mod.carbon_tasks.process_crawl_task -- Writing unique tags file.
2021-06-07 14:59:56,701 INFO     test_ai_mod.carbon_tasks.process_crawl_task -- writing unique elems file
2021-06-07 14:59:56,702 INFO     test_ai_mod.carbon_tasks.process_crawl_task -- writing elem hash map
2021-06-07 14:59:56,704 INFO     test_ai_mod.carbon_tasks.process_crawl_task -- writing elem similarity file
2021-06-07 14:59:56,704 INFO     test_ai_mod.carbon_tasks.process_crawl_task -- generating and saving feature data for crawl
2021-06-07 14:59:56,705 INFO     test_ai_mod.carbon_tasks.generate_feature_data_task -- generating feature data for crawl: 20210607145944, app_id: b7133b3d-58f2-41fd-b1bf-448787c91ef3, build_id: e72f62a0-6852-48f2-88d9-841f60f42715
2021-06-07 14:59:56,708 INFO     test_ai_mod.carbon_tasks.generate_feature_data_task -- generating screen feature data
2021-06-07 14:59:56,713 INFO     test_ai_mod.carbon_tasks.generate_feature_data_task -- saving screen feature data
2021-06-07 14:59:56,714 INFO     test_ai_mod.carbon_tasks.process_crawl_task -- generating labeler objects file for crawl (v0)
2021-06-07 14:59:56,715 ERROR    test_ai_mod.carbon_tasks.labeler_objects_task -- no screen uniques data found
2021-06-07 14:59:56,715 ERROR    test_ai_mod.carbon_tasks.labeler_objects_task -- no elem uniques data found
2021-06-07 14:59:56,716 INFO     test_ai_mod.carbon_tasks.process_crawl_task -- reconciling screens labeled at runtime
2021-06-07 14:59:56,716 INFO     test_ai_mod.carbon_tasks.process_crawl_task -- reconciling elements labeled at runtime
2021-06-07 14:59:56,717 INFO     test_ai_mod.carbon_dao.local_carbon_dao -- Getting build info: APP_ID: b7133b3d-58f2-41fd-b1bf-448787c91ef3, BUILD_ID: e72f62a0-6852-48f2-88d9-841f60f42715
2021-06-07 14:59:56,718 INFO     test_ai_mod.carbon_tasks.process_crawl_task -- processing crawl: 20210607145944 (app: b7133b3d-58f2-41fd-b1bf-448787c91ef3, build: e72f62a0-6852-48f2-88d9-841f60f42715)
2021-06-07 14:59:56,718 INFO     test_ai_mod.carbon_tasks.process_crawl_task -- processing screens for crawl
2021-06-07 14:59:56,725 INFO     test_ai_mod.carbon_tasks.process_crawl_task -- writing unique screens file
2021-06-07 14:59:56,725 INFO     test_ai_mod.carbon_tasks.process_crawl_task -- writing screen hash map
2021-06-07 14:59:56,726 INFO     test_ai_mod.carbon_tasks.process_crawl_task -- writing screen similarity file
2021-06-07 14:59:56,726 INFO     test_ai_mod.carbon_tasks.process_crawl_task -- processing elements for crawl
2021-06-07 14:59:56,735 INFO     test_ai_mod.carbon_tasks.process_crawl_task -- Writing unique tags file.
2021-06-07 14:59:56,736 INFO     test_ai_mod.carbon_tasks.process_crawl_task -- writing unique elems file
2021-06-07 14:59:56,737 INFO     test_ai_mod.carbon_tasks.process_crawl_task -- writing elem hash map
2021-06-07 14:59:56,738 INFO     test_ai_mod.carbon_tasks.process_crawl_task -- writing elem similarity file
2021-06-07 14:59:56,739 INFO     test_ai_mod.carbon_tasks.process_crawl_task -- generating and saving feature data for crawl
2021-06-07 14:59:56,739 INFO     test_ai_mod.carbon_tasks.generate_feature_data_task -- generating feature data for crawl: 20210607145944, app_id: b7133b3d-58f2-41fd-b1bf-448787c91ef3, build_id: e72f62a0-6852-48f2-88d9-841f60f42715
2021-06-07 14:59:56,739 INFO     test_ai_mod.carbon_tasks.generate_feature_data_task -- generating screen feature data
2021-06-07 14:59:56,743 INFO     test_ai_mod.carbon_tasks.generate_feature_data_task -- saving screen feature data
2021-06-07 14:59:56,744 INFO     test_ai_mod.carbon_tasks.process_crawl_task -- generating labeler objects file for crawl (v0)
2021-06-07 14:59:56,744 ERROR    test_ai_mod.carbon_tasks.labeler_objects_task -- no screen uniques data found
2021-06-07 14:59:56,744 ERROR    test_ai_mod.carbon_tasks.labeler_objects_task -- no elem uniques data found
2021-06-07 14:59:56,744 INFO     test_ai_mod.carbon_tasks.process_crawl_task -- reconciling screens labeled at runtime
2021-06-07 14:59:56,744 INFO     test_ai_mod.carbon_tasks.process_crawl_task -- reconciling elements labeled at runtime
2021-06-07 14:59:56,745 INFO     test_ai_mod.carbon_tasks.generate_auto_labels_task -- generating auto labels for crawl: 20210607145944, app_id: b7133b3d-58f2-41fd-b1bf-448787c91ef3, build_id: e72f62a0-6852-48f2-88d9-841f60f42715
2021-06-07 14:59:56,746 INFO     test_ai_mod.carbon_dao.local_carbon_dao -- Getting build info: APP_ID: b7133b3d-58f2-41fd-b1bf-448787c91ef3, BUILD_ID: e72f62a0-6852-48f2-88d9-841f60f42715
2021-06-07 14:59:56,747 INFO     test_ai_mod.carbon_dao.local_carbon_dao -- Getting build info: APP_ID: b7133b3d-58f2-41fd-b1bf-448787c91ef3, BUILD_ID: e72f62a0-6852-48f2-88d9-841f60f42715
2021-06-07 14:59:56,748 INFO     test_ai_mod.carbon_tasks.generate_auto_labels_task -- getting data for crawl: 20210607145944
2021-06-07 14:59:56,750 INFO     test_ai_mod.carbon_tasks.generate_auto_labels_task -- processing crawl: 20210607145944
2021-06-07 14:59:56,758 INFO     test_ai_mod.carbon_tasks.generate_auto_labels_task -- writing merged, suggested labels for crawl: 20210607145944
2021-06-07 14:59:56,761 INFO     test_ai_mod.carbon_tasks.generate_auto_labels_task -- writing applied hashes to labels to file: /Users/bot/test_ai/apps/b7133b3d-58f2-41fd-b1bf-448787c91ef3/lkg/hashes_to_labels.json
2021-06-07 14:59:56,761 INFO     test_ai_mod.carbon_tasks.generate_auto_labels_task -- writing applied human readable to labels to file: /Users/bot/test_ai/apps/b7133b3d-58f2-41fd-b1bf-448787c91ef3/lkg/human_readable_to_labels.json
2021-06-07 14:59:56,762 INFO     test_ai_mod.carbon_tasks.generate_auto_labels_task -- writing label to hash dicts to file: /Users/bot/test_ai/apps/b7133b3d-58f2-41fd-b1bf-448787c91ef3/lkg/label_to_hash_dicts.json
2021-06-07 14:59:56,762 INFO     test_ai_mod.carbon_tasks.generate_auto_labels_task -- writing human readable to paths to file: /Users/bot/test_ai/apps/b7133b3d-58f2-41fd-b1bf-448787c91ef3/lkg/human_readable_to_paths.json
2021-06-07 14:59:56,763 INFO     test_ai_mod.carbon_classifiers.label_classifier_pipe -- Begin loading configured modules
2021-06-07 14:59:56,764 INFO     test_ai_mod.carbon_classifiers.carbon_classifier_v1.screen_classifier -- Loading ScreenClassifier
2021-06-07 14:59:56,764 INFO     test_ai_mod.carbon_classifiers.template_matching.app_specific_template_matcher -- Loading AppSpecificTemplateMatcher
2021-06-07 14:59:56,764 INFO     test_ai_mod.carbon_classifiers.perceptual.nn_classifier -- Loading NNClassifier
2021-06-07 14:59:56,764 INFO     test_ai_mod.carbon_classifiers.template_matching.template_matching_classifier -- Loading TemplateMatchingClassifier
2021-06-07 14:59:56,764 WARNING  test_ai_mod.carbon_classifiers.template_matching.template_matching_classifier -- No template director exists at /Users/bot/test_ai/templates
2021-06-07 14:59:56,765 INFO     test_ai_mod.carbon_classifiers.general_classifier_v1.general_classifier -- Initializing general classifiers
2021-06-07 14:59:56,765 INFO     test_ai_mod.carbon_classifiers.general_classifier_v1.general_classifier -- loading classifier data: ELEM_IMAGES, from path: /Applications/Test.ai.app/Contents/MacOS/ELEM_IMAGES.unenc
2021-06-07 14:59:57,077 INFO     test_ai_mod.carbon_classifiers.general_classifier_v1.general_classifier -- Loaded ELEM_IMAGES classifiers, 0.311819076538
2021-06-07 14:59:57,077 INFO     test_ai_mod.carbon_classifiers.general_classifier_v1.general_classifier -- loading classifier data: IMAGENET, from path: /Applications/Test.ai.app/Contents/MacOS/IMAGENET.unenc
2021-06-07 14:59:57,597 INFO     test_ai_mod.carbon_classifiers.general_classifier_v1.general_classifier -- Loaded IMAGENET classifiers, 0.520611047745
2021-06-07 14:59:57,887 INFO     werkzeug -- 127.0.0.1 - - [07/Jun/2021 14:59:57] "[37mGET /api/v2/status HTTP/1.1[0m" 200 -
2021-06-07 14:59:58,628 INFO     test_ai_mod.carbon_classifiers.general_classifier_v1.general_classifier -- Finished general classification load attempt: 0.520611047745
2021-06-07 14:59:58,668 INFO     test_ai_mod.carbon_classifiers.http_classifier.http_classifier -- Loaded Http Classifier for ""
2021-06-07 14:59:58,668 INFO     test_ai_mod.carbon_tasks.generate_auto_labels_task -- classifying 0 unique screens
2021-06-07 14:59:58,669 INFO     test_ai_mod.carbon_dao.carbon_data -- loading models from LKG dir
2021-06-07 14:59:58,669 INFO     test_ai_mod.carbon_dao.carbon_data -- loading models from LKG dir
2021-06-07 14:59:58,677 INFO     test_ai_mod.carbon_tasks.generate_auto_labels_task -- classifying 0 unique elems
2021-06-07 14:59:58,677 INFO     test_ai_mod.carbon_dao.carbon_data -- loading models from LKG dir
2021-06-07 14:59:58,678 INFO     test_ai_mod.carbon_dao.carbon_data -- loading models from LKG dir
2021-06-07 14:59:58,678 INFO     test_ai_mod.carbon_classifiers.label_classifier_pipe -- Begin labeling elements
2021-06-07 14:59:58,686 INFO     test_ai_mod.carbon_classifiers.template_matching.app_specific_template_matcher -- Classifying screen with AppSpecificTemplateMatcher
2021-06-07 14:59:58,693 INFO     test_ai_mod.carbon_classifiers.perceptual.nn_classifier -- Classifying screen with NNClassifier
2021-06-07 14:59:58,703 INFO     test_ai_mod.carbon_classifiers.label_classifier_pipe -- End labeling elements: Time taken 0.0244169235229 seconds
2021-06-07 14:59:58,704 INFO     test_ai_mod.carbon_tasks.generate_auto_labels_task -- writing merged, suggested labels for crawl: 20210607145944
2021-06-07 14:59:58,705 INFO     test_ai_mod.carbon_controllers.crawls -- Removing threaded log file handler for crawl.
